{"F:\\New Document\\Documents\\00.Training Bootcamp Phincon\\12. Final Project\\server\\index.js": {"path":"F:\\New Document\\Documents\\00.Training Bootcamp Phincon\\12. Final Project\\server\\index.js","statementMap":{"0":{"start":{"line":1,"column":0},"end":{"line":1,"column":27}},"1":{"start":{"line":2,"column":13},"end":{"line":2,"column":28}},"2":{"start":{"line":3,"column":16},"end":{"line":3,"column":34}},"3":{"start":{"line":4,"column":21},"end":{"line":4,"column":45}},"4":{"start":{"line":5,"column":19},"end":{"line":5,"column":39}},"5":{"start":{"line":6,"column":13},"end":{"line":6,"column":28}},"6":{"start":{"line":8,"column":12},"end":{"line":8,"column":21}},"7":{"start":{"line":9,"column":15},"end":{"line":9,"column":41}},"8":{"start":{"line":10,"column":27},"end":{"line":10,"column":69}},"9":{"start":{"line":11,"column":15},"end":{"line":11,"column":37}},"10":{"start":{"line":12,"column":11},"end":{"line":16,"column":2}},"11":{"start":{"line":18,"column":0},"end":{"line":18,"column":24}},"12":{"start":{"line":19,"column":0},"end":{"line":24,"column":2}},"13":{"start":{"line":25,"column":0},"end":{"line":25,"column":34}},"14":{"start":{"line":26,"column":0},"end":{"line":26,"column":24}},"15":{"start":{"line":27,"column":0},"end":{"line":27,"column":48}},"16":{"start":{"line":28,"column":0},"end":{"line":28,"column":47}},"17":{"start":{"line":29,"column":0},"end":{"line":29,"column":32}},"18":{"start":{"line":30,"column":0},"end":{"line":30,"column":24}},"19":{"start":{"line":32,"column":0},"end":{"line":36,"column":1}},"20":{"start":{"line":33,"column":2},"end":{"line":35,"column":5}},"21":{"start":{"line":34,"column":4},"end":{"line":34,"column":66}},"22":{"start":{"line":38,"column":0},"end":{"line":38,"column":21}}},"fnMap":{"0":{"name":"(anonymous_0)","decl":{"start":{"line":33,"column":38},"end":{"line":33,"column":39}},"loc":{"start":{"line":33,"column":44},"end":{"line":35,"column":3}},"line":33}},"branchMap":{"0":{"loc":{"start":{"line":32,"column":0},"end":{"line":36,"column":1}},"type":"if","locations":[{"start":{"line":32,"column":0},"end":{"line":36,"column":1}},{"start":{},"end":{}}],"line":32}},"s":{"0":5,"1":5,"2":5,"3":5,"4":5,"5":5,"6":5,"7":5,"8":5,"9":5,"10":5,"11":5,"12":5,"13":5,"14":5,"15":5,"16":5,"17":5,"18":5,"19":5,"20":0,"21":0,"22":5},"f":{"0":0},"b":{"0":[0,5]},"_coverageSchema":"1a1c01bbd47fc00a2c39e90264f33305004495a9","hash":"ff3ff373fb2f24de34ba9500dadbbc99c483033f"}
,"F:\\New Document\\Documents\\00.Training Bootcamp Phincon\\12. Final Project\\server\\controllers\\adminController.js": {"path":"F:\\New Document\\Documents\\00.Training Bootcamp Phincon\\12. Final Project\\server\\controllers\\adminController.js","statementMap":{"0":{"start":{"line":1,"column":0},"end":{"line":1,"column":27}},"1":{"start":{"line":3,"column":15},"end":{"line":3,"column":35}},"2":{"start":{"line":8,"column":4},"end":{"line":8,"column":46}},"3":{"start":{"line":10,"column":29},"end":{"line":10,"column":63}},"4":{"start":{"line":12,"column":27},"end":{"line":12,"column":47}},"5":{"start":{"line":14,"column":0},"end":{"line":59,"column":2}},"6":{"start":{"line":15,"column":2},"end":{"line":58,"column":3}},"7":{"start":{"line":16,"column":19},"end":{"line":16,"column":22}},"8":{"start":{"line":17,"column":17},"end":{"line":17,"column":46}},"9":{"start":{"line":18,"column":18},"end":{"line":18,"column":49}},"10":{"start":{"line":19,"column":19},"end":{"line":19,"column":41}},"11":{"start":{"line":20,"column":19},"end":{"line":20,"column":31}},"12":{"start":{"line":21,"column":21},"end":{"line":45,"column":6}},"13":{"start":{"line":46,"column":22},"end":{"line":46,"column":55}},"14":{"start":{"line":47,"column":4},"end":{"line":50,"column":7}},"15":{"start":{"line":48,"column":6},"end":{"line":48,"column":33}},"16":{"start":{"line":49,"column":6},"end":{"line":49,"column":24}},"17":{"start":{"line":51,"column":4},"end":{"line":55,"column":7}},"18":{"start":{"line":57,"column":4},"end":{"line":57,"column":34}},"19":{"start":{"line":61,"column":0},"end":{"line":101,"column":2}},"20":{"start":{"line":62,"column":2},"end":{"line":100,"column":3}},"21":{"start":{"line":63,"column":19},"end":{"line":63,"column":22}},"22":{"start":{"line":64,"column":17},"end":{"line":64,"column":46}},"23":{"start":{"line":65,"column":18},"end":{"line":65,"column":49}},"24":{"start":{"line":66,"column":19},"end":{"line":66,"column":41}},"25":{"start":{"line":67,"column":19},"end":{"line":67,"column":31}},"26":{"start":{"line":68,"column":21},"end":{"line":87,"column":6}},"27":{"start":{"line":88,"column":22},"end":{"line":88,"column":55}},"28":{"start":{"line":89,"column":4},"end":{"line":92,"column":7}},"29":{"start":{"line":90,"column":6},"end":{"line":90,"column":33}},"30":{"start":{"line":91,"column":6},"end":{"line":91,"column":24}},"31":{"start":{"line":93,"column":4},"end":{"line":97,"column":7}},"32":{"start":{"line":99,"column":4},"end":{"line":99,"column":34}},"33":{"start":{"line":103,"column":0},"end":{"line":126,"column":2}},"34":{"start":{"line":104,"column":2},"end":{"line":125,"column":3}},"35":{"start":{"line":105,"column":19},"end":{"line":105,"column":27}},"36":{"start":{"line":106,"column":20},"end":{"line":106,"column":43}},"37":{"start":{"line":107,"column":4},"end":{"line":107,"column":45}},"38":{"start":{"line":107,"column":18},"end":{"line":107,"column":45}},"39":{"start":{"line":108,"column":4},"end":{"line":108,"column":49}},"40":{"start":{"line":110,"column":4},"end":{"line":112,"column":7}},"41":{"start":{"line":113,"column":4},"end":{"line":113,"column":57}},"42":{"start":{"line":114,"column":4},"end":{"line":118,"column":7}},"43":{"start":{"line":120,"column":4},"end":{"line":122,"column":7}},"44":{"start":{"line":124,"column":4},"end":{"line":124,"column":34}},"45":{"start":{"line":128,"column":0},"end":{"line":141,"column":2}},"46":{"start":{"line":129,"column":2},"end":{"line":140,"column":3}},"47":{"start":{"line":130,"column":19},"end":{"line":130,"column":27}},"48":{"start":{"line":131,"column":20},"end":{"line":131,"column":43}},"49":{"start":{"line":132,"column":4},"end":{"line":132,"column":45}},"50":{"start":{"line":132,"column":18},"end":{"line":132,"column":45}},"51":{"start":{"line":134,"column":4},"end":{"line":134,"column":75}},"52":{"start":{"line":136,"column":4},"end":{"line":136,"column":67}},"53":{"start":{"line":138,"column":4},"end":{"line":138,"column":23}},"54":{"start":{"line":139,"column":4},"end":{"line":139,"column":34}}},"fnMap":{"0":{"name":"(anonymous_0)","decl":{"start":{"line":14,"column":19},"end":{"line":14,"column":20}},"loc":{"start":{"line":14,"column":39},"end":{"line":59,"column":1}},"line":14},"1":{"name":"(anonymous_1)","decl":{"start":{"line":47,"column":22},"end":{"line":47,"column":23}},"loc":{"start":{"line":47,"column":42},"end":{"line":50,"column":5}},"line":47},"2":{"name":"(anonymous_2)","decl":{"start":{"line":61,"column":29},"end":{"line":61,"column":30}},"loc":{"start":{"line":61,"column":49},"end":{"line":101,"column":1}},"line":61},"3":{"name":"(anonymous_3)","decl":{"start":{"line":89,"column":22},"end":{"line":89,"column":23}},"loc":{"start":{"line":89,"column":42},"end":{"line":92,"column":5}},"line":89},"4":{"name":"(anonymous_4)","decl":{"start":{"line":103,"column":21},"end":{"line":103,"column":22}},"loc":{"start":{"line":103,"column":41},"end":{"line":126,"column":1}},"line":103},"5":{"name":"(anonymous_5)","decl":{"start":{"line":128,"column":21},"end":{"line":128,"column":22}},"loc":{"start":{"line":128,"column":41},"end":{"line":141,"column":1}},"line":128}},"branchMap":{"0":{"loc":{"start":{"line":17,"column":17},"end":{"line":17,"column":46}},"type":"binary-expr","locations":[{"start":{"line":17,"column":17},"end":{"line":17,"column":41}},{"start":{"line":17,"column":45},"end":{"line":17,"column":46}}],"line":17},"1":{"loc":{"start":{"line":18,"column":18},"end":{"line":18,"column":49}},"type":"binary-expr","locations":[{"start":{"line":18,"column":18},"end":{"line":18,"column":43}},{"start":{"line":18,"column":47},"end":{"line":18,"column":49}}],"line":18},"2":{"loc":{"start":{"line":19,"column":19},"end":{"line":19,"column":41}},"type":"binary-expr","locations":[{"start":{"line":19,"column":19},"end":{"line":19,"column":35}},{"start":{"line":19,"column":39},"end":{"line":19,"column":41}}],"line":19},"3":{"loc":{"start":{"line":64,"column":17},"end":{"line":64,"column":46}},"type":"binary-expr","locations":[{"start":{"line":64,"column":17},"end":{"line":64,"column":41}},{"start":{"line":64,"column":45},"end":{"line":64,"column":46}}],"line":64},"4":{"loc":{"start":{"line":65,"column":18},"end":{"line":65,"column":49}},"type":"binary-expr","locations":[{"start":{"line":65,"column":18},"end":{"line":65,"column":43}},{"start":{"line":65,"column":47},"end":{"line":65,"column":49}}],"line":65},"5":{"loc":{"start":{"line":66,"column":19},"end":{"line":66,"column":41}},"type":"binary-expr","locations":[{"start":{"line":66,"column":19},"end":{"line":66,"column":35}},{"start":{"line":66,"column":39},"end":{"line":66,"column":41}}],"line":66},"6":{"loc":{"start":{"line":107,"column":4},"end":{"line":107,"column":45}},"type":"if","locations":[{"start":{"line":107,"column":4},"end":{"line":107,"column":45}},{"start":{},"end":{}}],"line":107},"7":{"loc":{"start":{"line":132,"column":4},"end":{"line":132,"column":45}},"type":"if","locations":[{"start":{"line":132,"column":4},"end":{"line":132,"column":45}},{"start":{},"end":{}}],"line":132}},"s":{"0":5,"1":5,"2":5,"3":5,"4":5,"5":5,"6":1,"7":1,"8":1,"9":1,"10":1,"11":1,"12":1,"13":1,"14":1,"15":2,"16":2,"17":1,"18":0,"19":5,"20":1,"21":1,"22":1,"23":1,"24":1,"25":1,"26":1,"27":1,"28":1,"29":1,"30":1,"31":1,"32":0,"33":5,"34":1,"35":1,"36":1,"37":1,"38":0,"39":1,"40":1,"41":1,"42":1,"43":1,"44":0,"45":5,"46":2,"47":2,"48":2,"49":2,"50":1,"51":1,"52":1,"53":0,"54":0},"f":{"0":1,"1":2,"2":1,"3":1,"4":1,"5":2},"b":{"0":[1,1],"1":[1,1],"2":[1,1],"3":[1,1],"4":[1,1],"5":[1,1],"6":[0,1],"7":[1,1]},"_coverageSchema":"1a1c01bbd47fc00a2c39e90264f33305004495a9","hash":"2cbbc7b66f404b68704af728713c025f41f51d72"}
,"F:\\New Document\\Documents\\00.Training Bootcamp Phincon\\12. Final Project\\server\\controllers\\authController.js": {"path":"F:\\New Document\\Documents\\00.Training Bootcamp Phincon\\12. Final Project\\server\\controllers\\authController.js","statementMap":{"0":{"start":{"line":1,"column":17},"end":{"line":1,"column":37}},"1":{"start":{"line":2,"column":19},"end":{"line":2,"column":40}},"2":{"start":{"line":3,"column":19},"end":{"line":3,"column":32}},"3":{"start":{"line":4,"column":0},"end":{"line":4,"column":27}},"4":{"start":{"line":5,"column":0},"end":{"line":5,"column":25}},"5":{"start":{"line":12,"column":4},"end":{"line":12,"column":46}},"6":{"start":{"line":17,"column":4},"end":{"line":17,"column":35}},"7":{"start":{"line":22,"column":4},"end":{"line":22,"column":40}},"8":{"start":{"line":24,"column":42},"end":{"line":24,"column":72}},"9":{"start":{"line":25,"column":29},"end":{"line":25,"column":63}},"10":{"start":{"line":32,"column":4},"end":{"line":32,"column":31}},"11":{"start":{"line":33,"column":20},"end":{"line":33,"column":51}},"12":{"start":{"line":34,"column":43},"end":{"line":34,"column":78}},"13":{"start":{"line":36,"column":38},"end":{"line":36,"column":58}},"14":{"start":{"line":38,"column":0},"end":{"line":94,"column":2}},"15":{"start":{"line":39,"column":2},"end":{"line":93,"column":3}},"16":{"start":{"line":40,"column":32},"end":{"line":40,"column":40}},"17":{"start":{"line":42,"column":24},"end":{"line":42,"column":54}},"18":{"start":{"line":43,"column":27},"end":{"line":43,"column":60}},"19":{"start":{"line":44,"column":4},"end":{"line":44,"column":65}},"20":{"start":{"line":46,"column":21},"end":{"line":46,"column":69}},"21":{"start":{"line":47,"column":4},"end":{"line":49,"column":5}},"22":{"start":{"line":48,"column":6},"end":{"line":48,"column":66}},"23":{"start":{"line":51,"column":26},"end":{"line":54,"column":33}},"24":{"start":{"line":56,"column":33},"end":{"line":61,"column":5}},"25":{"start":{"line":62,"column":4},"end":{"line":64,"column":5}},"26":{"start":{"line":63,"column":6},"end":{"line":63,"column":23}},"27":{"start":{"line":65,"column":21},"end":{"line":68,"column":6}},"28":{"start":{"line":69,"column":4},"end":{"line":71,"column":5}},"29":{"start":{"line":70,"column":6},"end":{"line":70,"column":62}},"30":{"start":{"line":72,"column":4},"end":{"line":74,"column":5}},"31":{"start":{"line":73,"column":6},"end":{"line":73,"column":65}},"32":{"start":{"line":75,"column":18},"end":{"line":75,"column":39}},"33":{"start":{"line":76,"column":25},"end":{"line":76,"column":53}},"34":{"start":{"line":78,"column":4},"end":{"line":81,"column":7}},"35":{"start":{"line":83,"column":4},"end":{"line":83,"column":62}},"36":{"start":{"line":84,"column":4},"end":{"line":84,"column":46}},"37":{"start":{"line":85,"column":4},"end":{"line":89,"column":7}},"38":{"start":{"line":91,"column":4},"end":{"line":91,"column":23}},"39":{"start":{"line":92,"column":4},"end":{"line":92,"column":34}},"40":{"start":{"line":96,"column":0},"end":{"line":102,"column":2}},"41":{"start":{"line":97,"column":2},"end":{"line":101,"column":3}},"42":{"start":{"line":98,"column":4},"end":{"line":98,"column":62}},"43":{"start":{"line":100,"column":4},"end":{"line":100,"column":34}},"44":{"start":{"line":104,"column":0},"end":{"line":148,"column":2}},"45":{"start":{"line":105,"column":2},"end":{"line":147,"column":3}},"46":{"start":{"line":106,"column":21},"end":{"line":106,"column":29}},"47":{"start":{"line":107,"column":4},"end":{"line":107,"column":70}},"48":{"start":{"line":107,"column":15},"end":{"line":107,"column":70}},"49":{"start":{"line":108,"column":23},"end":{"line":108,"column":56}},"50":{"start":{"line":109,"column":4},"end":{"line":109,"column":40}},"51":{"start":{"line":110,"column":19},"end":{"line":113,"column":6}},"52":{"start":{"line":114,"column":21},"end":{"line":114,"column":48}},"53":{"start":{"line":115,"column":25},"end":{"line":115,"column":68}},"54":{"start":{"line":116,"column":28},"end":{"line":124,"column":6}},"55":{"start":{"line":126,"column":18},"end":{"line":126,"column":35}},"56":{"start":{"line":127,"column":25},"end":{"line":127,"column":49}},"57":{"start":{"line":128,"column":4},"end":{"line":131,"column":7}},"58":{"start":{"line":132,"column":4},"end":{"line":132,"column":58}},"59":{"start":{"line":134,"column":17},"end":{"line":138,"column":5}},"60":{"start":{"line":139,"column":4},"end":{"line":142,"column":5}},"61":{"start":{"line":140,"column":6},"end":{"line":140,"column":55}},"62":{"start":{"line":141,"column":6},"end":{"line":141,"column":52}},"63":{"start":{"line":144,"column":4},"end":{"line":144,"column":36}},"64":{"start":{"line":146,"column":4},"end":{"line":146,"column":34}},"65":{"start":{"line":150,"column":0},"end":{"line":158,"column":2}},"66":{"start":{"line":151,"column":2},"end":{"line":157,"column":3}},"67":{"start":{"line":152,"column":19},"end":{"line":152,"column":27}},"68":{"start":{"line":153,"column":4},"end":{"line":153,"column":35}},"69":{"start":{"line":154,"column":4},"end":{"line":154,"column":65}},"70":{"start":{"line":156,"column":4},"end":{"line":156,"column":34}},"71":{"start":{"line":160,"column":0},"end":{"line":175,"column":2}},"72":{"start":{"line":161,"column":2},"end":{"line":174,"column":3}},"73":{"start":{"line":162,"column":25},"end":{"line":162,"column":49}},"74":{"start":{"line":163,"column":4},"end":{"line":164,"column":64}},"75":{"start":{"line":164,"column":6},"end":{"line":164,"column":64}},"76":{"start":{"line":165,"column":32},"end":{"line":165,"column":64}},"77":{"start":{"line":166,"column":4},"end":{"line":166,"column":73}},"78":{"start":{"line":166,"column":15},"end":{"line":166,"column":73}},"79":{"start":{"line":167,"column":21},"end":{"line":167,"column":74}},"80":{"start":{"line":168,"column":4},"end":{"line":168,"column":46}},"81":{"start":{"line":168,"column":19},"end":{"line":168,"column":46}},"82":{"start":{"line":169,"column":18},"end":{"line":169,"column":39}},"83":{"start":{"line":170,"column":4},"end":{"line":170,"column":62}},"84":{"start":{"line":171,"column":4},"end":{"line":171,"column":48}},"85":{"start":{"line":173,"column":4},"end":{"line":173,"column":34}},"86":{"start":{"line":177,"column":0},"end":{"line":232,"column":2}},"87":{"start":{"line":178,"column":2},"end":{"line":231,"column":3}},"88":{"start":{"line":179,"column":20},"end":{"line":179,"column":28}},"89":{"start":{"line":180,"column":26},"end":{"line":183,"column":33}},"90":{"start":{"line":185,"column":4},"end":{"line":185,"column":37}},"91":{"start":{"line":187,"column":21},"end":{"line":187,"column":37}},"92":{"start":{"line":188,"column":4},"end":{"line":188,"column":28}},"93":{"start":{"line":190,"column":33},"end":{"line":190,"column":70}},"94":{"start":{"line":191,"column":4},"end":{"line":193,"column":5}},"95":{"start":{"line":192,"column":6},"end":{"line":192,"column":23}},"96":{"start":{"line":194,"column":4},"end":{"line":199,"column":5}},"97":{"start":{"line":195,"column":35},"end":{"line":195,"column":77}},"98":{"start":{"line":196,"column":6},"end":{"line":198,"column":7}},"99":{"start":{"line":197,"column":8},"end":{"line":197,"column":25}},"100":{"start":{"line":200,"column":20},"end":{"line":200,"column":75}},"101":{"start":{"line":201,"column":4},"end":{"line":203,"column":5}},"102":{"start":{"line":202,"column":6},"end":{"line":202,"column":71}},"103":{"start":{"line":204,"column":21},"end":{"line":214,"column":6}},"104":{"start":{"line":205,"column":27},"end":{"line":205,"column":73}},"105":{"start":{"line":206,"column":6},"end":{"line":212,"column":7}},"106":{"start":{"line":207,"column":8},"end":{"line":207,"column":42}},"107":{"start":{"line":208,"column":8},"end":{"line":208,"column":62}},"108":{"start":{"line":209,"column":8},"end":{"line":211,"column":11}},"109":{"start":{"line":213,"column":6},"end":{"line":213,"column":26}},"110":{"start":{"line":216,"column":4},"end":{"line":220,"column":7}},"111":{"start":{"line":222,"column":4},"end":{"line":228,"column":7}},"112":{"start":{"line":230,"column":4},"end":{"line":230,"column":34}},"113":{"start":{"line":234,"column":0},"end":{"line":255,"column":2}},"114":{"start":{"line":235,"column":2},"end":{"line":254,"column":3}},"115":{"start":{"line":236,"column":22},"end":{"line":236,"column":30}},"116":{"start":{"line":237,"column":21},"end":{"line":237,"column":68}},"117":{"start":{"line":238,"column":4},"end":{"line":240,"column":5}},"118":{"start":{"line":239,"column":6},"end":{"line":239,"column":71}},"119":{"start":{"line":241,"column":16},"end":{"line":241,"column":55}},"120":{"start":{"line":242,"column":19},"end":{"line":242,"column":54}},"121":{"start":{"line":243,"column":4},"end":{"line":251,"column":5}},"122":{"start":{"line":244,"column":6},"end":{"line":250,"column":9}},"123":{"start":{"line":253,"column":4},"end":{"line":253,"column":34}},"124":{"start":{"line":257,"column":0},"end":{"line":272,"column":2}},"125":{"start":{"line":258,"column":2},"end":{"line":271,"column":3}},"126":{"start":{"line":259,"column":20},"end":{"line":259,"column":28}},"127":{"start":{"line":260,"column":30},"end":{"line":260,"column":33}},"128":{"start":{"line":261,"column":21},"end":{"line":261,"column":68}},"129":{"start":{"line":262,"column":4},"end":{"line":264,"column":5}},"130":{"start":{"line":263,"column":6},"end":{"line":263,"column":71}},"131":{"start":{"line":265,"column":4},"end":{"line":267,"column":5}},"132":{"start":{"line":266,"column":6},"end":{"line":266,"column":73}},"133":{"start":{"line":268,"column":4},"end":{"line":268,"column":57}},"134":{"start":{"line":270,"column":4},"end":{"line":270,"column":34}},"135":{"start":{"line":274,"column":0},"end":{"line":289,"column":2}},"136":{"start":{"line":275,"column":2},"end":{"line":288,"column":3}},"137":{"start":{"line":276,"column":22},"end":{"line":276,"column":30}},"138":{"start":{"line":277,"column":24},"end":{"line":279,"column":6}},"139":{"start":{"line":280,"column":4},"end":{"line":280,"column":49}},"140":{"start":{"line":280,"column":22},"end":{"line":280,"column":49}},"141":{"start":{"line":281,"column":18},"end":{"line":281,"column":53}},"142":{"start":{"line":282,"column":4},"end":{"line":282,"column":49}},"143":{"start":{"line":283,"column":4},"end":{"line":285,"column":7}},"144":{"start":{"line":287,"column":4},"end":{"line":287,"column":34}},"145":{"start":{"line":291,"column":0},"end":{"line":313,"column":2}},"146":{"start":{"line":292,"column":2},"end":{"line":312,"column":3}},"147":{"start":{"line":293,"column":22},"end":{"line":293,"column":25}},"148":{"start":{"line":294,"column":29},"end":{"line":294,"column":37}},"149":{"start":{"line":296,"column":26},"end":{"line":299,"column":33}},"150":{"start":{"line":301,"column":24},"end":{"line":301,"column":71}},"151":{"start":{"line":302,"column":4},"end":{"line":302,"column":49}},"152":{"start":{"line":302,"column":22},"end":{"line":302,"column":49}},"153":{"start":{"line":303,"column":4},"end":{"line":306,"column":6}},"154":{"start":{"line":307,"column":4},"end":{"line":309,"column":7}},"155":{"start":{"line":311,"column":4},"end":{"line":311,"column":34}},"156":{"start":{"line":315,"column":0},"end":{"line":324,"column":2}},"157":{"start":{"line":316,"column":2},"end":{"line":323,"column":3}},"158":{"start":{"line":317,"column":19},"end":{"line":317,"column":22}},"159":{"start":{"line":318,"column":21},"end":{"line":318,"column":44}},"160":{"start":{"line":319,"column":4},"end":{"line":319,"column":29}},"161":{"start":{"line":320,"column":4},"end":{"line":320,"column":70}},"162":{"start":{"line":322,"column":4},"end":{"line":322,"column":34}},"163":{"start":{"line":326,"column":0},"end":{"line":352,"column":2}},"164":{"start":{"line":327,"column":2},"end":{"line":351,"column":3}},"165":{"start":{"line":328,"column":19},"end":{"line":328,"column":22}},"166":{"start":{"line":329,"column":18},"end":{"line":329,"column":33}},"167":{"start":{"line":330,"column":4},"end":{"line":330,"column":43}},"168":{"start":{"line":330,"column":16},"end":{"line":330,"column":43}},"169":{"start":{"line":331,"column":17},"end":{"line":331,"column":58}},"170":{"start":{"line":332,"column":4},"end":{"line":334,"column":5}},"171":{"start":{"line":333,"column":6},"end":{"line":333,"column":42}},"172":{"start":{"line":335,"column":21},"end":{"line":335,"column":60}},"173":{"start":{"line":337,"column":4},"end":{"line":343,"column":5}},"174":{"start":{"line":338,"column":6},"end":{"line":342,"column":9}},"175":{"start":{"line":345,"column":4},"end":{"line":348,"column":7}},"176":{"start":{"line":350,"column":4},"end":{"line":350,"column":34}},"177":{"start":{"line":354,"column":0},"end":{"line":402,"column":2}},"178":{"start":{"line":355,"column":2},"end":{"line":401,"column":3}},"179":{"start":{"line":356,"column":19},"end":{"line":356,"column":22}},"180":{"start":{"line":357,"column":20},"end":{"line":357,"column":28}},"181":{"start":{"line":358,"column":17},"end":{"line":358,"column":58}},"182":{"start":{"line":359,"column":4},"end":{"line":374,"column":5}},"183":{"start":{"line":360,"column":31},"end":{"line":363,"column":35}},"184":{"start":{"line":364,"column":31},"end":{"line":367,"column":35}},"185":{"start":{"line":368,"column":6},"end":{"line":370,"column":7}},"186":{"start":{"line":369,"column":8},"end":{"line":369,"column":76}},"187":{"start":{"line":371,"column":6},"end":{"line":371,"column":56}},"188":{"start":{"line":372,"column":6},"end":{"line":372,"column":34}},"189":{"start":{"line":373,"column":6},"end":{"line":373,"column":34}},"190":{"start":{"line":375,"column":24},"end":{"line":375,"column":44}},"191":{"start":{"line":376,"column":33},"end":{"line":381,"column":5}},"192":{"start":{"line":382,"column":4},"end":{"line":384,"column":5}},"193":{"start":{"line":383,"column":6},"end":{"line":383,"column":23}},"194":{"start":{"line":385,"column":21},"end":{"line":385,"column":47}},"195":{"start":{"line":387,"column":4},"end":{"line":393,"column":5}},"196":{"start":{"line":388,"column":6},"end":{"line":392,"column":9}},"197":{"start":{"line":395,"column":4},"end":{"line":398,"column":7}},"198":{"start":{"line":400,"column":4},"end":{"line":400,"column":34}}},"fnMap":{"0":{"name":"(anonymous_0)","decl":{"start":{"line":38,"column":16},"end":{"line":38,"column":17}},"loc":{"start":{"line":38,"column":36},"end":{"line":94,"column":1}},"line":38},"1":{"name":"(anonymous_1)","decl":{"start":{"line":96,"column":25},"end":{"line":96,"column":26}},"loc":{"start":{"line":96,"column":39},"end":{"line":102,"column":1}},"line":96},"2":{"name":"(anonymous_2)","decl":{"start":{"line":104,"column":28},"end":{"line":104,"column":29}},"loc":{"start":{"line":104,"column":48},"end":{"line":148,"column":1}},"line":104},"3":{"name":"(anonymous_3)","decl":{"start":{"line":150,"column":17},"end":{"line":150,"column":18}},"loc":{"start":{"line":150,"column":37},"end":{"line":158,"column":1}},"line":150},"4":{"name":"(anonymous_4)","decl":{"start":{"line":160,"column":23},"end":{"line":160,"column":24}},"loc":{"start":{"line":160,"column":43},"end":{"line":175,"column":1}},"line":160},"5":{"name":"(anonymous_5)","decl":{"start":{"line":177,"column":19},"end":{"line":177,"column":20}},"loc":{"start":{"line":177,"column":39},"end":{"line":232,"column":1}},"line":177},"6":{"name":"(anonymous_6)","decl":{"start":{"line":204,"column":49},"end":{"line":204,"column":50}},"loc":{"start":{"line":204,"column":62},"end":{"line":214,"column":5}},"line":204},"7":{"name":"(anonymous_7)","decl":{"start":{"line":234,"column":22},"end":{"line":234,"column":23}},"loc":{"start":{"line":234,"column":42},"end":{"line":255,"column":1}},"line":234},"8":{"name":"(anonymous_8)","decl":{"start":{"line":257,"column":30},"end":{"line":257,"column":31}},"loc":{"start":{"line":257,"column":50},"end":{"line":272,"column":1}},"line":257},"9":{"name":"(anonymous_9)","decl":{"start":{"line":274,"column":25},"end":{"line":274,"column":26}},"loc":{"start":{"line":274,"column":45},"end":{"line":289,"column":1}},"line":274},"10":{"name":"(anonymous_10)","decl":{"start":{"line":291,"column":27},"end":{"line":291,"column":28}},"loc":{"start":{"line":291,"column":47},"end":{"line":313,"column":1}},"line":291},"11":{"name":"(anonymous_11)","decl":{"start":{"line":315,"column":21},"end":{"line":315,"column":22}},"loc":{"start":{"line":315,"column":41},"end":{"line":324,"column":1}},"line":315},"12":{"name":"(anonymous_12)","decl":{"start":{"line":326,"column":27},"end":{"line":326,"column":28}},"loc":{"start":{"line":326,"column":47},"end":{"line":352,"column":1}},"line":326},"13":{"name":"(anonymous_13)","decl":{"start":{"line":333,"column":29},"end":{"line":333,"column":30}},"loc":{"start":{"line":333,"column":38},"end":{"line":333,"column":40}},"line":333},"14":{"name":"(anonymous_14)","decl":{"start":{"line":354,"column":22},"end":{"line":354,"column":23}},"loc":{"start":{"line":354,"column":42},"end":{"line":402,"column":1}},"line":354}},"branchMap":{"0":{"loc":{"start":{"line":47,"column":4},"end":{"line":49,"column":5}},"type":"if","locations":[{"start":{"line":47,"column":4},"end":{"line":49,"column":5}},{"start":{},"end":{}}],"line":47},"1":{"loc":{"start":{"line":62,"column":4},"end":{"line":64,"column":5}},"type":"if","locations":[{"start":{"line":62,"column":4},"end":{"line":64,"column":5}},{"start":{},"end":{}}],"line":62},"2":{"loc":{"start":{"line":69,"column":4},"end":{"line":71,"column":5}},"type":"if","locations":[{"start":{"line":69,"column":4},"end":{"line":71,"column":5}},{"start":{},"end":{}}],"line":69},"3":{"loc":{"start":{"line":69,"column":8},"end":{"line":69,"column":72}},"type":"binary-expr","locations":[{"start":{"line":69,"column":8},"end":{"line":69,"column":17}},{"start":{"line":69,"column":21},"end":{"line":69,"column":72}}],"line":69},"4":{"loc":{"start":{"line":72,"column":4},"end":{"line":74,"column":5}},"type":"if","locations":[{"start":{"line":72,"column":4},"end":{"line":74,"column":5}},{"start":{},"end":{}}],"line":72},"5":{"loc":{"start":{"line":72,"column":8},"end":{"line":72,"column":59}},"type":"binary-expr","locations":[{"start":{"line":72,"column":8},"end":{"line":72,"column":25}},{"start":{"line":72,"column":29},"end":{"line":72,"column":59}}],"line":72},"6":{"loc":{"start":{"line":107,"column":4},"end":{"line":107,"column":70}},"type":"if","locations":[{"start":{"line":107,"column":4},"end":{"line":107,"column":70}},{"start":{},"end":{}}],"line":107},"7":{"loc":{"start":{"line":139,"column":4},"end":{"line":142,"column":5}},"type":"if","locations":[{"start":{"line":139,"column":4},"end":{"line":142,"column":5}},{"start":{},"end":{}}],"line":139},"8":{"loc":{"start":{"line":163,"column":4},"end":{"line":164,"column":64}},"type":"if","locations":[{"start":{"line":163,"column":4},"end":{"line":164,"column":64}},{"start":{},"end":{}}],"line":163},"9":{"loc":{"start":{"line":166,"column":4},"end":{"line":166,"column":73}},"type":"if","locations":[{"start":{"line":166,"column":4},"end":{"line":166,"column":73}},{"start":{},"end":{}}],"line":166},"10":{"loc":{"start":{"line":168,"column":4},"end":{"line":168,"column":46}},"type":"if","locations":[{"start":{"line":168,"column":4},"end":{"line":168,"column":46}},{"start":{},"end":{}}],"line":168},"11":{"loc":{"start":{"line":191,"column":4},"end":{"line":193,"column":5}},"type":"if","locations":[{"start":{"line":191,"column":4},"end":{"line":193,"column":5}},{"start":{},"end":{}}],"line":191},"12":{"loc":{"start":{"line":194,"column":4},"end":{"line":199,"column":5}},"type":"if","locations":[{"start":{"line":194,"column":4},"end":{"line":199,"column":5}},{"start":{},"end":{}}],"line":194},"13":{"loc":{"start":{"line":196,"column":6},"end":{"line":198,"column":7}},"type":"if","locations":[{"start":{"line":196,"column":6},"end":{"line":198,"column":7}},{"start":{},"end":{}}],"line":196},"14":{"loc":{"start":{"line":201,"column":4},"end":{"line":203,"column":5}},"type":"if","locations":[{"start":{"line":201,"column":4},"end":{"line":203,"column":5}},{"start":{},"end":{}}],"line":201},"15":{"loc":{"start":{"line":206,"column":6},"end":{"line":212,"column":7}},"type":"if","locations":[{"start":{"line":206,"column":6},"end":{"line":212,"column":7}},{"start":{},"end":{}}],"line":206},"16":{"loc":{"start":{"line":218,"column":12},"end":{"line":218,"column":76}},"type":"cond-expr","locations":[{"start":{"line":218,"column":43},"end":{"line":218,"column":60}},{"start":{"line":218,"column":63},"end":{"line":218,"column":76}}],"line":218},"17":{"loc":{"start":{"line":225,"column":8},"end":{"line":227,"column":34}},"type":"cond-expr","locations":[{"start":{"line":226,"column":12},"end":{"line":226,"column":42}},{"start":{"line":227,"column":12},"end":{"line":227,"column":34}}],"line":225},"18":{"loc":{"start":{"line":238,"column":4},"end":{"line":240,"column":5}},"type":"if","locations":[{"start":{"line":238,"column":4},"end":{"line":240,"column":5}},{"start":{},"end":{}}],"line":238},"19":{"loc":{"start":{"line":243,"column":4},"end":{"line":251,"column":5}},"type":"if","locations":[{"start":{"line":243,"column":4},"end":{"line":251,"column":5}},{"start":{},"end":{}}],"line":243},"20":{"loc":{"start":{"line":262,"column":4},"end":{"line":264,"column":5}},"type":"if","locations":[{"start":{"line":262,"column":4},"end":{"line":264,"column":5}},{"start":{},"end":{}}],"line":262},"21":{"loc":{"start":{"line":265,"column":4},"end":{"line":267,"column":5}},"type":"if","locations":[{"start":{"line":265,"column":4},"end":{"line":267,"column":5}},{"start":{},"end":{}}],"line":265},"22":{"loc":{"start":{"line":280,"column":4},"end":{"line":280,"column":49}},"type":"if","locations":[{"start":{"line":280,"column":4},"end":{"line":280,"column":49}},{"start":{},"end":{}}],"line":280},"23":{"loc":{"start":{"line":302,"column":4},"end":{"line":302,"column":49}},"type":"if","locations":[{"start":{"line":302,"column":4},"end":{"line":302,"column":49}},{"start":{},"end":{}}],"line":302},"24":{"loc":{"start":{"line":330,"column":4},"end":{"line":330,"column":43}},"type":"if","locations":[{"start":{"line":330,"column":4},"end":{"line":330,"column":43}},{"start":{},"end":{}}],"line":330},"25":{"loc":{"start":{"line":332,"column":4},"end":{"line":334,"column":5}},"type":"if","locations":[{"start":{"line":332,"column":4},"end":{"line":334,"column":5}},{"start":{},"end":{}}],"line":332},"26":{"loc":{"start":{"line":337,"column":4},"end":{"line":343,"column":5}},"type":"if","locations":[{"start":{"line":337,"column":4},"end":{"line":343,"column":5}},{"start":{},"end":{}}],"line":337},"27":{"loc":{"start":{"line":359,"column":4},"end":{"line":374,"column":5}},"type":"if","locations":[{"start":{"line":359,"column":4},"end":{"line":374,"column":5}},{"start":{},"end":{}}],"line":359},"28":{"loc":{"start":{"line":359,"column":8},"end":{"line":359,"column":54}},"type":"binary-expr","locations":[{"start":{"line":359,"column":8},"end":{"line":359,"column":29}},{"start":{"line":359,"column":33},"end":{"line":359,"column":54}}],"line":359},"29":{"loc":{"start":{"line":368,"column":6},"end":{"line":370,"column":7}},"type":"if","locations":[{"start":{"line":368,"column":6},"end":{"line":370,"column":7}},{"start":{},"end":{}}],"line":368},"30":{"loc":{"start":{"line":382,"column":4},"end":{"line":384,"column":5}},"type":"if","locations":[{"start":{"line":382,"column":4},"end":{"line":384,"column":5}},{"start":{},"end":{}}],"line":382},"31":{"loc":{"start":{"line":387,"column":4},"end":{"line":393,"column":5}},"type":"if","locations":[{"start":{"line":387,"column":4},"end":{"line":393,"column":5}},{"start":{},"end":{}}],"line":387}},"s":{"0":5,"1":5,"2":5,"3":5,"4":5,"5":5,"6":5,"7":5,"8":5,"9":5,"10":5,"11":5,"12":5,"13":5,"14":5,"15":13,"16":13,"17":13,"18":13,"19":13,"20":13,"21":13,"22":1,"23":12,"24":12,"25":12,"26":1,"27":11,"28":11,"29":2,"30":9,"31":1,"32":8,"33":8,"34":8,"35":8,"36":8,"37":8,"38":0,"39":0,"40":5,"41":1,"42":1,"43":0,"44":5,"45":2,"46":2,"47":2,"48":1,"49":1,"50":1,"51":1,"52":1,"53":1,"54":1,"55":1,"56":1,"57":1,"58":1,"59":1,"60":1,"61":1,"62":1,"63":1,"64":0,"65":5,"66":1,"67":1,"68":1,"69":1,"70":0,"71":5,"72":3,"73":3,"74":3,"75":1,"76":2,"77":2,"78":1,"79":1,"80":1,"81":0,"82":1,"83":1,"84":1,"85":0,"86":5,"87":5,"88":5,"89":5,"90":5,"91":5,"92":5,"93":5,"94":5,"95":1,"96":4,"97":2,"98":2,"99":1,"100":3,"101":3,"102":1,"103":2,"104":2,"105":2,"106":1,"107":1,"108":1,"109":2,"110":2,"111":2,"112":0,"113":5,"114":2,"115":2,"116":2,"117":2,"118":1,"119":1,"120":1,"121":1,"122":1,"123":0,"124":5,"125":2,"126":2,"127":2,"128":2,"129":2,"130":0,"131":2,"132":1,"133":1,"134":0,"135":5,"136":2,"137":2,"138":2,"139":2,"140":1,"141":1,"142":1,"143":1,"144":0,"145":5,"146":1,"147":1,"148":1,"149":1,"150":1,"151":1,"152":0,"153":1,"154":1,"155":0,"156":5,"157":1,"158":1,"159":1,"160":1,"161":1,"162":0,"163":5,"164":0,"165":0,"166":0,"167":0,"168":0,"169":0,"170":0,"171":0,"172":0,"173":0,"174":0,"175":0,"176":0,"177":5,"178":3,"179":3,"180":3,"181":3,"182":3,"183":1,"184":1,"185":1,"186":1,"187":0,"188":0,"189":0,"190":2,"191":2,"192":2,"193":1,"194":1,"195":1,"196":1,"197":1,"198":0},"f":{"0":13,"1":1,"2":2,"3":1,"4":3,"5":5,"6":2,"7":2,"8":2,"9":2,"10":1,"11":1,"12":0,"13":0,"14":3},"b":{"0":[1,12],"1":[1,11],"2":[2,9],"3":[11,10],"4":[1,8],"5":[9,4],"6":[1,1],"7":[1,0],"8":[1,2],"9":[1,1],"10":[0,1],"11":[1,4],"12":[2,2],"13":[1,1],"14":[1,2],"15":[1,1],"16":[1,1],"17":[1,1],"18":[1,1],"19":[1,0],"20":[0,2],"21":[1,1],"22":[1,1],"23":[0,1],"24":[0,0],"25":[0,0],"26":[0,0],"27":[1,2],"28":[3,2],"29":[1,0],"30":[1,1],"31":[1,0]},"_coverageSchema":"1a1c01bbd47fc00a2c39e90264f33305004495a9","hash":"fe9e62beeb0a14a5f4de75722b5198cdaa2fcc54"}
,"F:\\New Document\\Documents\\00.Training Bootcamp Phincon\\12. Final Project\\server\\controllers\\laundryController.js": {"path":"F:\\New Document\\Documents\\00.Training Bootcamp Phincon\\12. Final Project\\server\\controllers\\laundryController.js","statementMap":{"0":{"start":{"line":1,"column":0},"end":{"line":1,"column":27}},"1":{"start":{"line":2,"column":15},"end":{"line":2,"column":35}},"2":{"start":{"line":3,"column":29},"end":{"line":3,"column":73}},"3":{"start":{"line":10,"column":4},"end":{"line":10,"column":46}},"4":{"start":{"line":15,"column":4},"end":{"line":15,"column":35}},"5":{"start":{"line":17,"column":29},"end":{"line":17,"column":63}},"6":{"start":{"line":19,"column":37},"end":{"line":19,"column":57}},"7":{"start":{"line":21,"column":0},"end":{"line":54,"column":2}},"8":{"start":{"line":22,"column":2},"end":{"line":53,"column":3}},"9":{"start":{"line":23,"column":19},"end":{"line":23,"column":22}},"10":{"start":{"line":24,"column":17},"end":{"line":24,"column":46}},"11":{"start":{"line":25,"column":18},"end":{"line":25,"column":49}},"12":{"start":{"line":26,"column":19},"end":{"line":26,"column":41}},"13":{"start":{"line":27,"column":19},"end":{"line":27,"column":31}},"14":{"start":{"line":28,"column":21},"end":{"line":44,"column":6}},"15":{"start":{"line":45,"column":22},"end":{"line":45,"column":55}},"16":{"start":{"line":46,"column":4},"end":{"line":50,"column":7}},"17":{"start":{"line":52,"column":4},"end":{"line":52,"column":34}},"18":{"start":{"line":56,"column":0},"end":{"line":75,"column":2}},"19":{"start":{"line":57,"column":2},"end":{"line":74,"column":3}},"20":{"start":{"line":58,"column":19},"end":{"line":58,"column":22}},"21":{"start":{"line":59,"column":26},"end":{"line":59,"column":36}},"22":{"start":{"line":60,"column":21},"end":{"line":70,"column":6}},"23":{"start":{"line":71,"column":4},"end":{"line":71,"column":50}},"24":{"start":{"line":73,"column":4},"end":{"line":73,"column":34}},"25":{"start":{"line":77,"column":0},"end":{"line":108,"column":2}},"26":{"start":{"line":78,"column":2},"end":{"line":107,"column":3}},"27":{"start":{"line":79,"column":19},"end":{"line":79,"column":22}},"28":{"start":{"line":80,"column":23},"end":{"line":80,"column":31}},"29":{"start":{"line":81,"column":33},"end":{"line":81,"column":76}},"30":{"start":{"line":82,"column":4},"end":{"line":84,"column":5}},"31":{"start":{"line":83,"column":6},"end":{"line":83,"column":23}},"32":{"start":{"line":85,"column":26},"end":{"line":94,"column":6}},"33":{"start":{"line":95,"column":4},"end":{"line":97,"column":5}},"34":{"start":{"line":96,"column":6},"end":{"line":96,"column":70}},"35":{"start":{"line":98,"column":24},"end":{"line":98,"column":73}},"36":{"start":{"line":99,"column":4},"end":{"line":99,"column":49}},"37":{"start":{"line":99,"column":22},"end":{"line":99,"column":49}},"38":{"start":{"line":100,"column":4},"end":{"line":100,"column":43}},"39":{"start":{"line":102,"column":4},"end":{"line":102,"column":37}},"40":{"start":{"line":104,"column":4},"end":{"line":104,"column":66}},"41":{"start":{"line":106,"column":4},"end":{"line":106,"column":34}},"42":{"start":{"line":110,"column":0},"end":{"line":132,"column":2}},"43":{"start":{"line":111,"column":2},"end":{"line":131,"column":3}},"44":{"start":{"line":112,"column":26},"end":{"line":112,"column":36}},"45":{"start":{"line":113,"column":24},"end":{"line":113,"column":32}},"46":{"start":{"line":114,"column":18},"end":{"line":114,"column":42}},"47":{"start":{"line":115,"column":33},"end":{"line":120,"column":5}},"48":{"start":{"line":121,"column":4},"end":{"line":123,"column":5}},"49":{"start":{"line":122,"column":6},"end":{"line":122,"column":23}},"50":{"start":{"line":124,"column":20},"end":{"line":124,"column":65}},"51":{"start":{"line":125,"column":4},"end":{"line":125,"column":45}},"52":{"start":{"line":125,"column":18},"end":{"line":125,"column":45}},"53":{"start":{"line":126,"column":4},"end":{"line":126,"column":68}},"54":{"start":{"line":128,"column":4},"end":{"line":128,"column":66}},"55":{"start":{"line":130,"column":4},"end":{"line":130,"column":34}},"56":{"start":{"line":134,"column":0},"end":{"line":142,"column":2}},"57":{"start":{"line":135,"column":2},"end":{"line":141,"column":3}},"58":{"start":{"line":136,"column":26},"end":{"line":136,"column":36}},"59":{"start":{"line":137,"column":4},"end":{"line":137,"column":56}},"60":{"start":{"line":138,"column":4},"end":{"line":138,"column":66}},"61":{"start":{"line":140,"column":4},"end":{"line":140,"column":34}},"62":{"start":{"line":144,"column":0},"end":{"line":175,"column":2}},"63":{"start":{"line":145,"column":2},"end":{"line":174,"column":3}},"64":{"start":{"line":146,"column":19},"end":{"line":146,"column":22}},"65":{"start":{"line":147,"column":17},"end":{"line":147,"column":46}},"66":{"start":{"line":148,"column":18},"end":{"line":148,"column":49}},"67":{"start":{"line":149,"column":19},"end":{"line":149,"column":31}},"68":{"start":{"line":150,"column":21},"end":{"line":165,"column":6}},"69":{"start":{"line":166,"column":22},"end":{"line":166,"column":55}},"70":{"start":{"line":167,"column":4},"end":{"line":171,"column":7}},"71":{"start":{"line":173,"column":4},"end":{"line":173,"column":34}},"72":{"start":{"line":177,"column":0},"end":{"line":194,"column":2}},"73":{"start":{"line":178,"column":2},"end":{"line":193,"column":3}},"74":{"start":{"line":179,"column":19},"end":{"line":179,"column":22}},"75":{"start":{"line":180,"column":35},"end":{"line":180,"column":43}},"76":{"start":{"line":181,"column":4},"end":{"line":183,"column":5}},"77":{"start":{"line":182,"column":6},"end":{"line":182,"column":63}},"78":{"start":{"line":184,"column":20},"end":{"line":184,"column":67}},"79":{"start":{"line":185,"column":4},"end":{"line":185,"column":45}},"80":{"start":{"line":185,"column":18},"end":{"line":185,"column":45}},"81":{"start":{"line":187,"column":21},"end":{"line":187,"column":64}},"82":{"start":{"line":188,"column":4},"end":{"line":188,"column":57}},"83":{"start":{"line":190,"column":4},"end":{"line":190,"column":65}},"84":{"start":{"line":192,"column":4},"end":{"line":192,"column":34}},"85":{"start":{"line":196,"column":0},"end":{"line":206,"column":2}},"86":{"start":{"line":197,"column":2},"end":{"line":205,"column":3}},"87":{"start":{"line":198,"column":19},"end":{"line":198,"column":22}},"88":{"start":{"line":199,"column":21},"end":{"line":201,"column":6}},"89":{"start":{"line":202,"column":4},"end":{"line":202,"column":50}},"90":{"start":{"line":204,"column":4},"end":{"line":204,"column":34}},"91":{"start":{"line":208,"column":0},"end":{"line":236,"column":2}},"92":{"start":{"line":209,"column":2},"end":{"line":235,"column":3}},"93":{"start":{"line":210,"column":19},"end":{"line":210,"column":22}},"94":{"start":{"line":211,"column":17},"end":{"line":211,"column":25}},"95":{"start":{"line":212,"column":18},"end":{"line":212,"column":35}},"96":{"start":{"line":213,"column":33},"end":{"line":213,"column":78}},"97":{"start":{"line":214,"column":4},"end":{"line":216,"column":5}},"98":{"start":{"line":215,"column":6},"end":{"line":215,"column":23}},"99":{"start":{"line":217,"column":20},"end":{"line":219,"column":6}},"100":{"start":{"line":220,"column":4},"end":{"line":220,"column":45}},"101":{"start":{"line":220,"column":18},"end":{"line":220,"column":45}},"102":{"start":{"line":221,"column":21},"end":{"line":221,"column":47}},"103":{"start":{"line":223,"column":4},"end":{"line":227,"column":7}},"104":{"start":{"line":229,"column":4},"end":{"line":232,"column":7}},"105":{"start":{"line":234,"column":4},"end":{"line":234,"column":34}},"106":{"start":{"line":238,"column":0},"end":{"line":262,"column":2}},"107":{"start":{"line":239,"column":2},"end":{"line":261,"column":3}},"108":{"start":{"line":240,"column":19},"end":{"line":240,"column":22}},"109":{"start":{"line":241,"column":18},"end":{"line":241,"column":33}},"110":{"start":{"line":242,"column":4},"end":{"line":242,"column":43}},"111":{"start":{"line":242,"column":16},"end":{"line":242,"column":43}},"112":{"start":{"line":243,"column":20},"end":{"line":245,"column":6}},"113":{"start":{"line":246,"column":4},"end":{"line":246,"column":45}},"114":{"start":{"line":246,"column":18},"end":{"line":246,"column":45}},"115":{"start":{"line":247,"column":21},"end":{"line":247,"column":63}},"116":{"start":{"line":249,"column":4},"end":{"line":253,"column":7}},"117":{"start":{"line":255,"column":4},"end":{"line":258,"column":7}},"118":{"start":{"line":260,"column":4},"end":{"line":260,"column":34}}},"fnMap":{"0":{"name":"(anonymous_0)","decl":{"start":{"line":21,"column":23},"end":{"line":21,"column":24}},"loc":{"start":{"line":21,"column":43},"end":{"line":54,"column":1}},"line":21},"1":{"name":"(anonymous_1)","decl":{"start":{"line":56,"column":25},"end":{"line":56,"column":26}},"loc":{"start":{"line":56,"column":45},"end":{"line":75,"column":1}},"line":56},"2":{"name":"(anonymous_2)","decl":{"start":{"line":77,"column":21},"end":{"line":77,"column":22}},"loc":{"start":{"line":77,"column":41},"end":{"line":108,"column":1}},"line":77},"3":{"name":"(anonymous_3)","decl":{"start":{"line":110,"column":22},"end":{"line":110,"column":23}},"loc":{"start":{"line":110,"column":42},"end":{"line":132,"column":1}},"line":110},"4":{"name":"(anonymous_4)","decl":{"start":{"line":134,"column":24},"end":{"line":134,"column":25}},"loc":{"start":{"line":134,"column":44},"end":{"line":142,"column":1}},"line":134},"5":{"name":"(anonymous_5)","decl":{"start":{"line":144,"column":20},"end":{"line":144,"column":21}},"loc":{"start":{"line":144,"column":40},"end":{"line":175,"column":1}},"line":144},"6":{"name":"(anonymous_6)","decl":{"start":{"line":177,"column":23},"end":{"line":177,"column":24}},"loc":{"start":{"line":177,"column":43},"end":{"line":194,"column":1}},"line":177},"7":{"name":"(anonymous_7)","decl":{"start":{"line":196,"column":22},"end":{"line":196,"column":23}},"loc":{"start":{"line":196,"column":42},"end":{"line":206,"column":1}},"line":196},"8":{"name":"(anonymous_8)","decl":{"start":{"line":208,"column":23},"end":{"line":208,"column":24}},"loc":{"start":{"line":208,"column":43},"end":{"line":236,"column":1}},"line":208},"9":{"name":"(anonymous_9)","decl":{"start":{"line":238,"column":28},"end":{"line":238,"column":29}},"loc":{"start":{"line":238,"column":48},"end":{"line":262,"column":1}},"line":238}},"branchMap":{"0":{"loc":{"start":{"line":24,"column":17},"end":{"line":24,"column":46}},"type":"binary-expr","locations":[{"start":{"line":24,"column":17},"end":{"line":24,"column":41}},{"start":{"line":24,"column":45},"end":{"line":24,"column":46}}],"line":24},"1":{"loc":{"start":{"line":25,"column":18},"end":{"line":25,"column":49}},"type":"binary-expr","locations":[{"start":{"line":25,"column":18},"end":{"line":25,"column":43}},{"start":{"line":25,"column":47},"end":{"line":25,"column":49}}],"line":25},"2":{"loc":{"start":{"line":26,"column":19},"end":{"line":26,"column":41}},"type":"binary-expr","locations":[{"start":{"line":26,"column":19},"end":{"line":26,"column":35}},{"start":{"line":26,"column":39},"end":{"line":26,"column":41}}],"line":26},"3":{"loc":{"start":{"line":82,"column":4},"end":{"line":84,"column":5}},"type":"if","locations":[{"start":{"line":82,"column":4},"end":{"line":84,"column":5}},{"start":{},"end":{}}],"line":82},"4":{"loc":{"start":{"line":95,"column":4},"end":{"line":97,"column":5}},"type":"if","locations":[{"start":{"line":95,"column":4},"end":{"line":97,"column":5}},{"start":{},"end":{}}],"line":95},"5":{"loc":{"start":{"line":99,"column":4},"end":{"line":99,"column":49}},"type":"if","locations":[{"start":{"line":99,"column":4},"end":{"line":99,"column":49}},{"start":{},"end":{}}],"line":99},"6":{"loc":{"start":{"line":121,"column":4},"end":{"line":123,"column":5}},"type":"if","locations":[{"start":{"line":121,"column":4},"end":{"line":123,"column":5}},{"start":{},"end":{}}],"line":121},"7":{"loc":{"start":{"line":125,"column":4},"end":{"line":125,"column":45}},"type":"if","locations":[{"start":{"line":125,"column":4},"end":{"line":125,"column":45}},{"start":{},"end":{}}],"line":125},"8":{"loc":{"start":{"line":147,"column":17},"end":{"line":147,"column":46}},"type":"binary-expr","locations":[{"start":{"line":147,"column":17},"end":{"line":147,"column":41}},{"start":{"line":147,"column":45},"end":{"line":147,"column":46}}],"line":147},"9":{"loc":{"start":{"line":148,"column":18},"end":{"line":148,"column":49}},"type":"binary-expr","locations":[{"start":{"line":148,"column":18},"end":{"line":148,"column":43}},{"start":{"line":148,"column":47},"end":{"line":148,"column":49}}],"line":148},"10":{"loc":{"start":{"line":181,"column":4},"end":{"line":183,"column":5}},"type":"if","locations":[{"start":{"line":181,"column":4},"end":{"line":183,"column":5}},{"start":{},"end":{}}],"line":181},"11":{"loc":{"start":{"line":181,"column":8},"end":{"line":181,"column":66}},"type":"binary-expr","locations":[{"start":{"line":181,"column":8},"end":{"line":181,"column":36}},{"start":{"line":181,"column":40},"end":{"line":181,"column":66}}],"line":181},"12":{"loc":{"start":{"line":185,"column":4},"end":{"line":185,"column":45}},"type":"if","locations":[{"start":{"line":185,"column":4},"end":{"line":185,"column":45}},{"start":{},"end":{}}],"line":185},"13":{"loc":{"start":{"line":214,"column":4},"end":{"line":216,"column":5}},"type":"if","locations":[{"start":{"line":214,"column":4},"end":{"line":216,"column":5}},{"start":{},"end":{}}],"line":214},"14":{"loc":{"start":{"line":220,"column":4},"end":{"line":220,"column":45}},"type":"if","locations":[{"start":{"line":220,"column":4},"end":{"line":220,"column":45}},{"start":{},"end":{}}],"line":220},"15":{"loc":{"start":{"line":242,"column":4},"end":{"line":242,"column":43}},"type":"if","locations":[{"start":{"line":242,"column":4},"end":{"line":242,"column":43}},{"start":{},"end":{}}],"line":242},"16":{"loc":{"start":{"line":246,"column":4},"end":{"line":246,"column":45}},"type":"if","locations":[{"start":{"line":246,"column":4},"end":{"line":246,"column":45}},{"start":{},"end":{}}],"line":246}},"s":{"0":5,"1":5,"2":5,"3":5,"4":5,"5":5,"6":5,"7":5,"8":1,"9":1,"10":1,"11":1,"12":1,"13":1,"14":1,"15":1,"16":1,"17":0,"18":5,"19":1,"20":1,"21":1,"22":1,"23":1,"24":0,"25":5,"26":3,"27":3,"28":3,"29":3,"30":3,"31":1,"32":2,"33":2,"34":1,"35":1,"36":1,"37":0,"38":1,"39":1,"40":1,"41":0,"42":5,"43":2,"44":2,"45":2,"46":2,"47":2,"48":2,"49":1,"50":1,"51":1,"52":0,"53":1,"54":1,"55":0,"56":5,"57":1,"58":1,"59":1,"60":1,"61":0,"62":5,"63":1,"64":1,"65":1,"66":1,"67":1,"68":1,"69":1,"70":1,"71":0,"72":5,"73":3,"74":3,"75":3,"76":3,"77":1,"78":2,"79":2,"80":1,"81":1,"82":1,"83":1,"84":0,"85":5,"86":1,"87":1,"88":1,"89":1,"90":0,"91":5,"92":2,"93":2,"94":2,"95":2,"96":2,"97":2,"98":1,"99":1,"100":1,"101":0,"102":1,"103":1,"104":1,"105":0,"106":5,"107":2,"108":2,"109":2,"110":2,"111":1,"112":1,"113":1,"114":0,"115":1,"116":1,"117":1,"118":0},"f":{"0":1,"1":1,"2":3,"3":2,"4":1,"5":1,"6":3,"7":1,"8":2,"9":2},"b":{"0":[1,1],"1":[1,1],"2":[1,1],"3":[1,2],"4":[1,1],"5":[0,1],"6":[1,1],"7":[0,1],"8":[1,1],"9":[1,1],"10":[1,2],"11":[3,2],"12":[1,1],"13":[1,1],"14":[0,1],"15":[1,1],"16":[0,1]},"_coverageSchema":"1a1c01bbd47fc00a2c39e90264f33305004495a9","hash":"2add160354d5ed1ce0013e4fd92b05a522159010"}
,"F:\\New Document\\Documents\\00.Training Bootcamp Phincon\\12. Final Project\\server\\controllers\\messageController.js": {"path":"F:\\New Document\\Documents\\00.Training Bootcamp Phincon\\12. Final Project\\server\\controllers\\messageController.js","statementMap":{"0":{"start":{"line":1,"column":29},"end":{"line":1,"column":63}},"1":{"start":{"line":8,"column":4},"end":{"line":8,"column":46}},"2":{"start":{"line":10,"column":17},"end":{"line":10,"column":37}},"3":{"start":{"line":12,"column":0},"end":{"line":20,"column":2}},"4":{"start":{"line":13,"column":2},"end":{"line":19,"column":3}},"5":{"start":{"line":14,"column":19},"end":{"line":14,"column":22}},"6":{"start":{"line":15,"column":18},"end":{"line":15,"column":61}},"7":{"start":{"line":16,"column":4},"end":{"line":16,"column":48}},"8":{"start":{"line":18,"column":4},"end":{"line":18,"column":34}},"9":{"start":{"line":22,"column":0},"end":{"line":58,"column":2}},"10":{"start":{"line":23,"column":2},"end":{"line":57,"column":3}},"11":{"start":{"line":24,"column":19},"end":{"line":24,"column":22}},"12":{"start":{"line":25,"column":23},"end":{"line":25,"column":31}},"13":{"start":{"line":26,"column":20},"end":{"line":26,"column":65}},"14":{"start":{"line":27,"column":4},"end":{"line":27,"column":45}},"15":{"start":{"line":27,"column":18},"end":{"line":27,"column":45}},"16":{"start":{"line":29,"column":18},"end":{"line":29,"column":30}},"17":{"start":{"line":30,"column":4},"end":{"line":32,"column":7}},"18":{"start":{"line":31,"column":6},"end":{"line":31,"column":19}},"19":{"start":{"line":34,"column":19},"end":{"line":36,"column":5}},"20":{"start":{"line":38,"column":27},"end":{"line":38,"column":71}},"21":{"start":{"line":40,"column":4},"end":{"line":42,"column":5}},"22":{"start":{"line":41,"column":6},"end":{"line":41,"column":36}},"23":{"start":{"line":44,"column":20},"end":{"line":51,"column":5}},"24":{"start":{"line":52,"column":4},"end":{"line":52,"column":27}},"25":{"start":{"line":54,"column":4},"end":{"line":54,"column":63}},"26":{"start":{"line":56,"column":4},"end":{"line":56,"column":34}},"27":{"start":{"line":60,"column":0},"end":{"line":83,"column":2}},"28":{"start":{"line":61,"column":2},"end":{"line":82,"column":3}},"29":{"start":{"line":62,"column":19},"end":{"line":62,"column":22}},"30":{"start":{"line":63,"column":23},"end":{"line":63,"column":33}},"31":{"start":{"line":64,"column":18},"end":{"line":64,"column":30}},"32":{"start":{"line":65,"column":4},"end":{"line":67,"column":7}},"33":{"start":{"line":66,"column":6},"end":{"line":66,"column":19}},"34":{"start":{"line":69,"column":19},"end":{"line":71,"column":5}},"35":{"start":{"line":72,"column":27},"end":{"line":72,"column":71}},"36":{"start":{"line":73,"column":4},"end":{"line":73,"column":64}},"37":{"start":{"line":73,"column":37},"end":{"line":73,"column":64}},"38":{"start":{"line":75,"column":4},"end":{"line":77,"column":7}},"39":{"start":{"line":78,"column":4},"end":{"line":78,"column":62}},"40":{"start":{"line":80,"column":4},"end":{"line":80,"column":23}},"41":{"start":{"line":81,"column":4},"end":{"line":81,"column":34}}},"fnMap":{"0":{"name":"(anonymous_0)","decl":{"start":{"line":12,"column":16},"end":{"line":12,"column":17}},"loc":{"start":{"line":12,"column":36},"end":{"line":20,"column":1}},"line":12},"1":{"name":"(anonymous_1)","decl":{"start":{"line":22,"column":25},"end":{"line":22,"column":26}},"loc":{"start":{"line":22,"column":45},"end":{"line":58,"column":1}},"line":22},"2":{"name":"(anonymous_2)","decl":{"start":{"line":30,"column":15},"end":{"line":30,"column":16}},"loc":{"start":{"line":30,"column":31},"end":{"line":32,"column":5}},"line":30},"3":{"name":"(anonymous_3)","decl":{"start":{"line":60,"column":24},"end":{"line":60,"column":25}},"loc":{"start":{"line":60,"column":44},"end":{"line":83,"column":1}},"line":60},"4":{"name":"(anonymous_4)","decl":{"start":{"line":65,"column":15},"end":{"line":65,"column":16}},"loc":{"start":{"line":65,"column":31},"end":{"line":67,"column":5}},"line":65}},"branchMap":{"0":{"loc":{"start":{"line":27,"column":4},"end":{"line":27,"column":45}},"type":"if","locations":[{"start":{"line":27,"column":4},"end":{"line":27,"column":45}},{"start":{},"end":{}}],"line":27},"1":{"loc":{"start":{"line":40,"column":4},"end":{"line":42,"column":5}},"type":"if","locations":[{"start":{"line":40,"column":4},"end":{"line":42,"column":5}},{"start":{},"end":{}}],"line":40},"2":{"loc":{"start":{"line":73,"column":4},"end":{"line":73,"column":64}},"type":"if","locations":[{"start":{"line":73,"column":4},"end":{"line":73,"column":64}},{"start":{},"end":{}}],"line":73}},"s":{"0":5,"1":5,"2":5,"3":5,"4":1,"5":1,"6":1,"7":1,"8":0,"9":5,"10":3,"11":3,"12":3,"13":3,"14":3,"15":1,"16":2,"17":2,"18":2,"19":2,"20":2,"21":2,"22":1,"23":1,"24":1,"25":1,"26":0,"27":5,"28":2,"29":2,"30":2,"31":2,"32":2,"33":2,"34":2,"35":2,"36":2,"37":1,"38":1,"39":1,"40":0,"41":0},"f":{"0":1,"1":3,"2":2,"3":2,"4":2},"b":{"0":[1,2],"1":[1,1],"2":[1,1]},"_coverageSchema":"1a1c01bbd47fc00a2c39e90264f33305004495a9","hash":"80ed3ad2dcc4dba314c5115b9b6e08fa55539c71"}
,"F:\\New Document\\Documents\\00.Training Bootcamp Phincon\\12. Final Project\\server\\controllers\\userController.js": {"path":"F:\\New Document\\Documents\\00.Training Bootcamp Phincon\\12. Final Project\\server\\controllers\\userController.js","statementMap":{"0":{"start":{"line":7,"column":4},"end":{"line":7,"column":46}},"1":{"start":{"line":16,"column":4},"end":{"line":16,"column":24}},"2":{"start":{"line":17,"column":20},"end":{"line":17,"column":55}},"3":{"start":{"line":18,"column":17},"end":{"line":18,"column":49}},"4":{"start":{"line":19,"column":14},"end":{"line":19,"column":30}},"5":{"start":{"line":21,"column":0},"end":{"line":49,"column":2}},"6":{"start":{"line":22,"column":2},"end":{"line":48,"column":3}},"7":{"start":{"line":23,"column":25},"end":{"line":23,"column":33}},"8":{"start":{"line":24,"column":4},"end":{"line":24,"column":46}},"9":{"start":{"line":24,"column":19},"end":{"line":24,"column":46}},"10":{"start":{"line":25,"column":24},"end":{"line":25,"column":44}},"11":{"start":{"line":26,"column":21},"end":{"line":32,"column":6}},"12":{"start":{"line":33,"column":29},"end":{"line":38,"column":6}},"13":{"start":{"line":34,"column":27},"end":{"line":34,"column":56}},"14":{"start":{"line":35,"column":23},"end":{"line":35,"column":78}},"15":{"start":{"line":36,"column":6},"end":{"line":36,"column":46}},"16":{"start":{"line":37,"column":6},"end":{"line":37,"column":46}},"17":{"start":{"line":39,"column":4},"end":{"line":42,"column":6}},"18":{"start":{"line":41,"column":8},"end":{"line":41,"column":77}},"19":{"start":{"line":43,"column":4},"end":{"line":45,"column":7}},"20":{"start":{"line":47,"column":4},"end":{"line":47,"column":34}},"21":{"start":{"line":51,"column":0},"end":{"line":72,"column":2}},"22":{"start":{"line":52,"column":2},"end":{"line":71,"column":3}},"23":{"start":{"line":53,"column":25},"end":{"line":53,"column":33}},"24":{"start":{"line":54,"column":27},"end":{"line":54,"column":37}},"25":{"start":{"line":55,"column":4},"end":{"line":55,"column":61}},"26":{"start":{"line":55,"column":34},"end":{"line":55,"column":61}},"27":{"start":{"line":56,"column":24},"end":{"line":56,"column":44}},"28":{"start":{"line":57,"column":21},"end":{"line":60,"column":6}},"29":{"start":{"line":61,"column":4},"end":{"line":61,"column":46}},"30":{"start":{"line":61,"column":19},"end":{"line":61,"column":46}},"31":{"start":{"line":62,"column":25},"end":{"line":62,"column":54}},"32":{"start":{"line":63,"column":21},"end":{"line":63,"column":76}},"33":{"start":{"line":64,"column":4},"end":{"line":66,"column":5}},"34":{"start":{"line":65,"column":6},"end":{"line":65,"column":69}},"35":{"start":{"line":67,"column":4},"end":{"line":67,"column":44}},"36":{"start":{"line":68,"column":4},"end":{"line":68,"column":50}},"37":{"start":{"line":70,"column":4},"end":{"line":70,"column":34}},"38":{"start":{"line":74,"column":0},"end":{"line":88,"column":2}},"39":{"start":{"line":75,"column":2},"end":{"line":87,"column":3}},"40":{"start":{"line":76,"column":19},"end":{"line":76,"column":22}},"41":{"start":{"line":77,"column":21},"end":{"line":82,"column":6}},"42":{"start":{"line":84,"column":4},"end":{"line":84,"column":50}},"43":{"start":{"line":86,"column":4},"end":{"line":86,"column":34}},"44":{"start":{"line":90,"column":0},"end":{"line":111,"column":2}},"45":{"start":{"line":91,"column":2},"end":{"line":110,"column":3}},"46":{"start":{"line":92,"column":19},"end":{"line":92,"column":22}},"47":{"start":{"line":93,"column":27},"end":{"line":93,"column":37}},"48":{"start":{"line":94,"column":20},"end":{"line":96,"column":6}},"49":{"start":{"line":97,"column":4},"end":{"line":99,"column":5}},"50":{"start":{"line":98,"column":6},"end":{"line":98,"column":68}},"51":{"start":{"line":100,"column":21},"end":{"line":103,"column":6}},"52":{"start":{"line":104,"column":4},"end":{"line":107,"column":7}},"53":{"start":{"line":109,"column":4},"end":{"line":109,"column":34}},"54":{"start":{"line":113,"column":0},"end":{"line":126,"column":2}},"55":{"start":{"line":114,"column":2},"end":{"line":125,"column":3}},"56":{"start":{"line":115,"column":19},"end":{"line":115,"column":22}},"57":{"start":{"line":116,"column":27},"end":{"line":116,"column":37}},"58":{"start":{"line":117,"column":20},"end":{"line":119,"column":6}},"59":{"start":{"line":120,"column":4},"end":{"line":120,"column":45}},"60":{"start":{"line":120,"column":18},"end":{"line":120,"column":45}},"61":{"start":{"line":121,"column":4},"end":{"line":121,"column":28}},"62":{"start":{"line":122,"column":4},"end":{"line":122,"column":74}},"63":{"start":{"line":124,"column":4},"end":{"line":124,"column":34}},"64":{"start":{"line":128,"column":0},"end":{"line":149,"column":2}},"65":{"start":{"line":129,"column":2},"end":{"line":148,"column":3}},"66":{"start":{"line":130,"column":19},"end":{"line":130,"column":22}},"67":{"start":{"line":131,"column":21},"end":{"line":143,"column":6}},"68":{"start":{"line":145,"column":4},"end":{"line":145,"column":50}},"69":{"start":{"line":147,"column":4},"end":{"line":147,"column":34}},"70":{"start":{"line":151,"column":0},"end":{"line":173,"column":2}},"71":{"start":{"line":152,"column":2},"end":{"line":172,"column":3}},"72":{"start":{"line":153,"column":19},"end":{"line":153,"column":22}},"73":{"start":{"line":154,"column":36},"end":{"line":154,"column":44}},"74":{"start":{"line":155,"column":20},"end":{"line":157,"column":6}},"75":{"start":{"line":158,"column":4},"end":{"line":160,"column":5}},"76":{"start":{"line":159,"column":6},"end":{"line":159,"column":70}},"77":{"start":{"line":161,"column":21},"end":{"line":165,"column":6}},"78":{"start":{"line":166,"column":4},"end":{"line":169,"column":7}},"79":{"start":{"line":171,"column":4},"end":{"line":171,"column":34}},"80":{"start":{"line":175,"column":0},"end":{"line":188,"column":2}},"81":{"start":{"line":176,"column":2},"end":{"line":187,"column":3}},"82":{"start":{"line":177,"column":19},"end":{"line":177,"column":22}},"83":{"start":{"line":178,"column":36},"end":{"line":178,"column":44}},"84":{"start":{"line":179,"column":20},"end":{"line":181,"column":6}},"85":{"start":{"line":182,"column":4},"end":{"line":182,"column":45}},"86":{"start":{"line":182,"column":18},"end":{"line":182,"column":45}},"87":{"start":{"line":183,"column":21},"end":{"line":183,"column":65}},"88":{"start":{"line":184,"column":4},"end":{"line":184,"column":50}},"89":{"start":{"line":186,"column":4},"end":{"line":186,"column":34}},"90":{"start":{"line":190,"column":0},"end":{"line":204,"column":2}},"91":{"start":{"line":191,"column":2},"end":{"line":203,"column":3}},"92":{"start":{"line":192,"column":19},"end":{"line":192,"column":22}},"93":{"start":{"line":193,"column":23},"end":{"line":193,"column":33}},"94":{"start":{"line":194,"column":20},"end":{"line":196,"column":6}},"95":{"start":{"line":198,"column":4},"end":{"line":198,"column":45}},"96":{"start":{"line":198,"column":18},"end":{"line":198,"column":45}},"97":{"start":{"line":199,"column":4},"end":{"line":199,"column":28}},"98":{"start":{"line":200,"column":4},"end":{"line":200,"column":75}},"99":{"start":{"line":202,"column":4},"end":{"line":202,"column":34}},"100":{"start":{"line":206,"column":0},"end":{"line":220,"column":2}},"101":{"start":{"line":207,"column":2},"end":{"line":219,"column":3}},"102":{"start":{"line":208,"column":19},"end":{"line":208,"column":22}},"103":{"start":{"line":209,"column":21},"end":{"line":215,"column":6}},"104":{"start":{"line":216,"column":4},"end":{"line":216,"column":50}},"105":{"start":{"line":218,"column":4},"end":{"line":218,"column":34}},"106":{"start":{"line":222,"column":0},"end":{"line":284,"column":2}},"107":{"start":{"line":223,"column":2},"end":{"line":283,"column":3}},"108":{"start":{"line":224,"column":19},"end":{"line":224,"column":22}},"109":{"start":{"line":225,"column":37},"end":{"line":225,"column":45}},"110":{"start":{"line":226,"column":4},"end":{"line":226,"column":61}},"111":{"start":{"line":226,"column":34},"end":{"line":226,"column":61}},"112":{"start":{"line":227,"column":19},"end":{"line":227,"column":21}},"113":{"start":{"line":228,"column":31},"end":{"line":233,"column":6}},"114":{"start":{"line":229,"column":6},"end":{"line":231,"column":7}},"115":{"start":{"line":230,"column":8},"end":{"line":230,"column":24}},"116":{"start":{"line":232,"column":6},"end":{"line":232,"column":19}},"117":{"start":{"line":234,"column":21},"end":{"line":278,"column":6}},"118":{"start":{"line":235,"column":20},"end":{"line":243,"column":7}},"119":{"start":{"line":245,"column":6},"end":{"line":255,"column":7}},"120":{"start":{"line":245,"column":19},"end":{"line":245,"column":20}},"121":{"start":{"line":246,"column":21},"end":{"line":246,"column":42}},"122":{"start":{"line":247,"column":8},"end":{"line":254,"column":10}},"123":{"start":{"line":257,"column":21},"end":{"line":261,"column":8}},"124":{"start":{"line":263,"column":20},"end":{"line":265,"column":11}},"125":{"start":{"line":264,"column":8},"end":{"line":264,"column":70}},"126":{"start":{"line":267,"column":23},"end":{"line":270,"column":7}},"127":{"start":{"line":271,"column":6},"end":{"line":276,"column":7}},"128":{"start":{"line":272,"column":8},"end":{"line":275,"column":9}},"129":{"start":{"line":272,"column":21},"end":{"line":272,"column":22}},"130":{"start":{"line":273,"column":21},"end":{"line":273,"column":30}},"131":{"start":{"line":274,"column":10},"end":{"line":274,"column":68}},"132":{"start":{"line":277,"column":6},"end":{"line":277,"column":22}},"133":{"start":{"line":280,"column":4},"end":{"line":280,"column":80}},"134":{"start":{"line":282,"column":4},"end":{"line":282,"column":34}},"135":{"start":{"line":286,"column":0},"end":{"line":302,"column":2}},"136":{"start":{"line":287,"column":2},"end":{"line":301,"column":3}},"137":{"start":{"line":288,"column":19},"end":{"line":288,"column":22}},"138":{"start":{"line":289,"column":24},"end":{"line":289,"column":34}},"139":{"start":{"line":290,"column":20},"end":{"line":292,"column":6}},"140":{"start":{"line":293,"column":4},"end":{"line":293,"column":45}},"141":{"start":{"line":293,"column":18},"end":{"line":293,"column":45}},"142":{"start":{"line":294,"column":4},"end":{"line":296,"column":5}},"143":{"start":{"line":295,"column":6},"end":{"line":295,"column":68}},"144":{"start":{"line":297,"column":4},"end":{"line":297,"column":28}},"145":{"start":{"line":298,"column":4},"end":{"line":298,"column":71}},"146":{"start":{"line":300,"column":4},"end":{"line":300,"column":34}},"147":{"start":{"line":304,"column":0},"end":{"line":320,"column":2}},"148":{"start":{"line":305,"column":2},"end":{"line":319,"column":3}},"149":{"start":{"line":306,"column":19},"end":{"line":306,"column":22}},"150":{"start":{"line":307,"column":24},"end":{"line":307,"column":34}},"151":{"start":{"line":308,"column":21},"end":{"line":314,"column":6}},"152":{"start":{"line":315,"column":4},"end":{"line":315,"column":46}},"153":{"start":{"line":315,"column":19},"end":{"line":315,"column":46}},"154":{"start":{"line":316,"column":4},"end":{"line":316,"column":50}},"155":{"start":{"line":318,"column":4},"end":{"line":318,"column":34}},"156":{"start":{"line":322,"column":0},"end":{"line":350,"column":2}},"157":{"start":{"line":323,"column":2},"end":{"line":349,"column":3}},"158":{"start":{"line":324,"column":24},"end":{"line":324,"column":34}},"159":{"start":{"line":325,"column":18},"end":{"line":327,"column":6}},"160":{"start":{"line":328,"column":4},"end":{"line":330,"column":5}},"161":{"start":{"line":329,"column":6},"end":{"line":329,"column":64}},"162":{"start":{"line":331,"column":22},"end":{"line":342,"column":5}},"163":{"start":{"line":343,"column":18},"end":{"line":343,"column":62}},"164":{"start":{"line":344,"column":4},"end":{"line":344,"column":43}},"165":{"start":{"line":344,"column":16},"end":{"line":344,"column":43}},"166":{"start":{"line":345,"column":4},"end":{"line":345,"column":49}},"167":{"start":{"line":346,"column":4},"end":{"line":346,"column":48}},"168":{"start":{"line":348,"column":4},"end":{"line":348,"column":34}},"169":{"start":{"line":352,"column":0},"end":{"line":369,"column":2}},"170":{"start":{"line":353,"column":2},"end":{"line":368,"column":3}},"171":{"start":{"line":354,"column":19},"end":{"line":354,"column":22}},"172":{"start":{"line":355,"column":24},"end":{"line":355,"column":34}},"173":{"start":{"line":356,"column":18},"end":{"line":358,"column":6}},"174":{"start":{"line":360,"column":4},"end":{"line":362,"column":5}},"175":{"start":{"line":361,"column":6},"end":{"line":361,"column":63}},"176":{"start":{"line":363,"column":4},"end":{"line":363,"column":70}},"177":{"start":{"line":364,"column":4},"end":{"line":364,"column":54}},"178":{"start":{"line":365,"column":4},"end":{"line":365,"column":65}},"179":{"start":{"line":367,"column":4},"end":{"line":367,"column":34}},"180":{"start":{"line":371,"column":0},"end":{"line":397,"column":2}},"181":{"start":{"line":372,"column":17},"end":{"line":372,"column":20}},"182":{"start":{"line":373,"column":22},"end":{"line":373,"column":32}},"183":{"start":{"line":374,"column":2},"end":{"line":396,"column":3}},"184":{"start":{"line":375,"column":21},"end":{"line":385,"column":5}},"185":{"start":{"line":386,"column":4},"end":{"line":392,"column":5}},"186":{"start":{"line":387,"column":6},"end":{"line":390,"column":8}},"187":{"start":{"line":391,"column":6},"end":{"line":391,"column":57}},"188":{"start":{"line":393,"column":4},"end":{"line":393,"column":34}},"189":{"start":{"line":395,"column":4},"end":{"line":395,"column":34}}},"fnMap":{"0":{"name":"(anonymous_0)","decl":{"start":{"line":21,"column":24},"end":{"line":21,"column":25}},"loc":{"start":{"line":21,"column":44},"end":{"line":49,"column":1}},"line":21},"1":{"name":"(anonymous_1)","decl":{"start":{"line":33,"column":45},"end":{"line":33,"column":46}},"loc":{"start":{"line":33,"column":59},"end":{"line":38,"column":5}},"line":33},"2":{"name":"(anonymous_2)","decl":{"start":{"line":40,"column":6},"end":{"line":40,"column":7}},"loc":{"start":{"line":41,"column":8},"end":{"line":41,"column":77}},"line":41},"3":{"name":"(anonymous_3)","decl":{"start":{"line":51,"column":25},"end":{"line":51,"column":26}},"loc":{"start":{"line":51,"column":45},"end":{"line":72,"column":1}},"line":51},"4":{"name":"(anonymous_4)","decl":{"start":{"line":74,"column":21},"end":{"line":74,"column":22}},"loc":{"start":{"line":74,"column":41},"end":{"line":88,"column":1}},"line":74},"5":{"name":"(anonymous_5)","decl":{"start":{"line":90,"column":23},"end":{"line":90,"column":24}},"loc":{"start":{"line":90,"column":43},"end":{"line":111,"column":1}},"line":90},"6":{"name":"(anonymous_6)","decl":{"start":{"line":113,"column":28},"end":{"line":113,"column":29}},"loc":{"start":{"line":113,"column":48},"end":{"line":126,"column":1}},"line":113},"7":{"name":"(anonymous_7)","decl":{"start":{"line":128,"column":18},"end":{"line":128,"column":19}},"loc":{"start":{"line":128,"column":38},"end":{"line":149,"column":1}},"line":128},"8":{"name":"(anonymous_8)","decl":{"start":{"line":151,"column":20},"end":{"line":151,"column":21}},"loc":{"start":{"line":151,"column":40},"end":{"line":173,"column":1}},"line":151},"9":{"name":"(anonymous_9)","decl":{"start":{"line":175,"column":25},"end":{"line":175,"column":26}},"loc":{"start":{"line":175,"column":45},"end":{"line":188,"column":1}},"line":175},"10":{"name":"(anonymous_10)","decl":{"start":{"line":190,"column":25},"end":{"line":190,"column":26}},"loc":{"start":{"line":190,"column":45},"end":{"line":204,"column":1}},"line":190},"11":{"name":"(anonymous_11)","decl":{"start":{"line":206,"column":22},"end":{"line":206,"column":23}},"loc":{"start":{"line":206,"column":42},"end":{"line":220,"column":1}},"line":206},"12":{"name":"(anonymous_12)","decl":{"start":{"line":222,"column":22},"end":{"line":222,"column":23}},"loc":{"start":{"line":222,"column":42},"end":{"line":284,"column":1}},"line":222},"13":{"name":"(anonymous_13)","decl":{"start":{"line":228,"column":46},"end":{"line":228,"column":47}},"loc":{"start":{"line":228,"column":68},"end":{"line":233,"column":5}},"line":228},"14":{"name":"(anonymous_14)","decl":{"start":{"line":234,"column":49},"end":{"line":234,"column":50}},"loc":{"start":{"line":234,"column":62},"end":{"line":278,"column":5}},"line":234},"15":{"name":"(anonymous_15)","decl":{"start":{"line":263,"column":43},"end":{"line":263,"column":44}},"loc":{"start":{"line":263,"column":61},"end":{"line":265,"column":7}},"line":263},"16":{"name":"(anonymous_16)","decl":{"start":{"line":286,"column":22},"end":{"line":286,"column":23}},"loc":{"start":{"line":286,"column":42},"end":{"line":302,"column":1}},"line":286},"17":{"name":"(anonymous_17)","decl":{"start":{"line":304,"column":25},"end":{"line":304,"column":26}},"loc":{"start":{"line":304,"column":45},"end":{"line":320,"column":1}},"line":304},"18":{"name":"(anonymous_18)","decl":{"start":{"line":322,"column":30},"end":{"line":322,"column":31}},"loc":{"start":{"line":322,"column":50},"end":{"line":350,"column":1}},"line":322},"19":{"name":"(anonymous_19)","decl":{"start":{"line":352,"column":29},"end":{"line":352,"column":30}},"loc":{"start":{"line":352,"column":49},"end":{"line":369,"column":1}},"line":352},"20":{"name":"(anonymous_20)","decl":{"start":{"line":371,"column":39},"end":{"line":371,"column":40}},"loc":{"start":{"line":371,"column":59},"end":{"line":397,"column":1}},"line":371}},"branchMap":{"0":{"loc":{"start":{"line":24,"column":4},"end":{"line":24,"column":46}},"type":"if","locations":[{"start":{"line":24,"column":4},"end":{"line":24,"column":46}},{"start":{},"end":{}}],"line":24},"1":{"loc":{"start":{"line":55,"column":4},"end":{"line":55,"column":61}},"type":"if","locations":[{"start":{"line":55,"column":4},"end":{"line":55,"column":61}},{"start":{},"end":{}}],"line":55},"2":{"loc":{"start":{"line":55,"column":8},"end":{"line":55,"column":32}},"type":"binary-expr","locations":[{"start":{"line":55,"column":8},"end":{"line":55,"column":17}},{"start":{"line":55,"column":21},"end":{"line":55,"column":32}}],"line":55},"3":{"loc":{"start":{"line":61,"column":4},"end":{"line":61,"column":46}},"type":"if","locations":[{"start":{"line":61,"column":4},"end":{"line":61,"column":46}},{"start":{},"end":{}}],"line":61},"4":{"loc":{"start":{"line":64,"column":4},"end":{"line":66,"column":5}},"type":"if","locations":[{"start":{"line":64,"column":4},"end":{"line":66,"column":5}},{"start":{},"end":{}}],"line":64},"5":{"loc":{"start":{"line":97,"column":4},"end":{"line":99,"column":5}},"type":"if","locations":[{"start":{"line":97,"column":4},"end":{"line":99,"column":5}},{"start":{},"end":{}}],"line":97},"6":{"loc":{"start":{"line":120,"column":4},"end":{"line":120,"column":45}},"type":"if","locations":[{"start":{"line":120,"column":4},"end":{"line":120,"column":45}},{"start":{},"end":{}}],"line":120},"7":{"loc":{"start":{"line":158,"column":4},"end":{"line":160,"column":5}},"type":"if","locations":[{"start":{"line":158,"column":4},"end":{"line":160,"column":5}},{"start":{},"end":{}}],"line":158},"8":{"loc":{"start":{"line":182,"column":4},"end":{"line":182,"column":45}},"type":"if","locations":[{"start":{"line":182,"column":4},"end":{"line":182,"column":45}},{"start":{},"end":{}}],"line":182},"9":{"loc":{"start":{"line":198,"column":4},"end":{"line":198,"column":45}},"type":"if","locations":[{"start":{"line":198,"column":4},"end":{"line":198,"column":45}},{"start":{},"end":{}}],"line":198},"10":{"loc":{"start":{"line":226,"column":4},"end":{"line":226,"column":61}},"type":"if","locations":[{"start":{"line":226,"column":4},"end":{"line":226,"column":61}},{"start":{},"end":{}}],"line":226},"11":{"loc":{"start":{"line":226,"column":8},"end":{"line":226,"column":32}},"type":"binary-expr","locations":[{"start":{"line":226,"column":8},"end":{"line":226,"column":19}},{"start":{"line":226,"column":23},"end":{"line":226,"column":32}}],"line":226},"12":{"loc":{"start":{"line":229,"column":6},"end":{"line":231,"column":7}},"type":"if","locations":[{"start":{"line":229,"column":6},"end":{"line":231,"column":7}},{"start":{},"end":{}}],"line":229},"13":{"loc":{"start":{"line":271,"column":6},"end":{"line":276,"column":7}},"type":"if","locations":[{"start":{"line":271,"column":6},"end":{"line":276,"column":7}},{"start":{},"end":{}}],"line":271},"14":{"loc":{"start":{"line":293,"column":4},"end":{"line":293,"column":45}},"type":"if","locations":[{"start":{"line":293,"column":4},"end":{"line":293,"column":45}},{"start":{},"end":{}}],"line":293},"15":{"loc":{"start":{"line":294,"column":4},"end":{"line":296,"column":5}},"type":"if","locations":[{"start":{"line":294,"column":4},"end":{"line":296,"column":5}},{"start":{},"end":{}}],"line":294},"16":{"loc":{"start":{"line":315,"column":4},"end":{"line":315,"column":46}},"type":"if","locations":[{"start":{"line":315,"column":4},"end":{"line":315,"column":46}},{"start":{},"end":{}}],"line":315},"17":{"loc":{"start":{"line":328,"column":4},"end":{"line":330,"column":5}},"type":"if","locations":[{"start":{"line":328,"column":4},"end":{"line":330,"column":5}},{"start":{},"end":{}}],"line":328},"18":{"loc":{"start":{"line":344,"column":4},"end":{"line":344,"column":43}},"type":"if","locations":[{"start":{"line":344,"column":4},"end":{"line":344,"column":43}},{"start":{},"end":{}}],"line":344},"19":{"loc":{"start":{"line":360,"column":4},"end":{"line":362,"column":5}},"type":"if","locations":[{"start":{"line":360,"column":4},"end":{"line":362,"column":5}},{"start":{},"end":{}}],"line":360},"20":{"loc":{"start":{"line":386,"column":4},"end":{"line":392,"column":5}},"type":"if","locations":[{"start":{"line":386,"column":4},"end":{"line":392,"column":5}},{"start":{},"end":{}}],"line":386}},"s":{"0":5,"1":5,"2":5,"3":5,"4":5,"5":5,"6":2,"7":2,"8":2,"9":1,"10":1,"11":1,"12":1,"13":1,"14":1,"15":1,"16":1,"17":1,"18":0,"19":1,"20":0,"21":5,"22":3,"23":3,"24":3,"25":3,"26":1,"27":2,"28":2,"29":2,"30":0,"31":2,"32":2,"33":2,"34":1,"35":1,"36":1,"37":0,"38":5,"39":1,"40":1,"41":1,"42":1,"43":0,"44":5,"45":2,"46":2,"47":2,"48":2,"49":2,"50":1,"51":1,"52":1,"53":0,"54":5,"55":2,"56":2,"57":2,"58":2,"59":2,"60":1,"61":1,"62":1,"63":0,"64":5,"65":1,"66":1,"67":1,"68":1,"69":0,"70":5,"71":2,"72":2,"73":2,"74":2,"75":2,"76":1,"77":1,"78":1,"79":0,"80":5,"81":2,"82":2,"83":2,"84":2,"85":2,"86":1,"87":1,"88":1,"89":0,"90":5,"91":2,"92":2,"93":2,"94":2,"95":2,"96":1,"97":1,"98":1,"99":0,"100":5,"101":1,"102":1,"103":1,"104":1,"105":0,"106":5,"107":2,"108":2,"109":2,"110":2,"111":1,"112":1,"113":1,"114":1,"115":1,"116":1,"117":1,"118":1,"119":1,"120":1,"121":1,"122":1,"123":1,"124":1,"125":1,"126":1,"127":1,"128":1,"129":1,"130":1,"131":1,"132":1,"133":1,"134":0,"135":5,"136":3,"137":3,"138":3,"139":3,"140":3,"141":1,"142":2,"143":1,"144":1,"145":1,"146":0,"147":5,"148":2,"149":2,"150":2,"151":2,"152":2,"153":1,"154":1,"155":0,"156":5,"157":1,"158":1,"159":1,"160":1,"161":1,"162":0,"163":0,"164":0,"165":0,"166":0,"167":0,"168":0,"169":5,"170":2,"171":2,"172":2,"173":2,"174":2,"175":1,"176":1,"177":1,"178":1,"179":0,"180":5,"181":0,"182":0,"183":0,"184":0,"185":0,"186":0,"187":0,"188":0,"189":0},"f":{"0":2,"1":1,"2":0,"3":3,"4":1,"5":2,"6":2,"7":1,"8":2,"9":2,"10":2,"11":1,"12":2,"13":1,"14":1,"15":1,"16":3,"17":2,"18":1,"19":2,"20":0},"b":{"0":[1,1],"1":[1,2],"2":[3,2],"3":[0,2],"4":[1,1],"5":[1,1],"6":[1,1],"7":[1,1],"8":[1,1],"9":[1,1],"10":[1,1],"11":[2,1],"12":[1,0],"13":[1,0],"14":[1,2],"15":[1,1],"16":[1,1],"17":[1,0],"18":[0,0],"19":[1,1],"20":[0,0]},"_coverageSchema":"1a1c01bbd47fc00a2c39e90264f33305004495a9","hash":"4865d0ddf02d6304a5246bb480681630d608337d"}
[...]
,"F:\\New Document\\Documents\\00.Training Bootcamp Phincon\\12. Final Project\\server\\routers\\messageRoute.js": {"path":"F:\\New Document\\Documents\\00.Training Bootcamp Phincon\\12. Final Project\\server\\routers\\messageRoute.js","statementMap":{"0":{"start":{"line":1,"column":19},"end":{"line":1,"column":37}},"1":{"start":{"line":6,"column":4},"end":{"line":6,"column":47}},"2":{"start":{"line":7,"column":37},"end":{"line":7,"column":79}},"3":{"start":{"line":9,"column":15},"end":{"line":9,"column":23}},"4":{"start":{"line":11,"column":0},"end":{"line":11,"column":28}},"5":{"start":{"line":12,"column":0},"end":{"line":12,"column":46}},"6":{"start":{"line":13,"column":0},"end":{"line":13,"column":37}},"7":{"start":{"line":14,"column":0},"end":{"line":14,"column":48}},"8":{"start":{"line":16,"column":0},"end":{"line":16,"column":24}}},"fnMap":{},"branchMap":{},"s":{"0":5,"1":5,"2":5,"3":5,"4":5,"5":5,"6":5,"7":5,"8":5},"f":{},"b":{},"_coverageSchema":"1a1c01bbd47fc00a2c39e90264f33305004495a9","hash":"8de7a8440c1b3e7526824f64938428cc6292ed48"}
,"F:\\New Document\\Documents\\00.Training Bootcamp Phincon\\12. Final Project\\server\\routers\\userRoute.js": {"path":"F:\\New Document\\Documents\\00.Training Bootcamp Phincon\\12. Final Project\\server\\routers\\userRoute.js","statementMap":{"0":{"start":{"line":1,"column":19},"end":{"line":1,"column":37}},"1":{"start":{"line":19,"column":4},"end":{"line":19,"column":44}},"2":{"start":{"line":22,"column":4},"end":{"line":22,"column":53}},"3":{"start":{"line":23,"column":34},"end":{"line":23,"column":76}},"4":{"start":{"line":25,"column":15},"end":{"line":25,"column":23}},"5":{"start":{"line":27,"column":0},"end":{"line":27,"column":40}},"6":{"start":{"line":29,"column":0},"end":{"line":29,"column":37}},"7":{"start":{"line":30,"column":0},"end":{"line":30,"column":34}},"8":{"start":{"line":32,"column":0},"end":{"line":32,"column":59}},"9":{"start":{"line":33,"column":0},"end":{"line":33,"column":35}},"10":{"start":{"line":34,"column":0},"end":{"line":34,"column":54}},"11":{"start":{"line":35,"column":0},"end":{"line":35,"column":64}},"12":{"start":{"line":36,"column":0},"end":{"line":36,"column":29}},"13":{"start":{"line":37,"column":0},"end":{"line":37,"column":36}},"14":{"start":{"line":38,"column":0},"end":{"line":38,"column":51}},"15":{"start":{"line":39,"column":0},"end":{"line":39,"column":54}},"16":{"start":{"line":40,"column":0},"end":{"line":40,"column":35}},"17":{"start":{"line":41,"column":0},"end":{"line":41,"column":39}},"18":{"start":{"line":42,"column":0},"end":{"line":42,"column":53}},"19":{"start":{"line":43,"column":0},"end":{"line":43,"column":46}},"20":{"start":{"line":44,"column":0},"end":{"line":44,"column":59}},"21":{"start":{"line":45,"column":0},"end":{"line":45,"column":64}},"22":{"start":{"line":46,"column":0},"end":{"line":46,"column":70}},"23":{"start":{"line":48,"column":0},"end":{"line":48,"column":24}}},"fnMap":{},"branchMap":{},"s":{"0":5,"1":5,"2":5,"3":5,"4":5,"5":5,"6":5,"7":5,"8":5,"9":5,"10":5,"11":5,"12":5,"13":5,"14":5,"15":5,"16":5,"17":5,"18":5,"19":5,"20":5,"21":5,"22":5,"23":5},"f":{},"b":{},"_coverageSchema":"1a1c01bbd47fc00a2c39e90264f33305004495a9","hash":"cd0e8e0ef17e42b65a1009055ecf5a12e80a37c5"}
,"F:\\New Document\\Documents\\00.Training Bootcamp Phincon\\12. Final Project\\server\\utils\\bcryptUtil.js": {"path":"F:\\New Document\\Documents\\00.Training Bootcamp Phincon\\12. Final Project\\server\\utils\\bcryptUtil.js","statementMap":{"0":{"start":{"line":1,"column":15},"end":{"line":1,"column":32}},"1":{"start":{"line":3,"column":0},"end":{"line":6,"column":2}},"2":{"start":{"line":4,"column":15},"end":{"line":4,"column":37}},"3":{"start":{"line":5,"column":2},"end":{"line":5,"column":41}},"4":{"start":{"line":8,"column":0},"end":{"line":10,"column":2}},"5":{"start":{"line":9,"column":2},"end":{"line":9,"column":57}}},"fnMap":{"0":{"name":"(anonymous_0)","decl":{"start":{"line":3,"column":23},"end":{"line":3,"column":24}},"loc":{"start":{"line":3,"column":37},"end":{"line":6,"column":1}},"line":3},"1":{"name":"(anonymous_1)","decl":{"start":{"line":8,"column":26},"end":{"line":8,"column":27}},"loc":{"start":{"line":8,"column":59},"end":{"line":10,"column":1}},"line":8}},"branchMap":{},"s":{"0":5,"1":5,"2":16,"3":16,"4":5,"5":11},"f":{"0":16,"1":11},"b":{},"_coverageSchema":"1a1c01bbd47fc00a2c39e90264f33305004495a9","hash":"a8c926591b5ed538d7c88d9ba8df18235baf2b88"}
,"F:\\New Document\\Documents\\00.Training Bootcamp Phincon\\12. Final Project\\server\\utils\\getDistanceUtil.js": {"path":"F:\\New Document\\Documents\\00.Training Bootcamp Phincon\\12. Final Project\\server\\utils\\getDistanceUtil.js","statementMap":{"0":{"start":{"line":2,"column":16},"end":{"line":2,"column":46}},"1":{"start":{"line":2,"column":25},"end":{"line":2,"column":46}},"2":{"start":{"line":5,"column":20},"end":{"line":22,"column":1}},"3":{"start":{"line":6,"column":12},"end":{"line":6,"column":16}},"4":{"start":{"line":8,"column":15},"end":{"line":8,"column":35}},"5":{"start":{"line":9,"column":15},"end":{"line":9,"column":35}},"6":{"start":{"line":12,"column":4},"end":{"line":16,"column":24}},"7":{"start":{"line":18,"column":12},"end":{"line":18,"column":58}},"8":{"start":{"line":20,"column":19},"end":{"line":20,"column":24}},"9":{"start":{"line":21,"column":2},"end":{"line":21,"column":41}},"10":{"start":{"line":24,"column":0},"end":{"line":24,"column":29}}},"fnMap":{"0":{"name":"(anonymous_0)","decl":{"start":{"line":2,"column":16},"end":{"line":2,"column":17}},"loc":{"start":{"line":2,"column":25},"end":{"line":2,"column":46}},"line":2},"1":{"name":"(anonymous_1)","decl":{"start":{"line":5,"column":20},"end":{"line":5,"column":21}},"loc":{"start":{"line":5,"column":48},"end":{"line":22,"column":1}},"line":5}},"branchMap":{},"s":{"0":5,"1":12,"2":5,"3":3,"4":3,"5":3,"6":3,"7":3,"8":3,"9":3,"10":5},"f":{"0":12,"1":3},"b":{},"_coverageSchema":"1a1c01bbd47fc00a2c39e90264f33305004495a9","hash":"0a1e4d90373c8f58357a6c02afdd0c3d73f18116"}
,"F:\\New Document\\Documents\\00.Training Bootcamp Phincon\\12. Final Project\\server\\utils\\googleLoginUtil.js": {"path":"F:\\New Document\\Documents\\00.Training Bootcamp Phincon\\12. Final Project\\server\\utils\\googleLoginUtil.js","statementMap":{"0":{"start":{"line":1,"column":0},"end":{"line":1,"column":27}},"1":{"start":{"line":2,"column":19},"end":{"line":2,"column":40}},"2":{"start":{"line":4,"column":0},"end":{"line":4,"column":15}},"3":{"start":{"line":6,"column":21},"end":{"line":10,"column":1}},"4":{"start":{"line":11,"column":0},"end":{"line":11,"column":36}},"5":{"start":{"line":13,"column":15},"end":{"line":16,"column":1}},"6":{"start":{"line":18,"column":0},"end":{"line":22,"column":3}}},"fnMap":{},"branchMap":{},"s":{"0":4,"1":4,"2":4,"3":4,"4":4,"5":4,"6":4},"f":{},"b":{},"_coverageSchema":"1a1c01bbd47fc00a2c39e90264f33305004495a9","hash":"3d31943c46b5b81745ffc1cfe3144c0bda7fb2c7"}
,"F:\\New Document\\Documents\\00.Training Bootcamp Phincon\\12. Final Project\\server\\utils\\jwtUtil.js": {"path":"F:\\New Document\\Documents\\00.Training Bootcamp Phincon\\12. Final Project\\server\\utils\\jwtUtil.js","statementMap":{"0":{"start":{"line":1,"column":12},"end":{"line":1,"column":29}},"1":{"start":{"line":2,"column":12},"end":{"line":2,"column":35}},"2":{"start":{"line":3,"column":0},"end":{"line":3,"column":13}},"3":{"start":{"line":5,"column":18},"end":{"line":5,"column":40}},"4":{"start":{"line":6,"column":25},"end":{"line":6,"column":55}},"5":{"start":{"line":7,"column":29},"end":{"line":7,"column":64}},"6":{"start":{"line":8,"column":35},"end":{"line":8,"column":77}},"7":{"start":{"line":10,"column":0},"end":{"line":16,"column":2}},"8":{"start":{"line":11,"column":33},"end":{"line":11,"column":37}},"9":{"start":{"line":12,"column":2},"end":{"line":14,"column":3}},"10":{"start":{"line":13,"column":4},"end":{"line":13,"column":17}},"11":{"start":{"line":15,"column":2},"end":{"line":15,"column":75}},"12":{"start":{"line":18,"column":0},"end":{"line":23,"column":2}},"13":{"start":{"line":19,"column":2},"end":{"line":22,"column":5}},"14":{"start":{"line":20,"column":4},"end":{"line":20,"column":32}},"15":{"start":{"line":20,"column":17},"end":{"line":20,"column":32}},"16":{"start":{"line":21,"column":4},"end":{"line":21,"column":36}},"17":{"start":{"line":21,"column":13},"end":{"line":21,"column":36}},"18":{"start":{"line":26,"column":0},"end":{"line":31,"column":2}},"19":{"start":{"line":27,"column":2},"end":{"line":29,"column":3}},"20":{"start":{"line":28,"column":4},"end":{"line":28,"column":17}},"21":{"start":{"line":30,"column":2},"end":{"line":30,"column":77}},"22":{"start":{"line":33,"column":0},"end":{"line":38,"column":2}},"23":{"start":{"line":34,"column":2},"end":{"line":37,"column":5}},"24":{"start":{"line":35,"column":4},"end":{"line":35,"column":32}},"25":{"start":{"line":35,"column":17},"end":{"line":35,"column":32}},"26":{"start":{"line":36,"column":4},"end":{"line":36,"column":36}},"27":{"start":{"line":36,"column":13},"end":{"line":36,"column":36}},"28":{"start":{"line":41,"column":0},"end":{"line":46,"column":2}},"29":{"start":{"line":42,"column":2},"end":{"line":44,"column":3}},"30":{"start":{"line":43,"column":4},"end":{"line":43,"column":17}},"31":{"start":{"line":45,"column":2},"end":{"line":45,"column":79}},"32":{"start":{"line":48,"column":0},"end":{"line":53,"column":2}},"33":{"start":{"line":49,"column":2},"end":{"line":52,"column":5}},"34":{"start":{"line":50,"column":4},"end":{"line":50,"column":32}},"35":{"start":{"line":50,"column":17},"end":{"line":50,"column":32}},"36":{"start":{"line":51,"column":4},"end":{"line":51,"column":36}},"37":{"start":{"line":51,"column":13},"end":{"line":51,"column":36}},"38":{"start":{"line":56,"column":0},"end":{"line":64,"column":2}},"39":{"start":{"line":57,"column":33},"end":{"line":57,"column":37}},"40":{"start":{"line":58,"column":2},"end":{"line":60,"column":3}},"41":{"start":{"line":59,"column":4},"end":{"line":59,"column":17}},"42":{"start":{"line":61,"column":2},"end":{"line":63,"column":5}},"43":{"start":{"line":66,"column":0},"end":{"line":71,"column":2}},"44":{"start":{"line":67,"column":2},"end":{"line":70,"column":5}},"45":{"start":{"line":68,"column":4},"end":{"line":68,"column":32}},"46":{"start":{"line":68,"column":17},"end":{"line":68,"column":32}},"47":{"start":{"line":69,"column":4},"end":{"line":69,"column":36}},"48":{"start":{"line":69,"column":13},"end":{"line":69,"column":36}}},"fnMap":{"0":{"name":"(anonymous_0)","decl":{"start":{"line":10,"column":22},"end":{"line":10,"column":23}},"loc":{"start":{"line":10,"column":32},"end":{"line":16,"column":1}},"line":10},"1":{"name":"(anonymous_1)","decl":{"start":{"line":18,"column":22},"end":{"line":18,"column":23}},"loc":{"start":{"line":18,"column":33},"end":{"line":23,"column":1}},"line":18},"2":{"name":"(anonymous_2)","decl":{"start":{"line":19,"column":38},"end":{"line":19,"column":39}},"loc":{"start":{"line":19,"column":56},"end":{"line":22,"column":3}},"line":19},"3":{"name":"(anonymous_3)","decl":{"start":{"line":26,"column":33},"end":{"line":26,"column":34}},"loc":{"start":{"line":26,"column":49},"end":{"line":31,"column":1}},"line":26},"4":{"name":"(anonymous_4)","decl":{"start":{"line":33,"column":33},"end":{"line":33,"column":34}},"loc":{"start":{"line":33,"column":44},"end":{"line":38,"column":1}},"line":33},"5":{"name":"(anonymous_5)","decl":{"start":{"line":34,"column":49},"end":{"line":34,"column":50}},"loc":{"start":{"line":34,"column":67},"end":{"line":37,"column":3}},"line":34},"6":{"name":"(anonymous_6)","decl":{"start":{"line":41,"column":39},"end":{"line":41,"column":40}},"loc":{"start":{"line":41,"column":50},"end":{"line":46,"column":1}},"line":41},"7":{"name":"(anonymous_7)","decl":{"start":{"line":48,"column":39},"end":{"line":48,"column":40}},"loc":{"start":{"line":48,"column":50},"end":{"line":53,"column":1}},"line":48},"8":{"name":"(anonymous_8)","decl":{"start":{"line":49,"column":55},"end":{"line":49,"column":56}},"loc":{"start":{"line":49,"column":73},"end":{"line":52,"column":3}},"line":49},"9":{"name":"(anonymous_9)","decl":{"start":{"line":56,"column":29},"end":{"line":56,"column":30}},"loc":{"start":{"line":56,"column":39},"end":{"line":64,"column":1}},"line":56},"10":{"name":"(anonymous_10)","decl":{"start":{"line":66,"column":29},"end":{"line":66,"column":30}},"loc":{"start":{"line":66,"column":40},"end":{"line":71,"column":1}},"line":66},"11":{"name":"(anonymous_11)","decl":{"start":{"line":67,"column":45},"end":{"line":67,"column":46}},"loc":{"start":{"line":67,"column":63},"end":{"line":70,"column":3}},"line":67}},"branchMap":{"0":{"loc":{"start":{"line":12,"column":2},"end":{"line":14,"column":3}},"type":"if","locations":[{"start":{"line":12,"column":2},"end":{"line":14,"column":3}},{"start":{},"end":{}}],"line":12},"1":{"loc":{"start":{"line":12,"column":6},"end":{"line":12,"column":31}},"type":"binary-expr","locations":[{"start":{"line":12,"column":6},"end":{"line":12,"column":11}},{"start":{"line":12,"column":15},"end":{"line":12,"column":18}},{"start":{"line":12,"column":22},"end":{"line":12,"column":31}}],"line":12},"2":{"loc":{"start":{"line":20,"column":4},"end":{"line":20,"column":32}},"type":"if","locations":[{"start":{"line":20,"column":4},"end":{"line":20,"column":32}},{"start":{},"end":{}}],"line":20},"3":{"loc":{"start":{"line":21,"column":4},"end":{"line":21,"column":36}},"type":"if","locations":[{"start":{"line":21,"column":4},"end":{"line":21,"column":36}},{"start":{},"end":{}}],"line":21},"4":{"loc":{"start":{"line":27,"column":2},"end":{"line":29,"column":3}},"type":"if","locations":[{"start":{"line":27,"column":2},"end":{"line":29,"column":3}},{"start":{},"end":{}}],"line":27},"5":{"loc":{"start":{"line":27,"column":6},"end":{"line":27,"column":20}},"type":"binary-expr","locations":[{"start":{"line":27,"column":6},"end":{"line":27,"column":10}},{"start":{"line":27,"column":14},"end":{"line":27,"column":20}}],"line":27},"6":{"loc":{"start":{"line":35,"column":4},"end":{"line":35,"column":32}},"type":"if","locations":[{"start":{"line":35,"column":4},"end":{"line":35,"column":32}},{"start":{},"end":{}}],"line":35},"7":{"loc":{"start":{"line":36,"column":4},"end":{"line":36,"column":36}},"type":"if","locations":[{"start":{"line":36,"column":4},"end":{"line":36,"column":36}},{"start":{},"end":{}}],"line":36},"8":{"loc":{"start":{"line":42,"column":2},"end":{"line":44,"column":3}},"type":"if","locations":[{"start":{"line":42,"column":2},"end":{"line":44,"column":3}},{"start":{},"end":{}}],"line":42},"9":{"loc":{"start":{"line":50,"column":4},"end":{"line":50,"column":32}},"type":"if","locations":[{"start":{"line":50,"column":4},"end":{"line":50,"column":32}},{"start":{},"end":{}}],"line":50},"10":{"loc":{"start":{"line":51,"column":4},"end":{"line":51,"column":36}},"type":"if","locations":[{"start":{"line":51,"column":4},"end":{"line":51,"column":36}},{"start":{},"end":{}}],"line":51},"11":{"loc":{"start":{"line":58,"column":2},"end":{"line":60,"column":3}},"type":"if","locations":[{"start":{"line":58,"column":2},"end":{"line":60,"column":3}},{"start":{},"end":{}}],"line":58},"12":{"loc":{"start":{"line":58,"column":6},"end":{"line":58,"column":18}},"type":"binary-expr","locations":[{"start":{"line":58,"column":6},"end":{"line":58,"column":11}},{"start":{"line":58,"column":15},"end":{"line":58,"column":18}}],"line":58},"13":{"loc":{"start":{"line":68,"column":4},"end":{"line":68,"column":32}},"type":"if","locations":[{"start":{"line":68,"column":4},"end":{"line":68,"column":32}},{"start":{},"end":{}}],"line":68},"14":{"loc":{"start":{"line":69,"column":4},"end":{"line":69,"column":36}},"type":"if","locations":[{"start":{"line":69,"column":4},"end":{"line":69,"column":36}},{"start":{},"end":{}}],"line":69}},"s":{"0":5,"1":5,"2":5,"3":5,"4":5,"5":5,"6":5,"7":5,"8":10,"9":10,"10":0,"11":10,"12":5,"13":67,"14":67,"15":67,"16":0,"17":0,"18":5,"19":1,"20":0,"21":1,"22":5,"23":3,"24":3,"25":3,"26":0,"27":0,"28":5,"29":2,"30":0,"31":2,"32":5,"33":1,"34":1,"35":1,"36":0,"37":0,"38":5,"39":10,"40":10,"41":0,"42":10,"43":5,"44":2,"45":2,"46":1,"47":1,"48":1},"f":{"0":10,"1":67,"2":67,"3":1,"4":3,"5":3,"6":2,"7":1,"8":1,"9":10,"10":2,"11":2},"b":{"0":[0,10],"1":[10,10,10],"2":[67,0],"3":[0,0],"4":[0,1],"5":[1,1],"6":[3,0],"7":[0,0],"8":[0,2],"9":[1,0],"10":[0,0],"11":[0,10],"12":[10,10],"13":[1,1],"14":[1,0]},"_coverageSchema":"1a1c01bbd47fc00a2c39e90264f33305004495a9","hash":"31260718f39dfe09fe8623efbd708eb18c714acb"}
,"F:\\New Document\\Documents\\00.Training Bootcamp Phincon\\12. Final Project\\server\\utils\\midtransUtil.js": {"path":"F:\\New Document\\Documents\\00.Training Bootcamp Phincon\\12. Final Project\\server\\utils\\midtransUtil.js","statementMap":{"0":{"start":{"line":1,"column":0},"end":{"line":1,"column":27}},"1":{"start":{"line":2,"column":17},"end":{"line":2,"column":43}},"2":{"start":{"line":4,"column":0},"end":{"line":8,"column":3}}},"fnMap":{},"branchMap":{},"s":{"0":5,"1":5,"2":5},"f":{},"b":{},"_coverageSchema":"1a1c01bbd47fc00a2c39e90264f33305004495a9","hash":"aec73fbd5231187d6cf7cc2645ed29d6febf986c"}
,"F:\\New Document\\Documents\\00.Training Bootcamp Phincon\\12. Final Project\\server\\utils\\redisClient.js": {"path":"F:\\New Document\\Documents\\00.Training Bootcamp Phincon\\12. Final Project\\server\\utils\\redisClient.js","statementMap":{"0":{"start":{"line":1,"column":14},"end":{"line":1,"column":32}},"1":{"start":{"line":3,"column":20},"end":{"line":6,"column":2}},"2":{"start":{"line":8,"column":0},"end":{"line":10,"column":3}},"3":{"start":{"line":9,"column":2},"end":{"line":9,"column":49}},"4":{"start":{"line":12,"column":0},"end":{"line":14,"column":3}},"5":{"start":{"line":13,"column":2},"end":{"line":13,"column":51}},"6":{"start":{"line":16,"column":0},"end":{"line":16,"column":29}}},"fnMap":{"0":{"name":"(anonymous_0)","decl":{"start":{"line":8,"column":26},"end":{"line":8,"column":27}},"loc":{"start":{"line":8,"column":32},"end":{"line":10,"column":1}},"line":8},"1":{"name":"(anonymous_1)","decl":{"start":{"line":12,"column":24},"end":{"line":12,"column":25}},"loc":{"start":{"line":12,"column":33},"end":{"line":14,"column":1}},"line":12}},"branchMap":{},"s":{"0":5,"1":5,"2":5,"3":5,"4":5,"5":0,"6":5},"f":{"0":5,"1":0},"b":{},"_coverageSchema":"1a1c01bbd47fc00a2c39e90264f33305004495a9","hash":"3d4d1eacbecf9c0d9725d990b45c8da52a1841a9"}
,"F:\\New Document\\Documents\\00.Training Bootcamp Phincon\\12. Final Project\\server\\utils\\streamChatUtil.js": {"path":"F:\\New Document\\Documents\\00.Training Bootcamp Phincon\\12. Final Project\\server\\utils\\streamChatUtil.js","statementMap":{"0":{"start":{"line":1,"column":23},"end":{"line":1,"column":45}},"1":{"start":{"line":2,"column":15},"end":{"line":2,"column":32}},"2":{"start":{"line":3,"column":0},"end":{"line":3,"column":16}},"3":{"start":{"line":5,"column":19},"end":{"line":8,"column":1}},"4":{"start":{"line":10,"column":0},"end":{"line":10,"column":38}}},"fnMap":{},"branchMap":{},"s":{"0":1,"1":1,"2":1,"3":1,"4":1},"f":{},"b":{},"_coverageSchema":"1a1c01bbd47fc00a2c39e90264f33305004495a9","hash":"6180dae9a4940864efbf7bf526f27c36f99a1797"}
}
