{"F:\\New Document\\Documents\\00.Training Bootcamp Phincon\\12. Final Project\\server\\index.js": {"path":"F:\\New Document\\Documents\\00.Training Bootcamp Phincon\\12. Final Project\\server\\index.js","statementMap":{"0":{"start":{"line":1,"column":0},"end":{"line":1,"column":27}},"1":{"start":{"line":2,"column":13},"end":{"line":2,"column":28}},"2":{"start":{"line":3,"column":16},"end":{"line":3,"column":34}},"3":{"start":{"line":4,"column":21},"end":{"line":4,"column":45}},"4":{"start":{"line":5,"column":19},"end":{"line":5,"column":39}},"5":{"start":{"line":6,"column":13},"end":{"line":6,"column":28}},"6":{"start":{"line":8,"column":12},"end":{"line":8,"column":21}},"7":{"start":{"line":9,"column":15},"end":{"line":9,"column":41}},"8":{"start":{"line":10,"column":27},"end":{"line":10,"column":69}},"9":{"start":{"line":11,"column":15},"end":{"line":11,"column":37}},"10":{"start":{"line":12,"column":11},"end":{"line":16,"column":2}},"11":{"start":{"line":18,"column":0},"end":{"line":18,"column":24}},"12":{"start":{"line":19,"column":0},"end":{"line":24,"column":2}},"13":{"start":{"line":25,"column":0},"end":{"line":25,"column":34}},"14":{"start":{"line":26,"column":0},"end":{"line":26,"column":24}},"15":{"start":{"line":27,"column":0},"end":{"line":27,"column":48}},"16":{"start":{"line":28,"column":0},"end":{"line":28,"column":47}},"17":{"start":{"line":29,"column":0},"end":{"line":29,"column":32}},"18":{"start":{"line":30,"column":0},"end":{"line":30,"column":24}},"19":{"start":{"line":32,"column":0},"end":{"line":36,"column":1}},"20":{"start":{"line":33,"column":2},"end":{"line":35,"column":5}},"21":{"start":{"line":34,"column":4},"end":{"line":34,"column":66}},"22":{"start":{"line":38,"column":0},"end":{"line":38,"column":21}}},"fnMap":{"0":{"name":"(anonymous_0)","decl":{"start":{"line":33,"column":38},"end":{"line":33,"column":39}},"loc":{"start":{"line":33,"column":44},"end":{"line":35,"column":3}},"line":33}},"branchMap":{"0":{"loc":{"start":{"line":32,"column":0},"end":{"line":36,"column":1}},"type":"if","locations":[{"start":{"line":32,"column":0},"end":{"line":36,"column":1}},{"start":{},"end":{}}],"line":32}},"s":{"0":5,"1":5,"2":5,"3":5,"4":5,"5":5,"6":5,"7":5,"8":5,"9":5,"10":5,"11":5,"12":5,"13":5,"14":5,"15":5,"16":5,"17":5,"18":5,"19":5,"20":0,"21":0,"22":5},"f":{"0":0},"b":{"0":[0,5]},"_coverageSchema":"1a1c01bbd47fc00a2c39e90264f33305004495a9","hash":"ff3ff373fb2f24de34ba9500dadbbc99c483033f"}
,"F:\\New Document\\Documents\\00.Training Bootcamp Phincon\\12. Final Project\\server\\controllers\\adminController.js": {"path":"F:\\New Document\\Documents\\00.Training Bootcamp Phincon\\12. Final Project\\server\\controllers\\adminController.js","statementMap":{"0":{"start":{"line":1,"column":0},"end":{"line":1,"column":27}},"1":{"start":{"line":3,"column":15},"end":{"line":3,"column":35}},"2":{"start":{"line":8,"column":4},"end":{"line":8,"column":46}},"3":{"start":{"line":10,"column":29},"end":{"line":10,"column":63}},"4":{"start":{"line":12,"column":38},"end":{"line":12,"column":58}},"5":{"start":{"line":14,"column":0},"end":{"line":71,"column":2}},"6":{"start":{"line":15,"column":2},"end":{"line":70,"column":3}},"7":{"start":{"line":16,"column":19},"end":{"line":16,"column":22}},"8":{"start":{"line":17,"column":17},"end":{"line":17,"column":46}},"9":{"start":{"line":18,"column":18},"end":{"line":18,"column":49}},"10":{"start":{"line":19,"column":19},"end":{"line":19,"column":41}},"11":{"start":{"line":20,"column":19},"end":{"line":20,"column":31}},"12":{"start":{"line":21,"column":21},"end":{"line":56,"column":6}},"13":{"start":{"line":57,"column":22},"end":{"line":57,"column":55}},"14":{"start":{"line":58,"column":4},"end":{"line":61,"column":7}},"15":{"start":{"line":59,"column":6},"end":{"line":59,"column":33}},"16":{"start":{"line":60,"column":6},"end":{"line":60,"column":24}},"17":{"start":{"line":62,"column":4},"end":{"line":66,"column":7}},"18":{"start":{"line":68,"column":4},"end":{"line":68,"column":23}},"19":{"start":{"line":69,"column":4},"end":{"line":69,"column":34}},"20":{"start":{"line":73,"column":0},"end":{"line":113,"column":2}},"21":{"start":{"line":74,"column":2},"end":{"line":112,"column":3}},"22":{"start":{"line":75,"column":19},"end":{"line":75,"column":22}},"23":{"start":{"line":76,"column":17},"end":{"line":76,"column":46}},"24":{"start":{"line":77,"column":18},"end":{"line":77,"column":49}},"25":{"start":{"line":78,"column":19},"end":{"line":78,"column":41}},"26":{"start":{"line":79,"column":19},"end":{"line":79,"column":31}},"27":{"start":{"line":80,"column":21},"end":{"line":99,"column":6}},"28":{"start":{"line":100,"column":22},"end":{"line":100,"column":55}},"29":{"start":{"line":101,"column":4},"end":{"line":104,"column":7}},"30":{"start":{"line":102,"column":6},"end":{"line":102,"column":33}},"31":{"start":{"line":103,"column":6},"end":{"line":103,"column":24}},"32":{"start":{"line":105,"column":4},"end":{"line":109,"column":7}},"33":{"start":{"line":111,"column":4},"end":{"line":111,"column":34}},"34":{"start":{"line":115,"column":0},"end":{"line":139,"column":2}},"35":{"start":{"line":116,"column":2},"end":{"line":138,"column":3}},"36":{"start":{"line":117,"column":19},"end":{"line":117,"column":27}},"37":{"start":{"line":118,"column":20},"end":{"line":118,"column":43}},"38":{"start":{"line":119,"column":4},"end":{"line":119,"column":45}},"39":{"start":{"line":119,"column":18},"end":{"line":119,"column":45}},"40":{"start":{"line":120,"column":4},"end":{"line":120,"column":76}},"41":{"start":{"line":121,"column":4},"end":{"line":121,"column":49}},"42":{"start":{"line":123,"column":4},"end":{"line":125,"column":7}},"43":{"start":{"line":126,"column":4},"end":{"line":126,"column":57}},"44":{"start":{"line":127,"column":4},"end":{"line":131,"column":7}},"45":{"start":{"line":133,"column":4},"end":{"line":135,"column":7}},"46":{"start":{"line":137,"column":4},"end":{"line":137,"column":34}},"47":{"start":{"line":141,"column":0},"end":{"line":154,"column":2}},"48":{"start":{"line":142,"column":2},"end":{"line":153,"column":3}},"49":{"start":{"line":143,"column":19},"end":{"line":143,"column":27}},"50":{"start":{"line":144,"column":20},"end":{"line":144,"column":43}},"51":{"start":{"line":145,"column":4},"end":{"line":145,"column":45}},"52":{"start":{"line":145,"column":18},"end":{"line":145,"column":45}},"53":{"start":{"line":147,"column":4},"end":{"line":147,"column":75}},"54":{"start":{"line":149,"column":4},"end":{"line":149,"column":67}},"55":{"start":{"line":151,"column":4},"end":{"line":151,"column":23}},"56":{"start":{"line":152,"column":4},"end":{"line":152,"column":34}}},"fnMap":{"0":{"name":"(anonymous_0)","decl":{"start":{"line":14,"column":19},"end":{"line":14,"column":20}},"loc":{"start":{"line":14,"column":39},"end":{"line":71,"column":1}},"line":14},"1":{"name":"(anonymous_1)","decl":{"start":{"line":58,"column":22},"end":{"line":58,"column":23}},"loc":{"start":{"line":58,"column":42},"end":{"line":61,"column":5}},"line":58},"2":{"name":"(anonymous_2)","decl":{"start":{"line":73,"column":29},"end":{"line":73,"column":30}},"loc":{"start":{"line":73,"column":49},"end":{"line":113,"column":1}},"line":73},"3":{"name":"(anonymous_3)","decl":{"start":{"line":101,"column":22},"end":{"line":101,"column":23}},"loc":{"start":{"line":101,"column":42},"end":{"line":104,"column":5}},"line":101},"4":{"name":"(anonymous_4)","decl":{"start":{"line":115,"column":21},"end":{"line":115,"column":22}},"loc":{"start":{"line":115,"column":41},"end":{"line":139,"column":1}},"line":115},"5":{"name":"(anonymous_5)","decl":{"start":{"line":141,"column":21},"end":{"line":141,"column":22}},"loc":{"start":{"line":141,"column":41},"end":{"line":154,"column":1}},"line":141}},"branchMap":{"0":{"loc":{"start":{"line":17,"column":17},"end":{"line":17,"column":46}},"type":"binary-expr","locations":[{"start":{"line":17,"column":17},"end":{"line":17,"column":41}},{"start":{"line":17,"column":45},"end":{"line":17,"column":46}}],"line":17},"1":{"loc":{"start":{"line":18,"column":18},"end":{"line":18,"column":49}},"type":"binary-expr","locations":[{"start":{"line":18,"column":18},"end":{"line":18,"column":43}},{"start":{"line":18,"column":47},"end":{"line":18,"column":49}}],"line":18},"2":{"loc":{"start":{"line":19,"column":19},"end":{"line":19,"column":41}},"type":"binary-expr","locations":[{"start":{"line":19,"column":19},"end":{"line":19,"column":35}},{"start":{"line":19,"column":39},"end":{"line":19,"column":41}}],"line":19},"3":{"loc":{"start":{"line":76,"column":17},"end":{"line":76,"column":46}},"type":"binary-expr","locations":[{"start":{"line":76,"column":17},"end":{"line":76,"column":41}},{"start":{"line":76,"column":45},"end":{"line":76,"column":46}}],"line":76},"4":{"loc":{"start":{"line":77,"column":18},"end":{"line":77,"column":49}},"type":"binary-expr","locations":[{"start":{"line":77,"column":18},"end":{"line":77,"column":43}},{"start":{"line":77,"column":47},"end":{"line":77,"column":49}}],"line":77},"5":{"loc":{"start":{"line":78,"column":19},"end":{"line":78,"column":41}},"type":"binary-expr","locations":[{"start":{"line":78,"column":19},"end":{"line":78,"column":35}},{"start":{"line":78,"column":39},"end":{"line":78,"column":41}}],"line":78},"6":{"loc":{"start":{"line":119,"column":4},"end":{"line":119,"column":45}},"type":"if","locations":[{"start":{"line":119,"column":4},"end":{"line":119,"column":45}},{"start":{},"end":{}}],"line":119},"7":{"loc":{"start":{"line":145,"column":4},"end":{"line":145,"column":45}},"type":"if","locations":[{"start":{"line":145,"column":4},"end":{"line":145,"column":45}},{"start":{},"end":{}}],"line":145}},"s":{"0":5,"1":5,"2":5,"3":5,"4":5,"5":5,"6":1,"7":1,"8":1,"9":1,"10":1,"11":1,"12":1,"13":1,"14":1,"15":1,"16":1,"17":1,"18":0,"19":0,"20":5,"21":1,"22":1,"23":1,"24":1,"25":1,"26":1,"27":1,"28":1,"29":1,"30":1,"31":1,"32":1,"33":0,"34":5,"35":1,"36":1,"37":1,"38":1,"39":0,"40":1,"41":1,"42":1,"43":1,"44":1,"45":1,"46":0,"47":5,"48":2,"49":2,"50":2,"51":2,"52":1,"53":1,"54":1,"55":0,"56":0},"f":{"0":1,"1":1,"2":1,"3":1,"4":1,"5":2},"b":{"0":[1,1],"1":[1,1],"2":[1,1],"3":[1,1],"4":[1,1],"5":[1,1],"6":[0,1],"7":[1,1]},"_coverageSchema":"1a1c01bbd47fc00a2c39e90264f33305004495a9","hash":"41a12e2dd644999c17184bcda209341ee32fbae3"}
,"F:\\New Document\\Documents\\00.Training Bootcamp Phincon\\12. Final Project\\server\\controllers\\authController.js": {"path":"F:\\New Document\\Documents\\00.Training Bootcamp Phincon\\12. Final Project\\server\\controllers\\authController.js","statementMap":{"0":{"start":{"line":1,"column":17},"end":{"line":1,"column":37}},"1":{"start":{"line":2,"column":19},"end":{"line":2,"column":40}},"2":{"start":{"line":3,"column":19},"end":{"line":3,"column":32}},"3":{"start":{"line":4,"column":0},"end":{"line":4,"column":27}},"4":{"start":{"line":5,"column":0},"end":{"line":5,"column":25}},"5":{"start":{"line":12,"column":4},"end":{"line":12,"column":46}},"6":{"start":{"line":17,"column":4},"end":{"line":17,"column":35}},"7":{"start":{"line":22,"column":4},"end":{"line":22,"column":40}},"8":{"start":{"line":24,"column":42},"end":{"line":24,"column":72}},"9":{"start":{"line":25,"column":29},"end":{"line":25,"column":63}},"10":{"start":{"line":32,"column":4},"end":{"line":32,"column":31}},"11":{"start":{"line":33,"column":20},"end":{"line":33,"column":51}},"12":{"start":{"line":34,"column":43},"end":{"line":34,"column":78}},"13":{"start":{"line":36,"column":38},"end":{"line":36,"column":58}},"14":{"start":{"line":38,"column":0},"end":{"line":94,"column":2}},"15":{"start":{"line":39,"column":2},"end":{"line":93,"column":3}},"16":{"start":{"line":40,"column":32},"end":{"line":40,"column":40}},"17":{"start":{"line":42,"column":24},"end":{"line":42,"column":54}},"18":{"start":{"line":43,"column":27},"end":{"line":43,"column":60}},"19":{"start":{"line":44,"column":4},"end":{"line":44,"column":65}},"20":{"start":{"line":46,"column":21},"end":{"line":46,"column":69}},"21":{"start":{"line":47,"column":4},"end":{"line":49,"column":5}},"22":{"start":{"line":48,"column":6},"end":{"line":48,"column":66}},"23":{"start":{"line":51,"column":26},"end":{"line":54,"column":33}},"24":{"start":{"line":56,"column":33},"end":{"line":61,"column":5}},"25":{"start":{"line":62,"column":4},"end":{"line":64,"column":5}},"26":{"start":{"line":63,"column":6},"end":{"line":63,"column":23}},"27":{"start":{"line":65,"column":21},"end":{"line":68,"column":6}},"28":{"start":{"line":69,"column":4},"end":{"line":71,"column":5}},"29":{"start":{"line":70,"column":6},"end":{"line":70,"column":62}},"30":{"start":{"line":72,"column":4},"end":{"line":74,"column":5}},"31":{"start":{"line":73,"column":6},"end":{"line":73,"column":65}},"32":{"start":{"line":75,"column":18},"end":{"line":75,"column":39}},"33":{"start":{"line":76,"column":25},"end":{"line":76,"column":53}},"34":{"start":{"line":78,"column":4},"end":{"line":81,"column":7}},"35":{"start":{"line":83,"column":4},"end":{"line":83,"column":62}},"36":{"start":{"line":84,"column":4},"end":{"line":84,"column":46}},"37":{"start":{"line":85,"column":4},"end":{"line":89,"column":7}},"38":{"start":{"line":91,"column":4},"end":{"line":91,"column":23}},"39":{"start":{"line":92,"column":4},"end":{"line":92,"column":34}},"40":{"start":{"line":96,"column":0},"end":{"line":102,"column":2}},"41":{"start":{"line":97,"column":2},"end":{"line":101,"column":3}},"42":{"start":{"line":98,"column":4},"end":{"line":98,"column":62}},"43":{"start":{"line":100,"column":4},"end":{"line":100,"column":34}},"44":{"start":{"line":104,"column":0},"end":{"line":148,"column":2}},"45":{"start":{"line":105,"column":2},"end":{"line":147,"column":3}},"46":{"start":{"line":106,"column":21},"end":{"line":106,"column":29}},"47":{"start":{"line":107,"column":4},"end":{"line":107,"column":70}},"48":{"start":{"line":107,"column":15},"end":{"line":107,"column":70}},"49":{"start":{"line":108,"column":23},"end":{"line":108,"column":56}},"50":{"start":{"line":109,"column":4},"end":{"line":109,"column":40}},"51":{"start":{"line":110,"column":19},"end":{"line":113,"column":6}},"52":{"start":{"line":114,"column":21},"end":{"line":114,"column":48}},"53":{"start":{"line":115,"column":25},"end":{"line":115,"column":68}},"54":{"start":{"line":116,"column":28},"end":{"line":124,"column":6}},"55":{"start":{"line":126,"column":18},"end":{"line":126,"column":35}},"56":{"start":{"line":127,"column":25},"end":{"line":127,"column":49}},"57":{"start":{"line":128,"column":4},"end":{"line":131,"column":7}},"58":{"start":{"line":132,"column":4},"end":{"line":132,"column":58}},"59":{"start":{"line":134,"column":17},"end":{"line":138,"column":5}},"60":{"start":{"line":139,"column":4},"end":{"line":142,"column":5}},"61":{"start":{"line":140,"column":6},"end":{"line":140,"column":55}},"62":{"start":{"line":141,"column":6},"end":{"line":141,"column":52}},"63":{"start":{"line":144,"column":4},"end":{"line":144,"column":36}},"64":{"start":{"line":146,"column":4},"end":{"line":146,"column":34}},"65":{"start":{"line":150,"column":0},"end":{"line":158,"column":2}},"66":{"start":{"line":151,"column":2},"end":{"line":157,"column":3}},"67":{"start":{"line":152,"column":19},"end":{"line":152,"column":27}},"68":{"start":{"line":153,"column":4},"end":{"line":153,"column":35}},"69":{"start":{"line":154,"column":4},"end":{"line":154,"column":65}},"70":{"start":{"line":156,"column":4},"end":{"line":156,"column":34}},"71":{"start":{"line":160,"column":0},"end":{"line":175,"column":2}},"72":{"start":{"line":161,"column":2},"end":{"line":174,"column":3}},"73":{"start":{"line":162,"column":25},"end":{"line":162,"column":49}},"74":{"start":{"line":163,"column":4},"end":{"line":164,"column":64}},"75":{"start":{"line":164,"column":6},"end":{"line":164,"column":64}},"76":{"start":{"line":165,"column":32},"end":{"line":165,"column":64}},"77":{"start":{"line":166,"column":4},"end":{"line":166,"column":73}},"78":{"start":{"line":166,"column":15},"end":{"line":166,"column":73}},"79":{"start":{"line":167,"column":21},"end":{"line":167,"column":74}},"80":{"start":{"line":168,"column":4},"end":{"line":168,"column":46}},"81":{"start":{"line":168,"column":19},"end":{"line":168,"column":46}},"82":{"start":{"line":169,"column":18},"end":{"line":169,"column":39}},"83":{"start":{"line":170,"column":4},"end":{"line":170,"column":62}},"84":{"start":{"line":171,"column":4},"end":{"line":171,"column":48}},"85":{"start":{"line":173,"column":4},"end":{"line":173,"column":34}},"86":{"start":{"line":177,"column":0},"end":{"line":232,"column":2}},"87":{"start":{"line":178,"column":2},"end":{"line":231,"column":3}},"88":{"start":{"line":179,"column":20},"end":{"line":179,"column":28}},"89":{"start":{"line":180,"column":26},"end":{"line":183,"column":33}},"90":{"start":{"line":185,"column":4},"end":{"line":185,"column":37}},"91":{"start":{"line":187,"column":21},"end":{"line":187,"column":37}},"92":{"start":{"line":188,"column":4},"end":{"line":188,"column":28}},"93":{"start":{"line":190,"column":33},"end":{"line":190,"column":70}},"94":{"start":{"line":191,"column":4},"end":{"line":193,"column":5}},"95":{"start":{"line":192,"column":6},"end":{"line":192,"column":23}},"96":{"start":{"line":194,"column":4},"end":{"line":199,"column":5}},"97":{"start":{"line":195,"column":35},"end":{"line":195,"column":77}},"98":{"start":{"line":196,"column":6},"end":{"line":198,"column":7}},"99":{"start":{"line":197,"column":8},"end":{"line":197,"column":25}},"100":{"start":{"line":200,"column":20},"end":{"line":200,"column":75}},"101":{"start":{"line":201,"column":4},"end":{"line":203,"column":5}},"102":{"start":{"line":202,"column":6},"end":{"line":202,"column":71}},"103":{"start":{"line":204,"column":21},"end":{"line":214,"column":6}},"104":{"start":{"line":205,"column":27},"end":{"line":205,"column":73}},"105":{"start":{"line":206,"column":6},"end":{"line":212,"column":7}},"106":{"start":{"line":207,"column":8},"end":{"line":207,"column":42}},"107":{"start":{"line":208,"column":8},"end":{"line":208,"column":62}},"108":{"start":{"line":209,"column":8},"end":{"line":211,"column":11}},"109":{"start":{"line":213,"column":6},"end":{"line":213,"column":26}},"110":{"start":{"line":216,"column":4},"end":{"line":220,"column":7}},"111":{"start":{"line":222,"column":4},"end":{"line":228,"column":7}},"112":{"start":{"line":230,"column":4},"end":{"line":230,"column":34}},"113":{"start":{"line":234,"column":0},"end":{"line":255,"column":2}},"114":{"start":{"line":235,"column":2},"end":{"line":254,"column":3}},"115":{"start":{"line":236,"column":22},"end":{"line":236,"column":30}},"116":{"start":{"line":237,"column":21},"end":{"line":237,"column":68}},"117":{"start":{"line":238,"column":4},"end":{"line":240,"column":5}},"118":{"start":{"line":239,"column":6},"end":{"line":239,"column":71}},"119":{"start":{"line":241,"column":16},"end":{"line":241,"column":55}},"120":{"start":{"line":242,"column":19},"end":{"line":242,"column":54}},"121":{"start":{"line":243,"column":4},"end":{"line":251,"column":5}},"122":{"start":{"line":244,"column":6},"end":{"line":250,"column":9}},"123":{"start":{"line":253,"column":4},"end":{"line":253,"column":34}},"124":{"start":{"line":257,"column":0},"end":{"line":272,"column":2}},"125":{"start":{"line":258,"column":2},"end":{"line":271,"column":3}},"126":{"start":{"line":259,"column":20},"end":{"line":259,"column":28}},"127":{"start":{"line":260,"column":30},"end":{"line":260,"column":33}},"128":{"start":{"line":261,"column":21},"end":{"line":261,"column":68}},"129":{"start":{"line":262,"column":4},"end":{"line":264,"column":5}},"130":{"start":{"line":263,"column":6},"end":{"line":263,"column":71}},"131":{"start":{"line":265,"column":4},"end":{"line":267,"column":5}},"132":{"start":{"line":266,"column":6},"end":{"line":266,"column":73}},"133":{"start":{"line":268,"column":4},"end":{"line":268,"column":57}},"134":{"start":{"line":270,"column":4},"end":{"line":270,"column":34}},"135":{"start":{"line":274,"column":0},"end":{"line":289,"column":2}},"136":{"start":{"line":275,"column":2},"end":{"line":288,"column":3}},"137":{"start":{"line":276,"column":22},"end":{"line":276,"column":30}},"138":{"start":{"line":277,"column":24},"end":{"line":279,"column":6}},"139":{"start":{"line":280,"column":4},"end":{"line":280,"column":49}},"140":{"start":{"line":280,"column":22},"end":{"line":280,"column":49}},"141":{"start":{"line":281,"column":18},"end":{"line":281,"column":53}},"142":{"start":{"line":282,"column":4},"end":{"line":282,"column":49}},"143":{"start":{"line":283,"column":4},"end":{"line":285,"column":7}},"144":{"start":{"line":287,"column":4},"end":{"line":287,"column":34}},"145":{"start":{"line":291,"column":0},"end":{"line":313,"column":2}},"146":{"start":{"line":292,"column":2},"end":{"line":312,"column":3}},"147":{"start":{"line":293,"column":22},"end":{"line":293,"column":25}},"148":{"start":{"line":294,"column":29},"end":{"line":294,"column":37}},"149":{"start":{"line":296,"column":26},"end":{"line":299,"column":33}},"150":{"start":{"line":301,"column":24},"end":{"line":301,"column":71}},"151":{"start":{"line":302,"column":4},"end":{"line":302,"column":49}},"152":{"start":{"line":302,"column":22},"end":{"line":302,"column":49}},"153":{"start":{"line":303,"column":4},"end":{"line":306,"column":6}},"154":{"start":{"line":307,"column":4},"end":{"line":309,"column":7}},"155":{"start":{"line":311,"column":4},"end":{"line":311,"column":34}},"156":{"start":{"line":315,"column":0},"end":{"line":324,"column":2}},"157":{"start":{"line":316,"column":2},"end":{"line":323,"column":3}},"158":{"start":{"line":317,"column":19},"end":{"line":317,"column":22}},"159":{"start":{"line":318,"column":21},"end":{"line":318,"column":44}},"160":{"start":{"line":319,"column":4},"end":{"line":319,"column":29}},"161":{"start":{"line":320,"column":4},"end":{"line":320,"column":70}},"162":{"start":{"line":322,"column":4},"end":{"line":322,"column":34}},"163":{"start":{"line":326,"column":0},"end":{"line":352,"column":2}},"164":{"start":{"line":327,"column":2},"end":{"line":351,"column":3}},"165":{"start":{"line":328,"column":19},"end":{"line":328,"column":22}},"166":{"start":{"line":329,"column":18},"end":{"line":329,"column":33}},"167":{"start":{"line":330,"column":4},"end":{"line":330,"column":43}},"168":{"start":{"line":330,"column":16},"end":{"line":330,"column":43}},"169":{"start":{"line":331,"column":17},"end":{"line":331,"column":58}},"170":{"start":{"line":332,"column":4},"end":{"line":334,"column":5}},"171":{"start":{"line":333,"column":6},"end":{"line":333,"column":42}},"172":{"start":{"line":335,"column":21},"end":{"line":335,"column":60}},"173":{"start":{"line":337,"column":4},"end":{"line":343,"column":5}},"174":{"start":{"line":338,"column":6},"end":{"line":342,"column":9}},"175":{"start":{"line":345,"column":4},"end":{"line":348,"column":7}},"176":{"start":{"line":350,"column":4},"end":{"line":350,"column":34}},"177":{"start":{"line":354,"column":0},"end":{"line":402,"column":2}},"178":{"start":{"line":355,"column":2},"end":{"line":401,"column":3}},"179":{"start":{"line":356,"column":19},"end":{"line":356,"column":22}},"180":{"start":{"line":357,"column":20},"end":{"line":357,"column":28}},"181":{"start":{"line":358,"column":17},"end":{"line":358,"column":58}},"182":{"start":{"line":359,"column":4},"end":{"line":374,"column":5}},"183":{"start":{"line":360,"column":31},"end":{"line":363,"column":35}},"184":{"start":{"line":364,"column":31},"end":{"line":367,"column":35}},"185":{"start":{"line":368,"column":6},"end":{"line":370,"column":7}},"186":{"start":{"line":369,"column":8},"end":{"line":369,"column":76}},"187":{"start":{"line":371,"column":6},"end":{"line":371,"column":56}},"188":{"start":{"line":372,"column":6},"end":{"line":372,"column":34}},"189":{"start":{"line":373,"column":6},"end":{"line":373,"column":34}},"190":{"start":{"line":375,"column":24},"end":{"line":375,"column":44}},"191":{"start":{"line":376,"column":33},"end":{"line":381,"column":5}},"192":{"start":{"line":382,"column":4},"end":{"line":384,"column":5}},"193":{"start":{"line":383,"column":6},"end":{"line":383,"column":23}},"194":{"start":{"line":385,"column":21},"end":{"line":385,"column":47}},"195":{"start":{"line":387,"column":4},"end":{"line":393,"column":5}},"196":{"start":{"line":388,"column":6},"end":{"line":392,"column":9}},"197":{"start":{"line":395,"column":4},"end":{"line":398,"column":7}},"198":{"start":{"line":400,"column":4},"end":{"line":400,"column":34}}},"fnMap":{"0":{"name":"(anonymous_0)","decl":{"start":{"line":38,"column":16},"end":{"line":38,"column":17}},"loc":{"start":{"line":38,"column":36},"end":{"line":94,"column":1}},"line":38},"1":{"name":"(anonymous_1)","decl":{"start":{"line":96,"column":25},"end":{"line":96,"column":26}},"loc":{"start":{"line":96,"column":39},"end":{"line":102,"column":1}},"line":96},"2":{"name":"(anonymous_2)","decl":{"start":{"line":104,"column":28},"end":{"line":104,"column":29}},"loc":{"start":{"line":104,"column":48},"end":{"line":148,"column":1}},"line":104},"3":{"name":"(anonymous_3)","decl":{"start":{"line":150,"column":17},"end":{"line":150,"column":18}},"loc":{"start":{"line":150,"column":37},"end":{"line":158,"column":1}},"line":150},"4":{"name":"(anonymous_4)","decl":{"start":{"line":160,"column":23},"end":{"line":160,"column":24}},"loc":{"start":{"line":160,"column":43},"end":{"line":175,"column":1}},"line":160},"5":{"name":"(anonymous_5)","decl":{"start":{"line":177,"column":19},"end":{"line":177,"column":20}},"loc":{"start":{"line":177,"column":39},"end":{"line":232,"column":1}},"line":177},"6":{"name":"(anonymous_6)","decl":{"start":{"line":204,"column":49},"end":{"line":204,"column":50}},"loc":{"start":{"line":204,"column":62},"end":{"line":214,"column":5}},"line":204},"7":{"name":"(anonymous_7)","decl":{"start":{"line":234,"column":22},"end":{"line":234,"column":23}},"loc":{"start":{"line":234,"column":42},"end":{"line":255,"column":1}},"line":234},"8":{"name":"(anonymous_8)","decl":{"start":{"line":257,"column":30},"end":{"line":257,"column":31}},"loc":{"start":{"line":257,"column":50},"end":{"line":272,"column":1}},"line":257},"9":{"name":"(anonymous_9)","decl":{"start":{"line":274,"column":25},"end":{"line":274,"column":26}},"loc":{"start":{"line":274,"column":45},"end":{"line":289,"column":1}},"line":274},"10":{"name":"(anonymous_10)","decl":{"start":{"line":291,"column":27},"end":{"line":291,"column":28}},"loc":{"start":{"line":291,"column":47},"end":{"line":313,"column":1}},"line":291},"11":{"name":"(anonymous_11)","decl":{"start":{"line":315,"column":21},"end":{"line":315,"column":22}},"loc":{"start":{"line":315,"column":41},"end":{"line":324,"column":1}},"line":315},"12":{"name":"(anonymous_12)","decl":{"start":{"line":326,"column":27},"end":{"line":326,"column":28}},"loc":{"start":{"line":326,"column":47},"end":{"line":352,"column":1}},"line":326},"13":{"name":"(anonymous_13)","decl":{"start":{"line":333,"column":29},"end":{"line":333,"column":30}},"loc":{"start":{"line":333,"column":38},"end":{"line":333,"column":40}},"line":333},"14":{"name":"(anonymous_14)","decl":{"start":{"line":354,"column":22},"end":{"line":354,"column":23}},"loc":{"start":{"line":354,"column":42},"end":{"line":402,"column":1}},"line":354}},"branchMap":{"0":{"loc":{"start":{"line":47,"column":4},"end":{"line":49,"column":5}},"type":"if","locations":[{"start":{"line":47,"column":4},"end":{"line":49,"column":5}},{"start":{},"end":{}}],"line":47},"1":{"loc":{"start":{"line":62,"column":4},"end":{"line":64,"column":5}},"type":"if","locations":[{"start":{"line":62,"column":4},"end":{"line":64,"column":5}},{"start":{},"end":{}}],"line":62},"2":{"loc":{"start":{"line":69,"column":4},"end":{"line":71,"column":5}},"type":"if","locations":[{"start":{"line":69,"column":4},"end":{"line":71,"column":5}},{"start":{},"end":{}}],"line":69},"3":{"loc":{"start":{"line":69,"column":8},"end":{"line":69,"column":72}},"type":"binary-expr","locations":[{"start":{"line":69,"column":8},"end":{"line":69,"column":17}},{"start":{"line":69,"column":21},"end":{"line":69,"column":72}}],"line":69},"4":{"loc":{"start":{"line":72,"column":4},"end":{"line":74,"column":5}},"type":"if","locations":[{"start":{"line":72,"column":4},"end":{"line":74,"column":5}},{"start":{},"end":{}}],"line":72},"5":{"loc":{"start":{"line":72,"column":8},"end":{"line":72,"column":59}},"type":"binary-expr","locations":[{"start":{"line":72,"column":8},"end":{"line":72,"column":25}},{"start":{"line":72,"column":29},"end":{"line":72,"column":59}}],"line":72},"6":{"loc":{"start":{"line":107,"column":4},"end":{"line":107,"column":70}},"type":"if","locations":[{"start":{"line":107,"column":4},"end":{"line":107,"column":70}},{"start":{},"end":{}}],"line":107},"7":{"loc":{"start":{"line":139,"column":4},"end":{"line":142,"column":5}},"type":"if","locations":[{"start":{"line":139,"column":4},"end":{"line":142,"column":5}},{"start":{},"end":{}}],"line":139},"8":{"loc":{"start":{"line":163,"column":4},"end":{"line":164,"column":64}},"type":"if","locations":[{"start":{"line":163,"column":4},"end":{"line":164,"column":64}},{"start":{},"end":{}}],"line":163},"9":{"loc":{"start":{"line":166,"column":4},"end":{"line":166,"column":73}},"type":"if","locations":[{"start":{"line":166,"column":4},"end":{"line":166,"column":73}},{"start":{},"end":{}}],"line":166},"10":{"loc":{"start":{"line":168,"column":4},"end":{"line":168,"column":46}},"type":"if","locations":[{"start":{"line":168,"column":4},"end":{"line":168,"column":46}},{"start":{},"end":{}}],"line":168},"11":{"loc":{"start":{"line":191,"column":4},"end":{"line":193,"column":5}},"type":"if","locations":[{"start":{"line":191,"column":4},"end":{"line":193,"column":5}},{"start":{},"end":{}}],"line":191},"12":{"loc":{"start":{"line":194,"column":4},"end":{"line":199,"column":5}},"type":"if","locations":[{"start":{"line":194,"column":4},"end":{"line":199,"column":5}},{"start":{},"end":{}}],"line":194},"13":{"loc":{"start":{"line":196,"column":6},"end":{"line":198,"column":7}},"type":"if","locations":[{"start":{"line":196,"column":6},"end":{"line":198,"column":7}},{"start":{},"end":{}}],"line":196},"14":{"loc":{"start":{"line":201,"column":4},"end":{"line":203,"column":5}},"type":"if","locations":[{"start":{"line":201,"column":4},"end":{"line":203,"column":5}},{"start":{},"end":{}}],"line":201},"15":{"loc":{"start":{"line":206,"column":6},"end":{"line":212,"column":7}},"type":"if","locations":[{"start":{"line":206,"column":6},"end":{"line":212,"column":7}},{"start":{},"end":{}}],"line":206},"16":{"loc":{"start":{"line":218,"column":12},"end":{"line":218,"column":76}},"type":"cond-expr","locations":[{"start":{"line":218,"column":43},"end":{"line":218,"column":60}},{"start":{"line":218,"column":63},"end":{"line":218,"column":76}}],"line":218},"17":{"loc":{"start":{"line":225,"column":8},"end":{"line":227,"column":34}},"type":"cond-expr","locations":[{"start":{"line":226,"column":12},"end":{"line":226,"column":42}},{"start":{"line":227,"column":12},"end":{"line":227,"column":34}}],"line":225},"18":{"loc":{"start":{"line":238,"column":4},"end":{"line":240,"column":5}},"type":"if","locations":[{"start":{"line":238,"column":4},"end":{"line":240,"column":5}},{"start":{},"end":{}}],"line":238},"19":{"loc":{"start":{"line":243,"column":4},"end":{"line":251,"column":5}},"type":"if","locations":[{"start":{"line":243,"column":4},"end":{"line":251,"column":5}},{"start":{},"end":{}}],"line":243},"20":{"loc":{"start":{"line":262,"column":4},"end":{"line":264,"column":5}},"type":"if","locations":[{"start":{"line":262,"column":4},"end":{"line":264,"column":5}},{"start":{},"end":{}}],"line":262},"21":{"loc":{"start":{"line":265,"column":4},"end":{"line":267,"column":5}},"type":"if","locations":[{"start":{"line":265,"column":4},"end":{"line":267,"column":5}},{"start":{},"end":{}}],"line":265},"22":{"loc":{"start":{"line":280,"column":4},"end":{"line":280,"column":49}},"type":"if","locations":[{"start":{"line":280,"column":4},"end":{"line":280,"column":49}},{"start":{},"end":{}}],"line":280},"23":{"loc":{"start":{"line":302,"column":4},"end":{"line":302,"column":49}},"type":"if","locations":[{"start":{"line":302,"column":4},"end":{"line":302,"column":49}},{"start":{},"end":{}}],"line":302},"24":{"loc":{"start":{"line":330,"column":4},"end":{"line":330,"column":43}},"type":"if","locations":[{"start":{"line":330,"column":4},"end":{"line":330,"column":43}},{"start":{},"end":{}}],"line":330},"25":{"loc":{"start":{"line":332,"column":4},"end":{"line":334,"column":5}},"type":"if","locations":[{"start":{"line":332,"column":4},"end":{"line":334,"column":5}},{"start":{},"end":{}}],"line":332},"26":{"loc":{"start":{"line":337,"column":4},"end":{"line":343,"column":5}},"type":"if","locations":[{"start":{"line":337,"column":4},"end":{"line":343,"column":5}},{"start":{},"end":{}}],"line":337},"27":{"loc":{"start":{"line":359,"column":4},"end":{"line":374,"column":5}},"type":"if","locations":[{"start":{"line":359,"column":4},"end":{"line":374,"column":5}},{"start":{},"end":{}}],"line":359},"28":{"loc":{"start":{"line":359,"column":8},"end":{"line":359,"column":54}},"type":"binary-expr","locations":[{"start":{"line":359,"column":8},"end":{"line":359,"column":29}},{"start":{"line":359,"column":33},"end":{"line":359,"column":54}}],"line":359},"29":{"loc":{"start":{"line":368,"column":6},"end":{"line":370,"column":7}},"type":"if","locations":[{"start":{"line":368,"column":6},"end":{"line":370,"column":7}},{"start":{},"end":{}}],"line":368},"30":{"loc":{"start":{"line":382,"column":4},"end":{"line":384,"column":5}},"type":"if","locations":[{"start":{"line":382,"column":4},"end":{"line":384,"column":5}},{"start":{},"end":{}}],"line":382},"31":{"loc":{"start":{"line":387,"column":4},"end":{"line":393,"column":5}},"type":"if","locations":[{"start":{"line":387,"column":4},"end":{"line":393,"column":5}},{"start":{},"end":{}}],"line":387}},"s":{"0":5,"1":5,"2":5,"3":5,"4":5,"5":5,"6":5,"7":5,"8":5,"9":5,"10":5,"11":5,"12":5,"13":5,"14":5,"15":13,"16":13,"17":13,"18":13,"19":13,"20":13,"21":13,"22":1,"23":12,"24":12,"25":12,"26":1,"27":11,"28":11,"29":2,"30":9,"31":1,"32":8,"33":8,"34":8,"35":8,"36":8,"37":8,"38":0,"39":0,"40":5,"41":1,"42":1,"43":0,"44":5,"45":2,"46":2,"47":2,"48":1,"49":1,"50":1,"51":1,"52":1,"53":1,"54":1,"55":1,"56":1,"57":1,"58":1,"59":1,"60":1,"61":1,"62":1,"63":1,"64":0,"65":5,"66":1,"67":1,"68":1,"69":1,"70":0,"71":5,"72":3,"73":3,"74":3,"75":1,"76":2,"77":2,"78":1,"79":1,"80":1,"81":0,"82":1,"83":1,"84":1,"85":0,"86":5,"87":5,"88":5,"89":5,"90":5,"91":5,"92":5,"93":5,"94":5,"95":1,"96":4,"97":2,"98":2,"99":1,"100":3,"101":3,"102":1,"103":2,"104":2,"105":2,"106":1,"107":1,"108":1,"109":2,"110":2,"111":2,"112":0,"113":5,"114":2,"115":2,"116":2,"117":2,"118":1,"119":1,"120":1,"121":1,"122":1,"123":0,"124":5,"125":2,"126":2,"127":2,"128":2,"129":2,"130":0,"131":2,"132":1,"133":1,"134":0,"135":5,"136":2,"137":2,"138":2,"139":2,"140":1,"141":1,"142":1,"143":1,"144":0,"145":5,"146":1,"147":1,"148":1,"149":1,"150":1,"151":1,"152":0,"153":1,"154":1,"155":0,"156":5,"157":1,"158":1,"159":1,"160":1,"161":1,"162":0,"163":5,"164":0,"165":0,"166":0,"167":0,"168":0,"169":0,"170":0,"171":0,"172":0,"173":0,"174":0,"175":0,"176":0,"177":5,"178":3,"179":3,"180":3,"181":3,"182":3,"183":1,"184":1,"185":1,"186":1,"187":0,"188":0,"189":0,"190":2,"191":2,"192":2,"193":1,"194":1,"195":1,"196":1,"197":1,"198":0},"f":{"0":13,"1":1,"2":2,"3":1,"4":3,"5":5,"6":2,"7":2,"8":2,"9":2,"10":1,"11":1,"12":0,"13":0,"14":3},"b":{"0":[1,12],"1":[1,11],"2":[2,9],"3":[11,10],"4":[1,8],"5":[9,4],"6":[1,1],"7":[1,0],"8":[1,2],"9":[1,1],"10":[0,1],"11":[1,4],"12":[2,2],"13":[1,1],"14":[1,2],"15":[1,1],"16":[1,1],"17":[1,1],"18":[1,1],"19":[1,0],"20":[0,2],"21":[1,1],"22":[1,1],"23":[0,1],"24":[0,0],"25":[0,0],"26":[0,0],"27":[1,2],"28":[3,2],"29":[1,0],"30":[1,1],"31":[1,0]},"_coverageSchema":"1a1c01bbd47fc00a2c39e90264f33305004495a9","hash":"fe9e62beeb0a14a5f4de75722b5198cdaa2fcc54"}
,"F:\\New Document\\Documents\\00.Training Bootcamp Phincon\\12. Final Project\\server\\controllers\\laundryController.js": {"path":"F:\\New Document\\Documents\\00.Training Bootcamp Phincon\\12. Final Project\\server\\controllers\\laundryController.js","statementMap":{"0":{"start":{"line":1,"column":0},"end":{"line":1,"column":27}},"1":{"start":{"line":2,"column":15},"end":{"line":2,"column":35}},"2":{"start":{"line":3,"column":29},"end":{"line":3,"column":73}},"3":{"start":{"line":10,"column":4},"end":{"line":10,"column":46}},"4":{"start":{"line":15,"column":4},"end":{"line":15,"column":35}},"5":{"start":{"line":17,"column":29},"end":{"line":17,"column":63}},"6":{"start":{"line":19,"column":37},"end":{"line":19,"column":57}},"7":{"start":{"line":21,"column":0},"end":{"line":54,"column":2}},"8":{"start":{"line":22,"column":2},"end":{"line":53,"column":3}},"9":{"start":{"line":23,"column":19},"end":{"line":23,"column":22}},"10":{"start":{"line":24,"column":17},"end":{"line":24,"column":46}},"11":{"start":{"line":25,"column":18},"end":{"line":25,"column":49}},"12":{"start":{"line":26,"column":19},"end":{"line":26,"column":41}},"13":{"start":{"line":27,"column":19},"end":{"line":27,"column":31}},"14":{"start":{"line":28,"column":21},"end":{"line":44,"column":6}},"15":{"start":{"line":45,"column":22},"end":{"line":45,"column":55}},"16":{"start":{"line":46,"column":4},"end":{"line":50,"column":7}},"17":{"start":{"line":52,"column":4},"end":{"line":52,"column":34}},"18":{"start":{"line":56,"column":0},"end":{"line":75,"column":2}},"19":{"start":{"line":57,"column":2},"end":{"line":74,"column":3}},"20":{"start":{"line":58,"column":19},"end":{"line":58,"column":22}},"21":{"start":{"line":59,"column":26},"end":{"line":59,"column":36}},"22":{"start":{"line":60,"column":21},"end":{"line":70,"column":6}},"23":{"start":{"line":71,"column":4},"end":{"line":71,"column":50}},"24":{"start":{"line":73,"column":4},"end":{"line":73,"column":34}},"25":{"start":{"line":77,"column":0},"end":{"line":108,"column":2}},"26":{"start":{"line":78,"column":2},"end":{"line":107,"column":3}},"27":{"start":{"line":79,"column":19},"end":{"line":79,"column":22}},"28":{"start":{"line":80,"column":23},"end":{"line":80,"column":31}},"29":{"start":{"line":81,"column":33},"end":{"line":81,"column":76}},"30":{"start":{"line":82,"column":4},"end":{"line":84,"column":5}},"31":{"start":{"line":83,"column":6},"end":{"line":83,"column":23}},"32":{"start":{"line":85,"column":26},"end":{"line":94,"column":6}},"33":{"start":{"line":95,"column":4},"end":{"line":97,"column":5}},"34":{"start":{"line":96,"column":6},"end":{"line":96,"column":70}},"35":{"start":{"line":98,"column":24},"end":{"line":98,"column":73}},"36":{"start":{"line":99,"column":4},"end":{"line":99,"column":49}},"37":{"start":{"line":99,"column":22},"end":{"line":99,"column":49}},"38":{"start":{"line":100,"column":4},"end":{"line":100,"column":43}},"39":{"start":{"line":102,"column":4},"end":{"line":102,"column":37}},"40":{"start":{"line":104,"column":4},"end":{"line":104,"column":66}},"41":{"start":{"line":106,"column":4},"end":{"line":106,"column":34}},"42":{"start":{"line":110,"column":0},"end":{"line":147,"column":2}},"43":{"start":{"line":111,"column":2},"end":{"line":146,"column":3}},"44":{"start":{"line":112,"column":26},"end":{"line":112,"column":36}},"45":{"start":{"line":113,"column":24},"end":{"line":113,"column":32}},"46":{"start":{"line":114,"column":18},"end":{"line":114,"column":42}},"47":{"start":{"line":115,"column":33},"end":{"line":120,"column":5}},"48":{"start":{"line":121,"column":4},"end":{"line":123,"column":5}},"49":{"start":{"line":122,"column":6},"end":{"line":122,"column":23}},"50":{"start":{"line":124,"column":20},"end":{"line":135,"column":6}},"51":{"start":{"line":136,"column":4},"end":{"line":136,"column":45}},"52":{"start":{"line":136,"column":18},"end":{"line":136,"column":45}},"53":{"start":{"line":137,"column":4},"end":{"line":138,"column":68}},"54":{"start":{"line":138,"column":6},"end":{"line":138,"column":68}},"55":{"start":{"line":140,"column":4},"end":{"line":140,"column":68}},"56":{"start":{"line":142,"column":4},"end":{"line":142,"column":66}},"57":{"start":{"line":144,"column":4},"end":{"line":144,"column":23}},"58":{"start":{"line":145,"column":4},"end":{"line":145,"column":34}},"59":{"start":{"line":149,"column":0},"end":{"line":159,"column":2}},"60":{"start":{"line":150,"column":2},"end":{"line":158,"column":3}},"61":{"start":{"line":151,"column":26},"end":{"line":151,"column":36}},"62":{"start":{"line":152,"column":20},"end":{"line":152,"column":71}},"63":{"start":{"line":153,"column":4},"end":{"line":153,"column":45}},"64":{"start":{"line":153,"column":18},"end":{"line":153,"column":45}},"65":{"start":{"line":154,"column":4},"end":{"line":154,"column":54}},"66":{"start":{"line":155,"column":4},"end":{"line":155,"column":65}},"67":{"start":{"line":157,"column":4},"end":{"line":157,"column":34}},"68":{"start":{"line":161,"column":0},"end":{"line":193,"column":2}},"69":{"start":{"line":162,"column":2},"end":{"line":192,"column":3}},"70":{"start":{"line":163,"column":19},"end":{"line":163,"column":22}},"71":{"start":{"line":164,"column":17},"end":{"line":164,"column":46}},"72":{"start":{"line":165,"column":18},"end":{"line":165,"column":49}},"73":{"start":{"line":166,"column":19},"end":{"line":166,"column":31}},"74":{"start":{"line":167,"column":21},"end":{"line":182,"column":6}},"75":{"start":{"line":183,"column":22},"end":{"line":183,"column":55}},"76":{"start":{"line":184,"column":4},"end":{"line":188,"column":7}},"77":{"start":{"line":190,"column":4},"end":{"line":190,"column":23}},"78":{"start":{"line":191,"column":4},"end":{"line":191,"column":34}},"79":{"start":{"line":195,"column":0},"end":{"line":212,"column":2}},"80":{"start":{"line":196,"column":2},"end":{"line":211,"column":3}},"81":{"start":{"line":197,"column":19},"end":{"line":197,"column":22}},"82":{"start":{"line":198,"column":35},"end":{"line":198,"column":43}},"83":{"start":{"line":199,"column":4},"end":{"line":201,"column":5}},"84":{"start":{"line":200,"column":6},"end":{"line":200,"column":63}},"85":{"start":{"line":202,"column":20},"end":{"line":202,"column":67}},"86":{"start":{"line":203,"column":4},"end":{"line":203,"column":45}},"87":{"start":{"line":203,"column":18},"end":{"line":203,"column":45}},"88":{"start":{"line":205,"column":21},"end":{"line":205,"column":64}},"89":{"start":{"line":206,"column":4},"end":{"line":206,"column":57}},"90":{"start":{"line":208,"column":4},"end":{"line":208,"column":65}},"91":{"start":{"line":210,"column":4},"end":{"line":210,"column":34}},"92":{"start":{"line":214,"column":0},"end":{"line":224,"column":2}},"93":{"start":{"line":215,"column":2},"end":{"line":223,"column":3}},"94":{"start":{"line":216,"column":19},"end":{"line":216,"column":22}},"95":{"start":{"line":217,"column":21},"end":{"line":219,"column":6}},"96":{"start":{"line":220,"column":4},"end":{"line":220,"column":50}},"97":{"start":{"line":222,"column":4},"end":{"line":222,"column":34}},"98":{"start":{"line":226,"column":0},"end":{"line":254,"column":2}},"99":{"start":{"line":227,"column":2},"end":{"line":253,"column":3}},"100":{"start":{"line":228,"column":19},"end":{"line":228,"column":22}},"101":{"start":{"line":229,"column":17},"end":{"line":229,"column":25}},"102":{"start":{"line":230,"column":18},"end":{"line":230,"column":35}},"103":{"start":{"line":231,"column":33},"end":{"line":231,"column":78}},"104":{"start":{"line":232,"column":4},"end":{"line":234,"column":5}},"105":{"start":{"line":233,"column":6},"end":{"line":233,"column":23}},"106":{"start":{"line":235,"column":20},"end":{"line":237,"column":6}},"107":{"start":{"line":238,"column":4},"end":{"line":238,"column":45}},"108":{"start":{"line":238,"column":18},"end":{"line":238,"column":45}},"109":{"start":{"line":239,"column":21},"end":{"line":239,"column":47}},"110":{"start":{"line":241,"column":4},"end":{"line":245,"column":7}},"111":{"start":{"line":247,"column":4},"end":{"line":250,"column":7}},"112":{"start":{"line":252,"column":4},"end":{"line":252,"column":34}},"113":{"start":{"line":256,"column":0},"end":{"line":280,"column":2}},"114":{"start":{"line":257,"column":2},"end":{"line":279,"column":3}},"115":{"start":{"line":258,"column":19},"end":{"line":258,"column":22}},"116":{"start":{"line":259,"column":18},"end":{"line":259,"column":33}},"117":{"start":{"line":260,"column":4},"end":{"line":260,"column":43}},"118":{"start":{"line":260,"column":16},"end":{"line":260,"column":43}},"119":{"start":{"line":261,"column":20},"end":{"line":263,"column":6}},"120":{"start":{"line":264,"column":4},"end":{"line":264,"column":45}},"121":{"start":{"line":264,"column":18},"end":{"line":264,"column":45}},"122":{"start":{"line":265,"column":21},"end":{"line":265,"column":63}},"123":{"start":{"line":267,"column":4},"end":{"line":271,"column":7}},"124":{"start":{"line":273,"column":4},"end":{"line":276,"column":7}},"125":{"start":{"line":278,"column":4},"end":{"line":278,"column":34}}},"fnMap":{"0":{"name":"(anonymous_0)","decl":{"start":{"line":21,"column":23},"end":{"line":21,"column":24}},"loc":{"start":{"line":21,"column":43},"end":{"line":54,"column":1}},"line":21},"1":{"name":"(anonymous_1)","decl":{"start":{"line":56,"column":25},"end":{"line":56,"column":26}},"loc":{"start":{"line":56,"column":45},"end":{"line":75,"column":1}},"line":56},"2":{"name":"(anonymous_2)","decl":{"start":{"line":77,"column":21},"end":{"line":77,"column":22}},"loc":{"start":{"line":77,"column":41},"end":{"line":108,"column":1}},"line":77},"3":{"name":"(anonymous_3)","decl":{"start":{"line":110,"column":22},"end":{"line":110,"column":23}},"loc":{"start":{"line":110,"column":42},"end":{"line":147,"column":1}},"line":110},"4":{"name":"(anonymous_4)","decl":{"start":{"line":149,"column":36},"end":{"line":149,"column":37}},"loc":{"start":{"line":149,"column":56},"end":{"line":159,"column":1}},"line":149},"5":{"name":"(anonymous_5)","decl":{"start":{"line":161,"column":20},"end":{"line":161,"column":21}},"loc":{"start":{"line":161,"column":40},"end":{"line":193,"column":1}},"line":161},"6":{"name":"(anonymous_6)","decl":{"start":{"line":195,"column":23},"end":{"line":195,"column":24}},"loc":{"start":{"line":195,"column":43},"end":{"line":212,"column":1}},"line":195},"7":{"name":"(anonymous_7)","decl":{"start":{"line":214,"column":22},"end":{"line":214,"column":23}},"loc":{"start":{"line":214,"column":42},"end":{"line":224,"column":1}},"line":214},"8":{"name":"(anonymous_8)","decl":{"start":{"line":226,"column":23},"end":{"line":226,"column":24}},"loc":{"start":{"line":226,"column":43},"end":{"line":254,"column":1}},"line":226},"9":{"name":"(anonymous_9)","decl":{"start":{"line":256,"column":28},"end":{"line":256,"column":29}},"loc":{"start":{"line":256,"column":48},"end":{"line":280,"column":1}},"line":256}},"branchMap":{"0":{"loc":{"start":{"line":24,"column":17},"end":{"line":24,"column":46}},"type":"binary-expr","locations":[{"start":{"line":24,"column":17},"end":{"line":24,"column":41}},{"start":{"line":24,"column":45},"end":{"line":24,"column":46}}],"line":24},"1":{"loc":{"start":{"line":25,"column":18},"end":{"line":25,"column":49}},"type":"binary-expr","locations":[{"start":{"line":25,"column":18},"end":{"line":25,"column":43}},{"start":{"line":25,"column":47},"end":{"line":25,"column":49}}],"line":25},"2":{"loc":{"start":{"line":26,"column":19},"end":{"line":26,"column":41}},"type":"binary-expr","locations":[{"start":{"line":26,"column":19},"end":{"line":26,"column":35}},{"start":{"line":26,"column":39},"end":{"line":26,"column":41}}],"line":26},"3":{"loc":{"start":{"line":82,"column":4},"end":{"line":84,"column":5}},"type":"if","locations":[{"start":{"line":82,"column":4},"end":{"line":84,"column":5}},{"start":{},"end":{}}],"line":82},"4":{"loc":{"start":{"line":95,"column":4},"end":{"line":97,"column":5}},"type":"if","locations":[{"start":{"line":95,"column":4},"end":{"line":97,"column":5}},{"start":{},"end":{}}],"line":95},"5":{"loc":{"start":{"line":99,"column":4},"end":{"line":99,"column":49}},"type":"if","locations":[{"start":{"line":99,"column":4},"end":{"line":99,"column":49}},{"start":{},"end":{}}],"line":99},"6":{"loc":{"start":{"line":121,"column":4},"end":{"line":123,"column":5}},"type":"if","locations":[{"start":{"line":121,"column":4},"end":{"line":123,"column":5}},{"start":{},"end":{}}],"line":121},"7":{"loc":{"start":{"line":136,"column":4},"end":{"line":136,"column":45}},"type":"if","locations":[{"start":{"line":136,"column":4},"end":{"line":136,"column":45}},{"start":{},"end":{}}],"line":136},"8":{"loc":{"start":{"line":137,"column":4},"end":{"line":138,"column":68}},"type":"if","locations":[{"start":{"line":137,"column":4},"end":{"line":138,"column":68}},{"start":{},"end":{}}],"line":137},"9":{"loc":{"start":{"line":153,"column":4},"end":{"line":153,"column":45}},"type":"if","locations":[{"start":{"line":153,"column":4},"end":{"line":153,"column":45}},{"start":{},"end":{}}],"line":153},"10":{"loc":{"start":{"line":164,"column":17},"end":{"line":164,"column":46}},"type":"binary-expr","locations":[{"start":{"line":164,"column":17},"end":{"line":164,"column":41}},{"start":{"line":164,"column":45},"end":{"line":164,"column":46}}],"line":164},"11":{"loc":{"start":{"line":165,"column":18},"end":{"line":165,"column":49}},"type":"binary-expr","locations":[{"start":{"line":165,"column":18},"end":{"line":165,"column":43}},{"start":{"line":165,"column":47},"end":{"line":165,"column":49}}],"line":165},"12":{"loc":{"start":{"line":199,"column":4},"end":{"line":201,"column":5}},"type":"if","locations":[{"start":{"line":199,"column":4},"end":{"line":201,"column":5}},{"start":{},"end":{}}],"line":199},"13":{"loc":{"start":{"line":199,"column":8},"end":{"line":199,"column":66}},"type":"binary-expr","locations":[{"start":{"line":199,"column":8},"end":{"line":199,"column":36}},{"start":{"line":199,"column":40},"end":{"line":199,"column":66}}],"line":199},"14":{"loc":{"start":{"line":203,"column":4},"end":{"line":203,"column":45}},"type":"if","locations":[{"start":{"line":203,"column":4},"end":{"line":203,"column":45}},{"start":{},"end":{}}],"line":203},"15":{"loc":{"start":{"line":232,"column":4},"end":{"line":234,"column":5}},"type":"if","locations":[{"start":{"line":232,"column":4},"end":{"line":234,"column":5}},{"start":{},"end":{}}],"line":232},"16":{"loc":{"start":{"line":238,"column":4},"end":{"line":238,"column":45}},"type":"if","locations":[{"start":{"line":238,"column":4},"end":{"line":238,"column":45}},{"start":{},"end":{}}],"line":238},"17":{"loc":{"start":{"line":260,"column":4},"end":{"line":260,"column":43}},"type":"if","locations":[{"start":{"line":260,"column":4},"end":{"line":260,"column":43}},{"start":{},"end":{}}],"line":260},"18":{"loc":{"start":{"line":264,"column":4},"end":{"line":264,"column":45}},"type":"if","locations":[{"start":{"line":264,"column":4},"end":{"line":264,"column":45}},{"start":{},"end":{}}],"line":264}},"s":{"0":5,"1":5,"2":5,"3":5,"4":5,"5":5,"6":5,"7":5,"8":1,"9":1,"10":1,"11":1,"12":1,"13":1,"14":1,"15":1,"16":1,"17":0,"18":5,"19":1,"20":1,"21":1,"22":1,"23":1,"24":0,"25":5,"26":3,"27":3,"28":3,"29":3,"30":3,"31":1,"32":2,"33":2,"34":1,"35":1,"36":1,"37":0,"38":1,"39":1,"40":1,"41":0,"42":5,"43":2,"44":2,"45":2,"46":2,"47":2,"48":2,"49":1,"50":1,"51":1,"52":0,"53":1,"54":0,"55":1,"56":1,"57":0,"58":0,"59":5,"60":1,"61":1,"62":1,"63":1,"64":0,"65":1,"66":1,"67":0,"68":5,"69":1,"70":1,"71":1,"72":1,"73":1,"74":1,"75":1,"76":1,"77":0,"78":0,"79":5,"80":3,"81":3,"82":3,"83":3,"84":1,"85":2,"86":2,"87":1,"88":1,"89":1,"90":1,"91":0,"92":5,"93":1,"94":1,"95":1,"96":1,"97":0,"98":5,"99":2,"100":2,"101":2,"102":2,"103":2,"104":2,"105":1,"106":1,"107":1,"108":0,"109":1,"110":1,"111":1,"112":0,"113":5,"114":2,"115":2,"116":2,"117":2,"118":1,"119":1,"120":1,"121":0,"122":1,"123":1,"124":1,"125":0},"f":{"0":1,"1":1,"2":3,"3":2,"4":1,"5":1,"6":3,"7":1,"8":2,"9":2},"b":{"0":[1,1],"1":[1,1],"2":[1,1],"3":[1,2],"4":[1,1],"5":[0,1],"6":[1,1],"7":[0,1],"8":[0,1],"9":[0,1],"10":[1,1],"11":[1,1],"12":[1,2],"13":[3,2],"14":[1,1],"15":[1,1],"16":[0,1],"17":[1,1],"18":[0,1]},"_coverageSchema":"1a1c01bbd47fc00a2c39e90264f33305004495a9","hash":"77c38ef959f6c3f1fa42a4d16ad90fdaa089c245"}
,"F:\\New Document\\Documents\\00.Training Bootcamp Phincon\\12. Final Project\\server\\controllers\\messageController.js": {"path":"F:\\New Document\\Documents\\00.Training Bootcamp Phincon\\12. Final Project\\server\\controllers\\messageController.js","statementMap":{"0":{"start":{"line":1,"column":29},"end":{"line":1,"column":63}},"1":{"start":{"line":8,"column":4},"end":{"line":8,"column":46}},"2":{"start":{"line":10,"column":17},"end":{"line":10,"column":37}},"3":{"start":{"line":12,"column":0},"end":{"line":20,"column":2}},"4":{"start":{"line":13,"column":2},"end":{"line":19,"column":3}},"5":{"start":{"line":14,"column":19},"end":{"line":14,"column":22}},"6":{"start":{"line":15,"column":18},"end":{"line":15,"column":61}},"7":{"start":{"line":16,"column":4},"end":{"line":16,"column":48}},"8":{"start":{"line":18,"column":4},"end":{"line":18,"column":34}},"9":{"start":{"line":22,"column":0},"end":{"line":58,"column":2}},"10":{"start":{"line":23,"column":2},"end":{"line":57,"column":3}},"11":{"start":{"line":24,"column":19},"end":{"line":24,"column":22}},"12":{"start":{"line":25,"column":23},"end":{"line":25,"column":31}},"13":{"start":{"line":26,"column":20},"end":{"line":26,"column":65}},"14":{"start":{"line":27,"column":4},"end":{"line":27,"column":45}},"15":{"start":{"line":27,"column":18},"end":{"line":27,"column":45}},"16":{"start":{"line":29,"column":18},"end":{"line":29,"column":30}},"17":{"start":{"line":30,"column":4},"end":{"line":32,"column":7}},"18":{"start":{"line":31,"column":6},"end":{"line":31,"column":19}},"19":{"start":{"line":34,"column":19},"end":{"line":36,"column":5}},"20":{"start":{"line":38,"column":27},"end":{"line":38,"column":71}},"21":{"start":{"line":40,"column":4},"end":{"line":42,"column":5}},"22":{"start":{"line":41,"column":6},"end":{"line":41,"column":36}},"23":{"start":{"line":44,"column":20},"end":{"line":51,"column":5}},"24":{"start":{"line":52,"column":4},"end":{"line":52,"column":27}},"25":{"start":{"line":54,"column":4},"end":{"line":54,"column":63}},"26":{"start":{"line":56,"column":4},"end":{"line":56,"column":34}},"27":{"start":{"line":60,"column":0},"end":{"line":83,"column":2}},"28":{"start":{"line":61,"column":2},"end":{"line":82,"column":3}},"29":{"start":{"line":62,"column":19},"end":{"line":62,"column":22}},"30":{"start":{"line":63,"column":23},"end":{"line":63,"column":33}},"31":{"start":{"line":64,"column":18},"end":{"line":64,"column":30}},"32":{"start":{"line":65,"column":4},"end":{"line":67,"column":7}},"33":{"start":{"line":66,"column":6},"end":{"line":66,"column":19}},"34":{"start":{"line":69,"column":19},"end":{"line":71,"column":5}},"35":{"start":{"line":72,"column":27},"end":{"line":72,"column":71}},"36":{"start":{"line":73,"column":4},"end":{"line":73,"column":64}},"37":{"start":{"line":73,"column":37},"end":{"line":73,"column":64}},"38":{"start":{"line":75,"column":4},"end":{"line":77,"column":7}},"39":{"start":{"line":78,"column":4},"end":{"line":78,"column":62}},"40":{"start":{"line":80,"column":4},"end":{"line":80,"column":23}},"41":{"start":{"line":81,"column":4},"end":{"line":81,"column":34}}},"fnMap":{"0":{"name":"(anonymous_0)","decl":{"start":{"line":12,"column":16},"end":{"line":12,"column":17}},"loc":{"start":{"line":12,"column":36},"end":{"line":20,"column":1}},"line":12},"1":{"name":"(anonymous_1)","decl":{"start":{"line":22,"column":25},"end":{"line":22,"column":26}},"loc":{"start":{"line":22,"column":45},"end":{"line":58,"column":1}},"line":22},"2":{"name":"(anonymous_2)","decl":{"start":{"line":30,"column":15},"end":{"line":30,"column":16}},"loc":{"start":{"line":30,"column":31},"end":{"line":32,"column":5}},"line":30},"3":{"name":"(anonymous_3)","decl":{"start":{"line":60,"column":24},"end":{"line":60,"column":25}},"loc":{"start":{"line":60,"column":44},"end":{"line":83,"column":1}},"line":60},"4":{"name":"(anonymous_4)","decl":{"start":{"line":65,"column":15},"end":{"line":65,"column":16}},"loc":{"start":{"line":65,"column":31},"end":{"line":67,"column":5}},"line":65}},"branchMap":{"0":{"loc":{"start":{"line":27,"column":4},"end":{"line":27,"column":45}},"type":"if","locations":[{"start":{"line":27,"column":4},"end":{"line":27,"column":45}},{"start":{},"end":{}}],"line":27},"1":{"loc":{"start":{"line":40,"column":4},"end":{"line":42,"column":5}},"type":"if","locations":[{"start":{"line":40,"column":4},"end":{"line":42,"column":5}},{"start":{},"end":{}}],"line":40},"2":{"loc":{"start":{"line":73,"column":4},"end":{"line":73,"column":64}},"type":"if","locations":[{"start":{"line":73,"column":4},"end":{"line":73,"column":64}},{"start":{},"end":{}}],"line":73}},"s":{"0":5,"1":5,"2":5,"3":5,"4":1,"5":1,"6":1,"7":1,"8":0,"9":5,"10":3,"11":3,"12":3,"13":3,"14":3,"15":1,"16":2,"17":2,"18":2,"19":2,"20":2,"21":2,"22":1,"23":1,"24":1,"25":1,"26":0,"27":5,"28":2,"29":2,"30":2,"31":2,"32":2,"33":2,"34":2,"35":2,"36":2,"37":1,"38":1,"39":1,"40":0,"41":0},"f":{"0":1,"1":3,"2":2,"3":2,"4":2},"b":{"0":[1,2],"1":[1,1],"2":[1,1]},"_coverageSchema":"1a1c01bbd47fc00a2c39e90264f33305004495a9","hash":"80ed3ad2dcc4dba314c5115b9b6e08fa55539c71"}
,"F:\\New Document\\Documents\\00.Training Bootcamp Phincon\\12. Final Project\\server\\controllers\\userController.js": {"path":"F:\\New Document\\Documents\\00.Training Bootcamp Phincon\\12. Final Project\\server\\controllers\\userController.js","statementMap":{"0":{"start":{"line":7,"column":4},"end":{"line":7,"column":46}},"1":{"start":{"line":8,"column":42},"end":{"line":8,"column":73}},"2":{"start":{"line":17,"column":4},"end":{"line":17,"column":24}},"3":{"start":{"line":18,"column":20},"end":{"line":18,"column":55}},"4":{"start":{"line":19,"column":17},"end":{"line":19,"column":49}},"5":{"start":{"line":20,"column":14},"end":{"line":20,"column":30}},"6":{"start":{"line":22,"column":0},"end":{"line":50,"column":2}},"7":{"start":{"line":23,"column":2},"end":{"line":49,"column":3}},"8":{"start":{"line":24,"column":25},"end":{"line":24,"column":33}},"9":{"start":{"line":25,"column":4},"end":{"line":25,"column":46}},"10":{"start":{"line":25,"column":19},"end":{"line":25,"column":46}},"11":{"start":{"line":26,"column":24},"end":{"line":26,"column":44}},"12":{"start":{"line":27,"column":21},"end":{"line":33,"column":6}},"13":{"start":{"line":34,"column":29},"end":{"line":39,"column":6}},"14":{"start":{"line":35,"column":27},"end":{"line":35,"column":56}},"15":{"start":{"line":36,"column":23},"end":{"line":36,"column":78}},"16":{"start":{"line":37,"column":6},"end":{"line":37,"column":46}},"17":{"start":{"line":38,"column":6},"end":{"line":38,"column":46}},"18":{"start":{"line":40,"column":4},"end":{"line":43,"column":6}},"19":{"start":{"line":42,"column":8},"end":{"line":42,"column":77}},"20":{"start":{"line":44,"column":4},"end":{"line":46,"column":7}},"21":{"start":{"line":48,"column":4},"end":{"line":48,"column":34}},"22":{"start":{"line":52,"column":0},"end":{"line":73,"column":2}},"23":{"start":{"line":53,"column":2},"end":{"line":72,"column":3}},"24":{"start":{"line":54,"column":25},"end":{"line":54,"column":33}},"25":{"start":{"line":55,"column":27},"end":{"line":55,"column":37}},"26":{"start":{"line":56,"column":4},"end":{"line":56,"column":61}},"27":{"start":{"line":56,"column":34},"end":{"line":56,"column":61}},"28":{"start":{"line":57,"column":24},"end":{"line":57,"column":44}},"29":{"start":{"line":58,"column":21},"end":{"line":61,"column":6}},"30":{"start":{"line":62,"column":4},"end":{"line":62,"column":46}},"31":{"start":{"line":62,"column":19},"end":{"line":62,"column":46}},"32":{"start":{"line":63,"column":25},"end":{"line":63,"column":54}},"33":{"start":{"line":64,"column":21},"end":{"line":64,"column":76}},"34":{"start":{"line":65,"column":4},"end":{"line":67,"column":5}},"35":{"start":{"line":66,"column":6},"end":{"line":66,"column":69}},"36":{"start":{"line":68,"column":4},"end":{"line":68,"column":44}},"37":{"start":{"line":69,"column":4},"end":{"line":69,"column":50}},"38":{"start":{"line":71,"column":4},"end":{"line":71,"column":34}},"39":{"start":{"line":75,"column":0},"end":{"line":89,"column":2}},"40":{"start":{"line":76,"column":2},"end":{"line":88,"column":3}},"41":{"start":{"line":77,"column":19},"end":{"line":77,"column":22}},"42":{"start":{"line":78,"column":21},"end":{"line":83,"column":6}},"43":{"start":{"line":85,"column":4},"end":{"line":85,"column":50}},"44":{"start":{"line":87,"column":4},"end":{"line":87,"column":34}},"45":{"start":{"line":91,"column":0},"end":{"line":112,"column":2}},"46":{"start":{"line":92,"column":2},"end":{"line":111,"column":3}},"47":{"start":{"line":93,"column":19},"end":{"line":93,"column":22}},"48":{"start":{"line":94,"column":27},"end":{"line":94,"column":37}},"49":{"start":{"line":95,"column":20},"end":{"line":97,"column":6}},"50":{"start":{"line":98,"column":4},"end":{"line":100,"column":5}},"51":{"start":{"line":99,"column":6},"end":{"line":99,"column":68}},"52":{"start":{"line":101,"column":21},"end":{"line":104,"column":6}},"53":{"start":{"line":105,"column":4},"end":{"line":108,"column":7}},"54":{"start":{"line":110,"column":4},"end":{"line":110,"column":34}},"55":{"start":{"line":114,"column":0},"end":{"line":127,"column":2}},"56":{"start":{"line":115,"column":2},"end":{"line":126,"column":3}},"57":{"start":{"line":116,"column":19},"end":{"line":116,"column":22}},"58":{"start":{"line":117,"column":27},"end":{"line":117,"column":37}},"59":{"start":{"line":118,"column":20},"end":{"line":120,"column":6}},"60":{"start":{"line":121,"column":4},"end":{"line":121,"column":45}},"61":{"start":{"line":121,"column":18},"end":{"line":121,"column":45}},"62":{"start":{"line":122,"column":4},"end":{"line":122,"column":28}},"63":{"start":{"line":123,"column":4},"end":{"line":123,"column":74}},"64":{"start":{"line":125,"column":4},"end":{"line":125,"column":34}},"65":{"start":{"line":129,"column":0},"end":{"line":150,"column":2}},"66":{"start":{"line":130,"column":2},"end":{"line":149,"column":3}},"67":{"start":{"line":131,"column":19},"end":{"line":131,"column":22}},"68":{"start":{"line":132,"column":21},"end":{"line":144,"column":6}},"69":{"start":{"line":146,"column":4},"end":{"line":146,"column":50}},"70":{"start":{"line":148,"column":4},"end":{"line":148,"column":34}},"71":{"start":{"line":152,"column":0},"end":{"line":174,"column":2}},"72":{"start":{"line":153,"column":2},"end":{"line":173,"column":3}},"73":{"start":{"line":154,"column":19},"end":{"line":154,"column":22}},"74":{"start":{"line":155,"column":36},"end":{"line":155,"column":44}},"75":{"start":{"line":156,"column":20},"end":{"line":158,"column":6}},"76":{"start":{"line":159,"column":4},"end":{"line":161,"column":5}},"77":{"start":{"line":160,"column":6},"end":{"line":160,"column":70}},"78":{"start":{"line":162,"column":21},"end":{"line":166,"column":6}},"79":{"start":{"line":167,"column":4},"end":{"line":170,"column":7}},"80":{"start":{"line":172,"column":4},"end":{"line":172,"column":34}},"81":{"start":{"line":176,"column":0},"end":{"line":189,"column":2}},"82":{"start":{"line":177,"column":2},"end":{"line":188,"column":3}},"83":{"start":{"line":178,"column":19},"end":{"line":178,"column":22}},"84":{"start":{"line":179,"column":36},"end":{"line":179,"column":44}},"85":{"start":{"line":180,"column":20},"end":{"line":182,"column":6}},"86":{"start":{"line":183,"column":4},"end":{"line":183,"column":45}},"87":{"start":{"line":183,"column":18},"end":{"line":183,"column":45}},"88":{"start":{"line":184,"column":21},"end":{"line":184,"column":65}},"89":{"start":{"line":185,"column":4},"end":{"line":185,"column":50}},"90":{"start":{"line":187,"column":4},"end":{"line":187,"column":34}},"91":{"start":{"line":191,"column":0},"end":{"line":205,"column":2}},"92":{"start":{"line":192,"column":2},"end":{"line":204,"column":3}},"93":{"start":{"line":193,"column":19},"end":{"line":193,"column":22}},"94":{"start":{"line":194,"column":23},"end":{"line":194,"column":33}},"95":{"start":{"line":195,"column":20},"end":{"line":197,"column":6}},"96":{"start":{"line":199,"column":4},"end":{"line":199,"column":45}},"97":{"start":{"line":199,"column":18},"end":{"line":199,"column":45}},"98":{"start":{"line":200,"column":4},"end":{"line":200,"column":28}},"99":{"start":{"line":201,"column":4},"end":{"line":201,"column":75}},"100":{"start":{"line":203,"column":4},"end":{"line":203,"column":34}},"101":{"start":{"line":207,"column":0},"end":{"line":221,"column":2}},"102":{"start":{"line":208,"column":2},"end":{"line":220,"column":3}},"103":{"start":{"line":209,"column":19},"end":{"line":209,"column":22}},"104":{"start":{"line":210,"column":21},"end":{"line":216,"column":6}},"105":{"start":{"line":217,"column":4},"end":{"line":217,"column":50}},"106":{"start":{"line":219,"column":4},"end":{"line":219,"column":34}},"107":{"start":{"line":223,"column":0},"end":{"line":302,"column":2}},"108":{"start":{"line":224,"column":2},"end":{"line":301,"column":3}},"109":{"start":{"line":225,"column":19},"end":{"line":225,"column":22}},"110":{"start":{"line":226,"column":37},"end":{"line":226,"column":45}},"111":{"start":{"line":227,"column":4},"end":{"line":227,"column":61}},"112":{"start":{"line":227,"column":34},"end":{"line":227,"column":61}},"113":{"start":{"line":228,"column":19},"end":{"line":228,"column":21}},"114":{"start":{"line":229,"column":31},"end":{"line":234,"column":6}},"115":{"start":{"line":230,"column":6},"end":{"line":232,"column":7}},"116":{"start":{"line":231,"column":8},"end":{"line":231,"column":24}},"117":{"start":{"line":233,"column":6},"end":{"line":233,"column":19}},"118":{"start":{"line":235,"column":4},"end":{"line":238,"column":7}},"119":{"start":{"line":236,"column":35},"end":{"line":236,"column":78}},"120":{"start":{"line":237,"column":6},"end":{"line":237,"column":34}},"121":{"start":{"line":237,"column":17},"end":{"line":237,"column":34}},"122":{"start":{"line":239,"column":21},"end":{"line":294,"column":6}},"123":{"start":{"line":240,"column":20},"end":{"line":248,"column":7}},"124":{"start":{"line":250,"column":6},"end":{"line":260,"column":7}},"125":{"start":{"line":250,"column":19},"end":{"line":250,"column":20}},"126":{"start":{"line":251,"column":21},"end":{"line":251,"column":42}},"127":{"start":{"line":252,"column":8},"end":{"line":259,"column":10}},"128":{"start":{"line":262,"column":21},"end":{"line":266,"column":8}},"129":{"start":{"line":268,"column":45},"end":{"line":268,"column":65}},"130":{"start":{"line":269,"column":20},"end":{"line":279,"column":11}},"131":{"start":{"line":270,"column":8},"end":{"line":275,"column":10}},"132":{"start":{"line":276,"column":29},"end":{"line":276,"column":66}},"133":{"start":{"line":277,"column":8},"end":{"line":277,"column":80}},"134":{"start":{"line":277,"column":57},"end":{"line":277,"column":80}},"135":{"start":{"line":278,"column":8},"end":{"line":278,"column":70}},"136":{"start":{"line":280,"column":6},"end":{"line":282,"column":7}},"137":{"start":{"line":281,"column":8},"end":{"line":281,"column":40}},"138":{"start":{"line":283,"column":23},"end":{"line":286,"column":7}},"139":{"start":{"line":287,"column":6},"end":{"line":292,"column":7}},"140":{"start":{"line":288,"column":8},"end":{"line":291,"column":9}},"141":{"start":{"line":288,"column":21},"end":{"line":288,"column":22}},"142":{"start":{"line":289,"column":21},"end":{"line":289,"column":30}},"143":{"start":{"line":290,"column":10},"end":{"line":290,"column":68}},"144":{"start":{"line":293,"column":6},"end":{"line":293,"column":22}},"145":{"start":{"line":296,"column":4},"end":{"line":296,"column":80}},"146":{"start":{"line":298,"column":4},"end":{"line":299,"column":69}},"147":{"start":{"line":299,"column":6},"end":{"line":299,"column":69}},"148":{"start":{"line":300,"column":4},"end":{"line":300,"column":34}},"149":{"start":{"line":304,"column":0},"end":{"line":320,"column":2}},"150":{"start":{"line":305,"column":2},"end":{"line":319,"column":3}},"151":{"start":{"line":306,"column":19},"end":{"line":306,"column":22}},"152":{"start":{"line":307,"column":24},"end":{"line":307,"column":34}},"153":{"start":{"line":308,"column":20},"end":{"line":310,"column":6}},"154":{"start":{"line":311,"column":4},"end":{"line":311,"column":45}},"155":{"start":{"line":311,"column":18},"end":{"line":311,"column":45}},"156":{"start":{"line":312,"column":4},"end":{"line":314,"column":5}},"157":{"start":{"line":313,"column":6},"end":{"line":313,"column":68}},"158":{"start":{"line":315,"column":4},"end":{"line":315,"column":28}},"159":{"start":{"line":316,"column":4},"end":{"line":316,"column":71}},"160":{"start":{"line":318,"column":4},"end":{"line":318,"column":34}},"161":{"start":{"line":322,"column":0},"end":{"line":338,"column":2}},"162":{"start":{"line":323,"column":2},"end":{"line":337,"column":3}},"163":{"start":{"line":324,"column":19},"end":{"line":324,"column":22}},"164":{"start":{"line":325,"column":24},"end":{"line":325,"column":34}},"165":{"start":{"line":326,"column":21},"end":{"line":332,"column":6}},"166":{"start":{"line":333,"column":4},"end":{"line":333,"column":46}},"167":{"start":{"line":333,"column":19},"end":{"line":333,"column":46}},"168":{"start":{"line":334,"column":4},"end":{"line":334,"column":50}},"169":{"start":{"line":336,"column":4},"end":{"line":336,"column":34}},"170":{"start":{"line":340,"column":0},"end":{"line":368,"column":2}},"171":{"start":{"line":341,"column":2},"end":{"line":367,"column":3}},"172":{"start":{"line":342,"column":24},"end":{"line":342,"column":34}},"173":{"start":{"line":343,"column":18},"end":{"line":345,"column":6}},"174":{"start":{"line":346,"column":4},"end":{"line":348,"column":5}},"175":{"start":{"line":347,"column":6},"end":{"line":347,"column":64}},"176":{"start":{"line":349,"column":22},"end":{"line":360,"column":5}},"177":{"start":{"line":361,"column":18},"end":{"line":361,"column":62}},"178":{"start":{"line":362,"column":4},"end":{"line":362,"column":43}},"179":{"start":{"line":362,"column":16},"end":{"line":362,"column":43}},"180":{"start":{"line":363,"column":4},"end":{"line":363,"column":49}},"181":{"start":{"line":364,"column":4},"end":{"line":364,"column":48}},"182":{"start":{"line":366,"column":4},"end":{"line":366,"column":34}},"183":{"start":{"line":370,"column":0},"end":{"line":387,"column":2}},"184":{"start":{"line":371,"column":2},"end":{"line":386,"column":3}},"185":{"start":{"line":372,"column":19},"end":{"line":372,"column":22}},"186":{"start":{"line":373,"column":24},"end":{"line":373,"column":34}},"187":{"start":{"line":374,"column":18},"end":{"line":376,"column":6}},"188":{"start":{"line":378,"column":4},"end":{"line":380,"column":5}},"189":{"start":{"line":379,"column":6},"end":{"line":379,"column":63}},"190":{"start":{"line":381,"column":4},"end":{"line":381,"column":70}},"191":{"start":{"line":382,"column":4},"end":{"line":382,"column":54}},"192":{"start":{"line":383,"column":4},"end":{"line":383,"column":65}},"193":{"start":{"line":385,"column":4},"end":{"line":385,"column":34}},"194":{"start":{"line":389,"column":0},"end":{"line":415,"column":2}},"195":{"start":{"line":390,"column":17},"end":{"line":390,"column":20}},"196":{"start":{"line":391,"column":22},"end":{"line":391,"column":32}},"197":{"start":{"line":392,"column":2},"end":{"line":414,"column":3}},"198":{"start":{"line":393,"column":21},"end":{"line":403,"column":5}},"199":{"start":{"line":404,"column":4},"end":{"line":410,"column":5}},"200":{"start":{"line":405,"column":6},"end":{"line":408,"column":8}},"201":{"start":{"line":409,"column":6},"end":{"line":409,"column":57}},"202":{"start":{"line":411,"column":4},"end":{"line":411,"column":34}},"203":{"start":{"line":413,"column":4},"end":{"line":413,"column":34}}},"fnMap":{"0":{"name":"(anonymous_0)","decl":{"start":{"line":22,"column":24},"end":{"line":22,"column":25}},"loc":{"start":{"line":22,"column":44},"end":{"line":50,"column":1}},"line":22},"1":{"name":"(anonymous_1)","decl":{"start":{"line":34,"column":45},"end":{"line":34,"column":46}},"loc":{"start":{"line":34,"column":59},"end":{"line":39,"column":5}},"line":34},"2":{"name":"(anonymous_2)","decl":{"start":{"line":41,"column":6},"end":{"line":41,"column":7}},"loc":{"start":{"line":42,"column":8},"end":{"line":42,"column":77}},"line":42},"3":{"name":"(anonymous_3)","decl":{"start":{"line":52,"column":25},"end":{"line":52,"column":26}},"loc":{"start":{"line":52,"column":45},"end":{"line":73,"column":1}},"line":52},"4":{"name":"(anonymous_4)","decl":{"start":{"line":75,"column":21},"end":{"line":75,"column":22}},"loc":{"start":{"line":75,"column":41},"end":{"line":89,"column":1}},"line":75},"5":{"name":"(anonymous_5)","decl":{"start":{"line":91,"column":23},"end":{"line":91,"column":24}},"loc":{"start":{"line":91,"column":43},"end":{"line":112,"column":1}},"line":91},"6":{"name":"(anonymous_6)","decl":{"start":{"line":114,"column":28},"end":{"line":114,"column":29}},"loc":{"start":{"line":114,"column":48},"end":{"line":127,"column":1}},"line":114},"7":{"name":"(anonymous_7)","decl":{"start":{"line":129,"column":18},"end":{"line":129,"column":19}},"loc":{"start":{"line":129,"column":38},"end":{"line":150,"column":1}},"line":129},"8":{"name":"(anonymous_8)","decl":{"start":{"line":152,"column":20},"end":{"line":152,"column":21}},"loc":{"start":{"line":152,"column":40},"end":{"line":174,"column":1}},"line":152},"9":{"name":"(anonymous_9)","decl":{"start":{"line":176,"column":25},"end":{"line":176,"column":26}},"loc":{"start":{"line":176,"column":45},"end":{"line":189,"column":1}},"line":176},"10":{"name":"(anonymous_10)","decl":{"start":{"line":191,"column":25},"end":{"line":191,"column":26}},"loc":{"start":{"line":191,"column":45},"end":{"line":205,"column":1}},"line":191},"11":{"name":"(anonymous_11)","decl":{"start":{"line":207,"column":22},"end":{"line":207,"column":23}},"loc":{"start":{"line":207,"column":42},"end":{"line":221,"column":1}},"line":207},"12":{"name":"(anonymous_12)","decl":{"start":{"line":223,"column":22},"end":{"line":223,"column":23}},"loc":{"start":{"line":223,"column":42},"end":{"line":302,"column":1}},"line":223},"13":{"name":"(anonymous_13)","decl":{"start":{"line":229,"column":46},"end":{"line":229,"column":47}},"loc":{"start":{"line":229,"column":68},"end":{"line":234,"column":5}},"line":229},"14":{"name":"(anonymous_14)","decl":{"start":{"line":235,"column":31},"end":{"line":235,"column":32}},"loc":{"start":{"line":235,"column":44},"end":{"line":238,"column":5}},"line":235},"15":{"name":"(anonymous_15)","decl":{"start":{"line":239,"column":49},"end":{"line":239,"column":50}},"loc":{"start":{"line":239,"column":62},"end":{"line":294,"column":5}},"line":239},"16":{"name":"(anonymous_16)","decl":{"start":{"line":269,"column":49},"end":{"line":269,"column":50}},"loc":{"start":{"line":269,"column":73},"end":{"line":279,"column":7}},"line":269},"17":{"name":"(anonymous_17)","decl":{"start":{"line":304,"column":22},"end":{"line":304,"column":23}},"loc":{"start":{"line":304,"column":42},"end":{"line":320,"column":1}},"line":304},"18":{"name":"(anonymous_18)","decl":{"start":{"line":322,"column":25},"end":{"line":322,"column":26}},"loc":{"start":{"line":322,"column":45},"end":{"line":338,"column":1}},"line":322},"19":{"name":"(anonymous_19)","decl":{"start":{"line":340,"column":30},"end":{"line":340,"column":31}},"loc":{"start":{"line":340,"column":50},"end":{"line":368,"column":1}},"line":340},"20":{"name":"(anonymous_20)","decl":{"start":{"line":370,"column":29},"end":{"line":370,"column":30}},"loc":{"start":{"line":370,"column":49},"end":{"line":387,"column":1}},"line":370},"21":{"name":"(anonymous_21)","decl":{"start":{"line":389,"column":39},"end":{"line":389,"column":40}},"loc":{"start":{"line":389,"column":59},"end":{"line":415,"column":1}},"line":389}},"branchMap":{"0":{"loc":{"start":{"line":25,"column":4},"end":{"line":25,"column":46}},"type":"if","locations":[{"start":{"line":25,"column":4},"end":{"line":25,"column":46}},{"start":{},"end":{}}],"line":25},"1":{"loc":{"start":{"line":56,"column":4},"end":{"line":56,"column":61}},"type":"if","locations":[{"start":{"line":56,"column":4},"end":{"line":56,"column":61}},{"start":{},"end":{}}],"line":56},"2":{"loc":{"start":{"line":56,"column":8},"end":{"line":56,"column":32}},"type":"binary-expr","locations":[{"start":{"line":56,"column":8},"end":{"line":56,"column":17}},{"start":{"line":56,"column":21},"end":{"line":56,"column":32}}],"line":56},"3":{"loc":{"start":{"line":62,"column":4},"end":{"line":62,"column":46}},"type":"if","locations":[{"start":{"line":62,"column":4},"end":{"line":62,"column":46}},{"start":{},"end":{}}],"line":62},"4":{"loc":{"start":{"line":65,"column":4},"end":{"line":67,"column":5}},"type":"if","locations":[{"start":{"line":65,"column":4},"end":{"line":67,"column":5}},{"start":{},"end":{}}],"line":65},"5":{"loc":{"start":{"line":98,"column":4},"end":{"line":100,"column":5}},"type":"if","locations":[{"start":{"line":98,"column":4},"end":{"line":100,"column":5}},{"start":{},"end":{}}],"line":98},"6":{"loc":{"start":{"line":121,"column":4},"end":{"line":121,"column":45}},"type":"if","locations":[{"start":{"line":121,"column":4},"end":{"line":121,"column":45}},{"start":{},"end":{}}],"line":121},"7":{"loc":{"start":{"line":159,"column":4},"end":{"line":161,"column":5}},"type":"if","locations":[{"start":{"line":159,"column":4},"end":{"line":161,"column":5}},{"start":{},"end":{}}],"line":159},"8":{"loc":{"start":{"line":183,"column":4},"end":{"line":183,"column":45}},"type":"if","locations":[{"start":{"line":183,"column":4},"end":{"line":183,"column":45}},{"start":{},"end":{}}],"line":183},"9":{"loc":{"start":{"line":199,"column":4},"end":{"line":199,"column":45}},"type":"if","locations":[{"start":{"line":199,"column":4},"end":{"line":199,"column":45}},{"start":{},"end":{}}],"line":199},"10":{"loc":{"start":{"line":227,"column":4},"end":{"line":227,"column":61}},"type":"if","locations":[{"start":{"line":227,"column":4},"end":{"line":227,"column":61}},{"start":{},"end":{}}],"line":227},"11":{"loc":{"start":{"line":227,"column":8},"end":{"line":227,"column":32}},"type":"binary-expr","locations":[{"start":{"line":227,"column":8},"end":{"line":227,"column":19}},{"start":{"line":227,"column":23},"end":{"line":227,"column":32}}],"line":227},"12":{"loc":{"start":{"line":230,"column":6},"end":{"line":232,"column":7}},"type":"if","locations":[{"start":{"line":230,"column":6},"end":{"line":232,"column":7}},{"start":{},"end":{}}],"line":230},"13":{"loc":{"start":{"line":237,"column":6},"end":{"line":237,"column":34}},"type":"if","locations":[{"start":{"line":237,"column":6},"end":{"line":237,"column":34}},{"start":{},"end":{}}],"line":237},"14":{"loc":{"start":{"line":277,"column":8},"end":{"line":277,"column":80}},"type":"if","locations":[{"start":{"line":277,"column":8},"end":{"line":277,"column":80}},{"start":{},"end":{}}],"line":277},"15":{"loc":{"start":{"line":280,"column":6},"end":{"line":282,"column":7}},"type":"if","locations":[{"start":{"line":280,"column":6},"end":{"line":282,"column":7}},{"start":{},"end":{}}],"line":280},"16":{"loc":{"start":{"line":287,"column":6},"end":{"line":292,"column":7}},"type":"if","locations":[{"start":{"line":287,"column":6},"end":{"line":292,"column":7}},{"start":{},"end":{}}],"line":287},"17":{"loc":{"start":{"line":298,"column":4},"end":{"line":299,"column":69}},"type":"if","locations":[{"start":{"line":298,"column":4},"end":{"line":299,"column":69}},{"start":{},"end":{}}],"line":298},"18":{"loc":{"start":{"line":311,"column":4},"end":{"line":311,"column":45}},"type":"if","locations":[{"start":{"line":311,"column":4},"end":{"line":311,"column":45}},{"start":{},"end":{}}],"line":311},"19":{"loc":{"start":{"line":312,"column":4},"end":{"line":314,"column":5}},"type":"if","locations":[{"start":{"line":312,"c
[...]
,"F:\\New Document\\Documents\\00.Training Bootcamp Phincon\\12. Final Project\\server\\routers\\messageRoute.js": {"path":"F:\\New Document\\Documents\\00.Training Bootcamp Phincon\\12. Final Project\\server\\routers\\messageRoute.js","statementMap":{"0":{"start":{"line":1,"column":19},"end":{"line":1,"column":37}},"1":{"start":{"line":6,"column":4},"end":{"line":6,"column":47}},"2":{"start":{"line":7,"column":37},"end":{"line":7,"column":79}},"3":{"start":{"line":9,"column":15},"end":{"line":9,"column":23}},"4":{"start":{"line":11,"column":0},"end":{"line":11,"column":28}},"5":{"start":{"line":12,"column":0},"end":{"line":12,"column":46}},"6":{"start":{"line":13,"column":0},"end":{"line":13,"column":37}},"7":{"start":{"line":14,"column":0},"end":{"line":14,"column":48}},"8":{"start":{"line":16,"column":0},"end":{"line":16,"column":24}}},"fnMap":{},"branchMap":{},"s":{"0":5,"1":5,"2":5,"3":5,"4":5,"5":5,"6":5,"7":5,"8":5},"f":{},"b":{},"_coverageSchema":"1a1c01bbd47fc00a2c39e90264f33305004495a9","hash":"8de7a8440c1b3e7526824f64938428cc6292ed48"}
,"F:\\New Document\\Documents\\00.Training Bootcamp Phincon\\12. Final Project\\server\\routers\\userRoute.js": {"path":"F:\\New Document\\Documents\\00.Training Bootcamp Phincon\\12. Final Project\\server\\routers\\userRoute.js","statementMap":{"0":{"start":{"line":1,"column":19},"end":{"line":1,"column":37}},"1":{"start":{"line":19,"column":4},"end":{"line":19,"column":44}},"2":{"start":{"line":22,"column":4},"end":{"line":22,"column":53}},"3":{"start":{"line":23,"column":34},"end":{"line":23,"column":76}},"4":{"start":{"line":25,"column":15},"end":{"line":25,"column":23}},"5":{"start":{"line":27,"column":0},"end":{"line":27,"column":40}},"6":{"start":{"line":29,"column":0},"end":{"line":29,"column":37}},"7":{"start":{"line":30,"column":0},"end":{"line":30,"column":34}},"8":{"start":{"line":32,"column":0},"end":{"line":32,"column":59}},"9":{"start":{"line":33,"column":0},"end":{"line":33,"column":35}},"10":{"start":{"line":34,"column":0},"end":{"line":34,"column":54}},"11":{"start":{"line":35,"column":0},"end":{"line":35,"column":64}},"12":{"start":{"line":36,"column":0},"end":{"line":36,"column":29}},"13":{"start":{"line":37,"column":0},"end":{"line":37,"column":36}},"14":{"start":{"line":38,"column":0},"end":{"line":38,"column":51}},"15":{"start":{"line":39,"column":0},"end":{"line":39,"column":54}},"16":{"start":{"line":40,"column":0},"end":{"line":40,"column":35}},"17":{"start":{"line":41,"column":0},"end":{"line":41,"column":39}},"18":{"start":{"line":42,"column":0},"end":{"line":42,"column":53}},"19":{"start":{"line":43,"column":0},"end":{"line":43,"column":46}},"20":{"start":{"line":44,"column":0},"end":{"line":44,"column":59}},"21":{"start":{"line":45,"column":0},"end":{"line":45,"column":64}},"22":{"start":{"line":46,"column":0},"end":{"line":46,"column":70}},"23":{"start":{"line":48,"column":0},"end":{"line":48,"column":24}}},"fnMap":{},"branchMap":{},"s":{"0":5,"1":5,"2":5,"3":5,"4":5,"5":5,"6":5,"7":5,"8":5,"9":5,"10":5,"11":5,"12":5,"13":5,"14":5,"15":5,"16":5,"17":5,"18":5,"19":5,"20":5,"21":5,"22":5,"23":5},"f":{},"b":{},"_coverageSchema":"1a1c01bbd47fc00a2c39e90264f33305004495a9","hash":"cd0e8e0ef17e42b65a1009055ecf5a12e80a37c5"}
,"F:\\New Document\\Documents\\00.Training Bootcamp Phincon\\12. Final Project\\server\\utils\\bcryptUtil.js": {"path":"F:\\New Document\\Documents\\00.Training Bootcamp Phincon\\12. Final Project\\server\\utils\\bcryptUtil.js","statementMap":{"0":{"start":{"line":1,"column":15},"end":{"line":1,"column":32}},"1":{"start":{"line":3,"column":0},"end":{"line":6,"column":2}},"2":{"start":{"line":4,"column":15},"end":{"line":4,"column":37}},"3":{"start":{"line":5,"column":2},"end":{"line":5,"column":41}},"4":{"start":{"line":8,"column":0},"end":{"line":10,"column":2}},"5":{"start":{"line":9,"column":2},"end":{"line":9,"column":57}}},"fnMap":{"0":{"name":"(anonymous_0)","decl":{"start":{"line":3,"column":23},"end":{"line":3,"column":24}},"loc":{"start":{"line":3,"column":37},"end":{"line":6,"column":1}},"line":3},"1":{"name":"(anonymous_1)","decl":{"start":{"line":8,"column":26},"end":{"line":8,"column":27}},"loc":{"start":{"line":8,"column":59},"end":{"line":10,"column":1}},"line":8}},"branchMap":{},"s":{"0":5,"1":5,"2":16,"3":16,"4":5,"5":11},"f":{"0":16,"1":11},"b":{},"_coverageSchema":"1a1c01bbd47fc00a2c39e90264f33305004495a9","hash":"a8c926591b5ed538d7c88d9ba8df18235baf2b88"}
,"F:\\New Document\\Documents\\00.Training Bootcamp Phincon\\12. Final Project\\server\\utils\\getDistanceUtil.js": {"path":"F:\\New Document\\Documents\\00.Training Bootcamp Phincon\\12. Final Project\\server\\utils\\getDistanceUtil.js","statementMap":{"0":{"start":{"line":2,"column":16},"end":{"line":2,"column":46}},"1":{"start":{"line":2,"column":25},"end":{"line":2,"column":46}},"2":{"start":{"line":5,"column":20},"end":{"line":22,"column":1}},"3":{"start":{"line":6,"column":12},"end":{"line":6,"column":16}},"4":{"start":{"line":8,"column":15},"end":{"line":8,"column":35}},"5":{"start":{"line":9,"column":15},"end":{"line":9,"column":35}},"6":{"start":{"line":12,"column":4},"end":{"line":16,"column":24}},"7":{"start":{"line":18,"column":12},"end":{"line":18,"column":58}},"8":{"start":{"line":20,"column":19},"end":{"line":20,"column":24}},"9":{"start":{"line":21,"column":2},"end":{"line":21,"column":41}},"10":{"start":{"line":24,"column":0},"end":{"line":24,"column":29}}},"fnMap":{"0":{"name":"(anonymous_0)","decl":{"start":{"line":2,"column":16},"end":{"line":2,"column":17}},"loc":{"start":{"line":2,"column":25},"end":{"line":2,"column":46}},"line":2},"1":{"name":"(anonymous_1)","decl":{"start":{"line":5,"column":20},"end":{"line":5,"column":21}},"loc":{"start":{"line":5,"column":48},"end":{"line":22,"column":1}},"line":5}},"branchMap":{},"s":{"0":5,"1":16,"2":5,"3":4,"4":4,"5":4,"6":4,"7":4,"8":4,"9":4,"10":5},"f":{"0":16,"1":4},"b":{},"_coverageSchema":"1a1c01bbd47fc00a2c39e90264f33305004495a9","hash":"0a1e4d90373c8f58357a6c02afdd0c3d73f18116"}
,"F:\\New Document\\Documents\\00.Training Bootcamp Phincon\\12. Final Project\\server\\utils\\googleLoginUtil.js": {"path":"F:\\New Document\\Documents\\00.Training Bootcamp Phincon\\12. Final Project\\server\\utils\\googleLoginUtil.js","statementMap":{"0":{"start":{"line":1,"column":0},"end":{"line":1,"column":27}},"1":{"start":{"line":2,"column":19},"end":{"line":2,"column":40}},"2":{"start":{"line":4,"column":0},"end":{"line":4,"column":15}},"3":{"start":{"line":6,"column":21},"end":{"line":10,"column":1}},"4":{"start":{"line":11,"column":0},"end":{"line":11,"column":36}},"5":{"start":{"line":13,"column":15},"end":{"line":16,"column":1}},"6":{"start":{"line":18,"column":0},"end":{"line":22,"column":3}}},"fnMap":{},"branchMap":{},"s":{"0":4,"1":4,"2":4,"3":4,"4":4,"5":4,"6":4},"f":{},"b":{},"_coverageSchema":"1a1c01bbd47fc00a2c39e90264f33305004495a9","hash":"3d31943c46b5b81745ffc1cfe3144c0bda7fb2c7"}
,"F:\\New Document\\Documents\\00.Training Bootcamp Phincon\\12. Final Project\\server\\utils\\jwtUtil.js": {"path":"F:\\New Document\\Documents\\00.Training Bootcamp Phincon\\12. Final Project\\server\\utils\\jwtUtil.js","statementMap":{"0":{"start":{"line":1,"column":12},"end":{"line":1,"column":29}},"1":{"start":{"line":2,"column":12},"end":{"line":2,"column":35}},"2":{"start":{"line":3,"column":0},"end":{"line":3,"column":13}},"3":{"start":{"line":5,"column":18},"end":{"line":5,"column":40}},"4":{"start":{"line":6,"column":25},"end":{"line":6,"column":55}},"5":{"start":{"line":7,"column":29},"end":{"line":7,"column":64}},"6":{"start":{"line":8,"column":35},"end":{"line":8,"column":77}},"7":{"start":{"line":10,"column":0},"end":{"line":16,"column":2}},"8":{"start":{"line":11,"column":33},"end":{"line":11,"column":37}},"9":{"start":{"line":12,"column":2},"end":{"line":14,"column":3}},"10":{"start":{"line":13,"column":4},"end":{"line":13,"column":17}},"11":{"start":{"line":15,"column":2},"end":{"line":15,"column":75}},"12":{"start":{"line":18,"column":0},"end":{"line":23,"column":2}},"13":{"start":{"line":19,"column":2},"end":{"line":22,"column":5}},"14":{"start":{"line":20,"column":4},"end":{"line":20,"column":32}},"15":{"start":{"line":20,"column":17},"end":{"line":20,"column":32}},"16":{"start":{"line":21,"column":4},"end":{"line":21,"column":36}},"17":{"start":{"line":21,"column":13},"end":{"line":21,"column":36}},"18":{"start":{"line":26,"column":0},"end":{"line":31,"column":2}},"19":{"start":{"line":27,"column":2},"end":{"line":29,"column":3}},"20":{"start":{"line":28,"column":4},"end":{"line":28,"column":17}},"21":{"start":{"line":30,"column":2},"end":{"line":30,"column":77}},"22":{"start":{"line":33,"column":0},"end":{"line":38,"column":2}},"23":{"start":{"line":34,"column":2},"end":{"line":37,"column":5}},"24":{"start":{"line":35,"column":4},"end":{"line":35,"column":32}},"25":{"start":{"line":35,"column":17},"end":{"line":35,"column":32}},"26":{"start":{"line":36,"column":4},"end":{"line":36,"column":36}},"27":{"start":{"line":36,"column":13},"end":{"line":36,"column":36}},"28":{"start":{"line":41,"column":0},"end":{"line":46,"column":2}},"29":{"start":{"line":42,"column":2},"end":{"line":44,"column":3}},"30":{"start":{"line":43,"column":4},"end":{"line":43,"column":17}},"31":{"start":{"line":45,"column":2},"end":{"line":45,"column":79}},"32":{"start":{"line":48,"column":0},"end":{"line":53,"column":2}},"33":{"start":{"line":49,"column":2},"end":{"line":52,"column":5}},"34":{"start":{"line":50,"column":4},"end":{"line":50,"column":32}},"35":{"start":{"line":50,"column":17},"end":{"line":50,"column":32}},"36":{"start":{"line":51,"column":4},"end":{"line":51,"column":36}},"37":{"start":{"line":51,"column":13},"end":{"line":51,"column":36}},"38":{"start":{"line":56,"column":0},"end":{"line":64,"column":2}},"39":{"start":{"line":57,"column":33},"end":{"line":57,"column":37}},"40":{"start":{"line":58,"column":2},"end":{"line":60,"column":3}},"41":{"start":{"line":59,"column":4},"end":{"line":59,"column":17}},"42":{"start":{"line":61,"column":2},"end":{"line":63,"column":5}},"43":{"start":{"line":66,"column":0},"end":{"line":71,"column":2}},"44":{"start":{"line":67,"column":2},"end":{"line":70,"column":5}},"45":{"start":{"line":68,"column":4},"end":{"line":68,"column":32}},"46":{"start":{"line":68,"column":17},"end":{"line":68,"column":32}},"47":{"start":{"line":69,"column":4},"end":{"line":69,"column":36}},"48":{"start":{"line":69,"column":13},"end":{"line":69,"column":36}}},"fnMap":{"0":{"name":"(anonymous_0)","decl":{"start":{"line":10,"column":22},"end":{"line":10,"column":23}},"loc":{"start":{"line":10,"column":32},"end":{"line":16,"column":1}},"line":10},"1":{"name":"(anonymous_1)","decl":{"start":{"line":18,"column":22},"end":{"line":18,"column":23}},"loc":{"start":{"line":18,"column":33},"end":{"line":23,"column":1}},"line":18},"2":{"name":"(anonymous_2)","decl":{"start":{"line":19,"column":38},"end":{"line":19,"column":39}},"loc":{"start":{"line":19,"column":56},"end":{"line":22,"column":3}},"line":19},"3":{"name":"(anonymous_3)","decl":{"start":{"line":26,"column":33},"end":{"line":26,"column":34}},"loc":{"start":{"line":26,"column":49},"end":{"line":31,"column":1}},"line":26},"4":{"name":"(anonymous_4)","decl":{"start":{"line":33,"column":33},"end":{"line":33,"column":34}},"loc":{"start":{"line":33,"column":44},"end":{"line":38,"column":1}},"line":33},"5":{"name":"(anonymous_5)","decl":{"start":{"line":34,"column":49},"end":{"line":34,"column":50}},"loc":{"start":{"line":34,"column":67},"end":{"line":37,"column":3}},"line":34},"6":{"name":"(anonymous_6)","decl":{"start":{"line":41,"column":39},"end":{"line":41,"column":40}},"loc":{"start":{"line":41,"column":50},"end":{"line":46,"column":1}},"line":41},"7":{"name":"(anonymous_7)","decl":{"start":{"line":48,"column":39},"end":{"line":48,"column":40}},"loc":{"start":{"line":48,"column":50},"end":{"line":53,"column":1}},"line":48},"8":{"name":"(anonymous_8)","decl":{"start":{"line":49,"column":55},"end":{"line":49,"column":56}},"loc":{"start":{"line":49,"column":73},"end":{"line":52,"column":3}},"line":49},"9":{"name":"(anonymous_9)","decl":{"start":{"line":56,"column":29},"end":{"line":56,"column":30}},"loc":{"start":{"line":56,"column":39},"end":{"line":64,"column":1}},"line":56},"10":{"name":"(anonymous_10)","decl":{"start":{"line":66,"column":29},"end":{"line":66,"column":30}},"loc":{"start":{"line":66,"column":40},"end":{"line":71,"column":1}},"line":66},"11":{"name":"(anonymous_11)","decl":{"start":{"line":67,"column":45},"end":{"line":67,"column":46}},"loc":{"start":{"line":67,"column":63},"end":{"line":70,"column":3}},"line":67}},"branchMap":{"0":{"loc":{"start":{"line":12,"column":2},"end":{"line":14,"column":3}},"type":"if","locations":[{"start":{"line":12,"column":2},"end":{"line":14,"column":3}},{"start":{},"end":{}}],"line":12},"1":{"loc":{"start":{"line":12,"column":6},"end":{"line":12,"column":31}},"type":"binary-expr","locations":[{"start":{"line":12,"column":6},"end":{"line":12,"column":11}},{"start":{"line":12,"column":15},"end":{"line":12,"column":18}},{"start":{"line":12,"column":22},"end":{"line":12,"column":31}}],"line":12},"2":{"loc":{"start":{"line":20,"column":4},"end":{"line":20,"column":32}},"type":"if","locations":[{"start":{"line":20,"column":4},"end":{"line":20,"column":32}},{"start":{},"end":{}}],"line":20},"3":{"loc":{"start":{"line":21,"column":4},"end":{"line":21,"column":36}},"type":"if","locations":[{"start":{"line":21,"column":4},"end":{"line":21,"column":36}},{"start":{},"end":{}}],"line":21},"4":{"loc":{"start":{"line":27,"column":2},"end":{"line":29,"column":3}},"type":"if","locations":[{"start":{"line":27,"column":2},"end":{"line":29,"column":3}},{"start":{},"end":{}}],"line":27},"5":{"loc":{"start":{"line":27,"column":6},"end":{"line":27,"column":20}},"type":"binary-expr","locations":[{"start":{"line":27,"column":6},"end":{"line":27,"column":10}},{"start":{"line":27,"column":14},"end":{"line":27,"column":20}}],"line":27},"6":{"loc":{"start":{"line":35,"column":4},"end":{"line":35,"column":32}},"type":"if","locations":[{"start":{"line":35,"column":4},"end":{"line":35,"column":32}},{"start":{},"end":{}}],"line":35},"7":{"loc":{"start":{"line":36,"column":4},"end":{"line":36,"column":36}},"type":"if","locations":[{"start":{"line":36,"column":4},"end":{"line":36,"column":36}},{"start":{},"end":{}}],"line":36},"8":{"loc":{"start":{"line":42,"column":2},"end":{"line":44,"column":3}},"type":"if","locations":[{"start":{"line":42,"column":2},"end":{"line":44,"column":3}},{"start":{},"end":{}}],"line":42},"9":{"loc":{"start":{"line":50,"column":4},"end":{"line":50,"column":32}},"type":"if","locations":[{"start":{"line":50,"column":4},"end":{"line":50,"column":32}},{"start":{},"end":{}}],"line":50},"10":{"loc":{"start":{"line":51,"column":4},"end":{"line":51,"column":36}},"type":"if","locations":[{"start":{"line":51,"column":4},"end":{"line":51,"column":36}},{"start":{},"end":{}}],"line":51},"11":{"loc":{"start":{"line":58,"column":2},"end":{"line":60,"column":3}},"type":"if","locations":[{"start":{"line":58,"column":2},"end":{"line":60,"column":3}},{"start":{},"end":{}}],"line":58},"12":{"loc":{"start":{"line":58,"column":6},"end":{"line":58,"column":18}},"type":"binary-expr","locations":[{"start":{"line":58,"column":6},"end":{"line":58,"column":11}},{"start":{"line":58,"column":15},"end":{"line":58,"column":18}}],"line":58},"13":{"loc":{"start":{"line":68,"column":4},"end":{"line":68,"column":32}},"type":"if","locations":[{"start":{"line":68,"column":4},"end":{"line":68,"column":32}},{"start":{},"end":{}}],"line":68},"14":{"loc":{"start":{"line":69,"column":4},"end":{"line":69,"column":36}},"type":"if","locations":[{"start":{"line":69,"column":4},"end":{"line":69,"column":36}},{"start":{},"end":{}}],"line":69}},"s":{"0":5,"1":5,"2":5,"3":5,"4":5,"5":5,"6":5,"7":5,"8":10,"9":10,"10":0,"11":10,"12":5,"13":68,"14":68,"15":68,"16":0,"17":0,"18":5,"19":1,"20":0,"21":1,"22":5,"23":3,"24":3,"25":3,"26":0,"27":0,"28":5,"29":2,"30":0,"31":2,"32":5,"33":1,"34":1,"35":1,"36":0,"37":0,"38":5,"39":10,"40":10,"41":0,"42":10,"43":5,"44":2,"45":2,"46":1,"47":1,"48":1},"f":{"0":10,"1":68,"2":68,"3":1,"4":3,"5":3,"6":2,"7":1,"8":1,"9":10,"10":2,"11":2},"b":{"0":[0,10],"1":[10,10,10],"2":[68,0],"3":[0,0],"4":[0,1],"5":[1,1],"6":[3,0],"7":[0,0],"8":[0,2],"9":[1,0],"10":[0,0],"11":[0,10],"12":[10,10],"13":[1,1],"14":[1,0]},"_coverageSchema":"1a1c01bbd47fc00a2c39e90264f33305004495a9","hash":"31260718f39dfe09fe8623efbd708eb18c714acb"}
,"F:\\New Document\\Documents\\00.Training Bootcamp Phincon\\12. Final Project\\server\\utils\\midtransUtil.js": {"path":"F:\\New Document\\Documents\\00.Training Bootcamp Phincon\\12. Final Project\\server\\utils\\midtransUtil.js","statementMap":{"0":{"start":{"line":1,"column":0},"end":{"line":1,"column":27}},"1":{"start":{"line":2,"column":17},"end":{"line":2,"column":43}},"2":{"start":{"line":4,"column":0},"end":{"line":8,"column":3}}},"fnMap":{},"branchMap":{},"s":{"0":5,"1":5,"2":5},"f":{},"b":{},"_coverageSchema":"1a1c01bbd47fc00a2c39e90264f33305004495a9","hash":"aec73fbd5231187d6cf7cc2645ed29d6febf986c"}
,"F:\\New Document\\Documents\\00.Training Bootcamp Phincon\\12. Final Project\\server\\utils\\redisClient.js": {"path":"F:\\New Document\\Documents\\00.Training Bootcamp Phincon\\12. Final Project\\server\\utils\\redisClient.js","statementMap":{"0":{"start":{"line":1,"column":14},"end":{"line":1,"column":32}},"1":{"start":{"line":3,"column":20},"end":{"line":6,"column":2}},"2":{"start":{"line":8,"column":0},"end":{"line":10,"column":3}},"3":{"start":{"line":9,"column":2},"end":{"line":9,"column":49}},"4":{"start":{"line":12,"column":0},"end":{"line":14,"column":3}},"5":{"start":{"line":13,"column":2},"end":{"line":13,"column":51}},"6":{"start":{"line":16,"column":0},"end":{"line":16,"column":29}}},"fnMap":{"0":{"name":"(anonymous_0)","decl":{"start":{"line":8,"column":26},"end":{"line":8,"column":27}},"loc":{"start":{"line":8,"column":32},"end":{"line":10,"column":1}},"line":8},"1":{"name":"(anonymous_1)","decl":{"start":{"line":12,"column":24},"end":{"line":12,"column":25}},"loc":{"start":{"line":12,"column":33},"end":{"line":14,"column":1}},"line":12}},"branchMap":{},"s":{"0":5,"1":5,"2":5,"3":5,"4":5,"5":0,"6":5},"f":{"0":5,"1":0},"b":{},"_coverageSchema":"1a1c01bbd47fc00a2c39e90264f33305004495a9","hash":"3d4d1eacbecf9c0d9725d990b45c8da52a1841a9"}
,"F:\\New Document\\Documents\\00.Training Bootcamp Phincon\\12. Final Project\\server\\utils\\streamChatUtil.js": {"path":"F:\\New Document\\Documents\\00.Training Bootcamp Phincon\\12. Final Project\\server\\utils\\streamChatUtil.js","statementMap":{"0":{"start":{"line":1,"column":23},"end":{"line":1,"column":45}},"1":{"start":{"line":2,"column":15},"end":{"line":2,"column":32}},"2":{"start":{"line":3,"column":0},"end":{"line":3,"column":16}},"3":{"start":{"line":5,"column":19},"end":{"line":8,"column":1}},"4":{"start":{"line":10,"column":0},"end":{"line":10,"column":38}}},"fnMap":{},"branchMap":{},"s":{"0":1,"1":1,"2":1,"3":1,"4":1},"f":{},"b":{},"_coverageSchema":"1a1c01bbd47fc00a2c39e90264f33305004495a9","hash":"6180dae9a4940864efbf7bf526f27c36f99a1797"}
}
