TN:
SF:index.js
FN:33,(anonymous_0)
FNF:1
FNH:0
FNDA:0,(anonymous_0)
DA:1,5
DA:2,5
DA:3,5
DA:4,5
DA:5,5
DA:6,5
DA:8,5
DA:9,5
DA:10,5
DA:11,5
DA:12,5
DA:18,5
DA:19,5
DA:25,5
DA:26,5
DA:27,5
DA:28,5
DA:29,5
DA:30,5
DA:32,5
DA:33,0
DA:34,0
DA:38,5
LF:23
LH:21
BRDA:32,0,0,0
BRDA:32,0,1,5
BRF:2
BRH:1
end_of_record
TN:
SF:controllers\adminController.js
FN:14,(anonymous_0)
FN:42,(anonymous_1)
FN:56,(anonymous_2)
FN:84,(anonymous_3)
FN:98,(anonymous_4)
FN:125,(anonymous_5)
FN:130,(anonymous_6)
FNF:7
FNH:7
FNDA:1,(anonymous_0)
FNDA:1,(anonymous_1)
FNDA:1,(anonymous_2)
FNDA:1,(anonymous_3)
FNDA:1,(anonymous_4)
FNDA:2,(anonymous_5)
FNDA:1,(anonymous_6)
DA:1,5
DA:3,5
DA:8,5
DA:10,5
DA:12,5
DA:14,5
DA:15,1
DA:16,1
DA:17,1
DA:18,1
DA:19,1
DA:20,1
DA:21,1
DA:41,1
DA:42,1
DA:43,1
DA:44,1
DA:46,1
DA:52,0
DA:56,5
DA:57,1
DA:58,1
DA:59,1
DA:60,1
DA:61,1
DA:62,1
DA:63,1
DA:83,1
DA:84,1
DA:85,1
DA:86,1
DA:88,1
DA:94,0
DA:98,5
DA:99,1
DA:100,1
DA:101,1
DA:102,1
DA:103,1
DA:105,1
DA:108,1
DA:109,1
DA:115,1
DA:121,0
DA:125,5
DA:126,2
DA:127,2
DA:128,2
DA:129,2
DA:130,1
DA:131,1
DA:135,1
DA:140,1
DA:142,0
LF:54
LH:50
BRDA:17,0,0,1
BRDA:17,0,1,1
BRDA:18,1,0,1
BRDA:18,1,1,1
BRDA:19,2,0,1
BRDA:19,2,1,1
BRDA:59,3,0,1
BRDA:59,3,1,1
BRDA:60,4,0,1
BRDA:60,4,1,1
BRDA:61,5,0,1
BRDA:61,5,1,1
BRDA:102,6,0,0
BRDA:102,6,1,1
BRDA:116,7,0,1
BRDA:116,7,1,0
BRDA:129,8,0,1
BRDA:129,8,1,1
BRF:18
BRH:16
end_of_record
TN:
SF:controllers\authController.js
FN:38,(anonymous_0)
FN:94,(anonymous_1)
FN:102,(anonymous_2)
FN:148,(anonymous_3)
FN:158,(anonymous_4)
FN:175,(anonymous_5)
FN:202,(anonymous_6)
FN:232,(anonymous_7)
FN:255,(anonymous_8)
FN:272,(anonymous_9)
FN:289,(anonymous_10)
FN:313,(anonymous_11)
FN:324,(anonymous_12)
FN:331,(anonymous_13)
FN:352,(anonymous_14)
FNF:15
FNH:13
FNDA:13,(anonymous_0)
FNDA:1,(anonymous_1)
FNDA:2,(anonymous_2)
FNDA:1,(anonymous_3)
FNDA:3,(anonymous_4)
FNDA:5,(anonymous_5)
FNDA:2,(anonymous_6)
FNDA:2,(anonymous_7)
FNDA:2,(anonymous_8)
FNDA:2,(anonymous_9)
FNDA:1,(anonymous_10)
FNDA:1,(anonymous_11)
FNDA:0,(anonymous_12)
FNDA:0,(anonymous_13)
FNDA:3,(anonymous_14)
DA:1,5
DA:2,5
DA:3,5
DA:4,5
DA:5,5
DA:12,5
DA:17,5
DA:22,5
DA:24,5
DA:25,5
DA:32,5
DA:33,5
DA:34,5
DA:36,5
DA:38,5
DA:39,13
DA:40,13
DA:42,13
DA:43,13
DA:44,13
DA:46,13
DA:47,13
DA:48,1
DA:51,12
DA:56,12
DA:62,12
DA:63,1
DA:65,11
DA:68,11
DA:69,2
DA:71,9
DA:72,1
DA:74,8
DA:75,8
DA:77,8
DA:82,8
DA:83,8
DA:84,8
DA:90,0
DA:94,5
DA:95,1
DA:96,1
DA:98,0
DA:102,5
DA:103,2
DA:104,2
DA:105,2
DA:106,1
DA:107,1
DA:108,1
DA:112,1
DA:113,1
DA:114,1
DA:124,1
DA:125,1
DA:126,1
DA:130,1
DA:132,1
DA:137,1
DA:138,1
DA:139,1
DA:142,1
DA:144,0
DA:148,5
DA:149,1
DA:150,1
DA:151,1
DA:152,1
DA:154,0
DA:158,5
DA:159,3
DA:160,3
DA:161,3
DA:162,1
DA:163,2
DA:164,2
DA:165,1
DA:166,1
DA:167,1
DA:168,1
DA:169,1
DA:171,0
DA:175,5
DA:176,5
DA:177,5
DA:178,5
DA:183,5
DA:185,5
DA:186,5
DA:188,5
DA:189,5
DA:190,1
DA:192,4
DA:193,2
DA:194,2
DA:195,1
DA:198,3
DA:199,3
DA:200,1
DA:202,2
DA:203,2
DA:204,2
DA:205,1
DA:206,1
DA:207,1
DA:211,2
DA:214,2
DA:220,2
DA:228,0
DA:232,5
DA:233,2
DA:234,2
DA:235,2
DA:236,2
DA:237,1
DA:239,1
DA:240,1
DA:241,1
DA:242,1
DA:251,0
DA:255,5
DA:256,2
DA:257,2
DA:258,2
DA:259,2
DA:260,2
DA:261,0
DA:263,2
DA:264,1
DA:266,1
DA:268,0
DA:272,5
DA:273,2
DA:274,2
DA:275,2
DA:278,2
DA:279,1
DA:280,1
DA:281,1
DA:285,0
DA:289,5
DA:290,1
DA:291,1
DA:292,1
DA:294,1
DA:299,1
DA:300,1
DA:301,1
DA:305,1
DA:309,0
DA:313,5
DA:314,1
DA:315,1
DA:316,1
DA:317,1
DA:318,1
DA:320,0
DA:324,5
DA:325,0
DA:326,0
DA:327,0
DA:328,0
DA:329,0
DA:330,0
DA:331,0
DA:333,0
DA:335,0
DA:336,0
DA:343,0
DA:348,0
DA:352,5
DA:353,3
DA:354,3
DA:355,3
DA:356,3
DA:357,3
DA:358,1
DA:362,1
DA:366,1
DA:367,1
DA:369,0
DA:370,0
DA:371,0
DA:373,2
DA:374,2
DA:380,2
DA:381,1
DA:383,1
DA:385,1
DA:386,1
DA:393,1
DA:398,0
LF:192
LH:164
BRDA:47,0,0,1
BRDA:47,0,1,12
BRDA:62,1,0,1
BRDA:62,1,1,11
BRDA:68,2,0,2
BRDA:68,2,1,9
BRDA:68,3,0,11
BRDA:68,3,1,10
BRDA:71,4,0,1
BRDA:71,4,1,8
BRDA:105,5,0,1
BRDA:105,5,1,1
BRDA:137,6,0,1
BRDA:137,6,1,0
BRDA:161,7,0,1
BRDA:161,7,1,2
BRDA:164,8,0,1
BRDA:164,8,1,1
BRDA:166,9,0,0
BRDA:166,9,1,1
BRDA:189,10,0,1
BRDA:189,10,1,4
BRDA:192,11,0,2
BRDA:192,11,1,2
BRDA:194,12,0,1
BRDA:194,12,1,1
BRDA:199,13,0,1
BRDA:199,13,1,2
BRDA:204,14,0,1
BRDA:204,14,1,1
BRDA:216,15,0,1
BRDA:216,15,1,1
BRDA:223,16,0,1
BRDA:223,16,1,1
BRDA:236,17,0,1
BRDA:236,17,1,1
BRDA:241,18,0,1
BRDA:241,18,1,0
BRDA:260,19,0,0
BRDA:260,19,1,2
BRDA:263,20,0,1
BRDA:263,20,1,1
BRDA:278,21,0,1
BRDA:278,21,1,1
BRDA:300,22,0,0
BRDA:300,22,1,1
BRDA:328,23,0,0
BRDA:328,23,1,0
BRDA:330,24,0,0
BRDA:330,24,1,0
BRDA:335,25,0,0
BRDA:335,25,1,0
BRDA:357,26,0,1
BRDA:357,26,1,2
BRDA:357,27,0,3
BRDA:357,27,1,2
BRDA:366,28,0,1
BRDA:366,28,1,0
BRDA:380,29,0,1
BRDA:380,29,1,1
BRDA:385,30,0,1
BRDA:385,30,1,0
BRF:62
BRH:49
end_of_record
TN:
SF:controllers\laundryController.js
FN:21,(anonymous_0)
FN:56,(anonymous_1)
FN:77,(anonymous_2)
FN:110,(anonymous_3)
FN:134,(anonymous_4)
FN:144,(anonymous_5)
FN:177,(anonymous_6)
FN:196,(anonymous_7)
FN:208,(anonymous_8)
FN:238,(anonymous_9)
FNF:10
FNH:10
FNDA:1,(anonymous_0)
FNDA:1,(anonymous_1)
FNDA:3,(anonymous_2)
FNDA:2,(anonymous_3)
FNDA:1,(anonymous_4)
FNDA:1,(anonymous_5)
FNDA:3,(anonymous_6)
FNDA:1,(anonymous_7)
FNDA:2,(anonymous_8)
FNDA:2,(anonymous_9)
DA:1,5
DA:2,5
DA:3,5
DA:10,5
DA:15,5
DA:17,5
DA:19,5
DA:21,5
DA:22,1
DA:23,1
DA:24,1
DA:25,1
DA:26,1
DA:27,1
DA:28,1
DA:45,1
DA:46,1
DA:52,0
DA:56,5
DA:57,1
DA:58,1
DA:59,1
DA:60,1
DA:71,1
DA:73,0
DA:77,5
DA:78,3
DA:79,3
DA:80,3
DA:81,3
DA:82,3
DA:83,1
DA:85,2
DA:95,2
DA:96,1
DA:98,1
DA:99,1
DA:100,1
DA:102,1
DA:104,1
DA:106,0
DA:110,5
DA:111,2
DA:112,2
DA:113,2
DA:114,2
DA:115,2
DA:121,2
DA:122,1
DA:124,1
DA:125,1
DA:126,1
DA:128,1
DA:130,0
DA:134,5
DA:135,1
DA:136,1
DA:137,1
DA:138,1
DA:140,0
DA:144,5
DA:145,1
DA:146,1
DA:147,1
DA:148,1
DA:149,1
DA:150,1
DA:166,1
DA:167,1
DA:173,0
DA:177,5
DA:178,3
DA:179,3
DA:180,3
DA:181,3
DA:182,1
DA:184,2
DA:185,2
DA:187,1
DA:188,1
DA:190,1
DA:192,0
DA:196,5
DA:197,1
DA:198,1
DA:199,1
DA:202,1
DA:204,0
DA:208,5
DA:209,2
DA:210,2
DA:211,2
DA:212,2
DA:213,2
DA:214,2
DA:215,1
DA:217,1
DA:220,1
DA:221,1
DA:223,1
DA:229,1
DA:234,0
DA:238,5
DA:239,2
DA:240,2
DA:241,2
DA:242,2
DA:243,1
DA:246,1
DA:247,1
DA:249,1
DA:255,1
DA:260,0
LF:113
LH:103
BRDA:24,0,0,1
BRDA:24,0,1,1
BRDA:25,1,0,1
BRDA:25,1,1,1
BRDA:26,2,0,1
BRDA:26,2,1,1
BRDA:82,3,0,1
BRDA:82,3,1,2
BRDA:95,4,0,1
BRDA:95,4,1,1
BRDA:99,5,0,0
BRDA:99,5,1,1
BRDA:121,6,0,1
BRDA:121,6,1,1
BRDA:125,7,0,0
BRDA:125,7,1,1
BRDA:147,8,0,1
BRDA:147,8,1,1
BRDA:148,9,0,1
BRDA:148,9,1,1
BRDA:181,10,0,1
BRDA:181,10,1,2
BRDA:181,11,0,3
BRDA:181,11,1,2
BRDA:185,12,0,1
BRDA:185,12,1,1
BRDA:214,13,0,1
BRDA:214,13,1,1
BRDA:220,14,0,0
BRDA:220,14,1,1
BRDA:242,15,0,1
BRDA:242,15,1,1
BRDA:246,16,0,0
BRDA:246,16,1,1
BRF:34
BRH:30
end_of_record
TN:
SF:controllers\messageController.js
FN:12,(anonymous_0)
FN:22,(anonymous_1)
FN:30,(anonymous_2)
FN:60,(anonymous_3)
FN:65,(anonymous_4)
FNF:5
FNH:5
FNDA:1,(anonymous_0)
FNDA:3,(anonymous_1)
FNDA:2,(anonymous_2)
FNDA:2,(anonymous_3)
FNDA:2,(anonymous_4)
DA:1,5
DA:8,5
DA:10,5
DA:12,5
DA:13,1
DA:14,1
DA:15,1
DA:16,1
DA:18,0
DA:22,5
DA:23,3
DA:24,3
DA:25,3
DA:26,3
DA:27,3
DA:29,2
DA:30,2
DA:31,2
DA:34,2
DA:38,2
DA:40,2
DA:41,1
DA:44,1
DA:52,1
DA:54,1
DA:56,0
DA:60,5
DA:61,2
DA:62,2
DA:63,2
DA:64,2
DA:65,2
DA:66,2
DA:69,2
DA:72,2
DA:73,2
DA:75,1
DA:78,1
DA:80,0
DA:81,0
LF:40
LH:36
BRDA:27,0,0,1
BRDA:27,0,1,2
BRDA:40,1,0,1
BRDA:40,1,1,1
BRDA:73,2,0,1
BRDA:73,2,1,1
BRF:6
BRH:6
end_of_record
TN:
SF:controllers\userController.js
FN:21,(anonymous_0)
FN:33,(anonymous_1)
FN:40,(anonymous_2)
FN:51,(anonymous_3)
FN:74,(anonymous_4)
FN:90,(anonymous_5)
FN:113,(anonymous_6)
FN:128,(anonymous_7)
FN:151,(anonymous_8)
FN:175,(anonymous_9)
FN:190,(anonymous_10)
FN:206,(anonymous_11)
FN:222,(anonymous_12)
FN:228,(anonymous_13)
FN:234,(anonymous_14)
FN:263,(anonymous_15)
FN:286,(anonymous_16)
FN:304,(anonymous_17)
FN:322,(anonymous_18)
FN:352,(anonymous_19)
FN:371,(anonymous_20)
FNF:21
FNH:19
FNDA:2,(anonymous_0)
FNDA:1,(anonymous_1)
FNDA:0,(anonymous_2)
FNDA:3,(anonymous_3)
FNDA:1,(anonymous_4)
FNDA:2,(anonymous_5)
FNDA:2,(anonymous_6)
FNDA:1,(anonymous_7)
FNDA:2,(anonymous_8)
FNDA:2,(anonymous_9)
FNDA:2,(anonymous_10)
FNDA:1,(anonymous_11)
FNDA:2,(anonymous_12)
FNDA:1,(anonymous_13)
FNDA:1,(anonymous_14)
FNDA:1,(anonymous_15)
FNDA:3,(anonymous_16)
FNDA:2,(anonymous_17)
FNDA:1,(anonymous_18)
FNDA:2,(anonymous_19)
FNDA:0,(anonymous_20)
DA:7,5
DA:16,5
DA:17,5
DA:18,5
DA:19,5
DA:21,5
DA:22,2
DA:23,2
DA:24,2
DA:25,1
DA:26,1
DA:33,1
DA:34,1
DA:35,1
DA:36,1
DA:37,1
DA:39,1
DA:41,0
DA:43,1
DA:47,0
DA:51,5
DA:52,3
DA:53,3
DA:54,3
DA:55,3
DA:56,2
DA:57,2
DA:61,2
DA:62,2
DA:63,2
DA:64,2
DA:65,1
DA:67,1
DA:68,1
DA:70,0
DA:74,5
DA:75,1
DA:76,1
DA:77,1
DA:84,1
DA:86,0
DA:90,5
DA:91,2
DA:92,2
DA:93,2
DA:94,2
DA:97,2
DA:98,1
DA:100,1
DA:104,1
DA:109,0
DA:113,5
DA:114,2
DA:115,2
DA:116,2
DA:117,2
DA:120,2
DA:121,1
DA:122,1
DA:124,0
DA:128,5
DA:129,1
DA:130,1
DA:131,1
DA:145,1
DA:147,0
DA:151,5
DA:152,2
DA:153,2
DA:154,2
DA:155,2
DA:158,2
DA:159,1
DA:161,1
DA:166,1
DA:171,0
DA:175,5
DA:176,2
DA:177,2
DA:178,2
DA:179,2
DA:182,2
DA:183,1
DA:184,1
DA:186,0
DA:190,5
DA:191,2
DA:192,2
DA:193,2
DA:194,2
DA:198,2
DA:199,1
DA:200,1
DA:202,0
DA:206,5
DA:207,1
DA:208,1
DA:209,1
DA:216,1
DA:218,0
DA:222,5
DA:223,2
DA:224,2
DA:225,2
DA:226,2
DA:227,1
DA:228,1
DA:229,1
DA:230,1
DA:232,1
DA:234,1
DA:235,1
DA:245,1
DA:246,1
DA:247,1
DA:257,1
DA:263,1
DA:264,1
DA:267,1
DA:271,1
DA:272,1
DA:273,1
DA:274,1
DA:277,1
DA:280,1
DA:282,0
DA:286,5
DA:287,3
DA:288,3
DA:289,3
DA:290,3
DA:293,3
DA:294,2
DA:295,1
DA:297,1
DA:298,1
DA:300,0
DA:304,5
DA:305,2
DA:306,2
DA:307,2
DA:308,2
DA:315,2
DA:316,1
DA:318,0
DA:322,5
DA:323,1
DA:324,1
DA:325,1
DA:328,1
DA:329,1
DA:331,0
DA:343,0
DA:344,0
DA:345,0
DA:346,0
DA:348,0
DA:352,5
DA:353,2
DA:354,2
DA:355,2
DA:356,2
DA:360,2
DA:361,1
DA:363,1
DA:364,1
DA:365,1
DA:367,0
DA:371,5
DA:372,0
DA:373,0
DA:374,0
DA:375,0
DA:386,0
DA:387,0
DA:391,0
DA:393,0
DA:395,0
LF:178
LH:148
BRDA:24,0,0,1
BRDA:24,0,1,1
BRDA:55,1,0,1
BRDA:55,1,1,2
BRDA:55,2,0,3
BRDA:55,2,1,2
BRDA:61,3,0,0
BRDA:61,3,1,2
BRDA:64,4,0,1
BRDA:64,4,1,1
BRDA:97,5,0,1
BRDA:97,5,1,1
BRDA:120,6,0,1
BRDA:120,6,1,1
BRDA:158,7,0,1
BRDA:158,7,1,1
BRDA:182,8,0,1
BRDA:182,8,1,1
BRDA:198,9,0,1
BRDA:198,9,1,1
BRDA:226,10,0,1
BRDA:226,10,1,1
BRDA:226,11,0,2
BRDA:226,11,1,1
BRDA:229,12,0,1
BRDA:229,12,1,0
BRDA:271,13,0,1
BRDA:271,13,1,0
BRDA:293,14,0,1
BRDA:293,14,1,2
BRDA:294,15,0,1
BRDA:294,15,1,1
BRDA:315,16,0,1
BRDA:315,16,1,1
BRDA:328,17,0,1
BRDA:328,17,1,0
BRDA:344,18,0,0
BRDA:344,18,1,0
BRDA:360,19,0,1
BRDA:360,19,1,1
BRDA:386,20,0,0
BRDA:386,20,1,0
BRF:42
BRH:34
end_of_record
TN:
SF:helpers\checkStatusOrderHelper.js
FN:1,(anonymous_0)
FNF:1
FNH:1
FNDA:3,(anonymous_0)
DA:1,5
DA:2,3
DA:12,3
LF:3
LH:3
BRF:0
BRH:0
end_of_record
TN:
SF:helpers\handleResponseHelper.js
FN:1,(anonymous_0)
FN:4,(anonymous_1)
FN:7,(anonymous_2)
FN:10,(anonymous_3)
FN:13,(anonymous_4)
FNF:5
FNH:4
FNDA:0,(anonymous_0)
FNDA:31,(anonymous_1)
FNDA:15,(anonymous_2)
FNDA:48,(anonymous_3)
FNDA:5,(anonymous_4)
DA:1,5
DA:2,0
DA:4,5
DA:5,31
DA:7,5
DA:8,15
DA:10,5
DA:11,48
DA:13,5
DA:14,5
LF:10
LH:9
BRF:0
BRH:0
end_of_record
TN:
SF:helpers\joiHelper.js
FN:5,(anonymous_0)
FN:17,(anonymous_1)
FN:22,(anonymous_2)
FN:23,(anonymous_3)
FNF:4
FNH:4
FNDA:28,(anonymous_0)
FNDA:28,(anonymous_1)
FNDA:88,(anonymous_2)
FNDA:35,(anonymous_3)
DA:1,5
DA:2,5
DA:5,5
DA:6,28
DA:7,28
DA:8,7
DA:13,21
DA:17,5
DA:18,28
DA:19,10
DA:21,18
DA:22,88
DA:24,35
DA:25,35
DA:27,18
DA:32,5
DA:41,5
DA:51,5
LF:18
LH:18
BRDA:5,0,0,10
BRDA:7,1,0,7
BRDA:7,1,1,21
BRDA:18,2,0,10
BRDA:18,2,1,18
BRF:5
BRH:5
end_of_record
TN:
SF:helpers\sendMailHelper.js
FN:5,(anonymous_0)
FN:75,(anonymous_1)
FN:139,(anonymous_2)
FNF:3
FNH:3
FNDA:1,(anonymous_0)
FNDA:1,(anonymous_1)
FNDA:1,(anonymous_2)
DA:1,5
DA:2,5
DA:3,5
DA:5,5
DA:6,1
DA:13,1
DA:71,1
DA:72,1
DA:75,5
DA:76,1
DA:83,1
DA:135,1
DA:136,1
DA:139,5
DA:140,1
DA:147,1
DA:198,1
DA:199,1
LF:18
LH:18
BRF:0
BRH:0
end_of_record
TN:
SF:middleware\AuthenticationMiddleware.js
FN:9,(anonymous_0)
FNF:1
FNH:1
FNDA:69,(anonymous_0)
DA:1,5
DA:2,5
DA:3,5
DA:7,5
DA:9,5
DA:10,69
DA:11,69
DA:12,67
DA:13,67
DA:15,67
DA:16,67
DA:17,67
DA:18,0
DA:20,67
DA:21,67
DA:22,0
DA:24,67
DA:25,0
DA:27,67
DA:28,67
DA:29,67
DA:30,67
LF:22
LH:19
BRDA:11,0,0,2
BRDA:11,0,1,67
BRDA:15,1,0,0
BRDA:15,1,1,67
BRDA:17,2,0,0
BRDA:17,2,1,67
BRDA:21,3,0,0
BRDA:21,3,1,67
BRDA:24,4,0,0
BRDA:24,4,1,67
BRF:10
BRH:6
end_of_record
TN:
SF:middleware\authorizationRole.js
FN:7,(anonymous_0)
FN:15,(anonymous_1)
FN:23,(anonymous_2)
FN:31,(anonymous_3)
FNF:4
FNH:4
FNDA:7,(anonymous_0)
FNDA:22,(anonymous_1)
FNDA:29,(anonymous_2)
FNDA:6,(anonymous_3)
DA:4,5
DA:5,5
DA:7,5
DA:8,7
DA:9,7
DA:10,2
DA:12,5
DA:15,5
DA:16,22
DA:17,22
DA:18,1
DA:20,21
DA:23,5
DA:24,29
DA:25,29
DA:26,2
DA:28,27
DA:31,5
DA:32,6
DA:33,6
DA:35,6
DA:36,6
DA:42,6
DA:43,6
DA:44,5
DA:45,1
DA:49,4
LF:27
LH:27
BRDA:9,0,0,2
BRDA:9,0,1,5
BRDA:17,1,0,1
BRDA:17,1,1,21
BRDA:25,2,0,2
BRDA:25,2,1,27
BRDA:35,3,0,6
BRDA:35,3,1,0
BRDA:43,4,0,1
BRDA:43,4,1,5
BRDA:44,5,0,1
BRDA:44,5,1,4
BRF:12
BRH:11
end_of_record
TN:
SF:middleware\multerMiddleware.js
FN:5,(anonymous_0)
FN:8,(anonymous_1)
FNF:2
FNH:0
FNDA:0,(anonymous_0)
FNDA:0,(anonymous_1)
DA:1,5
DA:2,5
DA:4,5
DA:6,0
DA:9,0
DA:12,5
DA:14,5
LF:7
LH:5
BRF:0
BRH:0
end_of_record
TN:
SF:middleware\sendResetPassMiddleware.js
FN:4,(anonymous_0)
FNF:1
FNH:1
FNDA:2,(anonymous_0)
DA:1,5
DA:2,5
DA:4,5
DA:5,2
DA:6,2
DA:7,1
DA:8,1
DA:9,0
DA:11,1
DA:12,1
LF:10
LH:9
BRDA:6,0,0,1
BRDA:6,0,1,1
BRDA:8,1,0,0
BRDA:8,1,1,1
BRF:4
BRH:3
end_of_record
TN:
SF:middleware\socketIoMiddleware.js
FN:1,(anonymous_0)
FN:1,(anonymous_1)
FNF:2
FNH:2
FNDA:5,(anonymous_0)
FNDA:103,(anonymous_1)
DA:1,5
DA:2,103
DA:3,103
LF:3
LH:3
BRF:0
BRH:0
end_of_record
TN:
SF:middleware\verifyEmailMiddleware.js
FN:3,(anonymous_0)
FNF:1
FNH:1
FNDA:2,(anonymous_0)
DA:1,5
DA:3,5
DA:4,2
DA:5,2
DA:6,2
DA:7,2
DA:8,0
DA:10,2
DA:11,2
DA:12,2
LF:10
LH:9
BRDA:5,0,0,0
BRDA:5,0,1,2
BRDA:7,1,0,0
BRDA:7,1,1,2
BRF:4
BRH:2
end_of_record
TN:
SF:models\cart.js
FN:3,(anonymous_0)
FN:10,(anonymous_1)
FNF:2
FNH:2
FNDA:5,(anonymous_0)
FNDA:5,(anonymous_1)
DA:2,5
DA:3,5
DA:12,5
DA:17,5
DA:24,5
DA:35,5
LF:6
LH:6
BRF:0
BRH:0
end_of_record
TN:
SF:models\favorit.js
FN:3,(anonymous_0)
FN:10,(anonymous_1)
FNF:2
FNH:2
FNDA:5,(anonymous_0)
FNDA:5,(anonymous_1)
DA:2,5
DA:3,5
DA:12,5
DA:17,5
DA:24,5
DA:34,5
LF:6
LH:6
BRF:0
BRH:0
end_of_record
TN:
SF:models\index.js
FN:21,(anonymous_0)
FN:29,(anonymous_1)
FN:34,(anonymous_2)
FNF:3
FNH:3
FNDA:40,(anonymous_0)
FNDA:35,(anonymous_1)
FNDA:35,(anonymous_2)
DA:3,5
DA:4,5
DA:5,5
DA:6,5
DA:7,5
DA:8,5
DA:9,5
DA:10,5
DA:13,5
DA:14,0
DA:16,5
DA:19,5
DA:22,40
DA:30,35
DA:31,35
DA:34,5
DA:35,35
DA:36,35
DA:40,5
DA:41,5
DA:43,5
LF:21
LH:20
BRDA:8,0,0,5
BRDA:8,0,1,0
BRDA:13,1,0,0
BRDA:13,1,1,5
BRDA:23,2,0,40
BRDA:23,2,1,40
BRDA:23,2,2,35
BRDA:23,2,3,35
BRDA:35,3,0,35
BRDA:35,3,1,0
BRF:10
BRH:7
end_of_record
TN:
SF:models\merchant.js
FN:3,(anonymous_0)
FN:10,(anonymous_1)
FN:41,(anonymous_2)
FNF:3
FNH:3
FNDA:5,(anonymous_0)
FNDA:5,(anonymous_1)
FNDA:1,(anonymous_2)
DA:2,5
DA:3,5
DA:12,5
DA:17,5
DA:22,5
DA:30,5
DA:42,1
DA:49,5
LF:8
LH:8
BRF:0
BRH:0
end_of_record
TN:
SF:models\order.js
FN:3,(anonymous_0)
FN:10,(anonymous_1)
FNF:2
FNH:2
FNDA:5,(anonymous_0)
FNDA:5,(anonymous_1)
DA:2,5
DA:3,5
DA:12,5
DA:17,5
DA:24,5
DA:32,5
DA:45,5
LF:7
LH:7
BRF:0
BRH:0
end_of_record
TN:
SF:models\service.js
FN:3,(anonymous_0)
FN:10,(anonymous_1)
FNF:2
FNH:2
FNDA:5,(anonymous_0)
FNDA:5,(anonymous_1)
DA:2,5
DA:3,5
DA:12,5
DA:17,5
DA:21,5
DA:26,5
DA:32,5
DA:44,5
LF:8
LH:8
BRF:0
BRH:0
end_of_record
TN:
SF:models\servicesordered.js
FN:3,(anonymous_0)
FN:10,(anonymous_1)
FNF:2
FNH:2
FNDA:5,(anonymous_0)
FNDA:5,(anonymous_1)
DA:2,5
DA:3,5
DA:12,5
DA:17,5
DA:24,5
DA:35,5
LF:6
LH:6
BRF:0
BRH:0
end_of_record
TN:
SF:models\user.js
FN:6,(anonymous_0)
FN:13,(anonymous_1)
FN:44,(anonymous_2)
FNF:3
FNH:3
FNDA:5,(anonymous_0)
FNDA:5,(anonymous_1)
FNDA:3,(anonymous_2)
DA:2,5
DA:4,5
DA:6,5
DA:14,5
DA:18,5
DA:22,5
DA:26,5
DA:32,5
DA:45,3
DA:46,3
DA:55,5
LF:11
LH:11
BRDA:46,0,0,1
BRDA:46,0,1,2
BRF:2
BRH:2
end_of_record
TN:
SF:routers\adminRoute.js
FNF:0
FNH:0
DA:1,5
DA:7,5
DA:8,5
DA:10,5
DA:12,5
DA:13,5
DA:14,5
DA:15,5
DA:16,5
DA:18,5
LF:10
LH:10
BRF:0
BRH:0
end_of_record
TN:
SF:routers\authRoute.js
FNF:0
FNH:0
DA:1,5
DA:16,5
DA:20,5
DA:23,5
DA:26,5
DA:27,5
DA:29,5
DA:31,5
DA:32,5
DA:33,5
DA:34,5
DA:35,5
DA:36,5
DA:37,5
DA:38,5
DA:39,5
DA:40,5
DA:42,5
DA:43,5
DA:44,5
DA:45,5
DA:47,5
LF:22
LH:22
BRF:0
BRH:0
end_of_record
TN:
SF:routers\index.js
FNF:0
FNH:0
DA:1,5
DA:2,5
DA:3,5
DA:4,5
DA:5,5
DA:6,5
DA:7,5
DA:10,5
DA:12,5
DA:13,5
DA:15,5
DA:17,5
DA:18,5
DA:19,5
DA:21,5
LF:15
LH:15
BRF:0
BRH:0
end_of_record
TN:
SF:routers\laundryRoute.js
FNF:0
FNH:0
DA:1,5
DA:13,5
DA:17,5
DA:18,5
DA:20,5
DA:22,5
DA:23,5
DA:24,5
DA:25,5
DA:26,5
DA:31,5
DA:32,5
DA:33,5
DA:34,5
DA:35,5
DA:36,5
DA:38,5
LF:17
LH:17
BRF:0
BRH:0
end_of_record
TN:
SF:routers\messageRoute.js
FNF:0
FNH:0
DA:1,5
DA:6,5
DA:7,5
DA:9,5
DA:11,5
DA:12,5
DA:13,5
DA:14,5
DA:16,5
LF:9
LH:9
BRF:0
BRH:0
end_of_record
TN:
SF:routers\userRoute.js
FNF:0
FNH:0
DA:1,5
DA:19,5
DA:22,5
DA:23,5
DA:25,5
DA:27,5
DA:29,5
DA:30,5
DA:32,5
DA:33,5
DA:34,5
DA:35,5
DA:36,5
DA:37,5
DA:38,5
DA:39,5
DA:40,5
DA:41,5
DA:42,5
DA:43,5
DA:44,5
DA:45,5
DA:46,5
DA:48,5
LF:24
LH:24
BRF:0
BRH:0
end_of_record
TN:
SF:utils\bcryptUtil.js
FN:3,(anonymous_0)
FN:8,(anonymous_1)
FNF:2
FNH:2
FNDA:16,(anonymous_0)
FNDA:11,(anonymous_1)
DA:1,5
DA:3,5
DA:4,16
DA:5,16
DA:8,5
DA:9,11
LF:6
LH:6
BRF:0
BRH:0
end_of_record
TN:
SF:utils\getDistanceUtil.js
FN:2,(anonymous_0)
FN:5,(anonymous_1)
FNF:2
FNH:2
FNDA:12,(anonymous_0)
FNDA:3,(anonymous_1)
DA:2,12
DA:5,5
DA:6,3
DA:8,3
DA:9,3
DA:12,3
DA:18,3
DA:20,3
DA:21,3
DA:24,5
LF:10
LH:10
BRF:0
BRH:0
end_of_record
TN:
SF:utils\googleLoginUtil.js
FNF:0
FNH:0
DA:1,4
DA:2,4
DA:4,4
DA:6,4
DA:11,4
DA:13,4
DA:18,4
LF:7
LH:7
BRF:0
BRH:0
end_of_record
TN:
SF:utils\jwtUtil.js
FN:10,(anonymous_0)
FN:18,(anonymous_1)
FN:19,(anonymous_2)
FN:26,(anonymous_3)
FN:33,(anonymous_4)
FN:34,(anonymous_5)
FN:41,(anonymous_6)
FN:48,(anonymous_7)
FN:49,(anonymous_8)
FN:56,(anonymous_9)
FN:66,(anonymous_10)
FN:67,(anonymous_11)
FNF:12
FNH:12
FNDA:10,(anonymous_0)
FNDA:67,(anonymous_1)
FNDA:67,(anonymous_2)
FNDA:1,(anonymous_3)
FNDA:3,(anonymous_4)
FNDA:3,(anonymous_5)
FNDA:2,(anonymous_6)
FNDA:1,(anonymous_7)
FNDA:1,(anonymous_8)
FNDA:10,(anonymous_9)
FNDA:2,(anonymous_10)
FNDA:2,(anonymous_11)
DA:1,5
DA:2,5
DA:3,5
DA:5,5
DA:6,5
DA:7,5
DA:8,5
DA:10,5
DA:11,10
DA:12,10
DA:13,0
DA:15,10
DA:18,5
DA:19,67
DA:20,67
DA:21,0
DA:26,5
DA:27,1
DA:28,0
DA:30,1
DA:33,5
DA:34,3
DA:35,3
DA:36,0
DA:41,5
DA:42,2
DA:43,0
DA:45,2
DA:48,5
DA:49,1
DA:50,1
DA:51,0
DA:56,5
DA:57,10
DA:58,10
DA:59,0
DA:61,10
DA:66,5
DA:67,2
DA:68,2
DA:69,1
LF:41
LH:34
BRDA:12,0,0,0
BRDA:12,0,1,10
BRDA:12,1,0,10
BRDA:12,1,1,10
BRDA:12,1,2,10
BRDA:20,2,0,67
BRDA:20,2,1,0
BRDA:21,3,0,0
BRDA:21,3,1,0
BRDA:27,4,0,0
BRDA:27,4,1,1
BRDA:27,5,0,1
BRDA:27,5,1,1
BRDA:35,6,0,3
BRDA:35,6,1,0
BRDA:36,7,0,0
BRDA:36,7,1,0
BRDA:42,8,0,0
BRDA:42,8,1,2
BRDA:50,9,0,1
BRDA:50,9,1,0
BRDA:51,10,0,0
BRDA:51,10,1,0
BRDA:58,11,0,0
BRDA:58,11,1,10
BRDA:58,12,0,10
BRDA:58,12,1,10
BRDA:68,13,0,1
BRDA:68,13,1,1
BRDA:69,14,0,1
BRDA:69,14,1,0
BRF:31
BRH:17
end_of_record
TN:
SF:utils\midtransUtil.js
FNF:0
FNH:0
DA:1,5
DA:2,5
DA:4,5
LF:3
LH:3
BRF:0
BRH:0
end_of_record
TN:
SF:utils\redisClient.js
FN:8,(anonymous_0)
FN:12,(anonymous_1)
FNF:2
FNH:1
FNDA:5,(anonymous_0)
FNDA:0,(anonymous_1)
DA:1,5
DA:3,5
DA:8,5
DA:9,5
DA:12,5
DA:13,0
DA:16,5
LF:7
LH:6
BRF:0
BRH:0
end_of_record
TN:
SF:utils\streamChatUtil.js
FNF:0
FNH:0
DA:1,1
DA:2,1
DA:3,1
DA:5,1
DA:10,1
LF:5
LH:5
BRF:0
BRH:0
end_of_record
