TN:
SF:index.js
FN:33,(anonymous_0)
FNF:1
FNH:0
FNDA:0,(anonymous_0)
DA:1,5
DA:2,5
DA:3,5
DA:4,5
DA:5,5
DA:6,5
DA:8,5
DA:9,5
DA:10,5
DA:11,5
DA:12,5
DA:18,5
DA:19,5
DA:25,5
DA:26,5
DA:27,5
DA:28,5
DA:29,5
DA:30,5
DA:32,5
DA:33,0
DA:34,0
DA:38,5
LF:23
LH:21
BRDA:32,0,0,0
BRDA:32,0,1,5
BRF:2
BRH:1
end_of_record
TN:
SF:controllers\adminController.js
FN:14,(anonymous_0)
FN:58,(anonymous_1)
FN:73,(anonymous_2)
FN:101,(anonymous_3)
FN:115,(anonymous_4)
FN:141,(anonymous_5)
FNF:6
FNH:6
FNDA:1,(anonymous_0)
FNDA:1,(anonymous_1)
FNDA:1,(anonymous_2)
FNDA:1,(anonymous_3)
FNDA:1,(anonymous_4)
FNDA:2,(anonymous_5)
DA:1,5
DA:3,5
DA:8,5
DA:10,5
DA:12,5
DA:14,5
DA:15,1
DA:16,1
DA:17,1
DA:18,1
DA:19,1
DA:20,1
DA:21,1
DA:57,1
DA:58,1
DA:59,1
DA:60,1
DA:62,1
DA:68,0
DA:69,0
DA:73,5
DA:74,1
DA:75,1
DA:76,1
DA:77,1
DA:78,1
DA:79,1
DA:80,1
DA:100,1
DA:101,1
DA:102,1
DA:103,1
DA:105,1
DA:111,0
DA:115,5
DA:116,1
DA:117,1
DA:118,1
DA:119,1
DA:120,1
DA:121,1
DA:123,1
DA:126,1
DA:127,1
DA:133,1
DA:137,0
DA:141,5
DA:142,2
DA:143,2
DA:144,2
DA:145,2
DA:147,1
DA:149,1
DA:151,0
DA:152,0
LF:55
LH:49
BRDA:17,0,0,1
BRDA:17,0,1,1
BRDA:18,1,0,1
BRDA:18,1,1,1
BRDA:19,2,0,1
BRDA:19,2,1,1
BRDA:76,3,0,1
BRDA:76,3,1,1
BRDA:77,4,0,1
BRDA:77,4,1,1
BRDA:78,5,0,1
BRDA:78,5,1,1
BRDA:119,6,0,0
BRDA:119,6,1,1
BRDA:145,7,0,1
BRDA:145,7,1,1
BRF:16
BRH:15
end_of_record
TN:
SF:controllers\authController.js
FN:38,(anonymous_0)
FN:96,(anonymous_1)
FN:104,(anonymous_2)
FN:150,(anonymous_3)
FN:160,(anonymous_4)
FN:177,(anonymous_5)
FN:204,(anonymous_6)
FN:234,(anonymous_7)
FN:257,(anonymous_8)
FN:274,(anonymous_9)
FN:291,(anonymous_10)
FN:315,(anonymous_11)
FN:326,(anonymous_12)
FN:333,(anonymous_13)
FN:354,(anonymous_14)
FNF:15
FNH:13
FNDA:13,(anonymous_0)
FNDA:1,(anonymous_1)
FNDA:2,(anonymous_2)
FNDA:1,(anonymous_3)
FNDA:3,(anonymous_4)
FNDA:5,(anonymous_5)
FNDA:2,(anonymous_6)
FNDA:2,(anonymous_7)
FNDA:2,(anonymous_8)
FNDA:2,(anonymous_9)
FNDA:1,(anonymous_10)
FNDA:1,(anonymous_11)
FNDA:0,(anonymous_12)
FNDA:0,(anonymous_13)
FNDA:3,(anonymous_14)
DA:1,5
DA:2,5
DA:3,5
DA:4,5
DA:5,5
DA:12,5
DA:17,5
DA:22,5
DA:24,5
DA:25,5
DA:32,5
DA:33,5
DA:34,5
DA:36,5
DA:38,5
DA:39,13
DA:40,13
DA:42,13
DA:43,13
DA:44,13
DA:46,13
DA:47,13
DA:48,1
DA:51,12
DA:56,12
DA:62,12
DA:63,1
DA:65,11
DA:69,11
DA:70,2
DA:72,9
DA:73,1
DA:75,8
DA:76,8
DA:78,8
DA:83,8
DA:84,8
DA:85,8
DA:91,0
DA:92,0
DA:96,5
DA:97,1
DA:98,1
DA:100,0
DA:104,5
DA:105,2
DA:106,2
DA:107,2
DA:108,1
DA:109,1
DA:110,1
DA:114,1
DA:115,1
DA:116,1
DA:126,1
DA:127,1
DA:128,1
DA:132,1
DA:134,1
DA:139,1
DA:140,1
DA:141,1
DA:144,1
DA:146,0
DA:150,5
DA:151,1
DA:152,1
DA:153,1
DA:154,1
DA:156,0
DA:160,5
DA:161,3
DA:162,3
DA:163,3
DA:164,1
DA:165,2
DA:166,2
DA:167,1
DA:168,1
DA:169,1
DA:170,1
DA:171,1
DA:173,0
DA:177,5
DA:178,5
DA:179,5
DA:180,5
DA:185,5
DA:187,5
DA:188,5
DA:190,5
DA:191,5
DA:192,1
DA:194,4
DA:195,2
DA:196,2
DA:197,1
DA:200,3
DA:201,3
DA:202,1
DA:204,2
DA:205,2
DA:206,2
DA:207,1
DA:208,1
DA:209,1
DA:213,2
DA:216,2
DA:222,2
DA:230,0
DA:234,5
DA:235,2
DA:236,2
DA:237,2
DA:238,2
DA:239,1
DA:241,1
DA:242,1
DA:243,1
DA:244,1
DA:253,0
DA:257,5
DA:258,2
DA:259,2
DA:260,2
DA:261,2
DA:262,2
DA:263,0
DA:265,2
DA:266,1
DA:268,1
DA:270,0
DA:274,5
DA:275,2
DA:276,2
DA:277,2
DA:280,2
DA:281,1
DA:282,1
DA:283,1
DA:287,0
DA:291,5
DA:292,1
DA:293,1
DA:294,1
DA:296,1
DA:301,1
DA:302,1
DA:303,1
DA:307,1
DA:311,0
DA:315,5
DA:316,1
DA:317,1
DA:318,1
DA:319,1
DA:320,1
DA:322,0
DA:326,5
DA:327,0
DA:328,0
DA:329,0
DA:330,0
DA:331,0
DA:332,0
DA:333,0
DA:335,0
DA:337,0
DA:338,0
DA:345,0
DA:350,0
DA:354,5
DA:355,3
DA:356,3
DA:357,3
DA:358,3
DA:359,3
DA:360,1
DA:364,1
DA:368,1
DA:369,1
DA:371,0
DA:372,0
DA:373,0
DA:375,2
DA:376,2
DA:382,2
DA:383,1
DA:385,1
DA:387,1
DA:388,1
DA:395,1
DA:400,0
LF:193
LH:164
BRDA:47,0,0,1
BRDA:47,0,1,12
BRDA:62,1,0,1
BRDA:62,1,1,11
BRDA:69,2,0,2
BRDA:69,2,1,9
BRDA:69,3,0,11
BRDA:69,3,1,10
BRDA:72,4,0,1
BRDA:72,4,1,8
BRDA:72,5,0,9
BRDA:72,5,1,4
BRDA:107,6,0,1
BRDA:107,6,1,1
BRDA:139,7,0,1
BRDA:139,7,1,0
BRDA:163,8,0,1
BRDA:163,8,1,2
BRDA:166,9,0,1
BRDA:166,9,1,1
BRDA:168,10,0,0
BRDA:168,10,1,1
BRDA:191,11,0,1
BRDA:191,11,1,4
BRDA:194,12,0,2
BRDA:194,12,1,2
BRDA:196,13,0,1
BRDA:196,13,1,1
BRDA:201,14,0,1
BRDA:201,14,1,2
BRDA:206,15,0,1
BRDA:206,15,1,1
BRDA:218,16,0,1
BRDA:218,16,1,1
BRDA:225,17,0,1
BRDA:225,17,1,1
BRDA:238,18,0,1
BRDA:238,18,1,1
BRDA:243,19,0,1
BRDA:243,19,1,0
BRDA:262,20,0,0
BRDA:262,20,1,2
BRDA:265,21,0,1
BRDA:265,21,1,1
BRDA:280,22,0,1
BRDA:280,22,1,1
BRDA:302,23,0,0
BRDA:302,23,1,1
BRDA:330,24,0,0
BRDA:330,24,1,0
BRDA:332,25,0,0
BRDA:332,25,1,0
BRDA:337,26,0,0
BRDA:337,26,1,0
BRDA:359,27,0,1
BRDA:359,27,1,2
BRDA:359,28,0,3
BRDA:359,28,1,2
BRDA:368,29,0,1
BRDA:368,29,1,0
BRDA:382,30,0,1
BRDA:382,30,1,1
BRDA:387,31,0,1
BRDA:387,31,1,0
BRF:64
BRH:51
end_of_record
TN:
SF:controllers\laundryController.js
FN:21,(anonymous_0)
FN:56,(anonymous_1)
FN:77,(anonymous_2)
FN:110,(anonymous_3)
FN:149,(anonymous_4)
FN:161,(anonymous_5)
FN:195,(anonymous_6)
FN:214,(anonymous_7)
FN:226,(anonymous_8)
FN:256,(anonymous_9)
FNF:10
FNH:10
FNDA:1,(anonymous_0)
FNDA:1,(anonymous_1)
FNDA:3,(anonymous_2)
FNDA:2,(anonymous_3)
FNDA:1,(anonymous_4)
FNDA:1,(anonymous_5)
FNDA:3,(anonymous_6)
FNDA:1,(anonymous_7)
FNDA:2,(anonymous_8)
FNDA:2,(anonymous_9)
DA:1,5
DA:2,5
DA:3,5
DA:10,5
DA:15,5
DA:17,5
DA:19,5
DA:21,5
DA:22,1
DA:23,1
DA:24,1
DA:25,1
DA:26,1
DA:27,1
DA:28,1
DA:45,1
DA:46,1
DA:52,0
DA:56,5
DA:57,1
DA:58,1
DA:59,1
DA:60,1
DA:71,1
DA:73,0
DA:77,5
DA:78,3
DA:79,3
DA:80,3
DA:81,3
DA:82,3
DA:83,1
DA:85,2
DA:95,2
DA:96,1
DA:98,1
DA:99,1
DA:100,1
DA:102,1
DA:104,1
DA:106,0
DA:110,5
DA:111,2
DA:112,2
DA:113,2
DA:114,2
DA:115,2
DA:121,2
DA:122,1
DA:124,1
DA:136,1
DA:137,1
DA:138,0
DA:140,1
DA:142,1
DA:144,0
DA:145,0
DA:149,5
DA:150,1
DA:151,1
DA:152,1
DA:153,1
DA:154,1
DA:155,1
DA:157,0
DA:161,5
DA:162,1
DA:163,1
DA:164,1
DA:165,1
DA:166,1
DA:167,1
DA:183,1
DA:184,1
DA:190,0
DA:191,0
DA:195,5
DA:196,3
DA:197,3
DA:198,3
DA:199,3
DA:200,1
DA:202,2
DA:203,2
DA:205,1
DA:206,1
DA:208,1
DA:210,0
DA:214,5
DA:215,1
DA:216,1
DA:217,1
DA:220,1
DA:222,0
DA:226,5
DA:227,2
DA:228,2
DA:229,2
DA:230,2
DA:231,2
DA:232,2
DA:233,1
DA:235,1
DA:238,1
DA:239,1
DA:241,1
DA:247,1
DA:252,0
DA:256,5
DA:257,2
DA:258,2
DA:259,2
DA:260,2
DA:261,1
DA:264,1
DA:265,1
DA:267,1
DA:273,1
DA:278,0
LF:119
LH:106
BRDA:24,0,0,1
BRDA:24,0,1,1
BRDA:25,1,0,1
BRDA:25,1,1,1
BRDA:26,2,0,1
BRDA:26,2,1,1
BRDA:82,3,0,1
BRDA:82,3,1,2
BRDA:95,4,0,1
BRDA:95,4,1,1
BRDA:99,5,0,0
BRDA:99,5,1,1
BRDA:121,6,0,1
BRDA:121,6,1,1
BRDA:136,7,0,0
BRDA:136,7,1,1
BRDA:137,8,0,0
BRDA:137,8,1,1
BRDA:153,9,0,0
BRDA:153,9,1,1
BRDA:164,10,0,1
BRDA:164,10,1,1
BRDA:165,11,0,1
BRDA:165,11,1,1
BRDA:199,12,0,1
BRDA:199,12,1,2
BRDA:199,13,0,3
BRDA:199,13,1,2
BRDA:203,14,0,1
BRDA:203,14,1,1
BRDA:232,15,0,1
BRDA:232,15,1,1
BRDA:238,16,0,0
BRDA:238,16,1,1
BRDA:260,17,0,1
BRDA:260,17,1,1
BRDA:264,18,0,0
BRDA:264,18,1,1
BRF:38
BRH:32
end_of_record
TN:
SF:controllers\messageController.js
FN:12,(anonymous_0)
FN:22,(anonymous_1)
FN:30,(anonymous_2)
FN:60,(anonymous_3)
FN:65,(anonymous_4)
FNF:5
FNH:5
FNDA:1,(anonymous_0)
FNDA:3,(anonymous_1)
FNDA:2,(anonymous_2)
FNDA:2,(anonymous_3)
FNDA:2,(anonymous_4)
DA:1,5
DA:8,5
DA:10,5
DA:12,5
DA:13,1
DA:14,1
DA:15,1
DA:16,1
DA:18,0
DA:22,5
DA:23,3
DA:24,3
DA:25,3
DA:26,3
DA:27,3
DA:29,2
DA:30,2
DA:31,2
DA:34,2
DA:38,2
DA:40,2
DA:41,1
DA:44,1
DA:52,1
DA:54,1
DA:56,0
DA:60,5
DA:61,2
DA:62,2
DA:63,2
DA:64,2
DA:65,2
DA:66,2
DA:69,2
DA:72,2
DA:73,2
DA:75,1
DA:78,1
DA:80,0
DA:81,0
LF:40
LH:36
BRDA:27,0,0,1
BRDA:27,0,1,2
BRDA:40,1,0,1
BRDA:40,1,1,1
BRDA:73,2,0,1
BRDA:73,2,1,1
BRF:6
BRH:6
end_of_record
TN:
SF:controllers\userController.js
FN:22,(anonymous_0)
FN:34,(anonymous_1)
FN:41,(anonymous_2)
FN:52,(anonymous_3)
FN:75,(anonymous_4)
FN:91,(anonymous_5)
FN:114,(anonymous_6)
FN:129,(anonymous_7)
FN:152,(anonymous_8)
FN:176,(anonymous_9)
FN:191,(anonymous_10)
FN:207,(anonymous_11)
FN:223,(anonymous_12)
FN:229,(anonymous_13)
FN:235,(anonymous_14)
FN:239,(anonymous_15)
FN:269,(anonymous_16)
FN:304,(anonymous_17)
FN:322,(anonymous_18)
FN:340,(anonymous_19)
FN:370,(anonymous_20)
FN:389,(anonymous_21)
FNF:22
FNH:20
FNDA:2,(anonymous_0)
FNDA:1,(anonymous_1)
FNDA:0,(anonymous_2)
FNDA:3,(anonymous_3)
FNDA:1,(anonymous_4)
FNDA:2,(anonymous_5)
FNDA:2,(anonymous_6)
FNDA:1,(anonymous_7)
FNDA:2,(anonymous_8)
FNDA:2,(anonymous_9)
FNDA:2,(anonymous_10)
FNDA:1,(anonymous_11)
FNDA:2,(anonymous_12)
FNDA:1,(anonymous_13)
FNDA:1,(anonymous_14)
FNDA:1,(anonymous_15)
FNDA:1,(anonymous_16)
FNDA:3,(anonymous_17)
FNDA:2,(anonymous_18)
FNDA:1,(anonymous_19)
FNDA:2,(anonymous_20)
FNDA:0,(anonymous_21)
DA:7,5
DA:8,5
DA:17,5
DA:18,5
DA:19,5
DA:20,5
DA:22,5
DA:23,2
DA:24,2
DA:25,2
DA:26,1
DA:27,1
DA:34,1
DA:35,1
DA:36,1
DA:37,1
DA:38,1
DA:40,1
DA:42,0
DA:44,1
DA:48,0
DA:52,5
DA:53,3
DA:54,3
DA:55,3
DA:56,3
DA:57,2
DA:58,2
DA:62,2
DA:63,2
DA:64,2
DA:65,2
DA:66,1
DA:68,1
DA:69,1
DA:71,0
DA:75,5
DA:76,1
DA:77,1
DA:78,1
DA:85,1
DA:87,0
DA:91,5
DA:92,2
DA:93,2
DA:94,2
DA:95,2
DA:98,2
DA:99,1
DA:101,1
DA:105,1
DA:110,0
DA:114,5
DA:115,2
DA:116,2
DA:117,2
DA:118,2
DA:121,2
DA:122,1
DA:123,1
DA:125,0
DA:129,5
DA:130,1
DA:131,1
DA:132,1
DA:146,1
DA:148,0
DA:152,5
DA:153,2
DA:154,2
DA:155,2
DA:156,2
DA:159,2
DA:160,1
DA:162,1
DA:167,1
DA:172,0
DA:176,5
DA:177,2
DA:178,2
DA:179,2
DA:180,2
DA:183,2
DA:184,1
DA:185,1
DA:187,0
DA:191,5
DA:192,2
DA:193,2
DA:194,2
DA:195,2
DA:199,2
DA:200,1
DA:201,1
DA:203,0
DA:207,5
DA:208,1
DA:209,1
DA:210,1
DA:217,1
DA:219,0
DA:223,5
DA:224,2
DA:225,2
DA:226,2
DA:227,2
DA:228,1
DA:229,1
DA:230,1
DA:231,1
DA:233,1
DA:235,1
DA:236,1
DA:237,1
DA:239,1
DA:240,1
DA:250,1
DA:251,1
DA:252,1
DA:262,1
DA:268,1
DA:269,1
DA:270,1
DA:276,1
DA:277,1
DA:278,1
DA:280,1
DA:281,0
DA:283,1
DA:287,1
DA:288,1
DA:289,1
DA:290,1
DA:293,1
DA:296,1
DA:298,0
DA:299,0
DA:300,0
DA:304,5
DA:305,3
DA:306,3
DA:307,3
DA:308,3
DA:311,3
DA:312,2
DA:313,1
DA:315,1
DA:316,1
DA:318,0
DA:322,5
DA:323,2
DA:324,2
DA:325,2
DA:326,2
DA:333,2
DA:334,1
DA:336,0
DA:340,5
DA:341,1
DA:342,1
DA:343,1
DA:346,1
DA:347,1
DA:349,0
DA:361,0
DA:362,0
DA:363,0
DA:364,0
DA:366,0
DA:370,5
DA:371,2
DA:372,2
DA:373,2
DA:374,2
DA:378,2
DA:379,1
DA:381,1
DA:382,1
DA:383,1
DA:385,0
DA:389,5
DA:390,0
DA:391,0
DA:392,0
DA:393,0
DA:404,0
DA:405,0
DA:409,0
DA:411,0
DA:413,0
LF:190
LH:157
BRDA:25,0,0,1
BRDA:25,0,1,1
BRDA:56,1,0,1
BRDA:56,1,1,2
BRDA:56,2,0,3
BRDA:56,2,1,2
BRDA:62,3,0,0
BRDA:62,3,1,2
BRDA:65,4,0,1
BRDA:65,4,1,1
BRDA:98,5,0,1
BRDA:98,5,1,1
BRDA:121,6,0,1
BRDA:121,6,1,1
BRDA:159,7,0,1
BRDA:159,7,1,1
BRDA:183,8,0,1
BRDA:183,8,1,1
BRDA:199,9,0,1
BRDA:199,9,1,1
BRDA:227,10,0,1
BRDA:227,10,1,1
BRDA:227,11,0,2
BRDA:227,11,1,1
BRDA:230,12,0,1
BRDA:230,12,1,0
BRDA:237,13,0,0
BRDA:237,13,1,1
BRDA:277,14,0,0
BRDA:277,14,1,1
BRDA:280,15,0,0
BRDA:280,15,1,1
BRDA:287,16,0,1
BRDA:287,16,1,0
BRDA:298,17,0,0
BRDA:298,17,1,0
BRDA:311,18,0,1
BRDA:311,18,1,2
BRDA:312,19,0,1
BRDA:312,19,1,1
BRDA:333,20,0,1
BRDA:333,20,1,1
BRDA:346,21,0,1
BRDA:346,21,1,0
BRDA:362,22,0,0
BRDA:362,22,1,0
BRDA:378,23,0,1
BRDA:378,23,1,1
BRDA:404,24,0,0
BRDA:404,24,1,0
BRF:50
BRH:37
end_of_record
TN:
SF:helpers\checkStatusOrderHelper.js
FN:1,(anonymous_0)
FNF:1
FNH:1
FNDA:3,(anonymous_0)
DA:1,5
DA:2,3
DA:12,3
LF:3
LH:3
BRF:0
BRH:0
end_of_record
TN:
SF:helpers\handleResponseHelper.js
FN:1,(anonymous_0)
FN:4,(anonymous_1)
FN:7,(anonymous_2)
FN:10,(anonymous_3)
FN:13,(anonymous_4)
FNF:5
FNH:4
FNDA:0,(anonymous_0)
FNDA:31,(anonymous_1)
FNDA:16,(anonymous_2)
FNDA:48,(anonymous_3)
FNDA:5,(anonymous_4)
DA:1,5
DA:2,0
DA:4,5
DA:5,31
DA:7,5
DA:8,16
DA:10,5
DA:11,48
DA:13,5
DA:14,5
LF:10
LH:9
BRF:0
BRH:0
end_of_record
TN:
SF:helpers\joiHelper.js
FN:5,(anonymous_0)
FN:17,(anonymous_1)
FN:22,(anonymous_2)
FN:23,(anonymous_3)
FNF:4
FNH:4
FNDA:29,(anonymous_0)
FNDA:29,(anonymous_1)
FNDA:90,(anonymous_2)
FNDA:34,(anonymous_3)
DA:1,5
DA:2,5
DA:5,5
DA:6,29
DA:7,29
DA:8,7
DA:13,22
DA:17,5
DA:18,29
DA:19,11
DA:21,18
DA:22,90
DA:24,34
DA:25,34
DA:27,18
DA:32,5
DA:41,5
DA:51,5
DA:59,5
LF:19
LH:19
BRDA:5,0,0,11
BRDA:7,1,0,7
BRDA:7,1,1,22
BRDA:18,2,0,11
BRDA:18,2,1,18
BRF:5
BRH:5
end_of_record
TN:
SF:helpers\sendMailHelper.js
FN:5,(anonymous_0)
FN:75,(anonymous_1)
FN:139,(anonymous_2)
FNF:3
FNH:3
FNDA:1,(anonymous_0)
FNDA:1,(anonymous_1)
FNDA:1,(anonymous_2)
DA:1,5
DA:2,5
DA:3,5
DA:5,5
DA:6,1
DA:13,1
DA:71,1
DA:72,1
DA:75,5
DA:76,1
DA:83,1
DA:135,1
DA:136,1
DA:139,5
DA:140,1
DA:147,1
DA:198,1
DA:199,1
LF:18
LH:18
BRF:0
BRH:0
end_of_record
TN:
SF:middleware\AuthenticationMiddleware.js
FN:9,(anonymous_0)
FNF:1
FNH:1
FNDA:70,(anonymous_0)
DA:1,5
DA:2,5
DA:3,5
DA:7,5
DA:9,5
DA:10,70
DA:11,70
DA:12,68
DA:13,68
DA:15,68
DA:16,68
DA:17,68
DA:18,0
DA:20,68
DA:21,68
DA:22,0
DA:24,68
DA:25,0
DA:27,68
DA:28,68
DA:29,68
DA:30,68
LF:22
LH:19
BRDA:11,0,0,2
BRDA:11,0,1,68
BRDA:15,1,0,0
BRDA:15,1,1,68
BRDA:17,2,0,0
BRDA:17,2,1,68
BRDA:21,3,0,0
BRDA:21,3,1,68
BRDA:24,4,0,0
BRDA:24,4,1,68
BRF:10
BRH:6
end_of_record
TN:
SF:middleware\authorizationRole.js
FN:7,(anonymous_0)
FN:15,(anonymous_1)
FN:23,(anonymous_2)
FN:31,(anonymous_3)
FNF:4
FNH:4
FNDA:7,(anonymous_0)
FNDA:23,(anonymous_1)
FNDA:29,(anonymous_2)
FNDA:7,(anonymous_3)
DA:4,5
DA:5,5
DA:7,5
DA:8,7
DA:9,7
DA:10,2
DA:12,5
DA:15,5
DA:16,23
DA:17,23
DA:18,1
DA:20,22
DA:23,5
DA:24,29
DA:25,29
DA:26,2
DA:28,27
DA:31,5
DA:32,7
DA:33,7
DA:35,7
DA:36,7
DA:42,7
DA:43,7
DA:44,5
DA:45,1
DA:49,4
LF:27
LH:27
BRDA:9,0,0,2
BRDA:9,0,1,5
BRDA:17,1,0,1
BRDA:17,1,1,22
BRDA:25,2,0,2
BRDA:25,2,1,27
BRDA:35,3,0,7
BRDA:35,3,1,0
BRDA:43,4,0,2
BRDA:43,4,1,5
BRDA:44,5,0,1
BRDA:44,5,1,4
BRF:12
BRH:11
end_of_record
TN:
SF:middleware\multerMiddleware.js
FN:5,(anonymous_0)
FN:8,(anonymous_1)
FNF:2
FNH:0
FNDA:0,(anonymous_0)
FNDA:0,(anonymous_1)
DA:1,5
DA:2,5
DA:4,5
DA:6,0
DA:9,0
DA:12,5
DA:14,5
LF:7
LH:5
BRF:0
BRH:0
end_of_record
TN:
SF:middleware\sendResetPassMiddleware.js
FN:4,(anonymous_0)
FNF:1
FNH:1
FNDA:2,(anonymous_0)
DA:1,5
DA:2,5
DA:4,5
DA:5,2
DA:6,2
DA:7,1
DA:8,1
DA:9,0
DA:11,1
DA:12,1
LF:10
LH:9
BRDA:6,0,0,1
BRDA:6,0,1,1
BRDA:8,1,0,0
BRDA:8,1,1,1
BRF:4
BRH:3
end_of_record
TN:
SF:middleware\socketIoMiddleware.js
FN:1,(anonymous_0)
FN:1,(anonymous_1)
FNF:2
FNH:2
FNDA:5,(anonymous_0)
FNDA:104,(anonymous_1)
DA:1,5
DA:2,104
DA:3,104
LF:3
LH:3
BRF:0
BRH:0
end_of_record
TN:
SF:middleware\verifyEmailMiddleware.js
FN:3,(anonymous_0)
FNF:1
FNH:1
FNDA:2,(anonymous_0)
DA:1,5
DA:3,5
DA:4,2
DA:5,2
DA:6,2
DA:7,2
DA:8,0
DA:10,2
DA:11,2
DA:12,2
LF:10
LH:9
BRDA:5,0,0,0
BRDA:5,0,1,2
BRDA:7,1,0,0
BRDA:7,1,1,2
BRF:4
BRH:2
end_of_record
TN:
SF:models\cart.js
FN:3,(anonymous_0)
FN:10,(anonymous_1)
FNF:2
FNH:2
FNDA:5,(anonymous_0)
FNDA:5,(anonymous_1)
DA:2,5
DA:3,5
DA:12,5
DA:17,5
DA:24,5
DA:35,5
LF:6
LH:6
BRF:0
BRH:0
end_of_record
TN:
SF:models\favorit.js
FN:3,(anonymous_0)
FN:10,(anonymous_1)
FNF:2
FNH:2
FNDA:5,(anonymous_0)
FNDA:5,(anonymous_1)
DA:2,5
DA:3,5
DA:12,5
DA:17,5
DA:24,5
DA:34,5
LF:6
LH:6
BRF:0
BRH:0
end_of_record
TN:
SF:models\index.js
FN:21,(anonymous_0)
FN:29,(anonymous_1)
FN:34,(anonymous_2)
FNF:3
FNH:3
FNDA:40,(anonymous_0)
FNDA:35,(anonymous_1)
FNDA:35,(anonymous_2)
DA:3,5
DA:4,5
DA:5,5
DA:6,5
DA:7,5
DA:8,5
DA:9,5
DA:10,5
DA:13,5
DA:14,0
DA:16,5
DA:19,5
DA:22,40
DA:30,35
DA:31,35
DA:34,5
DA:35,35
DA:36,35
DA:40,5
DA:41,5
DA:43,5
LF:21
LH:20
BRDA:8,0,0,5
BRDA:8,0,1,0
BRDA:13,1,0,0
BRDA:13,1,1,5
BRDA:23,2,0,40
BRDA:23,2,1,40
BRDA:23,2,2,35
BRDA:23,2,3,35
BRDA:35,3,0,35
BRDA:35,3,1,0
BRF:10
BRH:7
end_of_record
TN:
SF:models\merchant.js
FN:3,(anonymous_0)
FN:10,(anonymous_1)
FN:42,(anonymous_2)
FNF:3
FNH:3
FNDA:5,(anonymous_0)
FNDA:5,(anonymous_1)
FNDA:1,(anonymous_2)
DA:2,5
DA:3,5
DA:12,5
DA:18,5
DA:23,5
DA:31,5
DA:43,1
DA:50,5
LF:8
LH:8
BRF:0
BRH:0
end_of_record
TN:
SF:models\order.js
FN:3,(anonymous_0)
FN:10,(anonymous_1)
FNF:2
FNH:2
FNDA:5,(anonymous_0)
FNDA:5,(anonymous_1)
DA:2,5
DA:3,5
DA:12,5
DA:18,5
DA:25,5
DA:33,5
DA:46,5
LF:7
LH:7
BRF:0
BRH:0
end_of_record
TN:
SF:models\service.js
FN:3,(anonymous_0)
FN:10,(anonymous_1)
FNF:2
FNH:2
FNDA:5,(anonymous_0)
FNDA:5,(anonymous_1)
DA:2,5
DA:3,5
DA:12,5
DA:17,5
DA:20,5
DA:25,5
DA:31,5
DA:44,5
LF:8
LH:8
BRF:0
BRH:0
end_of_record
TN:
SF:models\servicesordered.js
FN:3,(anonymous_0)
FN:10,(anonymous_1)
FNF:2
FNH:2
FNDA:5,(anonymous_0)
FNDA:5,(anonymous_1)
DA:2,5
DA:3,5
DA:12,5
DA:17,5
DA:24,5
DA:36,5
LF:6
LH:6
BRF:0
BRH:0
end_of_record
TN:
SF:models\user.js
FN:6,(anonymous_0)
FN:13,(anonymous_1)
FN:42,(anonymous_2)
FNF:3
FNH:3
FNDA:5,(anonymous_0)
FNDA:5,(anonymous_1)
FNDA:3,(anonymous_2)
DA:2,5
DA:4,5
DA:6,5
DA:14,5
DA:17,5
DA:21,5
DA:25,5
DA:31,5
DA:43,3
DA:50,5
LF:10
LH:10
BRF:0
BRH:0
end_of_record
TN:
SF:routers\adminRoute.js
FNF:0
FNH:0
DA:1,5
DA:7,5
DA:8,5
DA:10,5
DA:12,5
DA:13,5
DA:14,5
DA:15,5
DA:16,5
DA:18,5
LF:10
LH:10
BRF:0
BRH:0
end_of_record
TN:
SF:routers\authRoute.js
FNF:0
FNH:0
DA:1,5
DA:16,5
DA:20,5
DA:23,5
DA:26,5
DA:27,5
DA:29,5
DA:31,5
DA:32,5
DA:33,5
DA:34,5
DA:35,5
DA:36,5
DA:37,5
DA:38,5
DA:39,5
DA:40,5
DA:42,5
DA:43,5
DA:44,5
DA:45,5
DA:47,5
LF:22
LH:22
BRF:0
BRH:0
end_of_record
TN:
SF:routers\index.js
FNF:0
FNH:0
DA:1,5
DA:2,5
DA:3,5
DA:4,5
DA:5,5
DA:6,5
DA:7,5
DA:10,5
DA:12,5
DA:13,5
DA:15,5
DA:17,5
DA:18,5
DA:19,5
DA:21,5
LF:15
LH:15
BRF:0
BRH:0
end_of_record
TN:
SF:routers\laundryRoute.js
FNF:0
FNH:0
DA:1,5
DA:13,5
DA:17,5
DA:18,5
DA:20,5
DA:22,5
DA:23,5
DA:24,5
DA:25,5
DA:26,5
DA:31,5
DA:32,5
DA:33,5
DA:34,5
DA:35,5
DA:36,5
DA:38,5
LF:17
LH:17
BRF:0
BRH:0
end_of_record
TN:
SF:routers\messageRoute.js
FNF:0
FNH:0
DA:1,5
DA:6,5
DA:7,5
DA:9,5
DA:11,5
DA:12,5
DA:13,5
DA:14,5
DA:16,5
LF:9
LH:9
BRF:0
BRH:0
end_of_record
TN:
SF:routers\userRoute.js
FNF:0
FNH:0
DA:1,5
DA:19,5
DA:22,5
DA:23,5
DA:25,5
DA:27,5
DA:29,5
DA:30,5
DA:32,5
DA:33,5
DA:34,5
DA:35,5
DA:36,5
DA:37,5
DA:38,5
DA:39,5
DA:40,5
DA:41,5
DA:42,5
DA:43,5
DA:44,5
DA:45,5
DA:46,5
DA:48,5
LF:24
LH:24
BRF:0
BRH:0
end_of_record
TN:
SF:utils\bcryptUtil.js
FN:3,(anonymous_0)
FN:8,(anonymous_1)
FNF:2
FNH:2
FNDA:16,(anonymous_0)
FNDA:11,(anonymous_1)
DA:1,5
DA:3,5
DA:4,16
DA:5,16
DA:8,5
DA:9,11
LF:6
LH:6
BRF:0
BRH:0
end_of_record
TN:
SF:utils\getDistanceUtil.js
FN:2,(anonymous_0)
FN:5,(anonymous_1)
FNF:2
FNH:2
FNDA:16,(anonymous_0)
FNDA:4,(anonymous_1)
DA:2,16
DA:5,5
DA:6,4
DA:8,4
DA:9,4
DA:12,4
DA:18,4
DA:20,4
DA:21,4
DA:24,5
LF:10
LH:10
BRF:0
BRH:0
end_of_record
TN:
SF:utils\googleLoginUtil.js
FNF:0
FNH:0
DA:1,4
DA:2,4
DA:4,4
DA:6,4
DA:11,4
DA:13,4
DA:18,4
LF:7
LH:7
BRF:0
BRH:0
end_of_record
TN:
SF:utils\jwtUtil.js
FN:10,(anonymous_0)
FN:18,(anonymous_1)
FN:19,(anonymous_2)
FN:26,(anonymous_3)
FN:33,(anonymous_4)
FN:34,(anonymous_5)
FN:41,(anonymous_6)
FN:48,(anonymous_7)
FN:49,(anonymous_8)
FN:56,(anonymous_9)
FN:66,(anonymous_10)
FN:67,(anonymous_11)
FNF:12
FNH:12
FNDA:10,(anonymous_0)
FNDA:68,(anonymous_1)
FNDA:68,(anonymous_2)
FNDA:1,(anonymous_3)
FNDA:3,(anonymous_4)
FNDA:3,(anonymous_5)
FNDA:2,(anonymous_6)
FNDA:1,(anonymous_7)
FNDA:1,(anonymous_8)
FNDA:10,(anonymous_9)
FNDA:2,(anonymous_10)
FNDA:2,(anonymous_11)
DA:1,5
DA:2,5
DA:3,5
DA:5,5
DA:6,5
DA:7,5
DA:8,5
DA:10,5
DA:11,10
DA:12,10
DA:13,0
DA:15,10
DA:18,5
DA:19,68
DA:20,68
DA:21,0
DA:26,5
DA:27,1
DA:28,0
DA:30,1
DA:33,5
DA:34,3
DA:35,3
DA:36,0
DA:41,5
DA:42,2
DA:43,0
DA:45,2
DA:48,5
DA:49,1
DA:50,1
DA:51,0
DA:56,5
DA:57,10
DA:58,10
DA:59,0
DA:61,10
DA:66,5
DA:67,2
DA:68,2
DA:69,1
LF:41
LH:34
BRDA:12,0,0,0
BRDA:12,0,1,10
BRDA:12,1,0,10
BRDA:12,1,1,10
BRDA:12,1,2,10
BRDA:20,2,0,68
BRDA:20,2,1,0
BRDA:21,3,0,0
BRDA:21,3,1,0
BRDA:27,4,0,0
BRDA:27,4,1,1
BRDA:27,5,0,1
BRDA:27,5,1,1
BRDA:35,6,0,3
BRDA:35,6,1,0
BRDA:36,7,0,0
BRDA:36,7,1,0
BRDA:42,8,0,0
BRDA:42,8,1,2
BRDA:50,9,0,1
BRDA:50,9,1,0
BRDA:51,10,0,0
BRDA:51,10,1,0
BRDA:58,11,0,0
BRDA:58,11,1,10
BRDA:58,12,0,10
BRDA:58,12,1,10
BRDA:68,13,0,1
BRDA:68,13,1,1
BRDA:69,14,0,1
BRDA:69,14,1,0
BRF:31
BRH:17
end_of_record
TN:
SF:utils\midtransUtil.js
FNF:0
FNH:0
DA:1,5
DA:2,5
DA:4,5
LF:3
LH:3
BRF:0
BRH:0
end_of_record
TN:
SF:utils\redisClient.js
FN:8,(anonymous_0)
FN:12,(anonymous_1)
FNF:2
FNH:1
FNDA:5,(anonymous_0)
FNDA:0,(anonymous_1)
DA:1,5
DA:3,5
DA:8,5
DA:9,5
DA:12,5
DA:13,0
DA:16,5
LF:7
LH:6
BRF:0
BRH:0
end_of_record
TN:
SF:utils\streamChatUtil.js
FNF:0
FNH:0
DA:1,1
DA:2,1
DA:3,1
DA:5,1
DA:10,1
LF:5
LH:5
BRF:0
BRH:0
end_of_record
