{"F:\\New Document\\Documents\\00.Training Bootcamp Phincon\\12. Final Project\\client\\config\\development.js": {"path":"F:\\New Document\\Documents\\00.Training Bootcamp Phincon\\12. Final Project\\client\\config\\development.js","statementMap":{},"fnMap":{},"branchMap":{},"s":{},"f":{},"b":{},"_coverageSchema":"1a1c01bbd47fc00a2c39e90264f33305004495a9","hash":"8f302972c20ecc88a810b69573ebb0109c9e7f3e"}
,"F:\\New Document\\Documents\\00.Training Bootcamp Phincon\\12. Final Project\\client\\config\\index.js": {"path":"F:\\New Document\\Documents\\00.Training Bootcamp Phincon\\12. Final Project\\client\\config\\index.js","statementMap":{"0":{"start":{"line":5,"column":16},"end":{"line":5,"column":53}},"1":{"start":{"line":7,"column":12},"end":{"line":7,"column":54}},"2":{"start":{"line":9,"column":15},"end":{"line":18,"column":1}}},"fnMap":{},"branchMap":{"0":{"loc":{"start":{"line":5,"column":16},"end":{"line":5,"column":53}},"type":"binary-expr","locations":[{"start":{"line":5,"column":16},"end":{"line":5,"column":36}},{"start":{"line":5,"column":40},"end":{"line":5,"column":53}}],"line":5}},"s":{"0":42,"1":42,"2":42},"f":{},"b":{"0":[42,0]},"_coverageSchema":"1a1c01bbd47fc00a2c39e90264f33305004495a9","hash":"5c0aee8341445d9457fd3ed9308b643bdd0764d2"}
,"F:\\New Document\\Documents\\00.Training Bootcamp Phincon\\12. Final Project\\client\\config\\production.js": {"path":"F:\\New Document\\Documents\\00.Training Bootcamp Phincon\\12. Final Project\\client\\config\\production.js","statementMap":{},"fnMap":{},"branchMap":{},"s":{},"f":{},"b":{},"_coverageSchema":"1a1c01bbd47fc00a2c39e90264f33305004495a9","hash":"649d1745e960fcdc4002600490672a7b9add3e28"}
,"F:\\New Document\\Documents\\00.Training Bootcamp Phincon\\12. Final Project\\client\\config\\test.env.js": {"path":"F:\\New Document\\Documents\\00.Training Bootcamp Phincon\\12. Final Project\\client\\config\\test.env.js","statementMap":{},"fnMap":{},"branchMap":{},"s":{},"f":{},"b":{},"_coverageSchema":"1a1c01bbd47fc00a2c39e90264f33305004495a9","hash":"121fc0f11f78428c7b88b11bb6e5cd1ba9e7a3c3"}
,"F:\\New Document\\Documents\\00.Training Bootcamp Phincon\\12. Final Project\\client\\src\\configureStore.js": {"path":"F:\\New Document\\Documents\\00.Training Bootcamp Phincon\\12. Final Project\\client\\src\\configureStore.js","statementMap":{"0":{"start":{"line":9,"column":18},"end":{"line":9,"column":20}},"1":{"start":{"line":12,"column":23},"end":{"line":34,"column":1}},"2":{"start":{"line":13,"column":25},"end":{"line":13,"column":32}},"3":{"start":{"line":14,"column":34},"end":{"line":16,"column":3}},"4":{"start":{"line":18,"column":2},"end":{"line":20,"column":3}},"5":{"start":{"line":19,"column":4},"end":{"line":19,"column":120}},"6":{"start":{"line":19,"column":53},"end":{"line":19,"column":120}},"7":{"start":{"line":22,"column":27},"end":{"line":22,"column":72}},"8":{"start":{"line":23,"column":25},"end":{"line":23,"column":70}},"9":{"start":{"line":24,"column":22},"end":{"line":24,"column":38}},"10":{"start":{"line":25,"column":20},"end":{"line":25,"column":53}},"11":{"start":{"line":27,"column":16},"end":{"line":27,"column":91}},"12":{"start":{"line":29,"column":2},"end":{"line":29,"column":37}},"13":{"start":{"line":32,"column":2},"end":{"line":32,"column":26}},"14":{"start":{"line":33,"column":2},"end":{"line":33,"column":15}},"15":{"start":{"line":36,"column":14},"end":{"line":36,"column":39}},"16":{"start":{"line":39,"column":25},"end":{"line":39,"column":44}}},"fnMap":{"0":{"name":"(anonymous_0)","decl":{"start":{"line":12,"column":23},"end":{"line":12,"column":24}},"loc":{"start":{"line":12,"column":46},"end":{"line":34,"column":1}},"line":12}},"branchMap":{"0":{"loc":{"start":{"line":12,"column":24},"end":{"line":12,"column":41}},"type":"default-arg","locations":[{"start":{"line":12,"column":39},"end":{"line":12,"column":41}}],"line":12},"1":{"loc":{"start":{"line":18,"column":2},"end":{"line":20,"column":3}},"type":"if","locations":[{"start":{"line":18,"column":2},"end":{"line":20,"column":3}},{"start":{},"end":{}}],"line":18},"2":{"loc":{"start":{"line":18,"column":6},"end":{"line":18,"column":73}},"type":"binary-expr","locations":[{"start":{"line":18,"column":6},"end":{"line":18,"column":43}},{"start":{"line":18,"column":47},"end":{"line":18,"column":73}}],"line":18},"3":{"loc":{"start":{"line":19,"column":4},"end":{"line":19,"column":120}},"type":"if","locations":[{"start":{"line":19,"column":4},"end":{"line":19,"column":120}},{"start":{},"end":{}}],"line":19}},"s":{"0":42,"1":42,"2":42,"3":42,"4":42,"5":42,"6":0,"7":42,"8":42,"9":42,"10":42,"11":42,"12":42,"13":42,"14":42,"15":42,"16":42},"f":{"0":42},"b":{"0":[0],"1":[42,0],"2":[42,42],"3":[0,42]},"_coverageSchema":"1a1c01bbd47fc00a2c39e90264f33305004495a9","hash":"c6d44ccd5e40c22e819b74c0230aecd66c46a527"}
,"F:\\New Document\\Documents\\00.Training Bootcamp Phincon\\12. Final Project\\client\\src\\persistence.js": {"path":"F:\\New Document\\Documents\\00.Training Bootcamp Phincon\\12. Final Project\\client\\src\\persistence.js","statementMap":{"0":{"start":{"line":4,"column":28},"end":{"line":8,"column":1}},"1":{"start":{"line":10,"column":32},"end":{"line":22,"column":56}},"2":{"start":{"line":11,"column":2},"end":{"line":22,"column":56}},"3":{"start":{"line":12,"column":30},"end":{"line":21,"column":5}},"4":{"start":{"line":22,"column":27},"end":{"line":22,"column":51}}},"fnMap":{"0":{"name":"(anonymous_0)","decl":{"start":{"line":10,"column":32},"end":{"line":10,"column":33}},"loc":{"start":{"line":11,"column":2},"end":{"line":22,"column":56}},"line":11},"1":{"name":"(anonymous_1)","decl":{"start":{"line":12,"column":9},"end":{"line":12,"column":10}},"loc":{"start":{"line":12,"column":30},"end":{"line":21,"column":5}},"line":12},"2":{"name":"(anonymous_2)","decl":{"start":{"line":22,"column":12},"end":{"line":22,"column":13}},"loc":{"start":{"line":22,"column":27},"end":{"line":22,"column":51}},"line":22}},"branchMap":{},"s":{"0":42,"1":42,"2":42,"3":378,"4":378},"f":{"0":42,"1":378,"2":378},"b":{},"_coverageSchema":"1a1c01bbd47fc00a2c39e90264f33305004495a9","hash":"c8224c14a370467b9e837b7ef3722a0a22f03247"}
,"F:\\New Document\\Documents\\00.Training Bootcamp Phincon\\12. Final Project\\client\\src\\reducers.js": {"path":"F:\\New Document\\Documents\\00.Training Bootcamp Phincon\\12. Final Project\\client\\src\\reducers.js","statementMap":{"0":{"start":{"line":26,"column":23},"end":{"line":36,"column":1}},"1":{"start":{"line":38,"column":26},"end":{"line":49,"column":1}},"2":{"start":{"line":51,"column":22},"end":{"line":58,"column":1}},"3":{"start":{"line":52,"column":22},"end":{"line":55,"column":4}},"4":{"start":{"line":56,"column":22},"end":{"line":56,"column":67}},"5":{"start":{"line":56,"column":41},"end":{"line":56,"column":67}},"6":{"start":{"line":57,"column":2},"end":{"line":57,"column":21}}},"fnMap":{"0":{"name":"(anonymous_0)","decl":{"start":{"line":51,"column":22},"end":{"line":51,"column":23}},"loc":{"start":{"line":51,"column":28},"end":{"line":58,"column":1}},"line":51},"1":{"name":"(anonymous_1)","decl":{"start":{"line":56,"column":22},"end":{"line":56,"column":23}},"loc":{"start":{"line":56,"column":41},"end":{"line":56,"column":67}},"line":56}},"branchMap":{},"s":{"0":42,"1":42,"2":42,"3":42,"4":42,"5":566,"6":42},"f":{"0":42,"1":566},"b":{},"_coverageSchema":"1a1c01bbd47fc00a2c39e90264f33305004495a9","hash":"bef6255080116c8bf787d5bbe3ab55644c22a529"}
,"F:\\New Document\\Documents\\00.Training Bootcamp Phincon\\12. Final Project\\client\\src\\rootSaga.js": {"path":"F:\\New Document\\Documents\\00.Training Bootcamp Phincon\\12. Final Project\\client\\src\\rootSaga.js","statementMap":{"0":{"start":{"line":22,"column":2},"end":{"line":40,"column":5}}},"fnMap":{"0":{"name":"rootSaga","decl":{"start":{"line":21,"column":25},"end":{"line":21,"column":33}},"loc":{"start":{"line":21,"column":36},"end":{"line":41,"column":1}},"line":21}},"branchMap":{},"s":{"0":42},"f":{"0":42},"b":{},"_coverageSchema":"1a1c01bbd47fc00a2c39e90264f33305004495a9","hash":"74e12a479a6abc877242e7bc953ab4bd73843afd"}
,"F:\\New Document\\Documents\\00.Training Bootcamp Phincon\\12. Final Project\\client\\src\\components\\ChannelInner\\index.jsx": {"path":"F:\\New Document\\Documents\\00.Training Bootcamp Phincon\\12. Final Project\\client\\src\\components\\ChannelInner\\index.jsx","statementMap":{"0":{"start":{"line":10,"column":21},"end":{"line":36,"column":1}},"1":{"start":{"line":11,"column":25},"end":{"line":11,"column":83}},"2":{"start":{"line":11,"column":63},"end":{"line":11,"column":82}},"3":{"start":{"line":13,"column":2},"end":{"line":15,"column":23}},"4":{"start":{"line":14,"column":4},"end":{"line":14,"column":19}},"5":{"start":{"line":17,"column":2},"end":{"line":35,"column":4}},"6":{"start":{"line":22,"column":75},"end":{"line":22,"column":94}},"7":{"start":{"line":38,"column":0},"end":{"line":41,"column":2}}},"fnMap":{"0":{"name":"(anonymous_0)","decl":{"start":{"line":10,"column":21},"end":{"line":10,"column":22}},"loc":{"start":{"line":10,"column":56},"end":{"line":36,"column":1}},"line":10},"1":{"name":"(anonymous_1)","decl":{"start":{"line":11,"column":57},"end":{"line":11,"column":58}},"loc":{"start":{"line":11,"column":63},"end":{"line":11,"column":82}},"line":11},"2":{"name":"(anonymous_2)","decl":{"start":{"line":13,"column":12},"end":{"line":13,"column":13}},"loc":{"start":{"line":13,"column":18},"end":{"line":15,"column":3}},"line":13},"3":{"name":"(anonymous_3)","decl":{"start":{"line":22,"column":69},"end":{"line":22,"column":70}},"loc":{"start":{"line":22,"column":75},"end":{"line":22,"column":94}},"line":22}},"branchMap":{"0":{"loc":{"start":{"line":21,"column":11},"end":{"line":25,"column":11}},"type":"binary-expr","locations":[{"start":{"line":21,"column":11},"end":{"line":21,"column":22}},{"start":{"line":22,"column":12},"end":{"line":24,"column":25}}],"line":21}},"s":{"0":1,"1":3,"2":0,"3":3,"4":3,"5":3,"6":1,"7":1},"f":{"0":3,"1":0,"2":3,"3":1},"b":{"0":[3,3]},"_coverageSchema":"1a1c01bbd47fc00a2c39e90264f33305004495a9","hash":"ab0fbc01689af8fed83873fe4367fec895ee0bc9"}
,"F:\\New Document\\Documents\\00.Training Bootcamp Phincon\\12. Final Project\\client\\src\\components\\DetailOrder\\index.jsx": {"path":"F:\\New Document\\Documents\\00.Training Bootcamp Phincon\\12. Final Project\\client\\src\\components\\DetailOrder\\index.jsx","statementMap":{"0":{"start":{"line":9,"column":20},"end":{"line":95,"column":1}},"1":{"start":{"line":10,"column":2},"end":{"line":94,"column":11}},"2":{"start":{"line":54,"column":10},"end":{"line":81,"column":16}},"3":{"start":{"line":97,"column":0},"end":{"line":101,"column":2}}},"fnMap":{"0":{"name":"(anonymous_0)","decl":{"start":{"line":9,"column":20},"end":{"line":9,"column":21}},"loc":{"start":{"line":10,"column":2},"end":{"line":94,"column":11}},"line":10},"1":{"name":"(anonymous_1)","decl":{"start":{"line":53,"column":30},"end":{"line":53,"column":31}},"loc":{"start":{"line":54,"column":10},"end":{"line":81,"column":16}},"line":54}},"branchMap":{"0":{"loc":{"start":{"line":65,"column":42},"end":{"line":65,"column":83}},"type":"cond-expr","locations":[{"start":{"line":65,"column":60},"end":{"line":65,"column":70}},{"start":{"line":65,"column":73},"end":{"line":65,"column":83}}],"line":65},"1":{"loc":{"start":{"line":89,"column":24},"end":{"line":89,"column":83}},"type":"binary-expr","locations":[{"start":{"line":89,"column":24},"end":{"line":89,"column":29}},{"start":{"line":89,"column":33},"end":{"line":89,"column":83}}],"line":89},"2":{"loc":{"start":{"line":90,"column":21},"end":{"line":90,"column":57}},"type":"binary-expr","locations":[{"start":{"line":90,"column":21},"end":{"line":90,"column":26}},{"start":{"line":90,"column":30},"end":{"line":90,"column":57}}],"line":90}},"s":{"0":1,"1":4,"2":4,"3":1},"f":{"0":4,"1":4},"b":{"0":[0,4],"1":[4,4],"2":[4,4]},"_coverageSchema":"1a1c01bbd47fc00a2c39e90264f33305004495a9","hash":"40d134bdd4e94204c10ead92fc340148d0fc4ca2"}
,"F:\\New Document\\Documents\\00.Training Bootcamp Phincon\\12. Final Project\\client\\src\\components\\DialogLanguage\\index.jsx": {"path":"F:\\New Document\\Documents\\00.Training Bootcamp Phincon\\12. Final Project\\client\\src\\components\\DialogLanguage\\index.jsx","statementMap":{"0":{"start":{"line":10,"column":29},"end":{"line":16,"column":2}},"1":{"start":{"line":18,"column":23},"end":{"line":56,"column":1}},"2":{"start":{"line":19,"column":2},"end":{"line":55,"column":11}},"3":{"start":{"line":58,"column":0},"end":{"line":63,"column":2}}},"fnMap":{"0":{"name":"(anonymous_0)","decl":{"start":{"line":18,"column":23},"end":{"line":18,"column":24}},"loc":{"start":{"line":19,"column":2},"end":{"line":55,"column":11}},"line":19}},"branchMap":{},"s":{"0":2,"1":2,"2":35,"3":2},"f":{"0":35},"b":{},"_coverageSchema":"1a1c01bbd47fc00a2c39e90264f33305004495a9","hash":"2699cdb986ebf6db3262757976af3e5bbb6df0c1"}
,"F:\\New Document\\Documents\\00.Training Bootcamp Phincon\\12. Final Project\\client\\src\\components\\DialogMerchantsMap\\index.jsx": {"path":"F:\\New Document\\Documents\\00.Training Bootcamp Phincon\\12. Final Project\\client\\src\\components\\DialogMerchantsMap\\index.jsx","statementMap":{"0":{"start":{"line":9,"column":27},"end":{"line":32,"column":1}},"1":{"start":{"line":10,"column":2},"end":{"line":31,"column":11}},"2":{"start":{"line":34,"column":0},"end":{"line":38,"column":2}}},"fnMap":{"0":{"name":"(anonymous_0)","decl":{"start":{"line":9,"column":27},"end":{"line":9,"column":28}},"loc":{"start":{"line":10,"column":2},"end":{"line":31,"column":11}},"line":10}},"branchMap":{},"s":{"0":1,"1":4,"2":1},"f":{"0":4},"b":{},"_coverageSchema":"1a1c01bbd47fc00a2c39e90264f33305004495a9","hash":"e76ece4792e862376cb18d180b82f74a2b33b749"}
,"F:\\New Document\\Documents\\00.Training Bootcamp Phincon\\12. Final Project\\client\\src\\components\\EditMerchant\\index.jsx": {"path":"F:\\New Document\\Documents\\00.Training Bootcamp Phincon\\12. Final Project\\client\\src\\components\\EditMerchant\\index.jsx","statementMap":{"0":{"start":{"line":15,"column":21},"end":{"line":104,"column":1}},"1":{"start":{"line":16,"column":19},"end":{"line":16,"column":32}},"2":{"start":{"line":17,"column":34},"end":{"line":17,"column":44}},"3":{"start":{"line":23,"column":6},"end":{"line":23,"column":15}},"4":{"start":{"line":25,"column":15},"end":{"line":25,"column":28}},"5":{"start":{"line":26,"column":22},"end":{"line":26,"column":42}},"6":{"start":{"line":28,"column":19},"end":{"line":32,"column":3}},"7":{"start":{"line":29,"column":4},"end":{"line":29,"column":89}},"8":{"start":{"line":30,"column":4},"end":{"line":30,"column":39}},"9":{"start":{"line":31,"column":4},"end":{"line":31,"column":18}},"10":{"start":{"line":34,"column":25},"end":{"line":36,"column":3}},"11":{"start":{"line":35,"column":4},"end":{"line":35,"column":21}},"12":{"start":{"line":38,"column":2},"end":{"line":103,"column":4}},"13":{"start":{"line":105,"column":0},"end":{"line":110,"column":2}}},"fnMap":{"0":{"name":"(anonymous_0)","decl":{"start":{"line":15,"column":21},"end":{"line":15,"column":22}},"loc":{"start":{"line":15,"column":83},"end":{"line":104,"column":1}},"line":15},"1":{"name":"(anonymous_1)","decl":{"start":{"line":28,"column":19},"end":{"line":28,"column":20}},"loc":{"start":{"line":28,"column":29},"end":{"line":32,"column":3}},"line":28},"2":{"name":"(anonymous_2)","decl":{"start":{"line":34,"column":25},"end":{"line":34,"column":26}},"loc":{"start":{"line":34,"column":34},"end":{"line":36,"column":3}},"line":34}},"branchMap":{"0":{"loc":{"start":{"line":29,"column":20},"end":{"line":29,"column":88}},"type":"cond-expr","locations":[{"start":{"line":29,"column":31},"end":{"line":29,"column":55}},{"start":{"line":29,"column":58},"end":{"line":29,"column":88}}],"line":29},"1":{"loc":{"start":{"line":74,"column":27},"end":{"line":74,"column":69}},"type":"binary-expr","locations":[{"start":{"line":74,"column":27},"end":{"line":74,"column":35}},{"start":{"line":74,"column":39},"end":{"line":74,"column":69}}],"line":74},"2":{"loc":{"start":{"line":83,"column":55},"end":{"line":83,"column":95}},"type":"binary-expr","locations":[{"start":{"line":83,"column":55},"end":{"line":83,"column":73}},{"start":{"line":83,"column":77},"end":{"line":83,"column":95}}],"line":83},"3":{"loc":{"start":{"line":94,"column":24},"end":{"line":94,"column":45}},"type":"binary-expr","locations":[{"start":{"line":94,"column":24},"end":{"line":94,"column":29}},{"start":{"line":94,"column":33},"end":{"line":94,"column":45}}],"line":94}},"s":{"0":1,"1":6,"2":6,"3":6,"4":6,"5":6,"6":6,"7":1,"8":1,"9":1,"10":6,"11":0,"12":6,"13":1},"f":{"0":6,"1":1,"2":0},"b":{"0":[0,1],"1":[6,6],"2":[6,0],"3":[6,2]},"_coverageSchema":"1a1c01bbd47fc00a2c39e90264f33305004495a9","hash":"b4cc1e35bfdddcf66d834dbd288b7569718e481e"}
,"F:\\New Document\\Documents\\00.Training Bootcamp Phincon\\12. Final Project\\client\\src\\components\\EditProfile\\index.jsx": {"path":"F:\\New Document\\Documents\\00.Training Bootcamp Phincon\\12. Final Project\\client\\src\\components\\EditProfile\\index.jsx","statementMap":{"0":{"start":{"line":14,"column":20},"end":{"line":121,"column":1}},"1":{"start":{"line":15,"column":19},"end":{"line":15,"column":32}},"2":{"start":{"line":16,"column":34},"end":{"line":16,"column":49}},"3":{"start":{"line":22,"column":6},"end":{"line":22,"column":15}},"4":{"start":{"line":23,"column":19},"end":{"line":23,"column":36}},"5":{"start":{"line":24,"column":16},"end":{"line":24,"column":30}},"6":{"start":{"line":26,"column":19},"end":{"line":33,"column":3}},"7":{"start":{"line":27,"column":4},"end":{"line":30,"column":5}},"8":{"start":{"line":28,"column":6},"end":{"line":28,"column":31}},"9":{"start":{"line":29,"column":6},"end":{"line":29,"column":31}},"10":{"start":{"line":31,"column":4},"end":{"line":31,"column":38}},"11":{"start":{"line":32,"column":4},"end":{"line":32,"column":18}},"12":{"start":{"line":34,"column":2},"end":{"line":120,"column":4}},"13":{"start":{"line":103,"column":76},"end":{"line":103,"column":105}},"14":{"start":{"line":122,"column":0},"end":{"line":127,"column":2}}},"fnMap":{"0":{"name":"(anonymous_0)","decl":{"start":{"line":14,"column":20},"end":{"line":14,"column":21}},"loc":{"start":{"line":14,"column":81},"end":{"line":121,"column":1}},"line":14},"1":{"name":"(anonymous_1)","decl":{"start":{"line":26,"column":19},"end":{"line":26,"column":20}},"loc":{"start":{"line":26,"column":29},"end":{"line":33,"column":3}},"line":26},"2":{"name":"(anonymous_2)","decl":{"start":{"line":103,"column":69},"end":{"line":103,"column":70}},"loc":{"start":{"line":103,"column":76},"end":{"line":103,"column":105}},"line":103}},"branchMap":{"0":{"loc":{"start":{"line":27,"column":4},"end":{"line":30,"column":5}},"type":"if","locations":[{"start":{"line":27,"column":4},"end":{"line":30,"column":5}},{"start":{},"end":{}}],"line":27},"1":{"loc":{"start":{"line":83,"column":20},"end":{"line":83,"column":50}},"type":"cond-expr","locations":[{"start":{"line":83,"column":31},"end":{"line":83,"column":37}},{"start":{"line":83,"column":40},"end":{"line":83,"column":50}}],"line":83},"2":{"loc":{"start":{"line":94,"column":20},"end":{"line":94,"column":50}},"type":"cond-expr","locations":[{"start":{"line":94,"column":31},"end":{"line":94,"column":37}},{"start":{"line":94,"column":40},"end":{"line":94,"column":50}}],"line":94},"3":{"loc":{"start":{"line":111,"column":24},"end":{"line":111,"column":43}},"type":"binary-expr","locations":[{"start":{"line":111,"column":24},"end":{"line":111,"column":33}},{"start":{"line":111,"column":37},"end":{"line":111,"column":43}}],"line":111}},"s":{"0":2,"1":11,"2":11,"3":11,"4":11,"5":11,"6":11,"7":1,"8":1,"9":1,"10":1,"11":1,"12":11,"13":0,"14":2},"f":{"0":11,"1":1,"2":0},"b":{"0":[1,0],"1":[0,11],"2":[0,11],"3":[11,2]},"_coverageSchema":"1a1c01bbd47fc00a2c39e90264f33305004495a9","hash":"1db429125cdbb83ac1a051dbe7d1099524d831dc"}
,"F:\\New Document\\Documents\\00.Training Bootcamp Phincon\\12. Final Project\\client\\src\\components\\Footer\\index.jsx": {"path":"F:\\New Document\\Documents\\00.Training Bootcamp Phincon\\12. Final Project\\client\\src\\components\\Footer\\index.jsx","statementMap":{"0":{"start":{"line":6,"column":15},"end":{"line":49,"column":1}},"1":{"start":{"line":7,"column":2},"end":{"line":48,"column":11}}},"fnMap":{"0":{"name":"(anonymous_0)","decl":{"start":{"line":6,"column":15},"end":{"line":6,"column":16}},"loc":{"start":{"line":7,"column":2},"end":{"line":48,"column":11}},"line":7}},"branchMap":{},"s":{"0":1,"1":3},"f":{"0":3},"b":{},"_coverageSchema":"1a1c01bbd47fc00a2c39e90264f33305004495a9","hash":"9415e09c47853a7da541abc82ed9e2b9e91cf12b"}
,"F:\\New Document\\Documents\\00.Training Bootcamp Phincon\\12. Final Project\\client\\src\\components\\InputRHF\\index.jsx": {"path":"F:\\New Document\\Documents\\00.Training Bootcamp Phincon\\12. Final Project\\client\\src\\components\\InputRHF\\index.jsx","statementMap":{"0":{"start":{"line":7,"column":17},"end":{"line":31,"column":1}},"1":{"start":{"line":8,"column":2},"end":{"line":30,"column":16}},"2":{"start":{"line":32,"column":0},"end":{"line":49,"column":2}}},"fnMap":{"0":{"name":"(anonymous_0)","decl":{"start":{"line":7,"column":17},"end":{"line":7,"column":18}},"loc":{"start":{"line":8,"column":2},"end":{"line":30,"column":16}},"line":8}},"branchMap":{"0":{"loc":{"start":{"line":7,"column":37},"end":{"line":7,"column":53}},"type":"default-arg","locations":[{"start":{"line":7,"column":48},"end":{"line":7,"column":53}}],"line":7},"1":{"loc":{"start":{"line":7,"column":73},"end":{"line":7,"column":91}},"type":"default-arg","locations":[{"start":{"line":7,"column":82},"end":{"line":7,"column":91}}],"line":7},"2":{"loc":{"start":{"line":12,"column":39},"end":{"line":12,"column":80}},"type":"binary-expr","locations":[{"start":{"line":12,"column":39},"end":{"line":12,"column":58}},{"start":{"line":12,"column":62},"end":{"line":12,"column":80}}],"line":12},"3":{"loc":{"start":{"line":24,"column":16},"end":{"line":24,"column":32}},"type":"binary-expr","locations":[{"start":{"line":24,"column":16},"end":{"line":24,"column":22}},{"start":{"line":24,"column":26},"end":{"line":24,"column":32}}],"line":24},"4":{"loc":{"start":{"line":28,"column":5},"end":{"line":28,"column":106}},"type":"binary-expr","locations":[{"start":{"line":28,"column":5},"end":{"line":28,"column":24}},{"start":{"line":28,"column":28},"end":{"line":28,"column":106}}],"line":28}},"s":{"0":13,"1":172,"2":13},"f":{"0":172},"b":{"0":[159],"1":[172],"2":[172,1],"3":[172,0],"4":[172,1]},"_coverageSchema":"1a1c01bbd47fc00a2c39e90264f33305004495a9","hash":"10ce817e231bdc2039b6536a928d73458eb0aae8"}
,"F:\\New Document\\Documents\\00.Training Bootcamp Phincon\\12. Final Project\\client\\src\\components\\Loader\\index.jsx": {"path":"F:\\New Document\\Documents\\00.Training Bootcamp Phincon\\12. Final Project\\client\\src\\components\\Loader\\index.jsx","statementMap":{"0":{"start":{"line":6,"column":15},"end":{"line":17,"column":1}},"1":{"start":{"line":7,"column":2},"end":{"line":16,"column":8}},"2":{"start":{"line":19,"column":0},"end":{"line":21,"column":2}}},"fnMap":{"0":{"name":"(anonymous_0)","decl":{"start":{"line":6,"column":15},"end":{"line":6,"column":16}},"loc":{"start":{"line":7,"column":2},"end":{"line":16,"column":8}},"line":7}},"branchMap":{"0":{"loc":{"start":{"line":11,"column":28},"end":{"line":11,"column":46}},"type":"binary-expr","locations":[{"start":{"line":11,"column":28},"end":{"line":11,"column":37}},{"start":{"line":11,"column":41},"end":{"line":11,"column":46}}],"line":11}},"s":{"0":1,"1":3,"2":1},"f":{"0":3},"b":{"0":[3,1]},"_coverageSchema":"1a1c01bbd47fc00a2c39e90264f33305004495a9","hash":"f9a2af620230399aac36f35c4270ccacb36e8817"}
,"F:\\New Document\\Documents\\00.Training Bootcamp Phincon\\12. Final Project\\client\\src\\components\\MapLeaflet\\index.jsx": {"path":"F:\\New Document\\Documents\\00.Training Bootcamp Phincon\\12. Final Project\\client\\src\\components\\MapLeaflet\\index.jsx","statementMap":{"0":{"start":{"line":27,"column":19},"end":{"line":133,"column":1}},"1":{"start":{"line":28,"column":19},"end":{"line":28,"column":32}},"2":{"start":{"line":29,"column":36},"end":{"line":29,"column":50}},"3":{"start":{"line":30,"column":38},"end":{"line":30,"column":52}},"4":{"start":{"line":31,"column":17},"end":{"line":31,"column":29}},"5":{"start":{"line":33,"column":2},"end":{"line":44,"column":9}},"6":{"start":{"line":34,"column":4},"end":{"line":42,"column":5}},"7":{"start":{"line":35,"column":6},"end":{"line":41,"column":9}},"8":{"start":{"line":36,"column":40},"end":{"line":36,"column":55}},"9":{"start":{"line":37,"column":8},"end":{"line":37,"column":57}},"10":{"start":{"line":38,"column":8},"end":{"line":38,"column":56}},"11":{"start":{"line":39,"column":8},"end":{"line":39,"column":47}},"12":{"start":{"line":39,"column":23},"end":{"line":39,"column":47}},"13":{"start":{"line":40,"column":8},"end":{"line":40,"column":78}},"14":{"start":{"line":40,"column":28},"end":{"line":40,"column":78}},"15":{"start":{"line":46,"column":29},"end":{"line":55,"column":3}},"16":{"start":{"line":47,"column":16},"end":{"line":47,"column":30}},"17":{"start":{"line":48,"column":4},"end":{"line":54,"column":5}},"18":{"start":{"line":49,"column":6},"end":{"line":53,"column":9}},"19":{"start":{"line":50,"column":40},"end":{"line":50,"column":55}},"20":{"start":{"line":51,"column":8},"end":{"line":51,"column":57}},"21":{"start":{"line":52,"column":8},"end":{"line":52,"column":59}},"22":{"start":{"line":57,"column":25},"end":{"line":61,"column":3}},"23":{"start":{"line":58,"column":4},"end":{"line":60,"column":68}},"24":{"start":{"line":58,"column":16},"end":{"line":58,"column":35}},"25":{"start":{"line":59,"column":9},"end":{"line":60,"column":68}},"26":{"start":{"line":59,"column":36},"end":{"line":59,"column":78}},"27":{"start":{"line":60,"column":9},"end":{"line":60,"column":68}},"28":{"start":{"line":63,"column":25},"end":{"line":80,"column":6}},"29":{"start":{"line":64,"column":4},"end":{"line":80,"column":6}},"30":{"start":{"line":82,"column":2},"end":{"line":132,"column":4}},"31":{"start":{"line":98,"column":18},"end":{"line":110,"column":27}},"32":{"start":{"line":105,"column":24},"end":{"line":105,"column":49}},"33":{"start":{"line":135,"column":0},"end":{"line":142,"column":2}},"34":{"start":{"line":144,"column":24},"end":{"line":147,"column":2}}},"fnMap":{"0":{"name":"(anonymous_0)","decl":{"start":{"line":27,"column":19},"end":{"line":27,"column":20}},"loc":{"start":{"line":27,"column":96},"end":{"line":133,"column":1}},"line":27},"1":{"name":"(anonymous_1)","decl":{"start":{"line":33,"column":12},"end":{"line":33,"column":13}},"loc":{"start":{"line":33,"column":18},"end":{"line":44,"column":3}},"line":33},"2":{"name":"(anonymous_2)","decl":{"start":{"line":35,"column":47},"end":{"line":35,"column":48}},"loc":{"start":{"line":35,"column":61},"end":{"line":41,"column":7}},"line":35},"3":{"name":"(anonymous_3)","decl":{"start":{"line":46,"column":29},"end":{"line":46,"column":30}},"loc":{"start":{"line":46,"column":35},"end":{"line":55,"column":3}},"line":46},"4":{"name":"(anonymous_4)","decl":{"start":{"line":49,"column":47},"end":{"line":49,"column":48}},"loc":{"start":{"line":49,"column":61},"end":{"line":53,"column":7}},"line":49},"5":{"name":"(anonymous_5)","decl":{"start":{"line":57,"column":25},"end":{"line":57,"column":26}},"loc":{"start":{"line":57,"column":39},"end":{"line":61,"column":3}},"line":57},"6":{"name":"(anonymous_6)","decl":{"start":{"line":63,"column":25},"end":{"line":63,"column":26}},"loc":{"start":{"line":64,"column":4},"end":{"line":80,"column":6}},"line":64},"7":{"name":"(anonymous_7)","decl":{"start":{"line":97,"column":32},"end":{"line":97,"column":33}},"loc":{"start":{"line":98,"column":18},"end":{"line":110,"column":27}},"line":98},"8":{"name":"(anonymous_8)","decl":{"start":{"line":104,"column":29},"end":{"line":104,"column":30}},"loc":{"start":{"line":104,"column":35},"end":{"line":106,"column":23}},"line":104}},"branchMap":{"0":{"loc":{"start":{"line":27,"column":49},"end":{"line":27,"column":65}},"type":"default-arg","locations":[{"start":{"line":27,"column":61},"end":{"line":27,"column":65}}],"line":27},"1":{"loc":{"start":{"line":34,"column":4},"end":{"line":42,"column":5}},"type":"if","locations":[{"start":{"line":34,"column":4},"end":{"line":42,"column":5}},{"start":{},"end":{}}],"line":34},"2":{"loc":{"start":{"line":39,"column":8},"end":{"line":39,"column":47}},"type":"if","locations":[{"start":{"line":39,"column":8},"end":{"line":39,"column":47}},{"start":{},"end":{}}],"line":39},"3":{"loc":{"start":{"line":40,"column":8},"end":{"line":40,"column":78}},"type":"if","locations":[{"start":{"line":40,"column":8},"end":{"line":40,"column":78}},{"start":{},"end":{}}],"line":40},"4":{"loc":{"start":{"line":48,"column":4},"end":{"line":54,"column":5}},"type":"if","locations":[{"start":{"line":48,"column":4},"end":{"line":54,"column":5}},{"start":{},"end":{}}],"line":48},"5":{"loc":{"start":{"line":58,"column":4},"end":{"line":60,"column":68}},"type":"if","locations":[{"start":{"line":58,"column":4},"end":{"line":60,"column":68}},{"start":{"line":59,"column":9},"end":{"line":60,"column":68}}],"line":58},"6":{"loc":{"start":{"line":59,"column":9},"end":{"line":60,"column":68}},"type":"if","locations":[{"start":{"line":59,"column":9},"end":{"line":60,"column":68}},{"start":{"line":60,"column":9},"end":{"line":60,"column":68}}],"line":59},"7":{"loc":{"start":{"line":66,"column":8},"end":{"line":75,"column":9}},"type":"cond-expr","locations":[{"start":{"line":67,"column":10},"end":{"line":67,"column":104}},{"start":{"line":69,"column":10},"end":{"line":74,"column":19}}],"line":66},"8":{"loc":{"start":{"line":72,"column":15},"end":{"line":72,"column":88}},"type":"binary-expr","locations":[{"start":{"line":72,"column":15},"end":{"line":72,"column":52}},{"start":{"line":72,"column":56},"end":{"line":72,"column":88}}],"line":72},"9":{"loc":{"start":{"line":84,"column":7},"end":{"line":122,"column":7}},"type":"binary-expr","locations":[{"start":{"line":84,"column":7},"end":{"line":84,"column":24}},{"start":{"line":85,"column":8},"end":{"line":121,"column":23}}],"line":84},"10":{"loc":{"start":{"line":87,"column":16},"end":{"line":87,"column":36}},"type":"cond-expr","locations":[{"start":{"line":87,"column":29},"end":{"line":87,"column":31}},{"start":{"line":87,"column":34},"end":{"line":87,"column":36}}],"line":87},"11":{"loc":{"start":{"line":88,"column":48},"end":{"line":88,"column":78}},"type":"binary-expr","locations":[{"start":{"line":88,"column":48},"end":{"line":88,"column":57}},{"start":{"line":88,"column":61},"end":{"line":88,"column":78}}],"line":88},"12":{"loc":{"start":{"line":92,"column":11},"end":{"line":115,"column":11}},"type":"cond-expr","locations":[{"start":{"line":93,"column":12},"end":{"line":93,"column":109}},{"start":{"line":95,"column":12},"end":{"line":114,"column":15}}],"line":92}},"s":{"0":1,"1":4,"2":4,"3":4,"4":4,"5":4,"6":3,"7":3,"8":1,"9":1,"10":1,"11":1,"12":0,"13":1,"14":1,"15":4,"16":1,"17":1,"18":1,"19":0,"20":0,"21":0,"22":4,"23":0,"24":0,"25":0,"26":0,"27":0,"28":4,"29":0,"30":4,"31":0,"32":0,"33":1,"34":1},"f":{"0":4,"1":3,"2":1,"3":1,"4":0,"5":0,"6":0,"7":0,"8":0},"b":{"0":[4],"1":[3,0],"2":[0,1],"3":[1,0],"4":[1,0],"5":[0,0],"6":[0,0],"7":[0,0],"8":[0,0],"9":[4,1],"10":[1,0],"11":[1,0],"12":[1,0]},"_coverageSchema":"1a1c01bbd47fc00a2c39e90264f33305004495a9","hash":"11d11d63541dc216c6f0c6e36b4b99c934bafede"}
,"F:\\New Document\\Documents\\00.Training Bootcamp Phincon\\12. Final Project\\client\\src\\components\\MarkerLeaflet\\index.jsx": {"path":"F:\\New Document\\Documents\\00.Training Bootcamp Phincon\\12. Final Project\\client\\src\\components\\MarkerLeaflet\\index.jsx","statementMap":{"0":{"start":{"line":9,"column":22},"end":{"line":35,"column":1}},"1":{"start":{"line":10,"column":34},"end":{"line":10,"column":57}},"2":{"start":{"line":11,"column":42},"end":{"line":11,"column":65}},"3":{"start":{"line":12,"column":19},"end":{"line":12,"column":49}},"4":{"start":{"line":13,"column":14},"end":{"line":25,"column":4}},"5":{"start":{"line":15,"column":6},"end":{"line":23,"column":7}},"6":{"start":{"line":16,"column":29},"end":{"line":16,"column":37}},"7":{"start":{"line":17,"column":8},"end":{"line":17,"column":34}},"8":{"start":{"line":18,"column":8},"end":{"line":18,"column":37}},"9":{"start":{"line":19,"column":8},"end":{"line":19,"column":43}},"10":{"start":{"line":20,"column":8},"end":{"line":22,"column":11}},"11":{"start":{"line":21,"column":10},"end":{"line":21,"column":43}},"12":{"start":{"line":27,"column":2},"end":{"line":34,"column":4}},"13":{"start":{"line":37,"column":0},"end":{"line":41,"column":2}}},"fnMap":{"0":{"name":"(anonymous_0)","decl":{"start":{"line":9,"column":22},"end":{"line":9,"column":23}},"loc":{"start":{"line":9,"column":72},"end":{"line":35,"column":1}},"line":9},"1":{"name":"(anonymous_1)","decl":{"start":{"line":14,"column":4},"end":{"line":14,"column":5}},"loc":{"start":{"line":14,"column":13},"end":{"line":24,"column":5}},"line":14},"2":{"name":"(anonymous_2)","decl":{"start":{"line":20,"column":73},"end":{"line":20,"column":74}},"loc":{"start":{"line":20,"column":86},"end":{"line":22,"column":9}},"line":20}},"branchMap":{"0":{"loc":{"start":{"line":15,"column":6},"end":{"line":23,"column":7}},"type":"if","locations":[{"start":{"line":15,"column":6},"end":{"line":23,"column":7}},{"start":{},"end":{}}],"line":15},"1":{"loc":{"start":{"line":27,"column":9},"end":{"line":34,"column":3}},"type":"cond-expr","locations":[{"start":{"line":27,"column":29},"end":{"line":27,"column":33}},{"start":{"line":28,"column":4},"end":{"line":33,"column":10}}],"line":27}},"s":{"0":1,"1":2,"2":2,"3":2,"4":2,"5":0,"6":0,"7":0,"8":0,"9":0,"10":0,"11":0,"12":2,"13":1},"f":{"0":2,"1":0,"2":0},"b":{"0":[0,0],"1":[0,2]},"_coverageSchema":"1a1c01bbd47fc00a2c39e90264f33305004495a9","hash":"394de99062b565751fcfbd50b76badb2acb6a9ce"}
,"F:\\New Document\\Documents\\00.Training Bootcamp Phincon\\12. Final Project\\client\\src\\components\\MerchantCard\\index.jsx": {"path":"F:\\New Document\\Documents\\00.Training Bootcamp Phincon\\12. Final Project\\client\\src\\components\\MerchantCard\\index.jsx","statementMap":{"0":{"start":{"line":22,"column":21},"end":{"line":77,"column":1}},"1":{"start":{"line":23,"column":19},"end":{"line":23,"column":32}},"2":{"start":{"line":24,"column":19},"end":{"line":24,"column":32}},"3":{"start":{"line":25,"column":32},"end":{"line":25,"column":46}},"4":{"start":{"line":26,"column":25},"end":{"line":30,"column":3}},"5":{"start":{"line":27,"column":4},"end":{"line":29,"column":68}},"6":{"start":{"line":27,"column":16},"end":{"line":27,"column":35}},"7":{"start":{"line":28,"column":9},"end":{"line":29,"column":68}},"8":{"start":{"line":28,"column":36},"end":{"line":28,"column":78}},"9":{"start":{"line":29,"column":9},"end":{"line":29,"column":68}},"10":{"start":{"line":31,"column":2},"end":{"line":76,"column":4}},"11":{"start":{"line":43,"column":28},"end":{"line":43,"column":45}},"12":{"start":{"line":64,"column":47},"end":{"line":64,"column":71}},"13":{"start":{"line":65,"column":39},"end":{"line":65,"column":81}},"14":{"start":{"line":69,"column":39},"end":{"line":69,"column":86}},"15":{"start":{"line":79,"column":0},"end":{"line":83,"column":2}},"16":{"start":{"line":85,"column":24},"end":{"line":88,"column":2}}},"fnMap":{"0":{"name":"(anonymous_0)","decl":{"start":{"line":22,"column":21},"end":{"line":22,"column":22}},"loc":{"start":{"line":22,"column":52},"end":{"line":77,"column":1}},"line":22},"1":{"name":"(anonymous_1)","decl":{"start":{"line":26,"column":25},"end":{"line":26,"column":26}},"loc":{"start":{"line":26,"column":31},"end":{"line":30,"column":3}},"line":26},"2":{"name":"(anonymous_2)","decl":{"start":{"line":43,"column":22},"end":{"line":43,"column":23}},"loc":{"start":{"line":43,"column":28},"end":{"line":43,"column":45}},"line":43},"3":{"name":"(anonymous_3)","decl":{"start":{"line":64,"column":38},"end":{"line":64,"column":39}},"loc":{"start":{"line":64,"column":47},"end":{"line":64,"column":71}},"line":64},"4":{"name":"(anonymous_4)","decl":{"start":{"line":65,"column":33},"end":{"line":65,"column":34}},"loc":{"start":{"line":65,"column":39},"end":{"line":65,"column":81}},"line":65},"5":{"name":"(anonymous_5)","decl":{"start":{"line":69,"column":33},"end":{"line":69,"column":34}},"loc":{"start":{"line":69,"column":39},"end":{"line":69,"column":86}},"line":69}},"branchMap":{"0":{"loc":{"start":{"line":27,"column":4},"end":{"line":29,"column":68}},"type":"if","locations":[{"start":{"line":27,"column":4},"end":{"line":29,"column":68}},{"start":{"line":28,"column":9},"end":{"line":29,"column":68}}],"line":27},"1":{"loc":{"start":{"line":28,"column":9},"end":{"line":29,"column":68}},"type":"if","locations":[{"start":{"line":28,"column":9},"end":{"line":29,"column":68}},{"start":{"line":29,"column":9},"end":{"line":29,"column":68}}],"line":28},"2":{"loc":{"start":{"line":34,"column":9},"end":{"line":51,"column":9}},"type":"cond-expr","locations":[{"start":{"line":35,"column":10},"end":{"line":45,"column":13}},{"start":{"line":47,"column":10},"end":{"line":50,"column":19}}],"line":34},"3":{"loc":{"start":{"line":36,"column":13},"end":{"line":36,"column":84}},"type":"binary-expr","locations":[{"start":{"line":36,"column":13},"end":{"line":36,"column":20}},{"start":{"line":36,"column":24},"end":{"line":36,"column":84}}],"line":36},"4":{"loc":{"start":{"line":49,"column":13},"end":{"line":49,"column":86}},"type":"binary-expr","locations":[{"start":{"line":49,"column":13},"end":{"line":49,"column":50}},{"start":{"line":49,"column":54},"end":{"line":49,"column":86}}],"line":49},"5":{"loc":{"start":{"line":58,"column":32},"end":{"line":58,"column":72}},"type":"binary-expr","locations":[{"start":{"line":58,"column":32},"end":{"line":58,"column":64}},{"start":{"line":58,"column":68},"end":{"line":58,"column":72}}],"line":58},"6":{"loc":{"start":{"line":62,"column":7},"end":{"line":74,"column":7}},"type":"binary-expr","locations":[{"start":{"line":62,"column":7},"end":{"line":62,"column":12}},{"start":{"line":62,"column":16},"end":{"line":62,"column":37}},{"start":{"line":63,"column":8},"end":{"line":73,"column":14}}],"line":62},"7":{"loc":{"start":{"line":64,"column":11},"end":{"line":72,"column":11}},"type":"cond-expr","locations":[{"start":{"line":65,"column":12},"end":{"line":67,"column":25}},{"start":{"line":69,"column":12},"end":{"line":71,"column":25}}],"line":64}},"s":{"0":3,"1":13,"2":13,"3":13,"4":13,"5":1,"6":0,"7":1,"8":1,"9":0,"10":13,"11":0,"12":1,"13":1,"14":1,"15":3,"16":3},"f":{"0":13,"1":1,"2":0,"3":1,"4":1,"5":1},"b":{"0":[0,1],"1":[1,0],"2":[0,13],"3":[0,0],"4":[13,3],"5":[13,13],"6":[13,6,6],"7":[5,1]},"_coverageSchema":"1a1c01bbd47fc00a2c39e90264f33305004495a9","hash":"bd3e2c480fd7a077df67e6263731a8f80a66614b"}
,"F:\\New Document\\Documents\\00.Training Bootcamp Phincon\\12. Final Project\\client\\src\\components\\MerchantInfo\\index.jsx": {"path":"F:\\New Document\\Documents\\00.Training Bootcamp Phincon\\12. Final Project\\client\\src\\components\\MerchantInfo\\index.jsx","statementMap":{"0":{"start":{"line":16,"column":21},"end":{"line":59,"column":1}},"1":{"start":{"line":17,"column":19},"end":{"line":17,"column":32}},"2":{"start":{"line":18,"column":19},"end":{"line":18,"column":32}},"3":{"start":{"line":19,"column":32},"end":{"line":19,"column":46}},"4":{"start":{"line":20,"column":2},"end":{"line":58,"column":4}},"5":{"start":{"line":30,"column":28},"end":{"line":30,"column":45}},"6":{"start":{"line":50,"column":27},"end":{"line":50,"column":96}},"7":{"start":{"line":50,"column":77},"end":{"line":50,"column":94}},"8":{"start":{"line":61,"column":0},"end":{"line":65,"column":2}}},"fnMap":{"0":{"name":"(anonymous_0)","decl":{"start":{"line":16,"column":21},"end":{"line":16,"column":22}},"loc":{"start":{"line":16,"column":77},"end":{"line":59,"column":1}},"line":16},"1":{"name":"(anonymous_1)","decl":{"start":{"line":30,"column":22},"end":{"line":30,"column":23}},"loc":{"start":{"line":30,"column":28},"end":{"line":30,"column":45}},"line":30},"2":{"name":"(anonymous_2)","decl":{"start":{"line":50,"column":21},"end":{"line":50,"column":22}},"loc":{"start":{"line":50,"column":27},"end":{"line":50,"column":96}},"line":50},"3":{"name":"(anonymous_3)","decl":{"start":{"line":50,"column":71},"end":{"line":50,"column":72}},"loc":{"start":{"line":50,"column":77},"end":{"line":50,"column":94}},"line":50}},"branchMap":{"0":{"loc":{"start":{"line":16,"column":59},"end":{"line":16,"column":70}},"type":"default-arg","locations":[{"start":{"line":16,"column":66},"end":{"line":16,"column":70}}],"line":16},"1":{"loc":{"start":{"line":23,"column":9},"end":{"line":38,"column":9}},"type":"cond-expr","locations":[{"start":{"line":24,"column":10},"end":{"line":32,"column":13}},{"start":{"line":34,"column":10},"end":{"line":37,"column":19}}],"line":23},"2":{"loc":{"start":{"line":25,"column":13},"end":{"line":25,"column":82}},"type":"binary-expr","locations":[{"start":{"line":25,"column":13},"end":{"line":25,"column":20}},{"start":{"line":25,"column":24},"end":{"line":25,"column":82}}],"line":25},"3":{"loc":{"start":{"line":36,"column":13},"end":{"line":36,"column":86}},"type":"binary-expr","locations":[{"start":{"line":36,"column":13},"end":{"line":36,"column":50}},{"start":{"line":36,"column":54},"end":{"line":36,"column":86}}],"line":36},"4":{"loc":{"start":{"line":46,"column":7},"end":{"line":56,"column":7}},"type":"binary-expr","locations":[{"start":{"line":46,"column":7},"end":{"line":46,"column":11}},{"start":{"line":47,"column":8},"end":{"line":55,"column":18}}],"line":46}},"s":{"0":4,"1":13,"2":13,"3":13,"4":13,"5":0,"6":0,"7":0,"8":4},"f":{"0":13,"1":0,"2":0,"3":0},"b":{"0":[13],"1":[0,13],"2":[0,0],"3":[13,0],"4":[13,13]},"_coverageSchema":"1a1c01bbd47fc00a2c39e90264f33305004495a9","hash":"a00a6a854542bb10d4d517f657e4ac14f40cc9a0"}
,"F:\\New Document\\Documents\\00.Training Bootcamp Phincon\\12. Final Project\\client\\src\\components\\MobileNavbar\\index.jsx": {"path":"F:\\New Document\\Documents\\00.Training Bootcamp Phincon\\12. Final Project\\client\\src\\components\\MobileNavbar\\index.jsx","statementMap":{"0":{"start":{"line":19,"column":21},"end":{"line":95,"column":1}},"1":{"start":{"line":20,"column":19},"end":{"line":20,"column":32}},"2":{"start":{"line":21,"column":2},"end":{"line":94,"column":4}},"3":{"start":{"line":28,"column":27},"end":{"line":28,"column":47}},"4":{"start":{"line":36,"column":27},"end":{"line":36,"column":44}},"5":{"start":{"line":44,"column":27},"end":{"line":44,"column":47}},"6":{"start":{"line":52,"column":27},"end":{"line":52,"column":47}},"7":{"start":{"line":62,"column":14},"end":{"line":63,"column":47}},"8":{"start":{"line":62,"column":41},"end":{"line":62,"column":65}},"9":{"start":{"line":63,"column":19},"end":{"line":63,"column":47}},"10":{"start":{"line":72,"column":27},"end":{"line":72,"column":44}},"11":{"start":{"line":80,"column":27},"end":{"line":80,"column":50}},"12":{"start":{"line":88,"column":27},"end":{"line":88,"column":61}},"13":{"start":{"line":97,"column":0},"end":{"line":101,"column":2}}},"fnMap":{"0":{"name":"(anonymous_0)","decl":{"start":{"line":19,"column":21},"end":{"line":19,"column":22}},"loc":{"start":{"line":19,"column":67},"end":{"line":95,"column":1}},"line":19},"1":{"name":"(anonymous_1)","decl":{"start":{"line":28,"column":21},"end":{"line":28,"column":22}},"loc":{"start":{"line":28,"column":27},"end":{"line":28,"column":47}},"line":28},"2":{"name":"(anonymous_2)","decl":{"start":{"line":36,"column":21},"end":{"line":36,"column":22}},"loc":{"start":{"line":36,"column":27},"end":{"line":36,"column":44}},"line":36},"3":{"name":"(anonymous_3)","decl":{"start":{"line":44,"column":21},"end":{"line":44,"column":22}},"loc":{"start":{"line":44,"column":27},"end":{"line":44,"column":47}},"line":44},"4":{"name":"(anonymous_4)","decl":{"start":{"line":52,"column":21},"end":{"line":52,"column":22}},"loc":{"start":{"line":52,"column":27},"end":{"line":52,"column":47}},"line":52},"5":{"name":"(anonymous_5)","decl":{"start":{"line":61,"column":21},"end":{"line":61,"column":22}},"loc":{"start":{"line":61,"column":27},"end":{"line":64,"column":13}},"line":61},"6":{"name":"(anonymous_6)","decl":{"start":{"line":72,"column":21},"end":{"line":72,"column":22}},"loc":{"start":{"line":72,"column":27},"end":{"line":72,"column":44}},"line":72},"7":{"name":"(anonymous_7)","decl":{"start":{"line":80,"column":21},"end":{"line":80,"column":22}},"loc":{"start":{"line":80,"column":27},"end":{"line":80,"column":50}},"line":80},"8":{"name":"(anonymous_8)","decl":{"start":{"line":88,"column":21},"end":{"line":88,"column":22}},"loc":{"start":{"line":88,"column":27},"end":{"line":88,"column":61}},"line":88}},"branchMap":{"0":{"loc":{"start":{"line":22,"column":47},"end":{"line":22,"column":69}},"type":"binary-expr","locations":[{"start":{"line":22,"column":47},"end":{"line":22,"column":53}},{"start":{"line":22,"column":57},"end":{"line":22,"column":69}}],"line":22},"1":{"loc":{"start":{"line":24,"column":9},"end":{"line":31,"column":9}},"type":"binary-expr","locations":[{"start":{"line":24,"column":9},"end":{"line":24,"column":30}},{"start":{"line":25,"column":10},"end":{"line":30,"column":12}}],"line":24},"2":{"loc":{"start":{"line":32,"column":9},"end":{"line":39,"column":9}},"type":"binary-expr","locations":[{"start":{"line":32,"column":9},"end":{"line":32,"column":30}},{"start":{"line":33,"column":10},"end":{"line":38,"column":12}}],"line":32},"3":{"loc":{"start":{"line":40,"column":9},"end":{"line":47,"column":9}},"type":"binary-expr","locations":[{"start":{"line":40,"column":9},"end":{"line":40,"column":34}},{"start":{"line":41,"column":10},"end":{"line":46,"column":12}}],"line":40},"4":{"loc":{"start":{"line":48,"column":9},"end":{"line":55,"column":9}},"type":"binary-expr","locations":[{"start":{"line":48,"column":9},"end":{"line":48,"column":34}},{"start":{"line":49,"column":10},"end":{"line":54,"column":12}}],"line":48},"5":{"loc":{"start":{"line":57,"column":9},"end":{"line":67,"column":9}},"type":"binary-expr","locations":[{"start":{"line":57,"column":9},"end":{"line":57,"column":31}},{"start":{"line":58,"column":10},"end":{"line":66,"column":12}}],"line":57},"6":{"loc":{"start":{"line":62,"column":14},"end":{"line":63,"column":47}},"type":"if","locations":[{"start":{"line":62,"column":14},"end":{"line":63,"column":47}},{"start":{"line":63,"column":19},"end":{"line":63,"column":47}}],"line":62},"7":{"loc":{"start":{"line":68,"column":9},"end":{"line":75,"column":9}},"type":"binary-expr","locations":[{"start":{"line":68,"column":9},"end":{"line":68,"column":31}},{"start":{"line":69,"column":10},"end":{"line":74,"column":12}}],"line":68},"8":{"loc":{"start":{"line":76,"column":9},"end":{"line":83,"column":9}},"type":"binary-expr","locations":[{"start":{"line":76,"column":9},"end":{"line":76,"column":31}},{"start":{"line":77,"column":10},"end":{"line":82,"column":12}}],"line":76},"9":{"loc":{"start":{"line":84,"column":9},"end":{"line":91,"column":9}},"type":"binary-expr","locations":[{"start":{"line":84,"column":9},"end":{"line":84,"column":31}},{"start":{"line":85,"column":10},"end":{"line":90,"column":12}}],"line":84}},"s":{"0":1,"1":13,"2":13,"3":1,"4":1,"5":1,"6":1,"7":2,"8":1,"9":1,"10":1,"11":1,"12":1,"13":1},"f":{"0":13,"1":1,"2":1,"3":1,"4":1,"5":2,"6":1,"7":1,"8":1},"b":{"0":[13,0],"1":[13,5],"2":[13,5],"3":[13,4],"4":[13,4],"5":[13,9],"6":[1,1],"7":[13,9],"8":[13,4],"9":[13,4]},"_coverageSchema":"1a1c01bbd47fc00a2c39e90264f33305004495a9","hash":"fd292bf9090b9b20800054352b804f90dfc610e9"}
,"F:\\New Document\\Documents\\00.Training Bootcamp Phincon\\12. Final Project\\client\\src\\components\\Navbar\\index.jsx": {"path":"F:\\New Document\\Documents\\00.Training Bootcamp Phincon\\12. Final Project\\client\\src\\components\\Navbar\\index.jsx","statementMap":{"0":{"start":{"line":37,"column":15},"end":{"line":238,"column":1}},"1":{"start":{"line":38,"column":19},"end":{"line":38,"column":32}},"2":{"start":{"line":39,"column":19},"end":{"line":39,"column":32}},"3":{"start":{"line":40,"column":54},"end":{"line":40,"column":69}},"4":{"start":{"line":41,"column":48},"end":{"line":41,"column":62}},"5":{"start":{"line":42,"column":21},"end":{"line":42,"column":45}},"6":{"start":{"line":44,"column":28},"end":{"line":46,"column":3}},"7":{"start":{"line":45,"column":4},"end":{"line":45,"column":44}},"8":{"start":{"line":48,"column":29},"end":{"line":50,"column":3}},"9":{"start":{"line":49,"column":4},"end":{"line":49,"column":29}},"10":{"start":{"line":52,"column":22},"end":{"line":54,"column":3}},"11":{"start":{"line":53,"column":4},"end":{"line":53,"column":61}},"12":{"start":{"line":56,"column":23},"end":{"line":61,"column":3}},"13":{"start":{"line":57,"column":4},"end":{"line":59,"column":5}},"14":{"start":{"line":58,"column":6},"end":{"line":58,"column":32}},"15":{"start":{"line":60,"column":4},"end":{"line":60,"column":33}},"16":{"start":{"line":63,"column":17},"end":{"line":65,"column":3}},"17":{"start":{"line":64,"column":4},"end":{"line":64,"column":18}},"18":{"start":{"line":67,"column":25},"end":{"line":70,"column":3}},"19":{"start":{"line":68,"column":4},"end":{"line":68,"column":17}},"20":{"start":{"line":69,"column":4},"end":{"line":69,"column":25}},"21":{"start":{"line":71,"column":2},"end":{"line":237,"column":4}},"22":{"start":{"line":85,"column":35},"end":{"line":85,"column":61}},"23":{"start":{"line":91,"column":35},"end":{"line":91,"column":58}},"24":{"start":{"line":100,"column":35},"end":{"line":100,"column":61}},"25":{"start":{"line":106,"column":35},"end":{"line":106,"column":61}},"26":{"start":{"line":118,"column":22},"end":{"line":119,"column":61}},"27":{"start":{"line":118,"column":49},"end":{"line":118,"column":79}},"28":{"start":{"line":119,"column":27},"end":{"line":119,"column":61}},"29":{"start":{"line":126,"column":35},"end":{"line":126,"column":58}},"30":{"start":{"line":135,"column":35},"end":{"line":135,"column":64}},"31":{"start":{"line":141,"column":35},"end":{"line":141,"column":75}},"32":{"start":{"line":182,"column":31},"end":{"line":182,"column":57}},"33":{"start":{"line":188,"column":68},"end":{"line":188,"column":98}},"34":{"start":{"line":198,"column":31},"end":{"line":198,"column":55}},"35":{"start":{"line":206,"column":31},"end":{"line":206,"column":58}},"36":{"start":{"line":215,"column":27},"end":{"line":215,"column":54}},"37":{"start":{"line":231,"column":29},"end":{"line":231,"column":57}},"38":{"start":{"line":240,"column":0},"end":{"line":246,"column":2}}},"fnMap":{"0":{"name":"(anonymous_0)","decl":{"start":{"line":37,"column":15},"end":{"line":37,"column":16}},"loc":{"start":{"line":37,"column":76},"end":{"line":238,"column":1}},"line":37},"1":{"name":"(anonymous_1)","decl":{"start":{"line":44,"column":28},"end":{"line":44,"column":29}},"loc":{"start":{"line":44,"column":39},"end":{"line":46,"column":3}},"line":44},"2":{"name":"(anonymous_2)","decl":{"start":{"line":48,"column":29},"end":{"line":48,"column":30}},"loc":{"start":{"line":48,"column":35},"end":{"line":50,"column":3}},"line":48},"3":{"name":"(anonymous_3)","decl":{"start":{"line":52,"column":22},"end":{"line":52,"column":23}},"loc":{"start":{"line":52,"column":28},"end":{"line":54,"column":3}},"line":52},"4":{"name":"(anonymous_4)","decl":{"start":{"line":56,"column":23},"end":{"line":56,"column":24}},"loc":{"start":{"line":56,"column":36},"end":{"line":61,"column":3}},"line":56},"5":{"name":"(anonymous_5)","decl":{"start":{"line":63,"column":17},"end":{"line":63,"column":18}},"loc":{"start":{"line":63,"column":23},"end":{"line":65,"column":3}},"line":63},"6":{"name":"(anonymous_6)","decl":{"start":{"line":67,"column":25},"end":{"line":67,"column":26}},"loc":{"start":{"line":67,"column":33},"end":{"line":70,"column":3}},"line":67},"7":{"name":"(anonymous_7)","decl":{"start":{"line":85,"column":29},"end":{"line":85,"column":30}},"loc":{"start":{"line":85,"column":35},"end":{"line":85,"column":61}},"line":85},"8":{"name":"(anonymous_8)","decl":{"start":{"line":91,"column":29},"end":{"line":91,"column":30}},"loc":{"start":{"line":91,"column":35},"end":{"line":91,"column":58}},"line":91},"9":{"name":"(anonymous_9)","decl":{"start":{"line":100,"column":29},"end":{"line":100,"column":30}},"loc":{"start":{"line":100,"column":35},"end":{"line":100,"column":61}},"line":100},"10":{"name":"(anonymous_10)","decl":{"start":{"line":106,"column":29},"end":{"line":106,"column":30}},"loc":{"start":{"line":106,"column":35},"end":{"line":106,"column":61}},"line":106},"11":{"name":"(anonymous_11)","decl":{"start":{"line":117,"column":29},"end":{"line":117,"column":30}},"loc":{"start":{"line":117,"column":35},"end":{"line":120,"column":21}},"line":117},"12":{"name":"(anonymous_12)","decl":{"start":{"line":126,"column":29},"end":{"line":126,"column":30}},"loc":{"start":{"line":126,"column":35},"end":{"line":126,"column":58}},"line":126},"13":{"name":"(anonymous_13)","decl":{"start":{"line":135,"column":29},"end":{"line":135,"column":30}},"loc":{"start":{"line":135,"column":35},"end":{"line":135,"column":64}},"line":135},"14":{"name":"(anonymous_14)","decl":{"start":{"line":141,"column":29},"end":{"line":141,"column":30}},"loc":{"start":{"line":141,"column":35},"end":{"line":141,"column":75}},"line":141},"15":{"name":"(anonymous_15)","decl":{"start":{"line":182,"column":25},"end":{"line":182,"column":26}},"loc":{"start":{"line":182,"column":31},"end":{"line":182,"column":57}},"line":182},"16":{"name":"(anonymous_16)","decl":{"start":{"line":188,"column":62},"end":{"line":188,"column":63}},"loc":{"start":{"line":188,"column":68},"end":{"line":188,"column":98}},"line":188},"17":{"name":"(anonymous_17)","decl":{"start":{"line":198,"column":25},"end":{"line":198,"column":26}},"loc":{"start":{"line":198,"column":31},"end":{"line":198,"column":55}},"line":198},"18":{"name":"(anonymous_18)","decl":{"start":{"line":206,"column":25},"end":{"line":206,"column":26}},"loc":{"start":{"line":206,"column":31},"end":{"line":206,"column":58}},"line":206},"19":{"name":"(anonymous_19)","decl":{"start":{"line":215,"column":21},"end":{"line":215,"column":22}},"loc":{"start":{"line":215,"column":27},"end":{"line":215,"column":54}},"line":215},"20":{"name":"(anonymous_20)","decl":{"start":{"line":231,"column":23},"end":{"line":231,"column":24}},"loc":{"start":{"line":231,"column":29},"end":{"line":231,"column":57}},"line":231}},"branchMap":{"0":{"loc":{"start":{"line":53,"column":22},"end":{"line":53,"column":58}},"type":"cond-expr","locations":[{"start":{"line":53,"column":42},"end":{"line":53,"column":48}},{"start":{"line":53,"column":51},"end":{"line":53,"column":58}}],"line":53},"1":{"loc":{"start":{"line":57,"column":4},"end":{"line":59,"column":5}},"type":"if","locations":[{"start":{"line":57,"column":4},"end":{"line":59,"column":5}},{"start":{},"end":{}}],"line":57},"2":{"loc":{"start":{"line":78,"column":11},"end":{"line":148,"column":11}},"type":"binary-expr","locations":[{"start":{"line":78,"column":11},"end":{"line":78,"column":16}},{"start":{"line":79,"column":12},"end":{"line":147,"column":18}}],"line":78},"3":{"loc":{"start":{"line":80,"column":15},"end":{"line":95,"column":15}},"type":"binary-expr","locations":[{"start":{"line":80,"column":15},"end":{"line":80,"column":36}},{"start":{"line":81,"column":16},"end":{"line":94,"column":19}}],"line":80},"4":{"loc":{"start":{"line":96,"column":15},"end":{"line":111,"column":15}},"type":"binary-expr","locations":[{"start":{"line":96,"column":15},"end":{"line":96,"column":40}},{"start":{"line":97,"column":16},"end":{"line":110,"column":19}}],"line":96},"5":{"loc":{"start":{"line":112,"column":15},"end":{"line":145,"column":15}},"type":"cond-expr","locations":[{"start":{"line":113,"column":16},"end":{"line":129,"column":19}},{"start":{"line":131,"column":16},"end":{"line":144,"column":19}}],"line":112},"6":{"loc":{"start":{"line":118,"column":22},"end":{"line":119,"column":61}},"type":"if","locations":[{"start":{"line":118,"column":22},"end":{"line":119,"column":61}},{"start":{"line":119,"column":27},"end":{"line":119,"column":61}}],"line":118},"7":{"loc":{"start":{"line":150,"column":13},"end":{"line":173,"column":13}},"type":"cond-expr","locations":[{"start":{"line":151,"column":14},"end":{"line":170,"column":17}},{"start":{"line":172,"column":14},"end":{"line":172,"column":51}}],"line":150},"8":{"loc":{"start":{"line":152,"column":17},"end":{"line":168,"column":17}},"type":"cond-expr","locations":[{"start":{"line":153,"column":18},"end":{"line":160,"column":20}},{"start":{"line":162,"column":18},"end":{"line":167,"column":27}}],"line":152},"9":{"loc":{"start":{"line":156,"column":22},"end":{"line":158,"column":66}},"type":"cond-expr","locations":[{"start":{"line":157,"column":26},"end":{"line":157,"column":41}},{"start":{"line":158,"column":26},"end":{"line":158,"column":66}}],"line":156},"10":{"loc":{"start":{"line":165,"column":23},"end":{"line":165,"column":96}},"type":"binary-expr","locations":[{"start":{"line":165,"column":23},"end":{"line":165,"column":60}},{"start":{"line":165,"column":64},"end":{"line":165,"column":96}}],"line":165},"11":{"loc":{"start":{"line":178,"column":11},"end":{"line":212,"column":11}},"type":"cond-expr","locations":[{"start":{"line":179,"column":12},"end":{"line":192,"column":18}},{"start":{"line":194,"column":12},"end":{"line":211,"column":23}}],"line":178},"12":{"loc":{"start":{"line":225,"column":13},"end":{"line":225,"column":71}},"type":"cond-expr","locations":[{"start":{"line":225,"column":33},"end":{"line":225,"column":51}},{"start":{"line":225,"column":54},"end":{"line":225,"column":71}}],"line":225}},"s":{"0":1,"1":31,"2":31,"3":31,"4":31,"5":31,"6":31,"7":5,"8":31,"9":11,"10":31,"11":1,"12":31,"13":0,"14":0,"15":0,"16":31,"17":0,"18":31,"19":11,"20":11,"21":31,"22":1,"23":1,"24":1,"25":1,"26":1,"27":1,"28":0,"29":1,"30":1,"31":1,"32":1,"33":0,"34":1,"35":1,"36":1,"37":0,"38":1},"f":{"0":31,"1":5,"2":11,"3":1,"4":0,"5":0,"6":11,"7":1,"8":1,"9":1,"10":1,"11":1,"12":1,"13":1,"14":1,"15":1,"16":0,"17":1,"18":1,"19":1,"20":0},"b":{"0":[1,0],"1":[0,0],"2":[31,18],"3":[18,9],"4":[18,4],"5":[13,5],"6":[1,0],"7":[18,13],"8":[0,18],"9":[0,0],"10":[18,18],"11":[18,13],"12":[31,0]},"_coverageSchema":"1a1c01bbd47fc00a2c39e90264f33305004495a9","hash":"45835a2ba9c24d55b179e2c76b902d31e42e8787"}
,"F:\\New Document\\Documents\\00.Training Bootcamp Phincon\\12. Final Project\\client\\src\\components\\NavbarIconButton\\index.jsx": {"path":"F:\\New Document\\Documents\\00.Training Bootcamp Phincon\\12. Final Project\\client\\src\\components\\NavbarIconButton\\index.jsx","statementMap":{"0":{"start":{"line":5,"column":25},"end":{"line":11,"column":1}},"1":{"start":{"line":6,"column":2},"end":{"line":10,"column":12}},"2":{"start":{"line":13,"column":0},"end":{"line":18,"column":2}}},"fnMap":{"0":{"name":"(anonymous_0)","decl":{"start":{"line":5,"column":25},"end":{"line":5,"column":26}},"loc":{"start":{"line":6,"column":2},"end":{"line":10,"column":12}},"line":6}},"branchMap":{},"s":{"0":1,"1":62,"2":1},"f":{"0":62},"b":{},"_coverageSchema":"1a1c01bbd47fc00a2c39e90264f33305004495a9","hash":"be96a7095ac62357081d1b2a3bf36b6f0caa0053"}
,"F:\\New Document\\Documents\\00.Training Bootcamp Phincon\\12. Final Project\\client\\src\\components\\NoData\\index.jsx": {"path":"F:\\New Document\\Documents\\00.Training Bootcamp Phincon\\12. Final Project\\client\\src\\components\\NoData\\index.jsx","statementMap":{"0":{"start":{"line":5,"column":15},"end":{"line":9,"column":1}},"1":{"start":{"line":6,"column":2},"end":{"line":8,"column":8}}},"fnMap":{"0":{"name":"(anonymous_0)","decl":{"start":{"line":5,"column":15},"end":{"line":5,"column":16}},"loc":{"start":{"line":6,"column":2},"end":{"line":8,"column":8}},"line":6}},"branchMap":{},"s":{"0":7,"1":6},"f":{"0":6},"b":{},"_coverageSchema":"1a1c01bbd47fc00a2c39e90264f33305004495a9","hash":"5519c577cab77515deee8880499b78b93d57b084"}
,"F:\\New Document\\Documents\\00.Training Bootcamp Phincon\\12. Final Project\\client\\src\\components\\PopupMessage\\Dialog.jsx": {"path":"F:\\New Document\\Documents\\00.Training Bootcamp Phincon\\12. Final Project\\client\\src\\components\\PopupMessage\\Dialog.jsx","statementMap":{"0":{"start":{"line":9,"column":21},"end":{"line":23,"column":1}},"1":{"start":{"line":10,"column":2},"end":{"line":22,"column":4}},"2":{"start":{"line":25,"column":0},"end":{"line":30,"column":2}}},"fnMap":{"0":{"name":"(anonymous_0)","decl":{"start":{"line":9,"column":21},"end":{"line":9,"column":22}},"loc":{"start":{"line":9,"column":60},"end":{"line":23,"column":1}},"line":9}},"branchMap":{"0":{"loc":{"start":{"line":13,"column":30},"end":{"line":13,"column":62}},"type":"binary-expr","locations":[{"start":{"line":13,"column":30},"end":{"line":13,"column":35}},{"start":{"line":13,"column":39},"end":{"line":13,"column":62}}],"line":13},"1":{"loc":{"start":{"line":16,"column":30},"end":{"line":16,"column":66}},"type":"binary-expr","locations":[{"start":{"line":16,"column":30},"end":{"line":16,"column":37}},{"start":{"line":16,"column":41},"end":{"line":16,"column":66}}],"line":16}},"s":{"0":1,"1":7,"2":1},"f":{"0":7},"b":{"0":[7,4],"1":[7,4]},"_coverageSchema":"1a1c01bbd47fc00a2c39e90264f33305004495a9","hash":"1745fadb7f889118d773faaac21b69413fd0fb64"}
,"F:\\New Document\\Documents\\00.Training Bootcamp Phincon\\12. Final Project\\client\\src\\components\\RegisterForm\\index.jsx": {"path":"F:\\New Document\\Documents\\00.Training Bootcamp Phincon\\12. Final Project\\client\\src\\components\\RegisterForm\\index.jsx","statementMap":{"0":{"start":{"line":20,"column":21},"end":{"line":131,"column":1}},"1":{"start":{"line":21,"column":19},"end":{"line":21,"column":32}},"2":{"start":{"line":22,"column":19},"end":{"line":22,"column":32}},"3":{"start":{"line":23,"column":34},"end":{"line":23,"column":49}},"4":{"start":{"line":30,"column":6},"end":{"line":30,"column":15}},"5":{"start":{"line":31,"column":19},"end":{"line":31,"column":36}},"6":{"start":{"line":32,"column":19},"end":{"line":32,"column":36}},"7":{"start":{"line":33,"column":16},"end":{"line":33,"column":30}},"8":{"start":{"line":35,"column":19},"end":{"line":50,"column":3}},"9":{"start":{"line":36,"column":4},"end":{"line":49,"column":5}},"10":{"start":{"line":37,"column":6},"end":{"line":37,"column":64}},"11":{"start":{"line":39,"column":6},"end":{"line":39,"column":25}},"12":{"start":{"line":40,"column":6},"end":{"line":40,"column":23}},"13":{"start":{"line":41,"column":6},"end":{"line":41,"column":34}},"14":{"start":{"line":42,"column":6},"end":{"line":48,"column":8}},"15":{"start":{"line":44,"column":10},"end":{"line":46,"column":19}},"16":{"start":{"line":45,"column":12},"end":{"line":45,"column":31}},"17":{"start":{"line":52,"column":2},"end":{"line":130,"column":4}},"18":{"start":{"line":105,"column":29},"end":{"line":105,"column":58}},"19":{"start":{"line":115,"column":25},"end":{"line":115,"column":58}},"20":{"start":{"line":133,"column":0},"end":{"line":138,"column":2}},"21":{"start":{"line":140,"column":24},"end":{"line":144,"column":2}}},"fnMap":{"0":{"name":"(anonymous_0)","decl":{"start":{"line":20,"column":21},"end":{"line":20,"column":22}},"loc":{"start":{"line":20,"column":73},"end":{"line":131,"column":1}},"line":20},"1":{"name":"(anonymous_1)","decl":{"start":{"line":35,"column":19},"end":{"line":35,"column":20}},"loc":{"start":{"line":35,"column":29},"end":{"line":50,"column":3}},"line":35},"2":{"name":"(anonymous_2)","decl":{"start":{"line":43,"column":35},"end":{"line":43,"column":36}},"loc":{"start":{"line":43,"column":41},"end":{"line":47,"column":9}},"line":43},"3":{"name":"(anonymous_3)","decl":{"start":{"line":44,"column":21},"end":{"line":44,"column":22}},"loc":{"start":{"line":44,"column":27},"end":{"line":46,"column":11}},"line":44},"4":{"name":"(anonymous_4)","decl":{"start":{"line":105,"column":22},"end":{"line":105,"column":23}},"loc":{"start":{"line":105,"column":29},"end":{"line":105,"column":58}},"line":105},"5":{"name":"(anonymous_5)","decl":{"start":{"line":115,"column":19},"end":{"line":115,"column":20}},"loc":{"start":{"line":115,"column":25},"end":{"line":115,"column":58}},"line":115}},"branchMap":{"0":{"loc":{"start":{"line":36,"column":4},"end":{"line":49,"column":5}},"type":"if","locations":[{"start":{"line":36,"column":4},"end":{"line":49,"column":5}},{"start":{"line":38,"column":11},"end":{"line":49,"column":5}}],"line":36},"1":{"loc":{"start":{"line":80,"column":16},"end":{"line":80,"column":46}},"type":"cond-expr","locations":[{"start":{"line":80,"column":27},"end":{"line":80,"column":33}},{"start":{"line":80,"column":36},"end":{"line":80,"column":46}}],"line":80},"2":{"loc":{"start":{"line":92,"column":16},"end":{"line":92,"column":46}},"type":"cond-expr","locations":[{"start":{"line":92,"column":27},"end":{"line":92,"column":33}},{"start":{"line":92,"column":36},"end":{"line":92,"column":46}}],"line":92},"3":{"loc":{"start":{"line":123,"column":20},"end":{"line":123,"column":52}},"type":"binary-expr","locations":[{"start":{"line":123,"column":20},"end":{"line":123,"column":29}},{"start":{"line":123,"column":33},"end":{"line":123,"column":42}},{"start":{"line":123,"column":46},"end":{"line":123,"column":52}}],"line":123}},"s":{"0":1,"1":10,"2":10,"3":10,"4":10,"5":10,"6":10,"7":10,"8":10,"9":0,"10":0,"11":0,"12":0,"13":0,"14":0,"15":0,"16":0,"17":10,"18":1,"19":1,"20":1,"21":1},"f":{"0":10,"1":0,"2":0,"3":0,"4":1,"5":1},"b":{"0":[0,0],"1":[1,9],"2":[1,9],"3":[10,4,2]},"_coverageSchema":"1a1c01bbd47fc00a2c39e90264f33305004495a9","hash":"7554fdc73d01aad798f4d66f5ba23d026ac5dcfe"}
,"F:\\New Document\\Documents\\00.Training Bootcamp Phincon\\12. Final Project\\client\\src\\components\\RegisterRole\\index.jsx": {"path":"F:\\New Document\\Documents\\00.Training Bootcamp Phincon\\12. Final Project\\client\\src\\components\\RegisterRole\\index.jsx","statementMap":{"0":{"start":{"line":21,"column":21},"end":{"line":135,"column":1}},"1":{"start":{"line":22,"column":19},"end":{"line":22,"column":32}},"2":{"start":{"line":23,"column":26},"end":{"line":23,"column":57}},"3":{"start":{"line":24,"column":34},"end":{"line":24,"column":44}},"4":{"start":{"line":26,"column":23},"end":{"line":28,"column":3}},"5":{"start":{"line":27,"column":4},"end":{"line":27,"column":19}},"6":{"start":{"line":35,"column":6},"end":{"line":35,"column":15}},"7":{"start":{"line":36,"column":15},"end":{"line":36,"column":28}},"8":{"start":{"line":37,"column":22},"end":{"line":37,"column":42}},"9":{"start":{"line":39,"column":29},"end":{"line":45,"column":4}},"10":{"start":{"line":47,"column":25},"end":{"line":49,"column":3}},"11":{"start":{"line":48,"column":4},"end":{"line":48,"column":21}},"12":{"start":{"line":51,"column":19},"end":{"line":58,"column":3}},"13":{"start":{"line":52,"column":4},"end":{"line":52,"column":34}},"14":{"start":{"line":53,"column":4},"end":{"line":56,"column":5}},"15":{"start":{"line":54,"column":6},"end":{"line":54,"column":59}},"16":{"start":{"line":55,"column":6},"end":{"line":55,"column":40}},"17":{"start":{"line":57,"column":4},"end":{"line":57,"column":31}},"18":{"start":{"line":60,"column":2},"end":{"line":134,"column":4}},"19":{"start":{"line":120,"column":26},"end":{"line":120,"column":108}},"20":{"start":{"line":137,"column":0},"end":{"line":144,"column":2}},"21":{"start":{"line":146,"column":24},"end":{"line":152,"column":2}}},"fnMap":{"0":{"name":"(anonymous_0)","decl":{"start":{"line":21,"column":21},"end":{"line":21,"column":22}},"loc":{"start":{"line":21,"column":95},"end":{"line":135,"column":1}},"line":21},"1":{"name":"(anonymous_1)","decl":{"start":{"line":26,"column":23},"end":{"line":26,"column":24}},"loc":{"start":{"line":26,"column":37},"end":{"line":28,"column":3}},"line":26},"2":{"name":"(anonymous_2)","decl":{"start":{"line":47,"column":25},"end":{"line":47,"column":26}},"loc":{"start":{"line":47,"column":34},"end":{"line":49,"column":3}},"line":47},"3":{"name":"(anonymous_3)","decl":{"start":{"line":51,"column":19},"end":{"line":51,"column":20}},"loc":{"start":{"line":51,"column":29},"end":{"line":58,"column":3}},"line":51},"4":{"name":"(anonymous_4)","decl":{"start":{"line":120,"column":19},"end":{"line":120,"column":20}},"loc":{"start":{"line":120,"column":26},"end":{"line":120,"column":108}},"line":120}},"branchMap":{"0":{"loc":{"start":{"line":23,"column":35},"end":{"line":23,"column":56}},"type":"binary-expr","locations":[{"start":{"line":23,"column":35},"end":{"line":23,"column":46}},{"start":{"line":23,"column":50},"end":{"line":23,"column":56}}],"line":23},"1":{"loc":{"start":{"line":53,"column":4},"end":{"line":56,"column":5}},"type":"if","locations":[{"start":{"line":53,"column":4},"end":{"line":56,"column":5}},{"start":{},"end":{}}],"line":53},"2":{"loc":{"start":{"line":54,"column":22},"end":{"line":54,"column":58}},"type":"binary-expr","locations":[{"start":{"line":54,"column":22},"end":{"line":54,"column":30}},{"start":{"line":54,"column":34},"end":{"line":54,"column":58}}],"line":54},"3":{"loc":{"start":{"line":83,"column":7},"end":{"line":115,"column":7}},"type":"binary-expr","locations":[{"start":{"line":83,"column":7},"end":{"line":83,"column":22}},{"start":{"line":84,"column":8},"end":{"line":114,"column":11}}],"line":83},"4":{"loc":{"start":{"line":107,"column":55},"end":{"line":107,"column":95}},"type":"binary-expr","locations":[{"start":{"line":107,"column":55},"end":{"line":107,"column":73}},{"start":{"line":107,"column":77},"end":{"line":107,"column":95}}],"line":107},"5":{"loc":{"start":{"line":120,"column":26},"end":{"line":120,"column":108}},"type":"cond-expr","locations":[{"start":{"line":120,"column":39},"end":{"line":120,"column":72}},{"start":{"line":120,"column":75},"end":{"line":120,"column":108}}],"line":120},"6":{"loc":{"start":{"line":127,"column":20},"end":{"line":127,"column":76}},"type":"cond-expr","locations":[{"start":{"line":127,"column":38},"end":{"line":127,"column":68}},{"start":{"line":127,"column":71},"end":{"line":127,"column":76}}],"line":127},"7":{"loc":{"start":{"line":127,"column":38},"end":{"line":127,"column":68}},"type":"binary-expr","locations":[{"start":{"line":127,"column":38},"end":{"line":127,"column":43}},{"start":{"line":127,"column":47},"end":{"line":127,"column":52}},{"start":{"line":127,"column":56},"end":{"line":127,"column":68}}],"line":127}},"s":{"0":1,"1":8,"2":8,"3":8,"4":8,"5":1,"6":8,"7":8,"8":8,"9":8,"10":8,"11":0,"12":8,"13":1,"14":1,"15":1,"16":1,"17":1,"18":8,"19":0,"20":1,"21":1},"f":{"0":8,"1":1,"2":0,"3":1,"4":0},"b":{"0":[8,0],"1":[1,0],"2":[1,0],"3":[8,8],"4":[8,0],"5":[0,0],"6":[8,0],"7":[8,7,3]},"_coverageSchema":"1a1c01bbd47fc00a2c39e90264f33305004495a9","hash":"9ce1536a475e3122f385fb115696ba4d4291528c"}
,"F:\\New Document\\Documents\\00.Training Bootcamp Phincon\\12. Final Project\\client\\src\\components\\ServiceCart\\index.jsx": {"path":"F:\\New Document\\Documents\\00.Training Bootcamp Phincon\\12. Final Project\\client\\src\\components\\ServiceCart\\index.jsx","statementMap":{"0":{"start":{"line":12,"column":20},"end":{"line":59,"column":1}},"1":{"start":{"line":13,"column":19},"end":{"line":13,"column":32}},"2":{"start":{"line":14,"column":2},"end":{"line":58,"column":4}},"3":{"start":{"line":34,"column":29},"end":{"line":34,"column":118}},"4":{"start":{"line":42,"column":29},"end":{"line":42,"column":118}},"5":{"start":{"line":50,"column":27},"end":{"line":50,"column":79}},"6":{"start":{"line":61,"column":0},"end":{"line":63,"column":2}}},"fnMap":{"0":{"name":"(anonymous_0)","decl":{"start":{"line":12,"column":20},"end":{"line":12,"column":21}},"loc":{"start":{"line":12,"column":37},"end":{"line":59,"column":1}},"line":12},"1":{"name":"(anonymous_1)","decl":{"start":{"line":34,"column":23},"end":{"line":34,"column":24}},"loc":{"start":{"line":34,"column":29},"end":{"line":34,"column":118}},"line":34},"2":{"name":"(anonymous_2)","decl":{"start":{"line":42,"column":23},"end":{"line":42,"column":24}},"loc":{"start":{"line":42,"column":29},"end":{"line":42,"column":118}},"line":42},"3":{"name":"(anonymous_3)","decl":{"start":{"line":50,"column":21},"end":{"line":50,"column":22}},"loc":{"start":{"line":50,"column":27},"end":{"line":50,"column":79}},"line":50}},"branchMap":{},"s":{"0":2,"1":11,"2":11,"3":0,"4":1,"5":1,"6":2},"f":{"0":11,"1":0,"2":1,"3":1},"b":{},"_coverageSchema":"1a1c01bbd47fc00a2c39e90264f33305004495a9","hash":"f942bf5a6fcf8f241d10bfd783b448f31dd2920b"}
,"F:\\New Document\\Documents\\00.Training Bootcamp Phincon\\12. Final Project\\client\\src\\components\\ServiceDialog\\index.jsx": {"path":"F:\\New Document\\Documents\\00.Training Bootcamp Phincon\\12. Final Project\\client\\src\\components\\ServiceDialog\\index.jsx","statementMap":{"0":{"start":{"line":15,"column":22},"end":{"line":117,"column":1}},"1":{"start":{"line":16,"column":19},"end":{"line":16,"column":32}},"2":{"start":{"line":17,"column":19},"end":{"line":17,"column":32}},"3":{"start":{"line":18,"column":34},"end":{"line":18,"column":45}},"4":{"start":{"line":20,"column":28},"end":{"line":24,"column":3}},"5":{"start":{"line":21,"column":17},"end":{"line":21,"column":113}},"6":{"start":{"line":22,"column":4},"end":{"line":22,"column":35}},"7":{"start":{"line":23,"column":4},"end":{"line":23,"column":23}},"8":{"start":{"line":26,"column":2},"end":{"line":116,"column":4}},"9":{"start":{"line":31,"column":20},"end":{"line":31,"column":24}},"10":{"start":{"line":43,"column":10},"end":{"line":43,"column":24}},"11":{"start":{"line":44,"column":10},"end":{"line":44,"column":25}},"12":{"start":{"line":86,"column":37},"end":{"line":86,"column":62}},"13":{"start":{"line":90,"column":37},"end":{"line":90,"column":62}},"14":{"start":{"line":100,"column":25},"end":{"line":100,"column":73}},"15":{"start":{"line":119,"column":0},"end":{"line":123,"column":2}}},"fnMap":{"0":{"name":"(anonymous_0)","decl":{"start":{"line":15,"column":22},"end":{"line":15,"column":23}},"loc":{"start":{"line":15,"column":58},"end":{"line":117,"column":1}},"line":15},"1":{"name":"(anonymous_1)","decl":{"start":{"line":20,"column":28},"end":{"line":20,"column":29}},"loc":{"start":{"line":20,"column":34},"end":{"line":24,"column":3}},"line":20},"2":{"name":"(anonymous_2)","decl":{"start":{"line":31,"column":14},"end":{"line":31,"column":15}},"loc":{"start":{"line":31,"column":20},"end":{"line":31,"column":24}},"line":31},"3":{"name":"(anonymous_3)","decl":{"start":{"line":42,"column":17},"end":{"line":42,"column":18}},"loc":{"start":{"line":42,"column":23},"end":{"line":45,"column":9}},"line":42},"4":{"name":"(anonymous_4)","decl":{"start":{"line":86,"column":31},"end":{"line":86,"column":32}},"loc":{"start":{"line":86,"column":37},"end":{"line":86,"column":62}},"line":86},"5":{"name":"(anonymous_5)","decl":{"start":{"line":90,"column":31},"end":{"line":90,"column":32}},"loc":{"start":{"line":90,"column":37},"end":{"line":90,"column":62}},"line":90},"6":{"name":"(anonymous_6)","decl":{"start":{"line":100,"column":19},"end":{"line":100,"column":20}},"loc":{"start":{"line":100,"column":25},"end":{"line":100,"column":73}},"line":100}},"branchMap":{"0":{"loc":{"start":{"line":81,"column":36},"end":{"line":81,"column":77}},"type":"cond-expr","locations":[{"start":{"line":81,"column":54},"end":{"line":81,"column":64}},{"start":{"line":81,"column":67},"end":{"line":81,"column":77}}],"line":81}},"s":{"0":2,"1":12,"2":12,"3":12,"4":12,"5":1,"6":1,"7":1,"8":12,"9":0,"10":1,"11":1,"12":0,"13":1,"14":1,"15":2},"f":{"0":12,"1":1,"2":0,"3":1,"4":0,"5":1,"6":1},"b":{"0":[0,12]},"_coverageSchema":"1a1c01bbd47fc00a2c39e90264f33305004495a9","hash":"910a7bcca032fa56f2fb8fc58018d8c801f7bd33"}
,"F:\\New Document\\Documents\\00.Training Bootcamp Phincon\\12. Final Project\\client\\src\\components\\VerifyEmail\\index.jsx": {"path":"F:\\New Document\\Documents\\00.Training Bootcamp Phincon\\12. Final Project\\client\\src\\components\\VerifyEmail\\index.jsx","statementMap":{"0":{"start":{"line":16,"column":20},"end":{"line":49,"column":1}},"1":{"start":{"line":17,"column":19},"end":{"line":17,"column":32}},"2":{"start":{"line":22,"column":6},"end":{"line":22,"column":15}},"3":{"start":{"line":24,"column":19},"end":{"line":28,"column":3}},"4":{"start":{"line":25,"column":4},"end":{"line":27,"column":43}},"5":{"start":{"line":25,"column":40},"end":{"line":25,"column":84}},"6":{"start":{"line":26,"column":9},"end":{"line":27,"column":43}},"7":{"start":{"line":26,"column":25},"end":{"line":26,"column":59}},"8":{"start":{"line":27,"column":9},"end":{"line":27,"column":43}},"9":{"start":{"line":29,"column":2},"end":{"line":48,"column":4}},"10":{"start":{"line":51,"column":0},"end":{"line":56,"column":2}},"11":{"start":{"line":58,"column":24},"end":{"line":62,"column":2}}},"fnMap":{"0":{"name":"(anonymous_0)","decl":{"start":{"line":16,"column":20},"end":{"line":16,"column":21}},"loc":{"start":{"line":16,"column":78},"end":{"line":49,"column":1}},"line":16},"1":{"name":"(anonymous_1)","decl":{"start":{"line":24,"column":19},"end":{"line":24,"column":20}},"loc":{"start":{"line":24,"column":29},"end":{"line":28,"column":3}},"line":24}},"branchMap":{"0":{"loc":{"start":{"line":25,"column":4},"end":{"line":27,"column":43}},"type":"if","locations":[{"start":{"line":25,"column":4},"end":{"line":27,"column":43}},{"start":{"line":26,"column":9},"end":{"line":27,"column":43}}],"line":25},"1":{"loc":{"start":{"line":25,"column":8},"end":{"line":25,"column":38}},"type":"binary-expr","locations":[{"start":{"line":25,"column":8},"end":{"line":25,"column":14}},{"start":{"line":25,"column":18},"end":{"line":25,"column":38}}],"line":25},"2":{"loc":{"start":{"line":26,"column":9},"end":{"line":27,"column":43}},"type":"if","locations":[{"start":{"line":26,"column":9},"end":{"line":27,"column":43}},{"start":{"line":27,"column":9},"end":{"line":27,"column":43}}],"line":26}},"s":{"0":1,"1":8,"2":8,"3":8,"4":3,"5":1,"6":2,"7":1,"8":1,"9":8,"10":1,"11":1},"f":{"0":8,"1":3},"b":{"0":[1,2],"1":[3,3],"2":[1,1]},"_coverageSchema":"1a1c01bbd47fc00a2c39e90264f33305004495a9","hash":"896b927798ae3b97abd9213f5e5caf4159064909"}
[...]
7)","decl":{"start":{"line":215,"column":33},"end":{"line":215,"column":34}},"loc":{"start":{"line":215,"column":39},"end":{"line":218,"column":25}},"line":215},"18":{"name":"(anonymous_18)","decl":{"start":{"line":251,"column":41},"end":{"line":251,"column":42}},"loc":{"start":{"line":251,"column":47},"end":{"line":251,"column":67}},"line":251},"19":{"name":"(anonymous_19)","decl":{"start":{"line":253,"column":27},"end":{"line":253,"column":28}},"loc":{"start":{"line":253,"column":33},"end":{"line":253,"column":53}},"line":253}},"branchMap":{"0":{"loc":{"start":{"line":60,"column":4},"end":{"line":62,"column":69}},"type":"cond-expr","locations":[{"start":{"line":61,"column":8},"end":{"line":61,"column":59}},{"start":{"line":62,"column":8},"end":{"line":62,"column":69}}],"line":60},"1":{"loc":{"start":{"line":65,"column":6},"end":{"line":67,"column":7}},"type":"if","locations":[{"start":{"line":65,"column":6},"end":{"line":67,"column":7}},{"start":{},"end":{}}],"line":65},"2":{"loc":{"start":{"line":144,"column":55},"end":{"line":144,"column":93}},"type":"binary-expr","locations":[{"start":{"line":144,"column":55},"end":{"line":144,"column":76}},{"start":{"line":144,"column":80},"end":{"line":144,"column":93}}],"line":144},"3":{"loc":{"start":{"line":152,"column":17},"end":{"line":152,"column":96}},"type":"binary-expr","locations":[{"start":{"line":152,"column":17},"end":{"line":152,"column":33}},{"start":{"line":152,"column":37},"end":{"line":152,"column":96}}],"line":152},"4":{"loc":{"start":{"line":163,"column":59},"end":{"line":163,"column":97}},"type":"binary-expr","locations":[{"start":{"line":163,"column":59},"end":{"line":163,"column":80}},{"start":{"line":163,"column":84},"end":{"line":163,"column":97}}],"line":163},"5":{"loc":{"start":{"line":171,"column":23},"end":{"line":209,"column":23}},"type":"cond-expr","locations":[{"start":{"line":172,"column":24},"end":{"line":182,"column":33}},{"start":{"line":184,"column":24},"end":{"line":208,"column":27}}],"line":171},"6":{"loc":{"start":{"line":212,"column":19},"end":{"line":223,"column":19}},"type":"binary-expr","locations":[{"start":{"line":212,"column":19},"end":{"line":212,"column":35}},{"start":{"line":213,"column":20},"end":{"line":222,"column":32}}],"line":212},"7":{"loc":{"start":{"line":226,"column":15},"end":{"line":236,"column":15}},"type":"binary-expr","locations":[{"start":{"line":226,"column":15},"end":{"line":226,"column":40}},{"start":{"line":227,"column":16},"end":{"line":235,"column":27}}],"line":226},"8":{"loc":{"start":{"line":244,"column":17},"end":{"line":244,"column":38}},"type":"binary-expr","locations":[{"start":{"line":244,"column":17},"end":{"line":244,"column":33}},{"start":{"line":244,"column":37},"end":{"line":244,"column":38}}],"line":244},"9":{"loc":{"start":{"line":246,"column":16},"end":{"line":246,"column":32}},"type":"cond-expr","locations":[{"start":{"line":246,"column":24},"end":{"line":246,"column":28}},{"start":{"line":246,"column":31},"end":{"line":246,"column":32}}],"line":246},"10":{"loc":{"start":{"line":258,"column":33},"end":{"line":258,"column":75}},"type":"binary-expr","locations":[{"start":{"line":258,"column":33},"end":{"line":258,"column":41}},{"start":{"line":258,"column":45},"end":{"line":258,"column":75}}],"line":258}},"s":{"0":1,"1":1,"2":12,"3":12,"4":12,"5":12,"6":12,"7":12,"8":12,"9":12,"10":12,"11":12,"12":12,"13":12,"14":12,"15":12,"16":8,"17":0,"18":8,"19":8,"20":12,"21":0,"22":12,"23":0,"24":0,"25":12,"26":12,"27":1,"28":4,"29":0,"30":36,"31":12,"32":36,"33":36,"34":1,"35":1,"36":1,"37":0,"38":0,"39":0,"40":0,"41":1,"42":1},"f":{"0":12,"1":12,"2":12,"3":8,"4":0,"5":8,"6":0,"7":0,"8":1,"9":4,"10":0,"11":36,"12":12,"13":36,"14":1,"15":1,"16":1,"17":0,"18":0,"19":0},"b":{"0":[8,4],"1":[12,0],"2":[36,12],"3":[12,4],"4":[36,12],"5":[8,4],"6":[12,4],"7":[12,0],"8":[12,0],"9":[12,0],"10":[12,0]},"_coverageSchema":"1a1c01bbd47fc00a2c39e90264f33305004495a9","hash":"3b03ac945388a845442eef7af2803f966182a453"}
,"F:\\New Document\\Documents\\00.Training Bootcamp Phincon\\12. Final Project\\client\\src\\pages\\Users\\reducer.js": {"path":"F:\\New Document\\Documents\\00.Training Bootcamp Phincon\\12. Final Project\\client\\src\\pages\\Users\\reducer.js","statementMap":{"0":{"start":{"line":4,"column":28},"end":{"line":6,"column":1}},"1":{"start":{"line":8,"column":25},"end":{"line":8,"column":34}},"2":{"start":{"line":10,"column":28},"end":{"line":39,"column":4}},"3":{"start":{"line":11,"column":2},"end":{"line":39,"column":4}},"4":{"start":{"line":12,"column":4},"end":{"line":38,"column":5}},"5":{"start":{"line":14,"column":8},"end":{"line":14,"column":35}},"6":{"start":{"line":15,"column":8},"end":{"line":15,"column":14}},"7":{"start":{"line":17,"column":34},"end":{"line":17,"column":90}},"8":{"start":{"line":17,"column":67},"end":{"line":17,"column":89}},"9":{"start":{"line":19,"column":24},"end":{"line":19,"column":42}},"10":{"start":{"line":20,"column":8},"end":{"line":20,"column":41}},"11":{"start":{"line":21,"column":8},"end":{"line":21,"column":31}},"12":{"start":{"line":23,"column":8},"end":{"line":23,"column":30}},"13":{"start":{"line":24,"column":8},"end":{"line":24,"column":14}},"14":{"start":{"line":27,"column":34},"end":{"line":27,"column":90}},"15":{"start":{"line":27,"column":67},"end":{"line":27,"column":89}},"16":{"start":{"line":29,"column":24},"end":{"line":29,"column":42}},"17":{"start":{"line":30,"column":8},"end":{"line":30,"column":41}},"18":{"start":{"line":31,"column":8},"end":{"line":31,"column":31}},"19":{"start":{"line":33,"column":8},"end":{"line":33,"column":30}},"20":{"start":{"line":34,"column":8},"end":{"line":34,"column":14}},"21":{"start":{"line":37,"column":8},"end":{"line":37,"column":28}}},"fnMap":{"0":{"name":"(anonymous_0)","decl":{"start":{"line":10,"column":28},"end":{"line":10,"column":29}},"loc":{"start":{"line":11,"column":2},"end":{"line":39,"column":4}},"line":11},"1":{"name":"(anonymous_1)","decl":{"start":{"line":11,"column":17},"end":{"line":11,"column":18}},"loc":{"start":{"line":11,"column":28},"end":{"line":39,"column":3}},"line":11},"2":{"name":"(anonymous_2)","decl":{"start":{"line":17,"column":58},"end":{"line":17,"column":59}},"loc":{"start":{"line":17,"column":67},"end":{"line":17,"column":89}},"line":17},"3":{"name":"(anonymous_3)","decl":{"start":{"line":27,"column":58},"end":{"line":27,"column":59}},"loc":{"start":{"line":27,"column":67},"end":{"line":27,"column":89}},"line":27}},"branchMap":{"0":{"loc":{"start":{"line":10,"column":29},"end":{"line":10,"column":49}},"type":"default-arg","locations":[{"start":{"line":10,"column":37},"end":{"line":10,"column":49}}],"line":10},"1":{"loc":{"start":{"line":12,"column":4},"end":{"line":38,"column":5}},"type":"switch","locations":[{"start":{"line":13,"column":6},"end":{"line":15,"column":14}},{"start":{"line":16,"column":6},"end":{"line":25,"column":7}},{"start":{"line":26,"column":6},"end":{"line":35,"column":7}},{"start":{"line":36,"column":6},"end":{"line":37,"column":28}}],"line":12}},"s":{"0":42,"1":42,"2":42,"3":650,"4":650,"5":0,"6":0,"7":0,"8":0,"9":0,"10":0,"11":0,"12":0,"13":0,"14":0,"15":0,"16":0,"17":0,"18":0,"19":0,"20":0,"21":0},"f":{"0":650,"1":650,"2":0,"3":0},"b":{"0":[126],"1":[0,0,0,0]},"_coverageSchema":"1a1c01bbd47fc00a2c39e90264f33305004495a9","hash":"33f122b5db7c5eba8a3efc2be21a4ec74094f36b"}
,"F:\\New Document\\Documents\\00.Training Bootcamp Phincon\\12. Final Project\\client\\src\\pages\\Users\\saga.js": {"path":"F:\\New Document\\Documents\\00.Training Bootcamp Phincon\\12. Final Project\\client\\src\\pages\\Users\\saga.js","statementMap":{"0":{"start":{"line":10,"column":2},"end":{"line":10,"column":30}},"1":{"start":{"line":11,"column":2},"end":{"line":20,"column":3}},"2":{"start":{"line":12,"column":21},"end":{"line":12,"column":65}},"3":{"start":{"line":13,"column":4},"end":{"line":13,"column":40}},"4":{"start":{"line":15,"column":4},"end":{"line":19,"column":5}},"5":{"start":{"line":16,"column":6},"end":{"line":16,"column":72}},"6":{"start":{"line":18,"column":6},"end":{"line":18,"column":29}},"7":{"start":{"line":21,"column":2},"end":{"line":21,"column":31}},"8":{"start":{"line":25,"column":2},"end":{"line":25,"column":30}},"9":{"start":{"line":26,"column":2},"end":{"line":35,"column":3}},"10":{"start":{"line":27,"column":21},"end":{"line":27,"column":74}},"11":{"start":{"line":28,"column":4},"end":{"line":28,"column":40}},"12":{"start":{"line":30,"column":4},"end":{"line":34,"column":5}},"13":{"start":{"line":31,"column":6},"end":{"line":31,"column":72}},"14":{"start":{"line":33,"column":6},"end":{"line":33,"column":29}},"15":{"start":{"line":36,"column":2},"end":{"line":36,"column":31}},"16":{"start":{"line":40,"column":2},"end":{"line":40,"column":30}},"17":{"start":{"line":41,"column":2},"end":{"line":50,"column":3}},"18":{"start":{"line":42,"column":21},"end":{"line":42,"column":60}},"19":{"start":{"line":43,"column":4},"end":{"line":43,"column":61}},"20":{"start":{"line":45,"column":4},"end":{"line":49,"column":5}},"21":{"start":{"line":46,"column":6},"end":{"line":46,"column":72}},"22":{"start":{"line":48,"column":6},"end":{"line":48,"column":29}},"23":{"start":{"line":51,"column":2},"end":{"line":51,"column":31}},"24":{"start":{"line":55,"column":2},"end":{"line":55,"column":30}},"25":{"start":{"line":56,"column":2},"end":{"line":65,"column":3}},"26":{"start":{"line":57,"column":21},"end":{"line":57,"column":60}},"27":{"start":{"line":58,"column":4},"end":{"line":58,"column":61}},"28":{"start":{"line":60,"column":4},"end":{"line":64,"column":5}},"29":{"start":{"line":61,"column":6},"end":{"line":61,"column":72}},"30":{"start":{"line":63,"column":6},"end":{"line":63,"column":29}},"31":{"start":{"line":66,"column":2},"end":{"line":66,"column":31}},"32":{"start":{"line":70,"column":2},"end":{"line":70,"column":44}},"33":{"start":{"line":71,"column":2},"end":{"line":71,"column":65}},"34":{"start":{"line":72,"column":2},"end":{"line":72,"column":48}},"35":{"start":{"line":73,"column":2},"end":{"line":73,"column":48}}},"fnMap":{"0":{"name":"sagaGetUsers","decl":{"start":{"line":9,"column":10},"end":{"line":9,"column":22}},"loc":{"start":{"line":9,"column":48},"end":{"line":22,"column":1}},"line":9},"1":{"name":"sagaGetUnverifiedUsers","decl":{"start":{"line":24,"column":10},"end":{"line":24,"column":32}},"loc":{"start":{"line":24,"column":58},"end":{"line":37,"column":1}},"line":24},"2":{"name":"sagaVerifyUser","decl":{"start":{"line":39,"column":10},"end":{"line":39,"column":24}},"loc":{"start":{"line":39,"column":35},"end":{"line":52,"column":1}},"line":39},"3":{"name":"sagaDeleteUser","decl":{"start":{"line":54,"column":10},"end":{"line":54,"column":24}},"loc":{"start":{"line":54,"column":35},"end":{"line":67,"column":1}},"line":54},"4":{"name":"usersSaga","decl":{"start":{"line":69,"column":25},"end":{"line":69,"column":34}},"loc":{"start":{"line":69,"column":37},"end":{"line":74,"column":1}},"line":69}},"branchMap":{"0":{"loc":{"start":{"line":15,"column":4},"end":{"line":19,"column":5}},"type":"if","locations":[{"start":{"line":15,"column":4},"end":{"line":19,"column":5}},{"start":{"line":17,"column":11},"end":{"line":19,"column":5}}],"line":15},"1":{"loc":{"start":{"line":15,"column":8},"end":{"line":15,"column":109}},"type":"binary-expr","locations":[{"start":{"line":15,"column":8},"end":{"line":15,"column":39}},{"start":{"line":15,"column":43},"end":{"line":15,"column":74}},{"start":{"line":15,"column":78},"end":{"line":15,"column":109}}],"line":15},"2":{"loc":{"start":{"line":30,"column":4},"end":{"line":34,"column":5}},"type":"if","locations":[{"start":{"line":30,"column":4},"end":{"line":34,"column":5}},{"start":{"line":32,"column":11},"end":{"line":34,"column":5}}],"line":30},"3":{"loc":{"start":{"line":30,"column":8},"end":{"line":30,"column":109}},"type":"binary-expr","locations":[{"start":{"line":30,"column":8},"end":{"line":30,"column":39}},{"start":{"line":30,"column":43},"end":{"line":30,"column":74}},{"start":{"line":30,"column":78},"end":{"line":30,"column":109}}],"line":30},"4":{"loc":{"start":{"line":45,"column":4},"end":{"line":49,"column":5}},"type":"if","locations":[{"start":{"line":45,"column":4},"end":{"line":49,"column":5}},{"start":{"line":47,"column":11},"end":{"line":49,"column":5}}],"line":45},"5":{"loc":{"start":{"line":45,"column":8},"end":{"line":45,"column":109}},"type":"binary-expr","locations":[{"start":{"line":45,"column":8},"end":{"line":45,"column":39}},{"start":{"line":45,"column":43},"end":{"line":45,"column":74}},{"start":{"line":45,"column":78},"end":{"line":45,"column":109}}],"line":45},"6":{"loc":{"start":{"line":60,"column":4},"end":{"line":64,"column":5}},"type":"if","locations":[{"start":{"line":60,"column":4},"end":{"line":64,"column":5}},{"start":{"line":62,"column":11},"end":{"line":64,"column":5}}],"line":60},"7":{"loc":{"start":{"line":60,"column":8},"end":{"line":60,"column":109}},"type":"binary-expr","locations":[{"start":{"line":60,"column":8},"end":{"line":60,"column":39}},{"start":{"line":60,"column":43},"end":{"line":60,"column":74}},{"start":{"line":60,"column":78},"end":{"line":60,"column":109}}],"line":60}},"s":{"0":0,"1":0,"2":0,"3":0,"4":0,"5":0,"6":0,"7":0,"8":0,"9":0,"10":0,"11":0,"12":0,"13":0,"14":0,"15":0,"16":0,"17":0,"18":0,"19":0,"20":0,"21":0,"22":0,"23":0,"24":0,"25":0,"26":0,"27":0,"28":0,"29":0,"30":0,"31":0,"32":42,"33":42,"34":42,"35":42},"f":{"0":0,"1":0,"2":0,"3":0,"4":42},"b":{"0":[0,0],"1":[0,0,0],"2":[0,0],"3":[0,0,0],"4":[0,0],"5":[0,0,0],"6":[0,0],"7":[0,0,0]},"_coverageSchema":"1a1c01bbd47fc00a2c39e90264f33305004495a9","hash":"a6129ef9f2420e313ccfad87b381dff28d0189cd"}
,"F:\\New Document\\Documents\\00.Training Bootcamp Phincon\\12. Final Project\\client\\src\\utils\\intlHelper.js": {"path":"F:\\New Document\\Documents\\00.Training Bootcamp Phincon\\12. Final Project\\client\\src\\utils\\intlHelper.js","statementMap":{"0":{"start":{"line":4,"column":19},"end":{"line":4,"column":91}},"1":{"start":{"line":4,"column":61},"end":{"line":4,"column":91}},"2":{"start":{"line":6,"column":0},"end":{"line":9,"column":2}}},"fnMap":{"0":{"name":"(anonymous_0)","decl":{"start":{"line":4,"column":19},"end":{"line":4,"column":20}},"loc":{"start":{"line":4,"column":61},"end":{"line":4,"column":91}},"line":4}},"branchMap":{},"s":{"0":42,"1":0,"2":42},"f":{"0":0},"b":{},"_coverageSchema":"1a1c01bbd47fc00a2c39e90264f33305004495a9","hash":"77ff9c62e621c1a8b518a211bf6535e6a0354eee"}
,"F:\\New Document\\Documents\\00.Training Bootcamp Phincon\\12. Final Project\\client\\src\\utils\\request.js": {"path":"F:\\New Document\\Documents\\00.Training Bootcamp Phincon\\12. Final Project\\client\\src\\utils\\request.js","statementMap":{"0":{"start":{"line":7,"column":0},"end":{"line":14,"column":3}},"1":{"start":{"line":8,"column":16},"end":{"line":8,"column":32}},"2":{"start":{"line":9,"column":20},"end":{"line":9,"column":32}},"3":{"start":{"line":10,"column":2},"end":{"line":12,"column":3}},"4":{"start":{"line":11,"column":4},"end":{"line":11,"column":56}},"5":{"start":{"line":13,"column":2},"end":{"line":13,"column":19}},"6":{"start":{"line":16,"column":0},"end":{"line":33,"column":2}},"7":{"start":{"line":17,"column":16},"end":{"line":17,"column":24}},"8":{"start":{"line":19,"column":28},"end":{"line":19,"column":40}},"9":{"start":{"line":20,"column":4},"end":{"line":27,"column":5}},"10":{"start":{"line":21,"column":23},"end":{"line":21,"column":46}},"11":{"start":{"line":22,"column":6},"end":{"line":26,"column":7}},"12":{"start":{"line":23,"column":8},"end":{"line":23,"column":50}},"13":{"start":{"line":24,"column":8},"end":{"line":24,"column":76}},"14":{"start":{"line":25,"column":8},"end":{"line":25,"column":46}},"15":{"start":{"line":28,"column":4},"end":{"line":30,"column":5}},"16":{"start":{"line":29,"column":6},"end":{"line":29,"column":43}},"17":{"start":{"line":31,"column":4},"end":{"line":31,"column":33}},"18":{"start":{"line":35,"column":16},"end":{"line":35,"column":43}},"19":{"start":{"line":35,"column":29},"end":{"line":35,"column":43}}},"fnMap":{"0":{"name":"(anonymous_0)","decl":{"start":{"line":7,"column":31},"end":{"line":7,"column":32}},"loc":{"start":{"line":7,"column":46},"end":{"line":14,"column":1}},"line":7},"1":{"name":"(anonymous_1)","decl":{"start":{"line":17,"column":2},"end":{"line":17,"column":3}},"loc":{"start":{"line":17,"column":16},"end":{"line":17,"column":24}},"line":17},"2":{"name":"(anonymous_2)","decl":{"start":{"line":18,"column":2},"end":{"line":18,"column":3}},"loc":{"start":{"line":18,"column":19},"end":{"line":32,"column":3}},"line":18},"3":{"name":"(anonymous_3)","decl":{"start":{"line":35,"column":16},"end":{"line":35,"column":17}},"loc":{"start":{"line":35,"column":29},"end":{"line":35,"column":43}},"line":35}},"branchMap":{"0":{"loc":{"start":{"line":10,"column":2},"end":{"line":12,"column":3}},"type":"if","locations":[{"start":{"line":10,"column":2},"end":{"line":12,"column":3}},{"start":{},"end":{}}],"line":10},"1":{"loc":{"start":{"line":20,"column":4},"end":{"line":27,"column":5}},"type":"if","locations":[{"start":{"line":20,"column":4},"end":{"line":27,"column":5}},{"start":{},"end":{}}],"line":20},"2":{"loc":{"start":{"line":22,"column":6},"end":{"line":26,"column":7}},"type":"if","locations":[{"start":{"line":22,"column":6},"end":{"line":26,"column":7}},{"start":{},"end":{}}],"line":22},"3":{"loc":{"start":{"line":28,"column":4},"end":{"line":30,"column":5}},"type":"if","locations":[{"start":{"line":28,"column":4},"end":{"line":30,"column":5}},{"start":{},"end":{}}],"line":28}},"s":{"0":42,"1":17,"2":17,"3":17,"4":0,"5":17,"6":42,"7":0,"8":0,"9":0,"10":0,"11":0,"12":0,"13":0,"14":0,"15":0,"16":0,"17":0,"18":42,"19":17},"f":{"0":17,"1":0,"2":0,"3":17},"b":{"0":[0,17],"1":[0,0],"2":[0,0],"3":[0,0]},"_coverageSchema":"1a1c01bbd47fc00a2c39e90264f33305004495a9","hash":"92f93eb429352becbea1664bb7cfa8eebfc7cb1d"}
,"F:\\New Document\\Documents\\00.Training Bootcamp Phincon\\12. Final Project\\client\\src\\utils\\testHelper.js": {"path":"F:\\New Document\\Documents\\00.Training Bootcamp Phincon\\12. Final Project\\client\\src\\utils\\testHelper.js","statementMap":{"0":{"start":{"line":13,"column":17},"end":{"line":16,"column":1}},"1":{"start":{"line":18,"column":20},"end":{"line":24,"column":1}},"2":{"start":{"line":19,"column":2},"end":{"line":23,"column":13}},"3":{"start":{"line":26,"column":0},"end":{"line":28,"column":2}},"4":{"start":{"line":30,"column":21},"end":{"line":30,"column":86}},"5":{"start":{"line":30,"column":38},"end":{"line":30,"column":86}},"6":{"start":{"line":32,"column":13},"end":{"line":32,"column":82}},"7":{"start":{"line":32,"column":23},"end":{"line":32,"column":82}},"8":{"start":{"line":32,"column":48},"end":{"line":32,"column":81}},"9":{"start":{"line":32,"column":65},"end":{"line":32,"column":74}}},"fnMap":{"0":{"name":"(anonymous_0)","decl":{"start":{"line":18,"column":20},"end":{"line":18,"column":21}},"loc":{"start":{"line":19,"column":2},"end":{"line":23,"column":13}},"line":19},"1":{"name":"(anonymous_1)","decl":{"start":{"line":30,"column":21},"end":{"line":30,"column":22}},"loc":{"start":{"line":30,"column":38},"end":{"line":30,"column":86}},"line":30},"2":{"name":"(anonymous_2)","decl":{"start":{"line":32,"column":13},"end":{"line":32,"column":14}},"loc":{"start":{"line":32,"column":23},"end":{"line":32,"column":82}},"line":32},"3":{"name":"(anonymous_3)","decl":{"start":{"line":32,"column":35},"end":{"line":32,"column":36}},"loc":{"start":{"line":32,"column":48},"end":{"line":32,"column":81}},"line":32},"4":{"name":"(anonymous_4)","decl":{"start":{"line":32,"column":59},"end":{"line":32,"column":60}},"loc":{"start":{"line":32,"column":65},"end":{"line":32,"column":74}},"line":32}},"branchMap":{},"s":{"0":42,"1":42,"2":207,"3":42,"4":42,"5":206,"6":42,"7":0,"8":0,"9":0},"f":{"0":207,"1":206,"2":0,"3":0,"4":0},"b":{},"_coverageSchema":"1a1c01bbd47fc00a2c39e90264f33305004495a9","hash":"9d8610f30d8d8a2c903b989064e91632017cbd4c"}
}
