TN:
SF:config\development.js
FNF:0
FNH:0
LF:0
LH:0
BRF:0
BRH:0
end_of_record
TN:
SF:config\index.js
FNF:0
FNH:0
DA:5,29
DA:7,29
DA:9,29
LF:3
LH:3
BRDA:5,0,0,29
BRDA:5,0,1,0
BRF:2
BRH:1
end_of_record
TN:
SF:config\production.js
FNF:0
FNH:0
LF:0
LH:0
BRF:0
BRH:0
end_of_record
TN:
SF:config\test.env.js
FNF:0
FNH:0
LF:0
LH:0
BRF:0
BRH:0
end_of_record
TN:
SF:src\configureStore.js
FN:12,(anonymous_0)
FNF:1
FNH:1
FNDA:29,(anonymous_0)
DA:9,29
DA:12,29
DA:13,29
DA:14,29
DA:18,29
DA:19,29
DA:22,29
DA:23,29
DA:24,29
DA:25,29
DA:27,29
DA:29,29
DA:32,29
DA:33,29
DA:36,29
DA:39,29
LF:16
LH:16
BRDA:12,0,0,0
BRDA:18,1,0,29
BRDA:18,1,1,0
BRDA:18,2,0,29
BRDA:18,2,1,29
BRDA:19,3,0,0
BRDA:19,3,1,29
BRF:7
BRH:4
end_of_record
TN:
SF:src\persistence.js
FN:10,(anonymous_0)
FN:12,(anonymous_1)
FN:22,(anonymous_2)
FNF:3
FNH:3
FNDA:29,(anonymous_0)
FNDA:232,(anonymous_1)
FNDA:232,(anonymous_2)
DA:4,29
DA:10,29
DA:11,29
DA:12,232
DA:22,232
LF:5
LH:5
BRF:0
BRH:0
end_of_record
TN:
SF:src\reducers.js
FN:49,(anonymous_0)
FN:54,(anonymous_1)
FNF:2
FNH:2
FNDA:29,(anonymous_0)
FNDA:338,(anonymous_1)
DA:25,29
DA:36,29
DA:49,29
DA:50,29
DA:54,338
DA:55,29
LF:6
LH:6
BRF:0
BRH:0
end_of_record
TN:
SF:src\rootSaga.js
FN:20,rootSaga
FNF:1
FNH:1
FNDA:29,rootSaga
DA:21,29
LF:1
LH:1
BRF:0
BRH:0
end_of_record
TN:
SF:src\components\ChannelInner\index.jsx
FN:10,(anonymous_0)
FN:11,(anonymous_1)
FN:13,(anonymous_2)
FN:22,(anonymous_3)
FNF:4
FNH:3
FNDA:3,(anonymous_0)
FNDA:0,(anonymous_1)
FNDA:3,(anonymous_2)
FNDA:1,(anonymous_3)
DA:10,1
DA:11,3
DA:13,3
DA:14,3
DA:17,3
DA:22,1
DA:38,1
LF:7
LH:7
BRDA:21,0,0,3
BRDA:21,0,1,3
BRF:2
BRH:2
end_of_record
TN:
SF:src\components\DetailOrder\index.jsx
FN:9,(anonymous_0)
FN:53,(anonymous_1)
FNF:2
FNH:2
FNDA:4,(anonymous_0)
FNDA:4,(anonymous_1)
DA:9,1
DA:10,4
DA:54,4
DA:91,1
LF:4
LH:4
BRDA:83,0,0,4
BRDA:83,0,1,4
BRDA:84,1,0,4
BRDA:84,1,1,4
BRF:4
BRH:4
end_of_record
TN:
SF:src\components\DialogLanguage\index.jsx
FN:18,(anonymous_0)
FNF:1
FNH:1
FNDA:34,(anonymous_0)
DA:10,2
DA:18,2
DA:19,34
DA:58,2
LF:4
LH:4
BRF:0
BRH:0
end_of_record
TN:
SF:src\components\DialogMerchantsMap\index.jsx
FN:9,(anonymous_0)
FNF:1
FNH:1
FNDA:4,(anonymous_0)
DA:9,1
DA:10,4
DA:34,1
LF:3
LH:3
BRF:0
BRH:0
end_of_record
TN:
SF:src\components\EditMerchant\index.jsx
FN:15,(anonymous_0)
FN:28,(anonymous_1)
FN:34,(anonymous_2)
FNF:3
FNH:2
FNDA:6,(anonymous_0)
FNDA:1,(anonymous_1)
FNDA:0,(anonymous_2)
DA:15,1
DA:16,6
DA:17,6
DA:23,6
DA:25,6
DA:26,6
DA:28,6
DA:29,1
DA:30,1
DA:31,1
DA:34,6
DA:35,0
DA:38,6
DA:105,1
LF:14
LH:13
BRDA:29,0,0,0
BRDA:29,0,1,1
BRDA:74,1,0,6
BRDA:74,1,1,6
BRDA:83,2,0,6
BRDA:83,2,1,0
BRDA:94,3,0,6
BRDA:94,3,1,2
BRF:8
BRH:6
end_of_record
TN:
SF:src\components\EditProfile\index.jsx
FN:14,(anonymous_0)
FN:26,(anonymous_1)
FN:103,(anonymous_2)
FNF:3
FNH:2
FNDA:6,(anonymous_0)
FNDA:1,(anonymous_1)
FNDA:0,(anonymous_2)
DA:14,1
DA:15,6
DA:16,6
DA:22,6
DA:23,6
DA:24,6
DA:26,6
DA:27,1
DA:28,1
DA:29,1
DA:31,1
DA:32,1
DA:34,6
DA:103,0
DA:122,1
LF:15
LH:14
BRDA:27,0,0,1
BRDA:27,0,1,0
BRDA:83,1,0,0
BRDA:83,1,1,6
BRDA:94,2,0,0
BRDA:94,2,1,6
BRDA:111,3,0,6
BRDA:111,3,1,2
BRF:8
BRH:5
end_of_record
TN:
SF:src\components\Footer\index.jsx
FN:6,(anonymous_0)
FNF:1
FNH:1
FNDA:3,(anonymous_0)
DA:6,1
DA:7,3
LF:2
LH:2
BRF:0
BRH:0
end_of_record
TN:
SF:src\components\InputRHF\index.jsx
FN:7,(anonymous_0)
FNF:1
FNH:1
FNDA:124,(anonymous_0)
DA:7,10
DA:8,124
DA:32,10
LF:3
LH:3
BRDA:7,0,0,111
BRDA:7,1,0,124
BRDA:12,2,0,124
BRDA:12,2,1,1
BRDA:24,3,0,124
BRDA:24,3,1,0
BRDA:28,4,0,124
BRDA:28,4,1,1
BRF:8
BRH:7
end_of_record
TN:
SF:src\components\Loader\index.jsx
FN:6,(anonymous_0)
FNF:1
FNH:1
FNDA:3,(anonymous_0)
DA:6,1
DA:7,3
DA:19,1
LF:3
LH:3
BRDA:11,0,0,3
BRDA:11,0,1,1
BRF:2
BRH:2
end_of_record
TN:
SF:src\components\MapLeaflet\index.jsx
FN:27,(anonymous_0)
FN:33,(anonymous_1)
FN:35,(anonymous_2)
FN:46,(anonymous_3)
FN:49,(anonymous_4)
FN:57,(anonymous_5)
FN:63,(anonymous_6)
FN:97,(anonymous_7)
FN:104,(anonymous_8)
FNF:9
FNH:4
FNDA:4,(anonymous_0)
FNDA:3,(anonymous_1)
FNDA:1,(anonymous_2)
FNDA:1,(anonymous_3)
FNDA:0,(anonymous_4)
FNDA:0,(anonymous_5)
FNDA:0,(anonymous_6)
FNDA:0,(anonymous_7)
FNDA:0,(anonymous_8)
DA:27,1
DA:28,4
DA:29,4
DA:30,4
DA:31,4
DA:33,4
DA:34,3
DA:35,3
DA:36,1
DA:37,1
DA:38,1
DA:39,1
DA:40,1
DA:46,4
DA:47,1
DA:48,1
DA:49,1
DA:50,0
DA:51,0
DA:52,0
DA:57,4
DA:58,0
DA:59,0
DA:60,0
DA:63,4
DA:64,0
DA:82,4
DA:98,0
DA:105,0
DA:135,1
DA:144,1
LF:31
LH:22
BRDA:27,0,0,4
BRDA:34,1,0,3
BRDA:34,1,1,0
BRDA:39,2,0,0
BRDA:39,2,1,1
BRDA:40,3,0,1
BRDA:40,3,1,0
BRDA:48,4,0,1
BRDA:48,4,1,0
BRDA:58,5,0,0
BRDA:58,5,1,0
BRDA:59,6,0,0
BRDA:59,6,1,0
BRDA:66,7,0,0
BRDA:66,7,1,0
BRDA:72,8,0,0
BRDA:72,8,1,0
BRDA:84,9,0,4
BRDA:84,9,1,1
BRDA:87,10,0,1
BRDA:87,10,1,0
BRDA:88,11,0,1
BRDA:88,11,1,0
BRDA:92,12,0,1
BRDA:92,12,1,0
BRF:25
BRH:10
end_of_record
TN:
SF:src\components\MarkerLeaflet\index.jsx
FN:9,(anonymous_0)
FN:14,(anonymous_1)
FN:20,(anonymous_2)
FNF:3
FNH:1
FNDA:2,(anonymous_0)
FNDA:0,(anonymous_1)
FNDA:0,(anonymous_2)
DA:9,1
DA:10,2
DA:11,2
DA:12,2
DA:13,2
DA:15,0
DA:16,0
DA:17,0
DA:18,0
DA:19,0
DA:20,0
DA:21,0
DA:27,2
DA:37,1
LF:14
LH:7
BRDA:15,0,0,0
BRDA:15,0,1,0
BRDA:27,1,0,0
BRDA:27,1,1,2
BRF:4
BRH:1
end_of_record
TN:
SF:src\components\MerchantCard\index.jsx
FN:22,(anonymous_0)
FN:26,(anonymous_1)
FN:43,(anonymous_2)
FN:64,(anonymous_3)
FN:65,(anonymous_4)
FN:69,(anonymous_5)
FNF:6
FNH:5
FNDA:13,(anonymous_0)
FNDA:1,(anonymous_1)
FNDA:0,(anonymous_2)
FNDA:1,(anonymous_3)
FNDA:1,(anonymous_4)
FNDA:1,(anonymous_5)
DA:22,3
DA:23,13
DA:24,13
DA:25,13
DA:26,13
DA:27,1
DA:28,1
DA:29,0
DA:31,13
DA:43,0
DA:64,1
DA:65,1
DA:69,1
DA:79,3
DA:85,3
LF:15
LH:13
BRDA:27,0,0,0
BRDA:27,0,1,1
BRDA:28,1,0,1
BRDA:28,1,1,0
BRDA:34,2,0,0
BRDA:34,2,1,13
BRDA:36,3,0,0
BRDA:36,3,1,0
BRDA:49,4,0,13
BRDA:49,4,1,3
BRDA:58,5,0,13
BRDA:58,5,1,13
BRDA:62,6,0,13
BRDA:62,6,1,6
BRDA:62,6,2,6
BRDA:64,7,0,5
BRDA:64,7,1,1
BRF:17
BRH:12
end_of_record
TN:
SF:src\components\MerchantInfo\index.jsx
FN:16,(anonymous_0)
FN:30,(anonymous_1)
FN:50,(anonymous_2)
FN:50,(anonymous_3)
FNF:4
FNH:1
FNDA:8,(anonymous_0)
FNDA:0,(anonymous_1)
FNDA:0,(anonymous_2)
FNDA:0,(anonymous_3)
DA:16,2
DA:17,8
DA:18,8
DA:19,8
DA:20,8
DA:30,0
DA:50,0
DA:61,2
LF:8
LH:6
BRDA:16,0,0,8
BRDA:23,1,0,0
BRDA:23,1,1,8
BRDA:25,2,0,0
BRDA:25,2,1,0
BRDA:36,3,0,8
BRDA:36,3,1,0
BRDA:46,4,0,8
BRDA:46,4,1,8
BRF:9
BRH:5
end_of_record
TN:
SF:src\components\MobileNavbar\index.jsx
FN:18,(anonymous_0)
FN:27,(anonymous_1)
FN:35,(anonymous_2)
FN:43,(anonymous_3)
FN:51,(anonymous_4)
FN:60,(anonymous_5)
FN:71,(anonymous_6)
FN:79,(anonymous_7)
FNF:8
FNH:8
FNDA:12,(anonymous_0)
FNDA:1,(anonymous_1)
FNDA:1,(anonymous_2)
FNDA:1,(anonymous_3)
FNDA:1,(anonymous_4)
FNDA:2,(anonymous_5)
FNDA:1,(anonymous_6)
FNDA:1,(anonymous_7)
DA:18,1
DA:19,12
DA:20,12
DA:27,1
DA:35,1
DA:43,1
DA:51,1
DA:61,2
DA:62,1
DA:71,1
DA:79,1
DA:88,1
LF:12
LH:12
BRDA:21,0,0,12
BRDA:21,0,1,0
BRDA:23,1,0,12
BRDA:23,1,1,5
BRDA:31,2,0,12
BRDA:31,2,1,5
BRDA:39,3,0,12
BRDA:39,3,1,4
BRDA:47,4,0,12
BRDA:47,4,1,4
BRDA:56,5,0,12
BRDA:56,5,1,9
BRDA:61,6,0,1
BRDA:61,6,1,1
BRDA:67,7,0,12
BRDA:67,7,1,9
BRDA:75,8,0,12
BRDA:75,8,1,3
BRF:18
BRH:17
end_of_record
TN:
SF:src\components\Navbar\index.jsx
FN:36,(anonymous_0)
FN:43,(anonymous_1)
FN:47,(anonymous_2)
FN:51,(anonymous_3)
FN:55,(anonymous_4)
FN:62,(anonymous_5)
FN:66,(anonymous_6)
FN:84,(anonymous_7)
FN:90,(anonymous_8)
FN:99,(anonymous_9)
FN:105,(anonymous_10)
FN:116,(anonymous_11)
FN:125,(anonymous_12)
FN:133,(anonymous_13)
FN:173,(anonymous_14)
FN:179,(anonymous_15)
FN:189,(anonymous_16)
FN:197,(anonymous_17)
FN:206,(anonymous_18)
FN:222,(anonymous_19)
FNF:20
FNH:16
FNDA:30,(anonymous_0)
FNDA:5,(anonymous_1)
FNDA:10,(anonymous_2)
FNDA:1,(anonymous_3)
FNDA:0,(anonymous_4)
FNDA:0,(anonymous_5)
FNDA:10,(anonymous_6)
FNDA:1,(anonymous_7)
FNDA:1,(anonymous_8)
FNDA:1,(anonymous_9)
FNDA:1,(anonymous_10)
FNDA:1,(anonymous_11)
FNDA:1,(anonymous_12)
FNDA:1,(anonymous_13)
FNDA:1,(anonymous_14)
FNDA:0,(anonymous_15)
FNDA:1,(anonymous_16)
FNDA:1,(anonymous_17)
FNDA:1,(anonymous_18)
FNDA:0,(anonymous_19)
DA:36,1
DA:37,30
DA:38,30
DA:39,30
DA:40,30
DA:41,30
DA:43,30
DA:44,5
DA:47,30
DA:48,10
DA:51,30
DA:52,1
DA:55,30
DA:56,0
DA:57,0
DA:59,0
DA:62,30
DA:63,0
DA:66,30
DA:67,10
DA:68,10
DA:70,30
DA:84,1
DA:90,1
DA:99,1
DA:105,1
DA:117,1
DA:118,0
DA:125,1
DA:133,1
DA:173,1
DA:179,0
DA:189,1
DA:197,1
DA:206,1
DA:222,0
DA:231,1
LF:37
LH:30
BRDA:52,0,0,1
BRDA:52,0,1,0
BRDA:56,1,0,0
BRDA:56,1,1,0
BRDA:77,2,0,30
BRDA:77,2,1,17
BRDA:79,3,0,17
BRDA:79,3,1,9
BRDA:95,4,0,17
BRDA:95,4,1,4
BRDA:111,5,0,13
BRDA:111,5,1,4
BRDA:117,6,0,1
BRDA:117,6,1,0
BRDA:141,7,0,17
BRDA:141,7,1,13
BRDA:143,8,0,0
BRDA:143,8,1,17
BRDA:147,9,0,0
BRDA:147,9,1,0
BRDA:156,10,0,17
BRDA:156,10,1,17
BRDA:169,11,0,17
BRDA:169,11,1,13
BRDA:216,12,0,30
BRDA:216,12,1,0
BRF:26
BRH:18
end_of_record
TN:
SF:src\components\NavbarIconButton\index.jsx
FN:5,(anonymous_0)
FNF:1
FNH:1
FNDA:56,(anonymous_0)
DA:5,1
DA:6,56
DA:13,1
LF:3
LH:3
BRF:0
BRH:0
end_of_record
TN:
SF:src\components\NoData\index.jsx
FN:5,(anonymous_0)
FNF:1
FNH:1
FNDA:6,(anonymous_0)
DA:5,4
DA:6,6
LF:2
LH:2
BRF:0
BRH:0
end_of_record
TN:
SF:src\components\PopupMessage\Dialog.jsx
FN:9,(anonymous_0)
FNF:1
FNH:1
FNDA:7,(anonymous_0)
DA:9,1
DA:10,7
DA:25,1
LF:3
LH:3
BRDA:13,0,0,7
BRDA:13,0,1,4
BRDA:16,1,0,7
BRDA:16,1,1,4
BRF:4
BRH:4
end_of_record
TN:
SF:src\components\RegisterForm\index.jsx
FN:17,(anonymous_0)
FN:32,(anonymous_1)
FN:36,(anonymous_2)
FN:37,(anonymous_3)
FN:85,(anonymous_4)
FN:95,(anonymous_5)
FNF:6
FNH:3
FNDA:10,(anonymous_0)
FNDA:0,(anonymous_1)
FNDA:0,(anonymous_2)
FNDA:0,(anonymous_3)
FNDA:1,(anonymous_4)
FNDA:1,(anonymous_5)
DA:17,1
DA:18,10
DA:19,10
DA:20,10
DA:27,10
DA:28,10
DA:29,10
DA:30,10
DA:32,10
DA:33,0
DA:34,0
DA:35,0
DA:37,0
DA:38,0
DA:44,10
DA:85,1
DA:95,1
DA:113,1
DA:120,1
LF:19
LH:14
BRDA:72,0,0,1
BRDA:72,0,1,9
BRDA:103,1,0,10
BRDA:103,1,1,4
BRDA:103,1,2,2
BRF:5
BRH:5
end_of_record
TN:
SF:src\components\RegisterRole\index.jsx
FN:21,(anonymous_0)
FN:26,(anonymous_1)
FN:47,(anonymous_2)
FN:51,(anonymous_3)
FN:120,(anonymous_4)
FNF:5
FNH:3
FNDA:8,(anonymous_0)
FNDA:1,(anonymous_1)
FNDA:0,(anonymous_2)
FNDA:1,(anonymous_3)
FNDA:0,(anonymous_4)
DA:21,1
DA:22,8
DA:23,8
DA:24,8
DA:26,8
DA:27,1
DA:35,8
DA:36,8
DA:37,8
DA:39,8
DA:47,8
DA:48,0
DA:51,8
DA:52,1
DA:53,1
DA:54,1
DA:55,1
DA:57,1
DA:60,8
DA:120,0
DA:137,1
DA:146,1
LF:22
LH:20
BRDA:23,0,0,8
BRDA:23,0,1,0
BRDA:53,1,0,1
BRDA:53,1,1,0
BRDA:54,2,0,1
BRDA:54,2,1,0
BRDA:83,3,0,8
BRDA:83,3,1,8
BRDA:107,4,0,8
BRDA:107,4,1,0
BRDA:120,5,0,0
BRDA:120,5,1,0
BRDA:127,6,0,8
BRDA:127,6,1,0
BRDA:127,7,0,8
BRDA:127,7,1,7
BRDA:127,7,2,3
BRF:17
BRH:10
end_of_record
TN:
SF:src\components\ServiceCart\index.jsx
FN:12,(anonymous_0)
FN:34,(anonymous_1)
FN:42,(anonymous_2)
FN:50,(anonymous_3)
FNF:4
FNH:3
FNDA:11,(anonymous_0)
FNDA:0,(anonymous_1)
FNDA:1,(anonymous_2)
FNDA:1,(anonymous_3)
DA:12,2
DA:13,11
DA:14,11
DA:34,0
DA:42,1
DA:50,1
DA:61,2
LF:7
LH:6
BRF:0
BRH:0
end_of_record
TN:
SF:src\components\ServiceDialog\index.jsx
FN:15,(anonymous_0)
FN:20,(anonymous_1)
FN:31,(anonymous_2)
FN:42,(anonymous_3)
FN:78,(anonymous_4)
FN:82,(anonymous_5)
FN:92,(anonymous_6)
FNF:7
FNH:5
FNDA:7,(anonymous_0)
FNDA:1,(anonymous_1)
FNDA:0,(anonymous_2)
FNDA:1,(anonymous_3)
FNDA:0,(anonymous_4)
FNDA:1,(anonymous_5)
FNDA:1,(anonymous_6)
DA:15,1
DA:16,7
DA:17,7
DA:18,7
DA:20,7
DA:21,1
DA:22,1
DA:23,1
DA:26,7
DA:31,0
DA:43,1
DA:44,1
DA:78,0
DA:82,1
DA:92,1
DA:111,1
LF:16
LH:14
BRF:0
BRH:0
end_of_record
TN:
SF:src\components\VerifyEmail\index.jsx
FN:16,(anonymous_0)
FN:24,(anonymous_1)
FNF:2
FNH:2
FNDA:8,(anonymous_0)
FNDA:3,(anonymous_1)
DA:16,1
DA:17,8
DA:22,8
DA:24,8
DA:25,3
DA:26,2
DA:27,1
DA:29,8
DA:51,1
DA:58,1
LF:10
LH:10
BRDA:25,0,0,1
BRDA:25,0,1,2
BRDA:25,1,0,3
BRDA:25,1,1,3
BRDA:26,2,0,1
BRDA:26,2,1,1
BRF:6
BRH:6
end_of_record
TN:
SF:src\components\VerifyEmailOTP\index.jsx
FN:17,(anonymous_0)
FN:25,(anonymous_1)
FN:50,(anonymous_2)
FN:65,(anonymous_3)
FNF:4
FNH:3
FNDA:5,(anonymous_0)
FNDA:1,(anonymous_1)
FNDA:0,(anonymous_2)
FNDA:1,(anonymous_3)
DA:17,1
DA:18,5
DA:23,5
DA:25,5
DA:26,1
DA:27,1
DA:30,5
DA:51,0
DA:52,0
DA:65,1
DA:78,1
DA:86,1
LF:12
LH:10
BRF:0
BRH:0
end_of_record
TN:
SF:src\containers\App\actions.js
FN:3,(anonymous_0)
FN:8,(anonymous_1)
FN:13,(anonymous_2)
FN:22,(anonymous_3)
FN:31,(anonymous_4)
FNF:5
FNH:2
FNDA:0,(anonymous_0)
FNDA:1,(anonymous_1)
FNDA:0,(anonymous_2)
FNDA:0,(anonymous_3)
FNDA:6,(anonymous_4)
DA:3,29
DA:8,29
DA:13,29
DA:22,29
DA:31,29
LF:5
LH:5
BRDA:13,0,0,0
BRDA:13,1,0,0
BRF:2
BRH:0
end_of_record
TN:
SF:src\containers\App\constants.js
FNF:0
FNH:0
DA:1,29
DA:2,29
DA:3,29
DA:4,29
LF:4
LH:4
BRF:0
BRH:0
end_of_record
TN:
SF:src\containers\App\reducer.js
FN:18,(anonymous_0)
FN:19,(anonymous_1)
FNF:2
FNH:2
FNDA:396,(anonymous_0)
FNDA:396,(anonymous_1)
DA:5,29
DA:16,29
DA:18,29
DA:19,396
DA:20,396
DA:22,0
DA:23,0
DA:25,1
DA:26,1
DA:28,0
DA:29,0
DA:31,6
DA:32,6
LF:13
LH:9
BRDA:18,0,0,87
BRDA:20,1,0,0
BRDA:20,1,1,1
BRDA:20,1,2,0
BRDA:20,1,3,6
BRF:5
BRH:3
end_of_record
TN:
SF:src\containers\App\selectors.js
FN:4,(anonymous_0)
FN:6,(anonymous_1)
FN:7,(anonymous_2)
FN:8,(anonymous_3)
FN:9,(anonymous_4)
FNF:5
FNH:0
FNDA:0,(anonymous_0)
FNDA:0,(anonymous_1)
FNDA:0,(anonymous_2)
FNDA:0,(anonymous_3)
FNDA:0,(anonymous_4)
DA:4,29
DA:6,29
DA:7,29
DA:8,29
DA:9,29
LF:5
LH:5
BRDA:4,0,0,0
BRDA:4,0,1,0
BRF:2
BRH:0
end_of_record
TN:
SF:src\containers\Client\actions.js
FN:18,(anonymous_0)
FN:23,(anonymous_1)
FN:28,(anonymous_2)
FN:33,(anonymous_3)
FN:39,(anonymous_4)
FN:45,(anonymous_5)
FN:50,(anonymous_6)
FN:55,(anonymous_7)
FN:60,(anonymous_8)
FN:65,(anonymous_9)
FN:70,(anonymous_10)
FN:76,(anonymous_11)
FN:80,(anonymous_12)
FN:86,(anonymous_13)
FNF:14
FNH:3
FNDA:0,(anonymous_0)
FNDA:0,(anonymous_1)
FNDA:0,(anonymous_2)
FNDA:0,(anonymous_3)
FNDA:0,(anonymous_4)
FNDA:0,(anonymous_5)
FNDA:0,(anonymous_6)
FNDA:0,(anonymous_7)
FNDA:1,(anonymous_8)
FNDA:1,(anonymous_9)
FNDA:0,(anonymous_10)
FNDA:0,(anonymous_11)
FNDA:1,(anonymous_12)
FNDA:0,(anonymous_13)
DA:18,29
DA:23,29
DA:28,29
DA:33,29
DA:39,29
DA:45,29
DA:50,29
DA:55,29
DA:60,29
DA:65,29
DA:70,29
DA:76,29
DA:80,29
DA:86,29
LF:14
LH:14
BRF:0
BRH:0
end_of_record
TN:
SF:src\containers\Client\constants.js
FNF:0
FNH:0
DA:1,29
DA:2,29
DA:3,29
DA:4,29
DA:5,29
DA:6,29
DA:9,29
DA:10,29
DA:13,29
DA:14,29
DA:15,29
DA:16,29
DA:17,29
DA:18,29
LF:14
LH:14
BRF:0
BRH:0
end_of_record
TN:
SF:src\containers\Client\reducer.js
FN:22,(anonymous_0)
FN:23,(anonymous_1)
FNF:2
FNH:2
FNDA:396,(anonymous_0)
FNDA:396,(anonymous_1)
DA:12,29
DA:20,29
DA:22,29
DA:23,396
DA:24,396
DA:26,0
DA:27,0
DA:29,0
DA:30,0
DA:32,0
DA:33,0
DA:35,0
DA:36,0
DA:38,0
DA:39,0
DA:41,0
DA:42,0
DA:43,0
LF:18
LH:5
BRDA:22,0,0,87
BRDA:24,1,0,0
BRDA:24,1,1,0
BRDA:24,1,2,0
BRDA:24,1,3,0
BRDA:24,1,4,0
BRDA:24,1,5,0
BRF:7
BRH:1
end_of_record
TN:
SF:src\containers\Client\saga.js
FN:48,sagaHandleLogin
FN:69,sagaHandleLoginGoogle
FN:95,sagaHandleLogout
FN:122,sagaHandleSendVerifyEmail
FN:142,sagaHandleSendOTP
FN:159,sagaHandleRegister
FN:182,sagaHandleSendEmailForgot
FN:198,sendResetPassword
FN:215,clientSaga
FNF:9
FNH:1
FNDA:0,sagaHandleLogin
FNDA:0,sagaHandleLoginGoogle
FNDA:0,sagaHandleLogout
FNDA:0,sagaHandleSendVerifyEmail
FNDA:0,sagaHandleSendOTP
FNDA:0,sagaHandleRegister
FNDA:0,sagaHandleSendEmailForgot
FNDA:0,sendResetPassword
FNDA:29,clientSaga
DA:49,0
DA:50,0
DA:51,0
DA:52,0
DA:53,0
DA:54,0
DA:55,0
DA:56,0
DA:57,0
DA:58,0
DA:60,0
DA:61,0
DA:63,0
DA:66,0
DA:70,0
DA:71,0
DA:72,0
DA:73,0
DA:74,0
DA:76,0
DA:77,0
DA:78,0
DA:79,0
DA:80,0
DA:81,0
DA:82,0
DA:83,0
DA:86,0
DA:87,0
DA:89,0
DA:92,0
DA:96,0
DA:97,0
DA:98,0
DA:99,0
DA:100,0
DA:101,0
DA:102,0
DA:103,0
DA:104,0
DA:105,0
DA:106,0
DA:107,0
DA:108,0
DA:109,0
DA:113,0
DA:114,0
DA:116,0
DA:119,0
DA:123,0
DA:124,0
DA:125,0
DA:126,0
DA:127,0
DA:128,0
DA:129,0
DA:130,0
DA:131,0
DA:133,0
DA:134,0
DA:136,0
DA:139,0
DA:143,0
DA:144,0
DA:145,0
DA:146,0
DA:147,0
DA:148,0
DA:150,0
DA:151,0
DA:153,0
DA:156,0
DA:160,0
DA:161,0
DA:162,0
DA:163,0
DA:164,0
DA:165,0
DA:167,0
DA:168,0
DA:169,0
DA:170,0
DA:171,0
DA:173,0
DA:174,0
DA:176,0
DA:179,0
DA:183,0
DA:184,0
DA:185,0
DA:186,0
DA:187,0
DA:189,0
DA:190,0
DA:192,0
DA:195,0
DA:199,0
DA:200,0
DA:201,0
DA:202,0
DA:203,0
DA:204,0
DA:206,0
DA:207,0
DA:209,0
DA:212,0
DA:216,29
DA:217,29
DA:218,29
DA:219,29
DA:220,29
DA:221,29
DA:222,29
DA:223,29
LF:114
LH:8
BRDA:60,0,0,0
BRDA:60,0,1,0
BRDA:72,1,0,0
BRDA:72,1,1,0
BRDA:83,2,0,0
BRDA:83,2,1,0
BRDA:86,3,0,0
BRDA:86,3,1,0
BRDA:99,4,0,0
BRDA:99,4,1,0
BRDA:108,5,0,0
BRDA:108,5,1,0
BRDA:113,6,0,0
BRDA:113,6,1,0
BRDA:113,7,0,0
BRDA:113,7,1,0
BRDA:133,8,0,0
BRDA:133,8,1,0
BRDA:133,9,0,0
BRDA:133,9,1,0
BRDA:133,9,2,0
BRDA:150,10,0,0
BRDA:150,10,1,0
BRDA:150,11,0,0
BRDA:150,11,1,0
BRDA:150,11,2,0
BRDA:164,12,0,0
BRDA:164,12,1,0
BRDA:173,13,0,0
BRDA:173,13,1,0
BRDA:173,14,0,0
BRDA:173,14,1,0
BRDA:173,14,2,0
BRDA:189,15,0,0
BRDA:189,15,1,0
BRDA:206,16,0,0
BRDA:206,16,1,0
BRDA:206,17,0,0
BRDA:206,17,1,0
BRF:39
BRH:0
end_of_record
TN:
SF:src\containers\Client\selectors.js
FN:4,(anonymous_0)
FN:6,(anonymous_1)
FN:7,(anonymous_2)
FN:8,(anonymous_3)
FN:9,(anonymous_4)
FN:10,(anonymous_5)
FNF:6
FNH:4
FNDA:24,(anonymous_0)
FNDA:3,(anonymous_1)
FNDA:0,(anonymous_2)
FNDA:3,(anonymous_3)
FNDA:0,(anonymous_4)
FNDA:1,(anonymous_5)
DA:4,25
DA:6,25
DA:7,25
DA:8,25
DA:9,25
DA:10,25
LF:6
LH:6
BRDA:4,0,0,24
BRDA:4,0,1,0
BRF:2
BRH:1
end_of_record
TN:
SF:src\containers\Language\constants.js
FNF:0
FNH:0
DA:1,29
DA:2,29
LF:2
LH:2
BRF:0
BRH:0
end_of_record
TN:
SF:src\containers\Language\reducer.js
FN:15,(anonymous_0)
FN:16,(anonymous_1)
FNF:2
FNH:2
FNDA:396,(anonymous_0)
FNDA:396,(anonymous_1)
DA:8,29
DA:15,29
DA:16,396
DA:17,396
DA:19,0
DA:20,0
LF:6
LH:4
BRDA:15,0,0,87
BRDA:17,1,0,0
BRF:2
BRH:1
end_of_record
TN:
SF:src\domain\api.js
FN:14,(anonymous_0)
FN:29,(anonymous_1)
FN:36,(anonymous_2)
FN:39,(anonymous_3)
FN:42,(anonymous_4)
FN:43,(anonymous_5)
FN:44,(anonymous_6)
FN:45,(anonymous_7)
FN:46,(anonymous_8)
FN:47,(anonymous_9)
FN:48,(anonymous_10)
FN:49,(anonymous_11)
FN:50,(anonymous_12)
FN:51,(anonymous_13)
FN:52,(anonymous_14)
FN:56,(anonymous_15)
FN:59,(anonymous_16)
FN:61,(anonymous_17)
FN:63,(anonymous_18)
FN:64,(anonymous_19)
FN:67,(anonymous_20)
FN:68,(anonymous_21)
FN:69,(anonymous_22)
FN:70,(anonymous_23)
FN:71,(anonymous_24)
FN:72,(anonymous_25)
FN:73,(anonymous_26)
FN:75,(anonymous_27)
FN:77,(anonymous_28)
FN:79,(anonymous_29)
FN:82,(anonymous_30)
FN:83,(anonymous_31)
FN:84,(anonymous_32)
FN:85,(anonymous_33)
FN:86,(anonymous_34)
FN:87,(anonymous_35)
FN:88,(anonymous_36)
FN:89,(anonymous_37)
FN:90,(anonymous_38)
FN:93,(anonymous_39)
FN:96,(anonymous_40)
FN:100,(anonymous_41)
FN:101,(anonymous_42)
FN:104,(anonymous_43)
FN:105,(anonymous_44)
FN:106,(anonymous_45)
FN:109,(anonymous_46)
FN:110,(anonymous_47)
FN:111,(anonymous_48)
FNF:49
FNH:4
FNDA:6,(anonymous_0)
FNDA:0,(anonymous_1)
FNDA:0,(anonymous_2)
FNDA:0,(anonymous_3)
FNDA:0,(anonymous_4)
FNDA:0,(anonymous_5)
FNDA:0,(anonymous_6)
FNDA:0,(anonymous_7)
FNDA:0,(anonymous_8)
FNDA:0,(anonymous_9)
FNDA:0,(anonymous_10)
FNDA:0,(anonymous_11)
FNDA:0,(anonymous_12)
FNDA:0,(anonymous_13)
FNDA:0,(anonymous_14)
FNDA:1,(anonymous_15)
FNDA:0,(anonymous_16)
FNDA:0,(anonymous_17)
FNDA:0,(anonymous_18)
FNDA:0,(anonymous_19)
FNDA:0,(anonymous_20)
FNDA:0,(anonymous_21)
FNDA:0,(anonymous_22)
FNDA:0,(anonymous_23)
FNDA:0,(anonymous_24)
FNDA:1,(anonymous_25)
FNDA:0,(anonymous_26)
FNDA:0,(anonymous_27)
FNDA:0,(anonymous_28)
FNDA:0,(anonymous_29)
FNDA:0,(anonymous_30)
FNDA:0,(anonymous_31)
FNDA:0,(anonymous_32)
FNDA:0,(anonymous_33)
FNDA:0,(anonymous_34)
FNDA:4,(anonymous_35)
FNDA:0,(anonymous_36)
FNDA:0,(anonymous_37)
FNDA:0,(anonymous_38)
FNDA:0,(anonymous_39)
FNDA:0,(anonymous_40)
FNDA:0,(anonymous_41)
FNDA:0,(anonymous_42)
FNDA:0,(anonymous_43)
FNDA:0,(anonymous_44)
FNDA:0,(anonymous_45)
FNDA:0,(anonymous_46)
FNDA:0,(anonymous_47)
FNDA:0,(anonymous_48)
DA:6,29
DA:14,29
DA:15,6
DA:19,6
DA:20,6
DA:29,6
DA:30,0
DA:31,0
DA:36,29
DA:39,29
DA:42,29
DA:43,29
DA:44,29
DA:45,29
DA:46,29
DA:47,29
DA:48,29
DA:49,29
DA:50,29
DA:51,29
DA:52,29
DA:53,0
DA:56,29
DA:59,29
DA:60,0
DA:61,29
DA:62,0
DA:63,29
DA:64,29
DA:67,29
DA:68,29
DA:69,29
DA:70,29
DA:71,29
DA:72,29
DA:73,29
DA:74,0
DA:75,29
DA:76,0
DA:77,29
DA:78,0
DA:79,29
DA:82,29
DA:83,29
DA:84,29
DA:85,29
DA:86,29
DA:87,29
DA:88,29
DA:89,29
DA:90,29
DA:93,29
DA:96,29
DA:97,0
DA:100,29
DA:101,29
DA:104,29
DA:105,29
DA:106,29
DA:109,29
DA:110,29
DA:111,29
LF:62
LH:53
BRDA:14,0,0,0
BRDA:14,1,0,0
BRDA:14,2,0,6
BRDA:14,3,0,6
BRF:4
BRH:2
end_of_record
TN:
SF:src\languages\en.js
FNF:0
FNH:0
LF:0
LH:0
BRF:0
BRH:0
end_of_record
TN:
SF:src\languages\id.js
FNF:0
FNH:0
LF:0
LH:0
BRF:0
BRH:0
end_of_record
TN:
SF:src\pages\Cart\action.js
FN:3,(anonymous_0)
FN:7,(anonymous_1)
FN:12,(anonymous_2)
FN:16,(anonymous_3)
FN:22,(anonymous_4)
FN:28,(anonymous_5)
FNF:6
FNH:5
FNDA:4,(anonymous_0)
FNDA:0,(anonymous_1)
FNDA:4,(anonymous_2)
FNDA:1,(anonymous_3)
FNDA:1,(anonymous_4)
FNDA:1,(anonymous_5)
DA:3,29
DA:7,29
DA:12,29
DA:16,29
DA:22,29
DA:28,29
LF:6
LH:6
BRF:0
BRH:0
end_of_record
TN:
SF:src\pages\Cart\constants.js
FNF:0
FNH:0
DA:1,29
DA:2,29
DA:3,29
DA:4,29
DA:5,29
DA:6,29
LF:6
LH:6
BRF:0
BRH:0
end_of_record
TN:
SF:src\pages\Cart\index.jsx
FN:21,(anonymous_0)
FN:25,(anonymous_1)
FN:27,(anonymous_2)
FN:33,(anonymous_3)
FN:35,(anonymous_4)
FN:36,(anonymous_5)
FN:54,(anonymous_6)
FN:61,(anonymous_7)
FN:65,(anonymous_8)
FN:74,(anonymous_9)
FNF:10
FNH:10
FNDA:6,(anonymous_0)
FNDA:4,(anonymous_1)
FNDA:4,(anonymous_2)
FNDA:1,(anonymous_3)
FNDA:1,(anonymous_4)
FNDA:1,(anonymous_5)
FNDA:1,(anonymous_6)
FNDA:6,(anonymous_7)
FNDA:6,(anonymous_8)
FNDA:1,(anonymous_9)
DA:21,1
DA:22,6
DA:23,6
DA:25,6
DA:26,4
DA:27,4
DA:28,4
DA:33,6
DA:34,1
DA:35,1
DA:36,1
DA:37,1
DA:38,1
DA:41,1
DA:44,6
DA:54,1
DA:62,6
DA:66,6
DA:75,1
DA:76,1
DA:89,1
DA:92,1
LF:22
LH:22
BRDA:28,0,0,4
BRDA:28,0,1,0
BRDA:84,1,0,6
BRDA:84,1,1,0
BRF:4
BRH:2
end_of_record
TN:
SF:src\pages\Cart\reducer.js
FN:10,(anonymous_0)
FN:11,(anonymous_1)
FNF:2
FNH:2
FNDA:396,(anonymous_0)
FNDA:396,(anonymous_1)
DA:4,29
DA:8,29
DA:10,29
DA:11,396
DA:12,396
DA:14,0
DA:15,0
DA:17,4
LF:8
LH:6
BRDA:10,0,0,87
BRDA:12,1,0,0
BRDA:12,1,1,4
BRF:3
BRH:2
end_of_record
TN:
SF:src\pages\Cart\saga.js
FN:12,sagaGetCarts
FN:27,sagaAddToCart
FN:44,sagaDeleteFromCart
FN:61,sagaChangeQuantity
FN:77,cartsSaga
FNF:5
FNH:2
FNDA:4,sagaGetCarts
FNDA:0,sagaAddToCart
FNDA:0,sagaDeleteFromCart
FNDA:0,sagaChangeQuantity
FNDA:29,cartsSaga
DA:13,4
DA:14,4
DA:15,4
DA:16,0
DA:18,0
DA:19,0
DA:21,0
DA:24,0
DA:28,0
DA:29,0
DA:30,0
DA:31,0
DA:32,0
DA:33,0
DA:35,0
DA:36,0
DA:38,0
DA:41,0
DA:45,0
DA:46,0
DA:47,0
DA:48,0
DA:49,0
DA:50,0
DA:52,0
DA:53,0
DA:55,0
DA:58,0
DA:62,0
DA:63,0
DA:64,0
DA:65,0
DA:66,0
DA:68,0
DA:69,0
DA:71,0
DA:74,0
DA:78,29
DA:79,29
DA:80,29
DA:81,29
LF:41
LH:7
BRDA:18,0,0,0
BRDA:18,0,1,0
BRDA:18,1,0,0
BRDA:18,1,1,0
BRDA:18,1,2,0
BRDA:35,2,0,0
BRDA:35,2,1,0
BRDA:35,3,0,0
BRDA:35,3,1,0
BRDA:35,3,2,0
BRDA:52,4,0,0
BRDA:52,4,1,0
BRDA:52,5,0,0
BRDA:52,5,1,0
BRDA:52,5,2,0
BRDA:68,6,0,0
BRDA:68,6,1,0
BRDA:68,7,0,0
BRDA:68,7,1,0
BRDA:68,7,2,0
BRF:20
BRH:0
end_of_record
TN:
SF:src\pages\ChatPage\actions.js
FN:3,(anonymous_0)
FN:7,(anonymous_1)
FN:12,(anonymous_2)
FN:18,(anonymous_3)
FN:23,(anonymous_4)
FNF:5
FNH:0
FNDA:0,(anonymous_0)
FNDA:0,(anonymous_1)
FNDA:0,(anonymous_2)
FNDA:0,(anonymous_3)
FNDA:0,(anonymous_4)
DA:3,29
DA:7,29
DA:12,29
DA:18,29
DA:23,29
LF:5
LH:5
BRF:0
BRH:0
end_of_record
TN:
SF:src\pages\ChatPage\constants.js
FNF:0
FNH:0
DA:1,29
DA:2,29
DA:3,29
DA:4,29
DA:5,29
LF:5
LH:5
BRF:0
BRH:0
end_of_record
TN:
SF:src\pages\ChatPage\reducer.js
FN:11,(anonymous_0)
FN:12,(anonymous_1)
FNF:2
FNH:2
FNDA:396,(anonymous_0)
FNDA:396,(anonymous_1)
DA:5,29
DA:9,29
DA:11,29
DA:12,396
DA:13,396
DA:15,0
DA:16,0
DA:18,0
DA:19,0
LF:9
LH:5
BRDA:11,0,0,87
BRDA:13,1,0,0
BRDA:13,1,1,0
BRF:3
BRH:1
end_of_record
TN:
SF:src\pages\ChatPage\saga.js
FN:12,sagaHandleGetTokenStream
FN:27,sagaHandleAddChannel
FN:47,sagaHandleDeleteChannel
FN:61,MessageSaga
FNF:4
FNH:1
FNDA:0,sagaHandleGetTokenStream
FNDA:0,sagaHandleAddChannel
FNDA:0,sagaHandleDeleteChannel
FNDA:29,MessageSaga
DA:13,0
DA:14,0
DA:15,0
DA:16,0
DA:18,0
DA:19,0
DA:21,0
DA:24,0
DA:28,0
DA:29,0
DA:30,0
DA:31,0
DA:32,0
DA:34,0
DA:35,0
DA:38,0
DA:39,0
DA:41,0
DA:44,0
DA:48,0
DA:49,0
DA:50,0
DA:52,0
DA:53,0
DA:55,0
DA:58,0
DA:62,29
DA:63,29
DA:64,29
LF:29
LH:3
BRDA:18,0,0,0
BRDA:18,0,1,0
BRDA:18,1,0,0
BRDA:18,1,1,0
BRDA:31,2,0,0
BRDA:31,2,1,0
BRDA:34,3,0,0
BRDA:34,3,1,0
BRDA:38,4,0,0
BRDA:38,4,1,0
BRDA:38,5,0,0
BRDA:38,5,1,0
BRDA:52,6,0,0
BRDA:52,6,1,0
BRDA:52,7,0,0
BRDA:52,7,1,0
BRF:16
BRH:0
end_of_record
TN:
SF:src\pages\EditService\actions.js
FN:3,(anonymous_0)
FN:10,(anonymous_1)
FN:15,(anonymous_2)
FN:20,(anonymous_3)
FNF:4
FNH:2
FNDA:1,(anonymous_0)
FNDA:0,(anonymous_1)
FNDA:0,(anonymous_2)
FNDA:5,(anonymous_3)
DA:3,29
DA:10,29
DA:15,29
DA:20,29
LF:4
LH:4
BRF:0
BRH:0
end_of_record
TN:
SF:src\pages\EditService\constants.js
FNF:0
FNH:0
DA:1,29
DA:2,29
DA:3,29
DA:4,29
LF:4
LH:4
BRF:0
BRH:0
end_of_record
TN:
SF:src\pages\EditService\index.jsx
FN:19,(anonymous_0)
FN:30,(anonymous_1)
FN:33,(anonymous_2)
FN:38,(anonymous_3)
FN:42,(anonymous_4)
FN:43,(anonymous_5)
FN:60,(anonymous_6)
FN:79,(anonymous_7)
FN:129,(anonymous_8)
FNF:9
FNH:6
FNDA:11,(anonymous_0)
FNDA:5,(anonymous_1)
FNDA:5,(anonymous_2)
FNDA:1,(anonymous_3)
FNDA:0,(anonymous_4)
FNDA:0,(anonymous_5)
FNDA:1,(anonymous_6)
FNDA:11,(anonymous_7)
FNDA:0,(anonymous_8)
DA:19,1
DA:20,11
DA:21,11
DA:22,11
DA:23,11
DA:28,11
DA:30,11
DA:31,5
DA:32,5
DA:33,5
DA:34,5
DA:38,11
DA:39,1
DA:40,1
DA:41,1
DA:43,0
DA:44,0
DA:50,11
DA:60,1
DA:79,11
DA:129,0
DA:146,1
DA:151,1
LF:23
LH:20
BRDA:31,0,0,0
BRDA:31,0,1,5
BRDA:34,1,0,5
BRDA:34,1,1,0
BRDA:127,2,0,11
BRDA:127,2,1,11
BRF:6
BRH:4
end_of_record
TN:
SF:src\pages\EditService\reducer.js
FN:8,(anonymous_0)
FN:9,(anonymous_1)
FNF:2
FNH:2
FNDA:396,(anonymous_0)
FNDA:396,(anonymous_1)
DA:4,29
DA:8,29
DA:9,396
DA:10,396
DA:12,0
DA:13,0
DA:15,0
LF:7
LH:4
BRDA:8,0,0,87
BRDA:10,1,0,0
BRDA:10,1,1,0
BRF:3
BRH:1
end_of_record
TN:
SF:src\pages\EditService\saga.js
FN:13,sagaEditService
FN:29,sagaGetService
FN:44,editServiceSaga
FNF:3
FNH:1
FNDA:0,sagaEditService
FNDA:0,sagaGetService
FNDA:29,editServiceSaga
DA:14,0
DA:15,0
DA:16,0
DA:17,0
DA:18,0
DA:20,0
DA:21,0
DA:23,0
DA:26,0
DA:30,0
DA:31,0
DA:32,0
DA:33,0
DA:35,0
DA:36,0
DA:38,0
DA:41,0
DA:45,29
DA:46,29
LF:19
LH:2
BRDA:20,0,0,0
BRDA:20,0,1,0
BRDA:20,1,0,0
BRDA:20,1,1,0
BRDA:20,1,2,0
BRDA:35,2,0,0
BRDA:35,2,1,0
BRDA:35,3,0,0
BRDA:35,3,1,0
BRDA:35,3,2,0
BRF:10
BRH:0
end_of_record
TN:
SF:src\pages\Favorit\action.js
FN:9,(anonymous_0)
FN:13,(anonymous_1)
FN:18,(anonymous_2)
FN:22,(anonymous_3)
FN:27,(anonymous_4)
FNF:5
FNH:3
FNDA:0,(anonymous_0)
FNDA:0,(anonymous_1)
FNDA:6,(anonymous_2)
FNDA:1,(anonymous_3)
FNDA:1,(anonymous_4)
DA:9,29
DA:13,29
DA:18,29
DA:22,29
DA:27,29
LF:5
LH:5
BRF:0
BRH:0
end_of_record
TN:
SF:src\pages\Favorit\constants.js
FNF:0
FNH:0
DA:1,29
DA:2,29
DA:3,29
DA:4,29
DA:5,29
LF:5
LH:5
BRF:0
BRH:0
end_of_record
TN:
SF:src\pages\Favorit\index.jsx
FN:19,(anonymous_0)
FN:22,(anonymous_1)
FN:24,(anonymous_2)
FN:38,(anonymous_3)
FN:45,(anonymous_4)
FNF:5
FNH:5
FNDA:6,(anonymous_0)
FNDA:6,(anonymous_1)
FNDA:6,(anonymous_2)
FNDA:1,(anonymous_3)
FNDA:3,(anonymous_4)
DA:19,1
DA:20,6
DA:21,6
DA:22,6
DA:23,6
DA:24,6
DA:25,6
DA:26,6
DA:30,6
DA:38,1
DA:46,3
DA:55,1
DA:59,1
LF:13
LH:13
BRDA:23,0,0,0
BRDA:23,0,1,6
BRDA:25,1,0,6
BRDA:25,1,1,0
BRDA:50,2,0,6
BRDA:50,2,1,3
BRF:6
BRH:4
end_of_record
TN:
SF:src\pages\Favorit\reducer.js
FN:8,(anonymous_0)
FN:9,(anonymous_1)
FN:16,(anonymous_2)
FNF:3
FNH:2
FNDA:396,(anonymous_0)
FNDA:396,(anonymous_1)
FNDA:0,(anonymous_2)
DA:4,29
DA:8,29
DA:9,396
DA:10,396
DA:12,0
DA:13,0
DA:15,0
DA:16,0
DA:17,0
DA:18,0
DA:22,0
LF:11
LH:4
BRDA:8,0,0,87
BRDA:10,1,0,0
BRDA:10,1,1,0
BRDA:10,1,2,0
BRF:4
BRH:1
end_of_record
TN:
SF:src\pages\Favorit\saga.js
FN:11,sagaGetFavoritMerchants
FN:26,sagaAddtoFavorit
FN:46,sagaDeleteFromFavorit
FN:63,favoritSaga
FNF:4
FNH:1
FNDA:0,sagaGetFavoritMerchants
FNDA:0,sagaAddtoFavorit
FNDA:0,sagaDeleteFromFavorit
FNDA:29,favoritSaga
DA:12,0
DA:13,0
DA:14,0
DA:15,0
DA:17,0
DA:18,0
DA:20,0
DA:23,0
DA:27,0
DA:28,0
DA:29,0
DA:30,0
DA:31,0
DA:32,0
DA:33,0
DA:34,0
DA:35,0
DA:37,0
DA:38,0
DA:40,0
DA:43,0
DA:47,0
DA:48,0
DA:49,0
DA:50,0
DA:51,0
DA:52,0
DA:54,0
DA:55,0
DA:57,0
DA:60,0
DA:64,29
DA:65,29
DA:66,29
LF:34
LH:3
BRDA:17,0,0,0
BRDA:17,0,1,0
BRDA:17,1,0,0
BRDA:17,1,1,0
BRDA:17,1,2,0
BRDA:37,2,0,0
BRDA:37,2,1,0
BRDA:37,3,0,0
BRDA:37,3,1,0
BRDA:37,3,2,0
BRDA:54,4,0,0
BRDA:54,4,1,0
BRDA:54,5,0,0
BRDA:54,5,1,0
BRDA:54,5,2,0
BRF:15
BRH:0
end_of_record
TN:
SF:src\pages\Favorit\selectors.js
FN:4,(anonymous_0)
FN:6,(anonymous_1)
FNF:2
FNH:0
FNDA:0,(anonymous_0)
FNDA:0,(anonymous_1)
DA:4,28
DA:6,28
LF:2
LH:2
BRDA:4,0,0,0
BRDA:4,0,1,0
BRF:2
BRH:0
end_of_record
TN:
SF:src\pages\ForgotPassword\index.jsx
FN:17,(anonymous_0)
FN:29,(anonymous_1)
FN:32,(anonymous_2)
FN:38,(anonymous_3)
FN:40,(anonymous_4)
FN:41,(anonymous_5)
FN:50,(anonymous_6)
FNF:7
FNH:4
FNDA:9,(anonymous_0)
FNDA:5,(anonymous_1)
FNDA:0,(anonymous_2)
FNDA:1,(anonymous_3)
FNDA:0,(anonymous_4)
FNDA:0,(anonymous_5)
FNDA:1,(anonymous_6)
DA:17,1
DA:18,9
DA:19,9
DA:26,9
DA:27,9
DA:29,9
DA:30,5
DA:31,0
DA:32,0
DA:33,0
DA:38,9
DA:39,1
DA:41,0
DA:42,0
DA:48,9
DA:50,1
DA:87,1
DA:92,1
LF:18
LH:13
BRDA:30,0,0,0
BRDA:30,0,1,5
BRF:2
BRH:1
end_of_record
TN:
SF:src\pages\FormService\actions.js
FN:3,(anonymous_0)
FNF:1
FNH:1
FNDA:1,(anonymous_0)
DA:3,1
LF:1
LH:1
BRF:0
BRH:0
end_of_record
TN:
SF:src\pages\FormService\constants.js
FNF:0
FNH:0
DA:1,29
LF:1
LH:1
BRF:0
BRH:0
end_of_record
TN:
SF:src\pages\FormService\index.jsx
FN:17,(anonymous_0)
FN:28,(anonymous_1)
FN:32,(anonymous_2)
FN:33,(anonymous_3)
FN:50,(anonymous_4)
FN:69,(anonymous_5)
FN:115,(anonymous_6)
FN:128,(anonymous_7)
FNF:8
FNH:4
FNDA:5,(anonymous_0)
FNDA:1,(anonymous_1)
FNDA:0,(anonymous_2)
FNDA:0,(anonymous_3)
FNDA:1,(anonymous_4)
FNDA:5,(anonymous_5)
FNDA:0,(anonymous_6)
FNDA:0,(anonymous_7)
DA:17,1
DA:18,5
DA:19,5
DA:20,5
DA:21,5
DA:26,5
DA:28,5
DA:29,1
DA:30,1
DA:31,1
DA:33,0
DA:34,0
DA:40,5
DA:50,1
DA:69,5
DA:115,0
DA:128,0
DA:141,1
LF:18
LH:14
BRF:0
BRH:0
end_of_record
TN:
SF:src\pages\FormService\saga.js
FN:11,sagaAddService
FN:27,formServiceSaga
FNF:2
FNH:1
FNDA:0,sagaAddService
FNDA:29,formServiceSaga
DA:12,0
DA:13,0
DA:14,0
DA:15,0
DA:16,0
DA:18,0
DA:19,0
DA:21,0
DA:24,0
DA:28,29
LF:10
LH:1
BRDA:18,0,0,0
BRDA:18,0,1,0
BRDA:18,1,0,0
BRDA:18,1,1,0
BRDA:18,1,2,0
BRF:5
BRH:0
end_of_record
TN:
SF:src\pages\Home\actions.js
FN:3,(anonymous_0)
FN:7,(anonymous_1)
FN:12,(anonymous_2)
FNF:3
FNH:1
FNDA:0,(anonymous_0)
FNDA:0,(anonymous_1)
FNDA:4,(anonymous_2)
DA:3,29
DA:7,29
DA:12,29
LF:3
LH:3
BRF:0
BRH:0
end_of_record
TN:
SF:src\pages\Home\constants.js
FNF:0
FNH:0
DA:1,29
DA:2,29
DA:3,29
LF:3
LH:3
BRF:0
BRH:0
end_of_record
TN:
SF:src\pages\Home\index.jsx
FN:19,(anonymous_0)
FN:23,(anonymous_1)
FN:25,(anonymous_2)
FN:43,(anonymous_3)
FN:46,(anonymous_4)
FN:68,(anonymous_5)
FN:69,(anonymous_6)
FN:73,(anonymous_7)
FN:76,(anonymous_8)
FNF:9
FNH:7
FNDA:5,(anonymous_0)
FNDA:4,(anonymous_1)
FNDA:4,(anonymous_2)
FNDA:1,(anonymous_3)
FNDA:0,(anonymous_4)
FNDA:5,(anonymous_5)
FNDA:4,(anonymous_6)
FNDA:5,(anonymous_7)
FNDA:0,(anonymous_8)
DA:19,1
DA:20,5
DA:21,5
DA:22,5
DA:23,5
DA:24,4
DA:25,4
DA:26,4
DA:27,4
DA:32,5
DA:43,1
DA:46,0
DA:68,5
DA:70,4
DA:73,5
DA:76,0
DA:81,1
DA:85,1
LF:18
LH:16
BRDA:24,0,0,0
BRDA:24,0,1,4
BRDA:26,1,0,4
BRDA:26,1,1,0
BRDA:73,2,0,5
BRDA:73,2,1,1
BRF:6
BRH:4
end_of_record
TN:
SF:src\pages\Home\reducer.js
FN:10,(anonymous_0)
FN:11,(anonymous_1)
FNF:2
FNH:2
FNDA:396,(anonymous_0)
FNDA:396,(anonymous_1)
DA:4,29
DA:8,29
DA:10,29
DA:11,396
DA:12,396
DA:14,0
DA:15,0
DA:17,0
LF:8
LH:5
BRDA:10,0,0,87
BRDA:12,1,0,0
BRDA:12,1,1,0
BRF:3
BRH:1
end_of_record
TN:
SF:src\pages\Home\saga.js
FN:9,(anonymous_0)
FN:10,(anonymous_1)
FN:13,(anonymous_2)
FN:18,(anonymous_3)
FN:23,sagaGetMerchants
FN:39,homeSaga
FNF:6
FNH:1
FNDA:0,(anonymous_0)
FNDA:0,(anonymous_1)
FNDA:0,(anonymous_2)
FNDA:0,(anonymous_3)
FNDA:0,sagaGetMerchants
FNDA:29,homeSaga
DA:9,29
DA:10,0
DA:11,0
DA:12,0
DA:14,0
DA:15,0
DA:16,0
DA:18,0
DA:24,0
DA:25,0
DA:26,0
DA:27,0
DA:28,0
DA:30,0
DA:31,0
DA:33,0
DA:36,0
DA:40,29
LF:18
LH:2
BRDA:11,0,0,0
BRDA:11,0,1,0
BRDA:30,1,0,0
BRDA:30,1,1,0
BRDA:30,2,0,0
BRDA:30,2,1,0
BRDA:30,2,2,0
BRF:7
BRH:0
end_of_record
TN:
SF:src\pages\Laundry\action.js
FN:3,(anonymous_0)
FN:8,(anonymous_1)
FN:13,(anonymous_2)
FNF:3
FNH:0
FNDA:0,(anonymous_0)
FNDA:0,(anonymous_1)
FNDA:0,(anonymous_2)
DA:3,29
DA:8,29
DA:13,29
LF:3
LH:3
BRF:0
BRH:0
end_of_record
TN:
SF:src\pages\Laundry\constants.js
FNF:0
FNH:0
DA:1,29
DA:2,29
DA:3,29
LF:3
LH:3
BRF:0
BRH:0
end_of_record
TN:
SF:src\pages\Laundry\reducer.js
FN:8,(anonymous_0)
FN:9,(anonymous_1)
FNF:2
FNH:2
FNDA:396,(anonymous_0)
FNDA:396,(anonymous_1)
DA:4,29
DA:8,29
DA:9,396
DA:10,396
DA:12,0
DA:13,0
DA:15,0
LF:7
LH:4
BRDA:8,0,0,87
BRDA:10,1,0,0
BRDA:10,1,1,0
BRF:3
BRH:1
end_of_record
TN:
SF:src\pages\Laundry\saga.js
FN:12,(anonymous_0)
FN:13,(anonymous_1)
FN:16,(anonymous_2)
FN:21,(anonymous_3)
FN:26,sagaGetMerchant
FN:42,merchantSaga
FNF:6
FNH:1
FNDA:0,(anonymous_0)
FNDA:0,(anonymous_1)
FNDA:0,(anonymous_2)
FNDA:0,(anonymous_3)
FNDA:0,sagaGetMerchant
FNDA:29,merchantSaga
DA:12,29
DA:13,0
DA:14,0
DA:15,0
DA:17,0
DA:18,0
DA:19,0
DA:21,0
DA:27,0
DA:28,0
DA:29,0
DA:30,0
DA:31,0
DA:33,0
DA:34,0
DA:36,0
DA:39,0
DA:43,29
LF:18
LH:2
BRDA:14,0,0,0
BRDA:14,0,1,0
BRDA:33,1,0,0
BRDA:33,1,1,0
BRDA:33,2,0,0
BRDA:33,2,1,0
BRDA:33,2,2,0
BRF:7
BRH:0
end_of_record
TN:
SF:src\pages\LaundryOrders\actions.js
FN:3,(anonymous_0)
FN:9,(anonymous_1)
FN:14,(anonymous_2)
FN:21,(anonymous_3)
FNF:4
FNH:0
FNDA:0,(anonymous_0)
FNDA:0,(anonymous_1)
FNDA:0,(anonymous_2)
FNDA:0,(anonymous_3)
DA:3,29
DA:9,29
DA:14,29
DA:21,29
LF:4
LH:4
BRF:0
BRH:0
end_of_record
TN:
SF:src\pages\LaundryOrders\constants.js
FNF:0
FNH:0
DA:1,29
DA:2,29
DA:3,29
DA:4,29
LF:4
LH:4
BRF:0
BRH:0
end_of_record
TN:
SF:src\pages\LaundryOrders\reducer.js
FN:9,(anonymous_0)
FN:10,(anonymous_1)
FN:18,(anonymous_2)
FN:19,(anonymous_3)
FN:22,(anonymous_4)
FNF:5
FNH:2
FNDA:396,(anonymous_0)
FNDA:396,(anonymous_1)
FNDA:0,(anonymous_2)
FNDA:0,(anonymous_3)
FNDA:0,(anonymous_4)
DA:5,29
DA:9,29
DA:10,396
DA:11,396
DA:13,0
DA:14,0
DA:16,0
DA:18,0
DA:19,0
DA:20,0
DA:21,0
DA:22,0
DA:24,0
DA:25,0
DA:28,0
LF:15
LH:4
BRDA:9,0,0,87
BRDA:11,1,0,0
BRDA:11,1,1,0
BRDA:11,1,2,0
BRF:4
BRH:1
end_of_record
TN:
SF:src\pages\LaundryOrders\saga.js
FN:9,sagaGetOrders
FN:24,sagaChangeStatus
FN:43,laundryOrdersSaga
FNF:3
FNH:1
FNDA:0,sagaGetOrders
FNDA:0,sagaChangeStatus
FNDA:29,laundryOrdersSaga
DA:10,0
DA:11,0
DA:12,0
DA:13,0
DA:15,0
DA:16,0
DA:18,0
DA:21,0
DA:25,0
DA:26,0
DA:28,0
DA:29,0
DA:30,0
DA:32,0
DA:34,0
DA:35,0
DA:37,0
DA:40,0
DA:44,29
DA:45,29
LF:20
LH:2
BRDA:15,0,0,0
BRDA:15,0,1,0
BRDA:15,1,0,0
BRDA:15,1,1,0
BRDA:15,1,2,0
BRDA:29,2,0,0
BRDA:29,2,1,0
BRDA:34,3,0,0
BRDA:34,3,1,0
BRDA:34,4,0,0
BRDA:34,4,1,0
BRDA:34,4,2,0
BRF:12
BRH:0
end_of_record
TN:
SF:src\pages\LaundryServices\actions.js
FN:3,(anonymous_0)
FN:10,(anonymous_1)
FN:15,(anonymous_2)
FN:20,(anonymous_3)
FNF:4
FNH:0
FNDA:0,(anonymous_0)
FNDA:0,(anonymous_1)
FNDA:0,(anonymous_2)
FNDA:0,(anonymous_3)
DA:3,29
DA:10,29
DA:15,29
DA:20,29
LF:4
LH:4
BRF:0
BRH:0
end_of_record
TN:
SF:src\pages\LaundryServices\constants.js
FNF:0
FNH:0
DA:1,29
DA:2,29
DA:3,29
DA:4,29
LF:4
LH:4
BRF:0
BRH:0
end_of_record
TN:
SF:src\pages\LaundryServices\reducer.js
FN:8,(anonymous_0)
FN:9,(anonymous_1)
FNF:2
FNH:2
FNDA:396,(anonymous_0)
FNDA:396,(anonymous_1)
DA:4,29
DA:8,29
DA:9,396
DA:10,396
DA:12,0
DA:13,0
DA:15,0
DA:16,0
LF:8
LH:4
BRDA:8,0,0,87
BRDA:10,1,0,0
BRDA:10,1,1,0
BRF:3
BRH:1
end_of_record
TN:
SF:src\pages\LaundryServices\saga.js
FN:9,sagaGetServices
FN:24,sagaChangeStatusService
FN:39,servicesSaga
FNF:3
FNH:1
FNDA:0,sagaGetServices
FNDA:0,sagaChangeStatusService
FNDA:29,servicesSaga
DA:10,0
DA:11,0
DA:12,0
DA:13,0
DA:15,0
DA:16,0
DA:18,0
DA:21,0
DA:25,0
DA:26,0
DA:27,0
DA:28,0
DA:30,0
DA:31,0
DA:33,0
DA:36,0
DA:40,29
DA:41,29
LF:18
LH:2
BRDA:15,0,0,0
BRDA:15,0,1,0
BRDA:15,1,0,0
BRDA:15,1,1,0
BRDA:15,1,2,0
BRDA:30,2,0,0
BRDA:30,2,1,0
BRDA:30,3,0,0
BRDA:30,3,1,0
BRDA:30,3,2,0
BRF:10
BRH:0
end_of_record
TN:
SF:src\pages\MyMerchant\actions.js
FN:9,(anonymous_0)
FN:13,(anonymous_1)
FN:18,(anonymous_2)
FN:22,(anonymous_3)
FN:26,(anonymous_4)
FNF:5
FNH:1
FNDA:0,(anonymous_0)
FNDA:0,(anonymous_1)
FNDA:0,(anonymous_2)
FNDA:0,(anonymous_3)
FNDA:1,(anonymous_4)
DA:9,29
DA:13,29
DA:18,29
DA:22,29
DA:26,29
LF:5
LH:5
BRF:0
BRH:0
end_of_record
TN:
SF:src\pages\MyMerchant\constants.js
FNF:0
FNH:0
DA:1,29
DA:2,29
DA:3,29
DA:4,29
DA:5,29
LF:5
LH:5
BRF:0
BRH:0
end_of_record
TN:
SF:src\pages\MyMerchant\reducer.js
FN:9,(anonymous_0)
FN:10,(anonymous_1)
FNF:2
FNH:2
FNDA:396,(anonymous_0)
FNDA:396,(anonymous_1)
DA:5,29
DA:9,29
DA:10,396
DA:11,396
DA:13,0
DA:14,0
DA:16,0
LF:7
LH:4
BRDA:9,0,0,87
BRDA:11,1,0,0
BRDA:11,1,1,0
BRF:3
BRH:1
end_of_record
TN:
SF:src\pages\MyMerchant\saga.js
FN:12,sagaHandleGetMerchant
FN:27,sagaHandleEditPhotoMErchant
FN:43,sagaHandleEditMerchant
FN:59,myMerchantSaga
FNF:4
FNH:2
FNDA:0,sagaHandleGetMerchant
FNDA:0,sagaHandleEditPhotoMErchant
FNDA:1,sagaHandleEditMerchant
FNDA:29,myMerchantSaga
DA:13,0
DA:14,0
DA:15,0
DA:16,0
DA:18,0
DA:19,0
DA:21,0
DA:24,0
DA:28,0
DA:29,0
DA:30,0
DA:31,0
DA:32,0
DA:34,0
DA:35,0
DA:37,0
DA:40,0
DA:44,1
DA:45,1
DA:46,1
DA:47,0
DA:48,0
DA:50,0
DA:51,0
DA:53,0
DA:56,0
DA:60,29
DA:61,29
DA:62,29
LF:29
LH:6
BRDA:18,0,0,0
BRDA:18,0,1,0
BRDA:18,1,0,0
BRDA:18,1,1,0
BRDA:18,1,2,0
BRDA:34,2,0,0
BRDA:34,2,1,0
BRDA:34,3,0,0
BRDA:34,3,1,0
BRDA:34,3,2,0
BRDA:50,4,0,0
BRDA:50,4,1,0
BRDA:50,5,0,0
BRDA:50,5,1,0
BRDA:50,5,2,0
BRF:15
BRH:0
end_of_record
TN:
SF:src\pages\MyOrder\action.js
FN:3,(anonymous_0)
FN:7,(anonymous_1)
FN:12,(anonymous_2)
FN:16,(anonymous_3)
FNF:4
FNH:0
FNDA:0,(anonymous_0)
FNDA:0,(anonymous_1)
FNDA:0,(anonymous_2)
FNDA:0,(anonymous_3)
DA:3,29
DA:7,29
DA:12,29
DA:16,29
LF:4
LH:4
BRF:0
BRH:0
end_of_record
TN:
SF:src\pages\MyOrder\constants.js
FNF:0
FNH:0
DA:1,29
DA:2,29
DA:3,29
DA:4,29
LF:4
LH:4
BRF:0
BRH:0
end_of_record
TN:
SF:src\pages\MyOrder\reducer.js
FN:8,(anonymous_0)
FN:9,(anonymous_1)
FNF:2
FNH:2
FNDA:396,(anonymous_0)
FNDA:396,(anonymous_1)
DA:4,29
DA:8,29
DA:9,396
DA:10,396
DA:12,0
DA:13,0
DA:15,0
LF:7
LH:4
BRDA:8,0,0,87
BRDA:10,1,0,0
BRDA:10,1,1,0
BRF:3
BRH:1
end_of_record
TN:
SF:src\pages\MyOrder\saga.js
FN:9,sagaGetMyOrder
FN:24,sagaCancelOrder
FN:40,myOrderSaga
FNF:3
FNH:1
FNDA:0,sagaGetMyOrder
FNDA:0,sagaCancelOrder
FNDA:29,myOrderSaga
DA:10,0
DA:11,0
DA:12,0
DA:13,0
DA:15,0
DA:16,0
DA:18,0
DA:21,0
DA:25,0
DA:26,0
DA:27,0
DA:28,0
DA:29,0
DA:31,0
DA:32,0
DA:34,0
DA:37,0
DA:41,29
DA:42,29
LF:19
LH:2
BRDA:15,0,0,0
BRDA:15,0,1,0
BRDA:15,1,0,0
BRDA:15,1,1,0
BRDA:15,1,2,0
BRDA:31,2,0,0
BRDA:31,2,1,0
BRDA:31,3,0,0
BRDA:31,3,1,0
BRDA:31,3,2,0
BRF:10
BRH:0
end_of_record
TN:
SF:src\pages\Order\action.js
FN:3,(anonymous_0)
FN:8,(anonymous_1)
FN:14,(anonymous_2)
FNF:3
FNH:1
FNDA:2,(anonymous_0)
FNDA:0,(anonymous_1)
FNDA:0,(anonymous_2)
DA:3,2
DA:8,2
DA:14,2
LF:3
LH:3
BRF:0
BRH:0
end_of_record
TN:
SF:src\pages\Order\constants.js
FNF:0
FNH:0
DA:1,29
DA:2,29
DA:3,29
LF:3
LH:3
BRF:0
BRH:0
end_of_record
TN:
SF:src\pages\Order\reducer.js
FN:10,(anonymous_0)
FN:11,(anonymous_1)
FNF:2
FNH:2
FNDA:396,(anonymous_0)
FNDA:396,(anonymous_1)
DA:4,29
DA:8,29
DA:10,29
DA:11,396
DA:12,396
DA:14,1
DA:15,1
DA:17,0
LF:8
LH:7
BRDA:10,0,0,87
BRDA:12,1,0,1
BRDA:12,1,1,0
BRF:3
BRH:2
end_of_record
TN:
SF:src\pages\Order\saga.js
FN:11,sagaCreateOrder
FN:27,orderSaga
FNF:2
FNH:1
FNDA:0,sagaCreateOrder
FNDA:29,orderSaga
DA:12,0
DA:13,0
DA:14,0
DA:15,0
DA:16,0
DA:18,0
DA:19,0
DA:21,0
DA:24,0
DA:28,29
LF:10
LH:1
BRDA:18,0,0,0
BRDA:18,0,1,0
BRDA:18,1,0,0
BRDA:18,1,1,0
BRDA:18,1,2,0
BRF:5
BRH:0
end_of_record
TN:
SF:src\pages\Profile\actions.js
FN:3,(anonymous_0)
FN:7,(anonymous_1)
FN:11,(anonymous_2)
FN:14,(anonymous_3)
FN:18,(anonymous_4)
FNF:5
FNH:1
FNDA:0,(anonymous_0)
FNDA:0,(anonymous_1)
FNDA:0,(anonymous_2)
FNDA:0,(anonymous_3)
FNDA:1,(anonymous_4)
DA:3,29
DA:7,29
DA:11,29
DA:14,29
DA:18,29
LF:5
LH:5
BRF:0
BRH:0
end_of_record
TN:
SF:src\pages\Profile\constants.js
FNF:0
FNH:0
DA:1,29
DA:2,29
DA:3,29
DA:4,29
DA:5,29
LF:5
LH:5
BRF:0
BRH:0
end_of_record
TN:
SF:src\pages\Profile\reducer.js
FN:9,(anonymous_0)
FN:10,(anonymous_1)
FNF:2
FNH:2
FNDA:396,(anonymous_0)
FNDA:396,(anonymous_1)
DA:5,29
DA:9,29
DA:10,396
DA:11,396
DA:13,0
DA:14,0
DA:16,0
LF:7
LH:4
BRDA:9,0,0,87
BRDA:11,1,0,0
BRDA:11,1,1,0
BRF:3
BRH:1
end_of_record
TN:
SF:src\pages\Profile\saga.js
FN:15,sagaHandleGetUser
FN:30,sagaHandleEditPhotoProfile
FN:46,sagaHandleEditProfile
FN:66,profileSaga
FNF:4
FNH:2
FNDA:0,sagaHandleGetUser
FNDA:0,sagaHandleEditPhotoProfile
FNDA:1,sagaHandleEditProfile
FNDA:29,profileSaga
DA:16,0
DA:17,0
DA:18,0
DA:19,0
DA:21,0
DA:22,0
DA:24,0
DA:27,0
DA:31,0
DA:32,0
DA:33,0
DA:34,0
DA:35,0
DA:37,0
DA:38,0
DA:40,0
DA:43,0
DA:47,1
DA:48,1
DA:49,1
DA:50,0
DA:51,0
DA:53,1
DA:54,0
DA:55,0
DA:57,0
DA:58,0
DA:60,0
DA:63,0
DA:67,29
DA:68,29
DA:69,29
LF:32
LH:7
BRDA:21,0,0,0
BRDA:21,0,1,0
BRDA:21,1,0,0
BRDA:21,1,1,0
BRDA:21,1,2,0
BRDA:37,2,0,0
BRDA:37,2,1,0
BRDA:37,3,0,0
BRDA:37,3,1,0
BRDA:37,3,2,0
BRDA:49,4,0,0
BRDA:49,4,1,1
BRDA:49,5,0,1
BRDA:49,5,1,1
BRDA:57,6,0,0
BRDA:57,6,1,0
BRDA:57,7,0,0
BRDA:57,7,1,0
BRDA:57,7,2,0
BRF:19
BRH:3
end_of_record
TN:
SF:src\pages\Register\actions.js
FN:3,(anonymous_0)
FN:7,(anonymous_1)
FN:11,(anonymous_2)
FN:15,(anonymous_3)
FN:19,(anonymous_4)
FN:23,(anonymous_5)
FNF:6
FNH:3
FNDA:5,(anonymous_0)
FNDA:0,(anonymous_1)
FNDA:1,(anonymous_2)
FNDA:1,(anonymous_3)
FNDA:0,(anonymous_4)
FNDA:0,(anonymous_5)
DA:3,29
DA:7,29
DA:11,29
DA:15,29
DA:19,29
DA:23,29
LF:6
LH:6
BRF:0
BRH:0
end_of_record
TN:
SF:src\pages\Register\constants.js
FNF:0
FNH:0
DA:1,29
DA:2,29
DA:3,29
DA:4,29
DA:5,29
DA:6,29
LF:6
LH:6
BRF:0
BRH:0
end_of_record
TN:
SF:src\pages\Register\reducer.js
FN:15,(anonymous_0)
FN:16,(anonymous_1)
FNF:2
FNH:2
FNDA:396,(anonymous_0)
FNDA:396,(anonymous_1)
DA:5,29
DA:13,29
DA:15,29
DA:16,396
DA:17,396
DA:19,1
DA:20,1
DA:22,0
DA:23,0
DA:25,0
DA:26,0
DA:28,0
DA:29,0
DA:31,0
DA:32,0
DA:34,0
LF:16
LH:7
BRDA:15,0,0,87
BRDA:17,1,0,1
BRDA:17,1,1,0
BRDA:17,1,2,0
BRDA:17,1,3,0
BRDA:17,1,4,0
BRDA:17,1,5,0
BRF:7
BRH:2
end_of_record
TN:
SF:src\pages\Register\selectors.js
FN:5,(anonymous_0)
FN:6,(anonymous_1)
FN:7,(anonymous_2)
FN:8,(anonymous_3)
FN:9,(anonymous_4)
FN:10,(anonymous_5)
FNF:6
FNH:5
FNDA:30,(anonymous_0)
FNDA:3,(anonymous_1)
FNDA:3,(anonymous_2)
FNDA:0,(anonymous_3)
FNDA:1,(anonymous_4)
FNDA:2,(anonymous_5)
DA:5,30
DA:6,27
DA:7,27
DA:8,27
DA:9,27
DA:10,27
LF:6
LH:6
BRDA:5,0,0,30
BRDA:5,0,1,0
BRF:2
BRH:1
end_of_record
TN:
SF:src\pages\StatusOrder\actions.js
FN:12,(anonymous_0)
FN:17,(anonymous_1)
FN:22,(anonymous_2)
FN:27,(anonymous_3)
FN:31,(anonymous_4)
FN:36,(anonymous_5)
FN:40,(anonymous_6)
FN:45,(anonymous_7)
FNF:8
FNH:0
FNDA:0,(anonymous_0)
FNDA:0,(anonymous_1)
FNDA:0,(anonymous_2)
FNDA:0,(anonymous_3)
FNDA:0,(anonymous_4)
FNDA:0,(anonymous_5)
FNDA:0,(anonymous_6)
FNDA:0,(anonymous_7)
DA:12,29
DA:17,29
DA:22,29
DA:27,29
DA:31,29
DA:36,29
DA:40,29
DA:45,29
LF:8
LH:8
BRF:0
BRH:0
end_of_record
TN:
SF:src\pages\StatusOrder\constants.js
FNF:0
FNH:0
DA:1,29
DA:2,29
DA:3,29
DA:4,29
DA:5,29
DA:6,29
DA:7,29
DA:8,29
DA:9,29
LF:9
LH:9
BRF:0
BRH:0
end_of_record
TN:
SF:src\pages\StatusOrder\reducer.js
FN:9,(anonymous_0)
FN:10,(anonymous_1)
FNF:2
FNH:2
FNDA:396,(anonymous_0)
FNDA:396,(anonymous_1)
DA:4,29
DA:9,29
DA:10,396
DA:11,396
DA:13,0
DA:14,0
DA:16,0
DA:17,0
DA:19,0
DA:21,0
DA:22,0
DA:23,0
DA:24,0
LF:13
LH:4
BRDA:9,0,0,87
BRDA:11,1,0,0
BRDA:11,1,1,0
BRDA:11,1,2,0
BRDA:11,1,3,0
BRF:5
BRH:1
end_of_record
TN:
SF:src\pages\StatusOrder\saga.js
FN:18,(anonymous_0)
FN:19,(anonymous_1)
FN:20,(anonymous_2)
FN:22,(anonymous_3)
FN:27,connectSocket
FN:32,disconnectSocket
FN:39,sagaGetStatus
FN:54,sagaHandlePay
FN:60,(anonymous_8)
FN:64,(anonymous_9)
FN:67,(anonymous_10)
FN:83,sagaHandleStatusUpdate
FN:88,sagaWatchStatusUpdates
FN:96,statusOrderSaga
FNF:14
FNH:1
FNDA:0,(anonymous_0)
FNDA:0,(anonymous_1)
FNDA:0,(anonymous_2)
FNDA:0,(anonymous_3)
FNDA:0,connectSocket
FNDA:0,disconnectSocket
FNDA:0,sagaGetStatus
FNDA:0,sagaHandlePay
FNDA:0,(anonymous_8)
FNDA:0,(anonymous_9)
FNDA:0,(anonymous_10)
FNDA:0,sagaHandleStatusUpdate
FNDA:0,sagaWatchStatusUpdates
FNDA:29,statusOrderSaga
DA:18,29
DA:19,0
DA:20,0
DA:21,0
DA:22,0
DA:23,0
DA:28,0
DA:29,0
DA:33,0
DA:34,0
DA:35,0
DA:40,0
DA:41,0
DA:42,0
DA:43,0
DA:45,0
DA:46,0
DA:48,0
DA:51,0
DA:55,0
DA:56,0
DA:57,0
DA:58,0
DA:59,0
DA:61,0
DA:62,0
DA:65,0
DA:68,0
DA:73,0
DA:74,0
DA:76,0
DA:80,0
DA:84,0
DA:85,0
DA:89,0
DA:90,0
DA:91,0
DA:92,0
DA:97,29
DA:98,29
DA:99,29
DA:100,29
DA:101,29
LF:43
LH:6
BRDA:34,0,0,0
BRDA:34,0,1,0
BRDA:45,1,0,0
BRDA:45,1,1,0
BRDA:45,2,0,0
BRDA:45,2,1,0
BRDA:45,2,2,0
BRDA:73,3,0,0
BRDA:73,3,1,0
BRDA:73,4,0,0
BRDA:73,4,1,0
BRDA:73,4,2,0
BRDA:90,5,0,0
BRDA:90,5,1,0
BRF:14
BRH:0
end_of_record
TN:
SF:src\pages\StatusOrder\selectors.js
FN:4,(anonymous_0)
FN:6,(anonymous_1)
FN:7,(anonymous_2)
FNF:3
FNH:0
FNDA:0,(anonymous_0)
FNDA:0,(anonymous_1)
FNDA:0,(anonymous_2)
DA:4,29
DA:6,29
DA:7,29
LF:3
LH:3
BRDA:4,0,0,0
BRDA:4,0,1,0
BRF:2
BRH:0
end_of_record
TN:
SF:src\pages\Users\actions.js
FN:3,(anonymous_0)
FN:10,(anonymous_1)
FN:17,(anonymous_2)
FN:22,(anonymous_3)
FN:27,(anonymous_4)
FN:32,(anonymous_5)
FNF:6
FNH:0
FNDA:0,(anonymous_0)
FNDA:0,(anonymous_1)
FNDA:0,(anonymous_2)
FNDA:0,(anonymous_3)
FNDA:0,(anonymous_4)
FNDA:0,(anonymous_5)
DA:3,29
DA:10,29
DA:17,29
DA:22,29
DA:27,29
DA:32,29
LF:6
LH:6
BRF:0
BRH:0
end_of_record
TN:
SF:src\pages\Users\constants.js
FNF:0
FNH:0
DA:1,29
DA:2,29
DA:3,29
DA:4,29
DA:5,29
DA:6,29
LF:6
LH:6
BRF:0
BRH:0
end_of_record
TN:
SF:src\pages\Users\reducer.js
FN:10,(anonymous_0)
FN:11,(anonymous_1)
FN:17,(anonymous_2)
FN:27,(anonymous_3)
FNF:4
FNH:2
FNDA:396,(anonymous_0)
FNDA:396,(anonymous_1)
FNDA:0,(anonymous_2)
FNDA:0,(anonymous_3)
DA:4,29
DA:8,29
DA:10,29
DA:11,396
DA:12,396
DA:14,0
DA:15,0
DA:17,0
DA:19,0
DA:20,0
DA:21,0
DA:23,0
DA:24,0
DA:27,0
DA:29,0
DA:30,0
DA:31,0
DA:33,0
DA:34,0
DA:37,0
LF:20
LH:5
BRDA:10,0,0,87
BRDA:12,1,0,0
BRDA:12,1,1,0
BRDA:12,1,2,0
BRDA:12,1,3,0
BRF:5
BRH:1
end_of_record
TN:
SF:src\pages\Users\saga.js
FN:9,sagaGetUsers
FN:24,sagaGetUnverifiedUsers
FN:39,sagaVerifyUser
FN:54,sagaDeleteUser
FN:69,usersSaga
FNF:5
FNH:1
FNDA:0,sagaGetUsers
FNDA:0,sagaGetUnverifiedUsers
FNDA:0,sagaVerifyUser
FNDA:0,sagaDeleteUser
FNDA:29,usersSaga
DA:10,0
DA:11,0
DA:12,0
DA:13,0
DA:15,0
DA:16,0
DA:18,0
DA:21,0
DA:25,0
DA:26,0
DA:27,0
DA:28,0
DA:30,0
DA:31,0
DA:33,0
DA:36,0
DA:40,0
DA:41,0
DA:42,0
DA:43,0
DA:45,0
DA:46,0
DA:48,0
DA:51,0
DA:55,0
DA:56,0
DA:57,0
DA:58,0
DA:60,0
DA:61,0
DA:63,0
DA:66,0
DA:70,29
DA:71,29
DA:72,29
DA:73,29
LF:36
LH:4
BRDA:15,0,0,0
BRDA:15,0,1,0
BRDA:15,1,0,0
BRDA:15,1,1,0
BRDA:15,1,2,0
BRDA:30,2,0,0
BRDA:30,2,1,0
BRDA:30,3,0,0
BRDA:30,3,1,0
BRDA:30,3,2,0
BRDA:45,4,0,0
BRDA:45,4,1,0
BRDA:45,5,0,0
BRDA:45,5,1,0
BRDA:45,5,2,0
BRDA:60,6,0,0
BRDA:60,6,1,0
BRDA:60,7,0,0
BRDA:60,7,1,0
BRDA:60,7,2,0
BRF:20
BRH:0
end_of_record
TN:
SF:src\utils\intlHelper.js
FN:4,(anonymous_0)
FNF:1
FNH:0
FNDA:0,(anonymous_0)
DA:4,29
DA:6,29
LF:2
LH:2
BRF:0
BRH:0
end_of_record
TN:
SF:src\utils\request.js
FN:7,(anonymous_0)
FN:17,(anonymous_1)
FN:18,(anonymous_2)
FN:35,(anonymous_3)
FNF:4
FNH:2
FNDA:6,(anonymous_0)
FNDA:0,(anonymous_1)
FNDA:0,(anonymous_2)
FNDA:6,(anonymous_3)
DA:7,29
DA:8,6
DA:9,6
DA:10,6
DA:11,0
DA:13,6
DA:16,29
DA:17,0
DA:19,0
DA:20,0
DA:21,0
DA:22,0
DA:23,0
DA:24,0
DA:25,0
DA:28,0
DA:29,0
DA:31,0
DA:35,29
LF:19
LH:7
BRDA:10,0,0,0
BRDA:10,0,1,6
BRDA:20,1,0,0
BRDA:20,1,1,0
BRDA:22,2,0,0
BRDA:22,2,1,0
BRDA:28,3,0,0
BRDA:28,3,1,0
BRF:8
BRH:1
end_of_record
TN:
SF:src\utils\testHelper.js
FN:18,(anonymous_0)
FN:30,(anonymous_1)
FN:32,(anonymous_2)
FN:32,(anonymous_3)
FN:32,(anonymous_4)
FNF:5
FNH:2
FNDA:143,(anonymous_0)
FNDA:142,(anonymous_1)
FNDA:0,(anonymous_2)
FNDA:0,(anonymous_3)
FNDA:0,(anonymous_4)
DA:13,29
DA:18,29
DA:19,143
DA:26,29
DA:30,142
DA:32,29
LF:6
LH:6
BRF:0
BRH:0
end_of_record
